<?xml version="1.0" encoding="UTF-8"?>
<TestRun id="5b700df7-e7a3-424d-8ffa-193f13d611d5" name="angusm@ANGUS-LAPTOP 2015-03-15 23:55:29" runUser="ANGUS-LAPTOP\angusm" xmlns="http://microsoft.com/schemas/VisualStudio/TeamTest/2010">
  <TestSettings name="Local" id="c40bac2d-459a-4c41-b6e1-f7b7dbb1d2f8">
    <Description>These are default test settings for a local test run.</Description>
    <Deployment enabled="false" runDeploymentRoot="angusm_ANGUS-LAPTOP 2015-03-15 23_55_29">
      <DeploymentItem filename="C:\GITRepository\CSharp\Glib\Glib\bin\Debug\Glib.dll" />
    </Deployment>
    <Execution>
      <TestTypeSpecific />
      <AgentRule name="Execution Agents">
      </AgentRule>
    </Execution>
  </TestSettings>
  <Times creation="2015-03-15T23:55:29.0317139+10:00" queuing="2015-03-15T23:55:30.4424333+10:00" start="2015-03-15T23:55:30.5985569+10:00" finish="2015-03-15T23:55:38.0758735+10:00" />
  <ResultSummary outcome="Completed">
    <Counters total="211" executed="211" passed="211" error="0" failed="0" timeout="0" aborted="0" inconclusive="0" passedButRunAborted="0" notRunnable="0" notExecuted="0" disconnected="0" warning="0" completed="0" inProgress="0" pending="0" />
  </ResultSummary>
  <TestDefinitions>
    <UnitTest name="ClearAllTest" storage="c:\gitrepository\csharp\glib\testprojectglib\bin\debug\testprojectglib.dll" id="e3bd59e2-736a-a74c-a5b4-2b8060fad9ac">
      <Execution id="92bc61d0-9441-4e9a-a58e-b06242abec3b" />
      <TestMethod codeBase="C:/GITRepository/CSharp/Glib/TestProjectGlib/bin/Debug/TestProjectGlib.DLL" adapterTypeName="Microsoft.VisualStudio.TestTools.TestTypes.Unit.UnitTestAdapter, Microsoft.VisualStudio.QualityTools.Tips.UnitTest.Adapter, Version=10.0.0.0, Culture=neutral, PublicKeyToken=b03f5f7f11d50a3a" className="TestProjectGlib.SubComponentTest, TestProjectGlib, Version=1.0.0.0, Culture=neutral, PublicKeyToken=null" name="ClearAllTest" />
    </UnitTest>
    <UnitTest name="AsDateHourMinTest" storage="c:\gitrepository\csharp\glib\testprojectglib\bin\debug\testprojectglib.dll" id="c37cc704-6571-4c7f-5e90-86db92e43e93">
      <Execution id="4bbede37-86fa-4486-ad5b-acbfe4ffcba8" />
      <TestMethod codeBase="C:/GITRepository/CSharp/Glib/TestProjectGlib/bin/Debug/TestProjectGlib.DLL" adapterTypeName="Microsoft.VisualStudio.TestTools.TestTypes.Unit.UnitTestAdapter, Microsoft.VisualStudio.QualityTools.Tips.UnitTest.Adapter, Version=10.0.0.0, Culture=neutral, PublicKeyToken=b03f5f7f11d50a3a" className="TestProjectGlib.DateTimeTools_ConvertDateTimeToStringTest, TestProjectGlib, Version=1.0.0.0, Culture=neutral, PublicKeyToken=null" name="AsDateHourMinTest" />
    </UnitTest>
    <UnitTest name="HasTimeMillisecondsAndTimeZoneTest" storage="c:\gitrepository\csharp\glib\testprojectglib\bin\debug\testprojectglib.dll" id="69006a4b-2bb8-cd05-18cd-ebc04e54b06a">
      <DeploymentItems>
        <DeploymentItem filename="Glib.dll" />
      </DeploymentItems>
      <Execution id="d3912b57-c2e4-41d8-86e3-2812ec687ca2" />
      <TestMethod codeBase="C:/GITRepository/CSharp/Glib/TestProjectGlib/bin/Debug/TestProjectGlib.DLL" adapterTypeName="Microsoft.VisualStudio.TestTools.TestTypes.Unit.UnitTestAdapter, Microsoft.VisualStudio.QualityTools.Tips.UnitTest.Adapter, Version=10.0.0.0, Culture=neutral, PublicKeyToken=b03f5f7f11d50a3a" className="TestProjectGlib.DateTimeTools_ConvertStringToDateTimeTest, TestProjectGlib, Version=1.0.0.0, Culture=neutral, PublicKeyToken=null" name="HasTimeMillisecondsAndTimeZoneTest" />
    </UnitTest>
    <UnitTest name="InsertTest1" storage="c:\gitrepository\csharp\glib\testprojectglib\bin\debug\testprojectglib.dll" id="bc0f9aee-af0e-309f-c331-5b7305dffd88">
      <Execution id="0213a81a-416c-489f-a3f8-3ac059e38e46" />
      <TestMethod codeBase="C:/GITRepository/CSharp/Glib/TestProjectGlib/bin/Debug/TestProjectGlib.DLL" adapterTypeName="Microsoft.VisualStudio.TestTools.TestTypes.Unit.UnitTestAdapter, Microsoft.VisualStudio.QualityTools.Tips.UnitTest.Adapter, Version=10.0.0.0, Culture=neutral, PublicKeyToken=b03f5f7f11d50a3a" className="TestProjectGlib.ComponentTest, TestProjectGlib, Version=1.0.0.0, Culture=neutral, PublicKeyToken=null" name="InsertTest1" />
    </UnitTest>
    <UnitTest name="SegmentListTest" storage="c:\gitrepository\csharp\glib\testprojectglib\bin\debug\testprojectglib.dll" id="b2eb1e14-bea9-e296-a2b0-1e95dd6e0f89">
      <Execution id="ae79c844-2b52-47dc-bf7f-1efe26e09357" />
      <TestMethod codeBase="C:/GITRepository/CSharp/Glib/TestProjectGlib/bin/Debug/TestProjectGlib.DLL" adapterTypeName="Microsoft.VisualStudio.TestTools.TestTypes.Unit.UnitTestAdapter, Microsoft.VisualStudio.QualityTools.Tips.UnitTest.Adapter, Version=10.0.0.0, Culture=neutral, PublicKeyToken=b03f5f7f11d50a3a" className="TestProjectGlib.MessageTest, TestProjectGlib, Version=1.0.0.0, Culture=neutral, PublicKeyToken=null" name="SegmentListTest" />
    </UnitTest>
    <UnitTest name="ToStringTest" storage="c:\gitrepository\csharp\glib\testprojectglib\bin\debug\testprojectglib.dll" id="50a4b4d5-a824-5b66-26bf-9124f5072895">
      <Execution id="3865da75-02f1-48f0-9083-0a64508213aa" />
      <TestMethod codeBase="C:/GITRepository/CSharp/Glib/TestProjectGlib/bin/Debug/TestProjectGlib.DLL" adapterTypeName="Microsoft.VisualStudio.TestTools.TestTypes.Unit.UnitTestAdapter, Microsoft.VisualStudio.QualityTools.Tips.UnitTest.Adapter, Version=10.0.0.0, Culture=neutral, PublicKeyToken=b03f5f7f11d50a3a" className="TestProjectGlib.ElementTest, TestProjectGlib, Version=1.0.0.0, Culture=neutral, PublicKeyToken=null" name="ToStringTest" />
    </UnitTest>
    <UnitTest name="AsDateTest" storage="c:\gitrepository\csharp\glib\testprojectglib\bin\debug\testprojectglib.dll" id="1ea9597c-d096-2afc-66c5-dd9341a18801">
      <Execution id="93218c8b-18cf-4aa6-9380-a0995f44ff62" />
      <TestMethod codeBase="C:/GITRepository/CSharp/Glib/TestProjectGlib/bin/Debug/TestProjectGlib.DLL" adapterTypeName="Microsoft.VisualStudio.TestTools.TestTypes.Unit.UnitTestAdapter, Microsoft.VisualStudio.QualityTools.Tips.UnitTest.Adapter, Version=10.0.0.0, Culture=neutral, PublicKeyToken=b03f5f7f11d50a3a" className="TestProjectGlib.DateTimeTools_ConvertDateTimeToStringTest, TestProjectGlib, Version=1.0.0.0, Culture=neutral, PublicKeyToken=null" name="AsDateTest" />
    </UnitTest>
    <UnitTest name="RemoveContentAtTest" storage="c:\gitrepository\csharp\glib\testprojectglib\bin\debug\testprojectglib.dll" id="4bff0ad5-e896-1b4d-1081-a1490afafa42">
      <Execution id="61fe71c2-14d9-4b18-a69b-86799a539c7a" />
      <TestMethod codeBase="C:/GITRepository/CSharp/Glib/TestProjectGlib/bin/Debug/TestProjectGlib.DLL" adapterTypeName="Microsoft.VisualStudio.TestTools.TestTypes.Unit.UnitTestAdapter, Microsoft.VisualStudio.QualityTools.Tips.UnitTest.Adapter, Version=10.0.0.0, Culture=neutral, PublicKeyToken=b03f5f7f11d50a3a" className="TestProjectGlib.SubComponentTest, TestProjectGlib, Version=1.0.0.0, Culture=neutral, PublicKeyToken=null" name="RemoveContentAtTest" />
    </UnitTest>
    <UnitTest name="RemoveFieldAtTest" storage="c:\gitrepository\csharp\glib\testprojectglib\bin\debug\testprojectglib.dll" id="62c24a39-3e15-9930-3a10-9e29e5408430">
      <Execution id="bb579248-e011-4d38-99db-958e8a3b4524" />
      <TestMethod codeBase="C:/GITRepository/CSharp/Glib/TestProjectGlib/bin/Debug/TestProjectGlib.DLL" adapterTypeName="Microsoft.VisualStudio.TestTools.TestTypes.Unit.UnitTestAdapter, Microsoft.VisualStudio.QualityTools.Tips.UnitTest.Adapter, Version=10.0.0.0, Culture=neutral, PublicKeyToken=b03f5f7f11d50a3a" className="TestProjectGlib.SegmentTest, TestProjectGlib, Version=1.0.0.0, Culture=neutral, PublicKeyToken=null" name="RemoveFieldAtTest" />
    </UnitTest>
    <UnitTest name="ContentConstructorTest6" storage="c:\gitrepository\csharp\glib\testprojectglib\bin\debug\testprojectglib.dll" id="0f1104b0-2d82-7414-004c-52659e3b91e6">
      <Execution id="6a400e87-ca1c-4a43-8039-e9f0cf9e6e7c" />
      <TestMethod codeBase="C:/GITRepository/CSharp/Glib/TestProjectGlib/bin/Debug/TestProjectGlib.DLL" adapterTypeName="Microsoft.VisualStudio.TestTools.TestTypes.Unit.UnitTestAdapter, Microsoft.VisualStudio.QualityTools.Tips.UnitTest.Adapter, Version=10.0.0.0, Culture=neutral, PublicKeyToken=b03f5f7f11d50a3a" className="TestProjectGlib.ContentTest, TestProjectGlib, Version=1.0.0.0, Culture=neutral, PublicKeyToken=null" name="ContentConstructorTest6" />
    </UnitTest>
    <UnitTest name="ToStringTest" storage="c:\gitrepository\csharp\glib\testprojectglib\bin\debug\testprojectglib.dll" id="068ee4da-4219-485f-f9a9-dc524fcc05e8">
      <Execution id="a42ed7e3-aa8a-46db-99a6-58e73eb43ec8" />
      <TestMethod codeBase="C:/GITRepository/CSharp/Glib/TestProjectGlib/bin/Debug/TestProjectGlib.DLL" adapterTypeName="Microsoft.VisualStudio.TestTools.TestTypes.Unit.UnitTestAdapter, Microsoft.VisualStudio.QualityTools.Tips.UnitTest.Adapter, Version=10.0.0.0, Culture=neutral, PublicKeyToken=b03f5f7f11d50a3a" className="TestProjectGlib.MessageTest, TestProjectGlib, Version=1.0.0.0, Culture=neutral, PublicKeyToken=null" name="ToStringTest" />
    </UnitTest>
    <UnitTest name="CloseTest" storage="c:\gitrepository\csharp\glib\testprojectglib\bin\debug\testprojectglib.dll" id="53a4311b-e47e-284e-52cb-41e1adabe3b7">
      <Execution id="01adc949-5ada-44b4-9048-177efef4744b" />
      <TestMethod codeBase="C:/GITRepository/CSharp/Glib/TestProjectGlib/bin/Debug/TestProjectGlib.DLL" adapterTypeName="Microsoft.VisualStudio.TestTools.TestTypes.Unit.UnitTestAdapter, Microsoft.VisualStudio.QualityTools.Tips.UnitTest.Adapter, Version=10.0.0.0, Culture=neutral, PublicKeyToken=b03f5f7f11d50a3a" className="TestProjectGlib.Hl7ReaderTest, TestProjectGlib, Version=1.0.0.0, Culture=neutral, PublicKeyToken=null" name="CloseTest" />
    </UnitTest>
    <UnitTest name="FieldConstructorTest1" storage="c:\gitrepository\csharp\glib\testprojectglib\bin\debug\testprojectglib.dll" id="f9fb7caa-10d0-d537-0bee-7128754a588f">
      <Execution id="9de6991b-23c2-4de3-9877-03ecc0fb7e15" />
      <TestMethod codeBase="C:/GITRepository/CSharp/Glib/TestProjectGlib/bin/Debug/TestProjectGlib.DLL" adapterTypeName="Microsoft.VisualStudio.TestTools.TestTypes.Unit.UnitTestAdapter, Microsoft.VisualStudio.QualityTools.Tips.UnitTest.Adapter, Version=10.0.0.0, Culture=neutral, PublicKeyToken=b03f5f7f11d50a3a" className="TestProjectGlib.FieldTest, TestProjectGlib, Version=1.0.0.0, Culture=neutral, PublicKeyToken=null" name="FieldConstructorTest1" />
    </UnitTest>
    <UnitTest name="SegmentTest1" storage="c:\gitrepository\csharp\glib\testprojectglib\bin\debug\testprojectglib.dll" id="657b03ae-c6ed-cf3b-d3fd-383cfaaed277">
      <Execution id="516cc106-3d04-4155-bf78-258c3a1c96bc" />
      <TestMethod codeBase="C:/GITRepository/CSharp/Glib/TestProjectGlib/bin/Debug/TestProjectGlib.DLL" adapterTypeName="Microsoft.VisualStudio.TestTools.TestTypes.Unit.UnitTestAdapter, Microsoft.VisualStudio.QualityTools.Tips.UnitTest.Adapter, Version=10.0.0.0, Culture=neutral, PublicKeyToken=b03f5f7f11d50a3a" className="TestProjectGlib.MessageTest, TestProjectGlib, Version=1.0.0.0, Culture=neutral, PublicKeyToken=null" name="SegmentTest1" />
    </UnitTest>
    <UnitTest name="MessageControlIDTest" storage="c:\gitrepository\csharp\glib\testprojectglib\bin\debug\testprojectglib.dll" id="cc555133-a437-76ab-0a74-82c55de705e8">
      <Execution id="b3413d7f-5c0e-4f32-b13f-c552f2b49a93" />
      <TestMethod codeBase="C:/GITRepository/CSharp/Glib/TestProjectGlib/bin/Debug/TestProjectGlib.DLL" adapterTypeName="Microsoft.VisualStudio.TestTools.TestTypes.Unit.UnitTestAdapter, Microsoft.VisualStudio.QualityTools.Tips.UnitTest.Adapter, Version=10.0.0.0, Culture=neutral, PublicKeyToken=b03f5f7f11d50a3a" className="TestProjectGlib.MessageTest, TestProjectGlib, Version=1.0.0.0, Culture=neutral, PublicKeyToken=null" name="MessageControlIDTest" />
    </UnitTest>
    <UnitTest name="ContentConstructorTest4" storage="c:\gitrepository\csharp\glib\testprojectglib\bin\debug\testprojectglib.dll" id="e74d6791-3965-d5cc-acd4-9d778742eb75">
      <Execution id="8e314ed9-6239-4697-99e9-7072d0799e4d" />
      <TestMethod codeBase="C:/GITRepository/CSharp/Glib/TestProjectGlib/bin/Debug/TestProjectGlib.DLL" adapterTypeName="Microsoft.VisualStudio.TestTools.TestTypes.Unit.UnitTestAdapter, Microsoft.VisualStudio.QualityTools.Tips.UnitTest.Adapter, Version=10.0.0.0, Culture=neutral, PublicKeyToken=b03f5f7f11d50a3a" className="TestProjectGlib.ContentTest, TestProjectGlib, Version=1.0.0.0, Culture=neutral, PublicKeyToken=null" name="ContentConstructorTest4" />
    </UnitTest>
    <UnitTest name="RemoveSubComponentAtTest" storage="c:\gitrepository\csharp\glib\testprojectglib\bin\debug\testprojectglib.dll" id="f68c8a02-1470-d08d-1c7b-4369d1481c87">
      <Execution id="1c07a539-06ff-40f4-aafa-7db5b55dadab" />
      <TestMethod codeBase="C:/GITRepository/CSharp/Glib/TestProjectGlib/bin/Debug/TestProjectGlib.DLL" adapterTypeName="Microsoft.VisualStudio.TestTools.TestTypes.Unit.UnitTestAdapter, Microsoft.VisualStudio.QualityTools.Tips.UnitTest.Adapter, Version=10.0.0.0, Culture=neutral, PublicKeyToken=b03f5f7f11d50a3a" className="TestProjectGlib.ComponentTest, TestProjectGlib, Version=1.0.0.0, Culture=neutral, PublicKeyToken=null" name="RemoveSubComponentAtTest" />
    </UnitTest>
    <UnitTest name="FieldConstructorTest2" storage="c:\gitrepository\csharp\glib\testprojectglib\bin\debug\testprojectglib.dll" id="5425a998-6ae1-bd4a-2828-b41e0f99ea29">
      <Execution id="02d27c07-8707-4bab-a048-2dc2bcefcff2" />
      <TestMethod codeBase="C:/GITRepository/CSharp/Glib/TestProjectGlib/bin/Debug/TestProjectGlib.DLL" adapterTypeName="Microsoft.VisualStudio.TestTools.TestTypes.Unit.UnitTestAdapter, Microsoft.VisualStudio.QualityTools.Tips.UnitTest.Adapter, Version=10.0.0.0, Culture=neutral, PublicKeyToken=b03f5f7f11d50a3a" className="TestProjectGlib.FieldTest, TestProjectGlib, Version=1.0.0.0, Culture=neutral, PublicKeyToken=null" name="FieldConstructorTest2" />
    </UnitTest>
    <UnitTest name="MessageConstructorTest" storage="c:\gitrepository\csharp\glib\testprojectglib\bin\debug\testprojectglib.dll" id="0f69c36b-493c-8fb0-e292-61a29a24b837">
      <Execution id="d82c22ff-c7cb-48ae-bd91-f79130eb8085" />
      <TestMethod codeBase="C:/GITRepository/CSharp/Glib/TestProjectGlib/bin/Debug/TestProjectGlib.DLL" adapterTypeName="Microsoft.VisualStudio.TestTools.TestTypes.Unit.UnitTestAdapter, Microsoft.VisualStudio.QualityTools.Tips.UnitTest.Adapter, Version=10.0.0.0, Culture=neutral, PublicKeyToken=b03f5f7f11d50a3a" className="TestProjectGlib.MessageTest, TestProjectGlib, Version=1.0.0.0, Culture=neutral, PublicKeyToken=null" name="MessageConstructorTest" />
    </UnitTest>
    <UnitTest name="ComponentConstructorTest3" storage="c:\gitrepository\csharp\glib\testprojectglib\bin\debug\testprojectglib.dll" id="185dc60c-75d6-b20a-81be-f0dc0aef7d75">
      <Execution id="c4de78f5-7672-4f49-b6d3-3b03577e300b" />
      <TestMethod codeBase="C:/GITRepository/CSharp/Glib/TestProjectGlib/bin/Debug/TestProjectGlib.DLL" adapterTypeName="Microsoft.VisualStudio.TestTools.TestTypes.Unit.UnitTestAdapter, Microsoft.VisualStudio.QualityTools.Tips.UnitTest.Adapter, Version=10.0.0.0, Culture=neutral, PublicKeyToken=b03f5f7f11d50a3a" className="TestProjectGlib.ComponentTest, TestProjectGlib, Version=1.0.0.0, Culture=neutral, PublicKeyToken=null" name="ComponentConstructorTest3" />
    </UnitTest>
    <UnitTest name="MainSeparatorTest" storage="c:\gitrepository\csharp\glib\testprojectglib\bin\debug\testprojectglib.dll" id="282e4e5e-978c-9145-a967-60e02e5af049">
      <Execution id="b5018ac8-11e7-4a95-aba4-8f85ec506716" />
      <TestMethod codeBase="C:/GITRepository/CSharp/Glib/TestProjectGlib/bin/Debug/TestProjectGlib.DLL" adapterTypeName="Microsoft.VisualStudio.TestTools.TestTypes.Unit.UnitTestAdapter, Microsoft.VisualStudio.QualityTools.Tips.UnitTest.Adapter, Version=10.0.0.0, Culture=neutral, PublicKeyToken=b03f5f7f11d50a3a" className="TestProjectGlib.MessageTest, TestProjectGlib, Version=1.0.0.0, Culture=neutral, PublicKeyToken=null" name="MainSeparatorTest" />
    </UnitTest>
    <UnitTest name="MessageConstructorTest1" storage="c:\gitrepository\csharp\glib\testprojectglib\bin\debug\testprojectglib.dll" id="2f654289-9617-b10b-e542-e8186ac6ae6d">
      <Execution id="a6f3ebe3-176a-43a1-ac44-1e5827324318" />
      <TestMethod codeBase="C:/GITRepository/CSharp/Glib/TestProjectGlib/bin/Debug/TestProjectGlib.DLL" adapterTypeName="Microsoft.VisualStudio.TestTools.TestTypes.Unit.UnitTestAdapter, Microsoft.VisualStudio.QualityTools.Tips.UnitTest.Adapter, Version=10.0.0.0, Culture=neutral, PublicKeyToken=b03f5f7f11d50a3a" className="TestProjectGlib.MessageTest, TestProjectGlib, Version=1.0.0.0, Culture=neutral, PublicKeyToken=null" name="MessageConstructorTest1" />
    </UnitTest>
    <UnitTest name="InsertTest1" storage="c:\gitrepository\csharp\glib\testprojectglib\bin\debug\testprojectglib.dll" id="e9992c95-3268-77fc-18a7-b02c1de4585f">
      <Execution id="7062827b-3050-400a-b132-40869e2a8f9c" />
      <TestMethod codeBase="C:/GITRepository/CSharp/Glib/TestProjectGlib/bin/Debug/TestProjectGlib.DLL" adapterTypeName="Microsoft.VisualStudio.TestTools.TestTypes.Unit.UnitTestAdapter, Microsoft.VisualStudio.QualityTools.Tips.UnitTest.Adapter, Version=10.0.0.0, Culture=neutral, PublicKeyToken=b03f5f7f11d50a3a" className="TestProjectGlib.SubComponentTest, TestProjectGlib, Version=1.0.0.0, Culture=neutral, PublicKeyToken=null" name="InsertTest1" />
    </UnitTest>
    <UnitTest name="AddTest" storage="c:\gitrepository\csharp\glib\testprojectglib\bin\debug\testprojectglib.dll" id="851ef1d3-a812-cf2f-2423-ef5e5794b37d">
      <Execution id="06f1ea2f-ee3a-4ca9-990b-25e3a15af158" />
      <TestMethod codeBase="C:/GITRepository/CSharp/Glib/TestProjectGlib/bin/Debug/TestProjectGlib.DLL" adapterTypeName="Microsoft.VisualStudio.TestTools.TestTypes.Unit.UnitTestAdapter, Microsoft.VisualStudio.QualityTools.Tips.UnitTest.Adapter, Version=10.0.0.0, Culture=neutral, PublicKeyToken=b03f5f7f11d50a3a" className="TestProjectGlib.ElementTest, TestProjectGlib, Version=1.0.0.0, Culture=neutral, PublicKeyToken=null" name="AddTest" />
    </UnitTest>
    <UnitTest name="DecoderTest" storage="c:\gitrepository\csharp\glib\testprojectglib\bin\debug\testprojectglib.dll" id="dc5c1174-a19a-b858-78d3-868e90f52906">
      <Execution id="9732a68d-a27f-4a4c-83d5-adc69570b567" />
      <TestMethod codeBase="C:/GITRepository/CSharp/Glib/TestProjectGlib/bin/Debug/TestProjectGlib.DLL" adapterTypeName="Microsoft.VisualStudio.TestTools.TestTypes.Unit.UnitTestAdapter, Microsoft.VisualStudio.QualityTools.Tips.UnitTest.Adapter, Version=10.0.0.0, Culture=neutral, PublicKeyToken=b03f5f7f11d50a3a" className="TestProjectGlib.Base64Test, TestProjectGlib, Version=1.0.0.0, Culture=neutral, PublicKeyToken=null" name="DecoderTest" />
    </UnitTest>
    <UnitTest name="AsStringRawTest" storage="c:\gitrepository\csharp\glib\testprojectglib\bin\debug\testprojectglib.dll" id="103ae38f-7bdb-fa7e-61ed-44691586c811">
      <Execution id="523750d1-b0d3-4325-940b-2cac70111168" />
      <TestMethod codeBase="C:/GITRepository/CSharp/Glib/TestProjectGlib/bin/Debug/TestProjectGlib.DLL" adapterTypeName="Microsoft.VisualStudio.TestTools.TestTypes.Unit.UnitTestAdapter, Microsoft.VisualStudio.QualityTools.Tips.UnitTest.Adapter, Version=10.0.0.0, Culture=neutral, PublicKeyToken=b03f5f7f11d50a3a" className="TestProjectGlib.ComponentTest, TestProjectGlib, Version=1.0.0.0, Culture=neutral, PublicKeyToken=null" name="AsStringRawTest" />
    </UnitTest>
    <UnitTest name="TestSubComponentAddingContent" storage="c:\gitrepository\csharp\glib\testprojectglib\bin\debug\testprojectglib.dll" id="81c8be9e-d70b-1223-942f-8fd68c01deff">
      <Execution id="1ac62dc1-ad98-4c5d-b06f-3f72cfa1cf9c" />
      <TestMethod codeBase="C:/GITRepository/CSharp/Glib/TestProjectGlib/bin/Debug/TestProjectGlib.DLL" adapterTypeName="Microsoft.VisualStudio.TestTools.TestTypes.Unit.UnitTestAdapter, Microsoft.VisualStudio.QualityTools.Tips.UnitTest.Adapter, Version=10.0.0.0, Culture=neutral, PublicKeyToken=b03f5f7f11d50a3a" className="TestProjectGlib.UnitTestSubComponentModel, TestProjectGlib, Version=1.0.0.0, Culture=neutral, PublicKeyToken=null" name="TestSubComponentAddingContent" />
    </UnitTest>
    <UnitTest name="RemoveRepeatAtTest" storage="c:\gitrepository\csharp\glib\testprojectglib\bin\debug\testprojectglib.dll" id="2bc46832-ff39-471c-cab0-e60265a8cf1a">
      <Execution id="bdb8e5d8-b59b-490c-a08b-415cc65c0edf" />
      <TestMethod codeBase="C:/GITRepository/CSharp/Glib/TestProjectGlib/bin/Debug/TestProjectGlib.DLL" adapterTypeName="Microsoft.VisualStudio.TestTools.TestTypes.Unit.UnitTestAdapter, Microsoft.VisualStudio.QualityTools.Tips.UnitTest.Adapter, Version=10.0.0.0, Culture=neutral, PublicKeyToken=b03f5f7f11d50a3a" className="TestProjectGlib.ElementTest, TestProjectGlib, Version=1.0.0.0, Culture=neutral, PublicKeyToken=null" name="RemoveRepeatAtTest" />
    </UnitTest>
    <UnitTest name="MessageVersionTest" storage="c:\gitrepository\csharp\glib\testprojectglib\bin\debug\testprojectglib.dll" id="ca074321-703a-c011-3524-71ae90f517d5">
      <Execution id="cff3457f-f8e3-49a5-b9d8-3a93d7ad0e82" />
      <TestMethod codeBase="C:/GITRepository/CSharp/Glib/TestProjectGlib/bin/Debug/TestProjectGlib.DLL" adapterTypeName="Microsoft.VisualStudio.TestTools.TestTypes.Unit.UnitTestAdapter, Microsoft.VisualStudio.QualityTools.Tips.UnitTest.Adapter, Version=10.0.0.0, Culture=neutral, PublicKeyToken=b03f5f7f11d50a3a" className="TestProjectGlib.MessageTest, TestProjectGlib, Version=1.0.0.0, Culture=neutral, PublicKeyToken=null" name="MessageVersionTest" />
    </UnitTest>
    <UnitTest name="SubComponentListTest" storage="c:\gitrepository\csharp\glib\testprojectglib\bin\debug\testprojectglib.dll" id="485fbc4e-b87e-c449-d941-c4ad880a6114">
      <Execution id="c85c7ed6-edd5-4429-968f-399186e032bf" />
      <TestMethod codeBase="C:/GITRepository/CSharp/Glib/TestProjectGlib/bin/Debug/TestProjectGlib.DLL" adapterTypeName="Microsoft.VisualStudio.TestTools.TestTypes.Unit.UnitTestAdapter, Microsoft.VisualStudio.QualityTools.Tips.UnitTest.Adapter, Version=10.0.0.0, Culture=neutral, PublicKeyToken=b03f5f7f11d50a3a" className="TestProjectGlib.ComponentTest, TestProjectGlib, Version=1.0.0.0, Culture=neutral, PublicKeyToken=null" name="SubComponentListTest" />
    </UnitTest>
    <UnitTest name="IsEmptyTest" storage="c:\gitrepository\csharp\glib\testprojectglib\bin\debug\testprojectglib.dll" id="07a45700-0b26-e484-c6c1-cc15104bb68b">
      <Execution id="4be452d0-f78d-4a7d-85f1-f6668bab5463" />
      <TestMethod codeBase="C:/GITRepository/CSharp/Glib/TestProjectGlib/bin/Debug/TestProjectGlib.DLL" adapterTypeName="Microsoft.VisualStudio.TestTools.TestTypes.Unit.UnitTestAdapter, Microsoft.VisualStudio.QualityTools.Tips.UnitTest.Adapter, Version=10.0.0.0, Culture=neutral, PublicKeyToken=b03f5f7f11d50a3a" className="TestProjectGlib.ComponentTest, TestProjectGlib, Version=1.0.0.0, Culture=neutral, PublicKeyToken=null" name="IsEmptyTest" />
    </UnitTest>
    <UnitTest name="CloneTest" storage="c:\gitrepository\csharp\glib\testprojectglib\bin\debug\testprojectglib.dll" id="faec3610-6546-8bf2-fdbe-dee7799c6609">
      <Execution id="81a4af16-50a8-4a10-9d8d-72470d9bee4f" />
      <TestMethod codeBase="C:/GITRepository/CSharp/Glib/TestProjectGlib/bin/Debug/TestProjectGlib.DLL" adapterTypeName="Microsoft.VisualStudio.TestTools.TestTypes.Unit.UnitTestAdapter, Microsoft.VisualStudio.QualityTools.Tips.UnitTest.Adapter, Version=10.0.0.0, Culture=neutral, PublicKeyToken=b03f5f7f11d50a3a" className="TestProjectGlib.MessageTest, TestProjectGlib, Version=1.0.0.0, Culture=neutral, PublicKeyToken=null" name="CloneTest" />
    </UnitTest>
    <UnitTest name="ContentCountTest" storage="c:\gitrepository\csharp\glib\testprojectglib\bin\debug\testprojectglib.dll" id="50d2563d-2a72-e20a-d402-ebae14660478">
      <Execution id="22b0127a-f764-40bb-b254-639457199016" />
      <TestMethod codeBase="C:/GITRepository/CSharp/Glib/TestProjectGlib/bin/Debug/TestProjectGlib.DLL" adapterTypeName="Microsoft.VisualStudio.TestTools.TestTypes.Unit.UnitTestAdapter, Microsoft.VisualStudio.QualityTools.Tips.UnitTest.Adapter, Version=10.0.0.0, Culture=neutral, PublicKeyToken=b03f5f7f11d50a3a" className="TestProjectGlib.FieldTest, TestProjectGlib, Version=1.0.0.0, Culture=neutral, PublicKeyToken=null" name="ContentCountTest" />
    </UnitTest>
    <UnitTest name="CodeTest" storage="c:\gitrepository\csharp\glib\testprojectglib\bin\debug\testprojectglib.dll" id="2c490933-23ca-68f4-cbd9-a962f93322ae">
      <Execution id="7ba8a3c9-b13c-4a95-a390-73992f56f653" />
      <TestMethod codeBase="C:/GITRepository/CSharp/Glib/TestProjectGlib/bin/Debug/TestProjectGlib.DLL" adapterTypeName="Microsoft.VisualStudio.TestTools.TestTypes.Unit.UnitTestAdapter, Microsoft.VisualStudio.QualityTools.Tips.UnitTest.Adapter, Version=10.0.0.0, Culture=neutral, PublicKeyToken=b03f5f7f11d50a3a" className="TestProjectGlib.SegmentTest, TestProjectGlib, Version=1.0.0.0, Culture=neutral, PublicKeyToken=null" name="CodeTest" />
    </UnitTest>
    <UnitTest name="SetTest1" storage="c:\gitrepository\csharp\glib\testprojectglib\bin\debug\testprojectglib.dll" id="e8981139-2ae8-16f1-196c-8bb762fef77c">
      <Execution id="363a03e2-2012-41a6-94bd-62c918b024de" />
      <TestMethod codeBase="C:/GITRepository/CSharp/Glib/TestProjectGlib/bin/Debug/TestProjectGlib.DLL" adapterTypeName="Microsoft.VisualStudio.TestTools.TestTypes.Unit.UnitTestAdapter, Microsoft.VisualStudio.QualityTools.Tips.UnitTest.Adapter, Version=10.0.0.0, Culture=neutral, PublicKeyToken=b03f5f7f11d50a3a" className="TestProjectGlib.FieldTest, TestProjectGlib, Version=1.0.0.0, Culture=neutral, PublicKeyToken=null" name="SetTest1" />
    </UnitTest>
    <UnitTest name="SegmentListTest1" storage="c:\gitrepository\csharp\glib\testprojectglib\bin\debug\testprojectglib.dll" id="beb508f7-d47b-8ea2-828f-479b5652e52a">
      <Execution id="e42b61af-1401-4ad3-a19f-9fef1e7b234b" />
      <TestMethod codeBase="C:/GITRepository/CSharp/Glib/TestProjectGlib/bin/Debug/TestProjectGlib.DLL" adapterTypeName="Microsoft.VisualStudio.TestTools.TestTypes.Unit.UnitTestAdapter, Microsoft.VisualStudio.QualityTools.Tips.UnitTest.Adapter, Version=10.0.0.0, Culture=neutral, PublicKeyToken=b03f5f7f11d50a3a" className="TestProjectGlib.MessageTest, TestProjectGlib, Version=1.0.0.0, Culture=neutral, PublicKeyToken=null" name="SegmentListTest1" />
    </UnitTest>
    <UnitTest name="ComponentCountTest" storage="c:\gitrepository\csharp\glib\testprojectglib\bin\debug\testprojectglib.dll" id="7f2316ab-329b-9b41-b4ce-ccb71981bb17">
      <Execution id="26c1b673-6688-49a7-bc36-3d9acad915dc" />
      <TestMethod codeBase="C:/GITRepository/CSharp/Glib/TestProjectGlib/bin/Debug/TestProjectGlib.DLL" adapterTypeName="Microsoft.VisualStudio.TestTools.TestTypes.Unit.UnitTestAdapter, Microsoft.VisualStudio.QualityTools.Tips.UnitTest.Adapter, Version=10.0.0.0, Culture=neutral, PublicKeyToken=b03f5f7f11d50a3a" className="TestProjectGlib.FieldTest, TestProjectGlib, Version=1.0.0.0, Culture=neutral, PublicKeyToken=null" name="ComponentCountTest" />
    </UnitTest>
    <UnitTest name="CloneTest" storage="c:\gitrepository\csharp\glib\testprojectglib\bin\debug\testprojectglib.dll" id="c3f602b3-e22c-03e3-9482-4e48793ee541">
      <Execution id="2246425b-04af-4fb8-8df4-41cf80ad9a34" />
      <TestMethod codeBase="C:/GITRepository/CSharp/Glib/TestProjectGlib/bin/Debug/TestProjectGlib.DLL" adapterTypeName="Microsoft.VisualStudio.TestTools.TestTypes.Unit.UnitTestAdapter, Microsoft.VisualStudio.QualityTools.Tips.UnitTest.Adapter, Version=10.0.0.0, Culture=neutral, PublicKeyToken=b03f5f7f11d50a3a" className="TestProjectGlib.SegmentTest, TestProjectGlib, Version=1.0.0.0, Culture=neutral, PublicKeyToken=null" name="CloneTest" />
    </UnitTest>
    <UnitTest name="TestFieldCreate" storage="c:\gitrepository\csharp\glib\testprojectglib\bin\debug\testprojectglib.dll" id="73fcddfd-0abf-4092-fa36-e303fa699e43">
      <Execution id="517eef00-eb96-42dc-8209-eac24c3a085f" />
      <TestMethod codeBase="C:/GITRepository/CSharp/Glib/TestProjectGlib/bin/Debug/TestProjectGlib.DLL" adapterTypeName="Microsoft.VisualStudio.TestTools.TestTypes.Unit.UnitTestAdapter, Microsoft.VisualStudio.QualityTools.Tips.UnitTest.Adapter, Version=10.0.0.0, Culture=neutral, PublicKeyToken=b03f5f7f11d50a3a" className="TestProjectGlib.UnitTestElementModel, TestProjectGlib, Version=1.0.0.0, Culture=neutral, PublicKeyToken=null" name="TestFieldCreate" />
    </UnitTest>
    <UnitTest name="IsHL7NullTest" storage="c:\gitrepository\csharp\glib\testprojectglib\bin\debug\testprojectglib.dll" id="42fa85c9-4d31-c930-f249-93b92ee77398">
      <Execution id="2882bdd1-4d17-49f4-8f35-590bf8a391d5" />
      <TestMethod codeBase="C:/GITRepository/CSharp/Glib/TestProjectGlib/bin/Debug/TestProjectGlib.DLL" adapterTypeName="Microsoft.VisualStudio.TestTools.TestTypes.Unit.UnitTestAdapter, Microsoft.VisualStudio.QualityTools.Tips.UnitTest.Adapter, Version=10.0.0.0, Culture=neutral, PublicKeyToken=b03f5f7f11d50a3a" className="TestProjectGlib.SubComponentTest, TestProjectGlib, Version=1.0.0.0, Culture=neutral, PublicKeyToken=null" name="IsHL7NullTest" />
    </UnitTest>
    <UnitTest name="ToStringTest" storage="c:\gitrepository\csharp\glib\testprojectglib\bin\debug\testprojectglib.dll" id="c812c44a-5c44-51b8-b655-5885aea417c4">
      <Execution id="05cc0259-5b73-4b20-866d-cb95c2bfeaa0" />
      <TestMethod codeBase="C:/GITRepository/CSharp/Glib/TestProjectGlib/bin/Debug/TestProjectGlib.DLL" adapterTypeName="Microsoft.VisualStudio.TestTools.TestTypes.Unit.UnitTestAdapter, Microsoft.VisualStudio.QualityTools.Tips.UnitTest.Adapter, Version=10.0.0.0, Culture=neutral, PublicKeyToken=b03f5f7f11d50a3a" className="TestProjectGlib.SubComponentTest, TestProjectGlib, Version=1.0.0.0, Culture=neutral, PublicKeyToken=null" name="ToStringTest" />
    </UnitTest>
    <UnitTest name="AsDateHourMinSecTest1" storage="c:\gitrepository\csharp\glib\testprojectglib\bin\debug\testprojectglib.dll" id="93964659-b15c-c098-848e-862a0968f755">
      <Execution id="4e1e81a9-cfa2-49b9-8eef-2fd38d7895bb" />
      <TestMethod codeBase="C:/GITRepository/CSharp/Glib/TestProjectGlib/bin/Debug/TestProjectGlib.DLL" adapterTypeName="Microsoft.VisualStudio.TestTools.TestTypes.Unit.UnitTestAdapter, Microsoft.VisualStudio.QualityTools.Tips.UnitTest.Adapter, Version=10.0.0.0, Culture=neutral, PublicKeyToken=b03f5f7f11d50a3a" className="TestProjectGlib.DateTimeTools_ConvertDateTimeToStringTest, TestProjectGlib, Version=1.0.0.0, Culture=neutral, PublicKeyToken=null" name="AsDateHourMinSecTest1" />
    </UnitTest>
    <UnitTest name="SetTest" storage="c:\gitrepository\csharp\glib\testprojectglib\bin\debug\testprojectglib.dll" id="3bbb9637-de42-44c8-d031-1764421810d0">
      <Execution id="2a1c578d-7919-4f67-b1d3-8c41c9b06329" />
      <TestMethod codeBase="C:/GITRepository/CSharp/Glib/TestProjectGlib/bin/Debug/TestProjectGlib.DLL" adapterTypeName="Microsoft.VisualStudio.TestTools.TestTypes.Unit.UnitTestAdapter, Microsoft.VisualStudio.QualityTools.Tips.UnitTest.Adapter, Version=10.0.0.0, Culture=neutral, PublicKeyToken=b03f5f7f11d50a3a" className="TestProjectGlib.ComponentTest, TestProjectGlib, Version=1.0.0.0, Culture=neutral, PublicKeyToken=null" name="SetTest" />
    </UnitTest>
    <UnitTest name="IsHL7NullTest" storage="c:\gitrepository\csharp\glib\testprojectglib\bin\debug\testprojectglib.dll" id="50d49a3d-17d9-5e0e-5cbe-1c50f8116688">
      <Execution id="a0ee122b-b2bb-42e9-b4e1-cc1db8ccb447" />
      <TestMethod codeBase="C:/GITRepository/CSharp/Glib/TestProjectGlib/bin/Debug/TestProjectGlib.DLL" adapterTypeName="Microsoft.VisualStudio.TestTools.TestTypes.Unit.UnitTestAdapter, Microsoft.VisualStudio.QualityTools.Tips.UnitTest.Adapter, Version=10.0.0.0, Culture=neutral, PublicKeyToken=b03f5f7f11d50a3a" className="TestProjectGlib.FieldTest, TestProjectGlib, Version=1.0.0.0, Culture=neutral, PublicKeyToken=null" name="IsHL7NullTest" />
    </UnitTest>
    <UnitTest name="ElementConstructorTest2" storage="c:\gitrepository\csharp\glib\testprojectglib\bin\debug\testprojectglib.dll" id="b2d02903-6680-8875-02e1-f43f070be79a">
      <Execution id="d953a38b-a1f9-488e-bbc8-8e9eb5aa814f" />
      <TestMethod codeBase="C:/GITRepository/CSharp/Glib/TestProjectGlib/bin/Debug/TestProjectGlib.DLL" adapterTypeName="Microsoft.VisualStudio.TestTools.TestTypes.Unit.UnitTestAdapter, Microsoft.VisualStudio.QualityTools.Tips.UnitTest.Adapter, Version=10.0.0.0, Culture=neutral, PublicKeyToken=b03f5f7f11d50a3a" className="TestProjectGlib.ElementTest, TestProjectGlib, Version=1.0.0.0, Culture=neutral, PublicKeyToken=null" name="ElementConstructorTest2" />
    </UnitTest>
    <UnitTest name="PathInformationTest" storage="c:\gitrepository\csharp\glib\testprojectglib\bin\debug\testprojectglib.dll" id="13544595-507e-d695-622a-6081f0d95c5b">
      <Execution id="b305073b-6356-490b-b5ef-60df0e3ed058" />
      <TestMethod codeBase="C:/GITRepository/CSharp/Glib/TestProjectGlib/bin/Debug/TestProjectGlib.DLL" adapterTypeName="Microsoft.VisualStudio.TestTools.TestTypes.Unit.UnitTestAdapter, Microsoft.VisualStudio.QualityTools.Tips.UnitTest.Adapter, Version=10.0.0.0, Culture=neutral, PublicKeyToken=b03f5f7f11d50a3a" className="TestProjectGlib.ContentTest, TestProjectGlib, Version=1.0.0.0, Culture=neutral, PublicKeyToken=null" name="PathInformationTest" />
    </UnitTest>
    <UnitTest name="RepeatTest" storage="c:\gitrepository\csharp\glib\testprojectglib\bin\debug\testprojectglib.dll" id="54d22d6e-b1e8-99d3-007a-f749383ad8ab">
      <Execution id="bb23da86-2fa4-41aa-aa92-5649f7641b13" />
      <TestMethod codeBase="C:/GITRepository/CSharp/Glib/TestProjectGlib/bin/Debug/TestProjectGlib.DLL" adapterTypeName="Microsoft.VisualStudio.TestTools.TestTypes.Unit.UnitTestAdapter, Microsoft.VisualStudio.QualityTools.Tips.UnitTest.Adapter, Version=10.0.0.0, Culture=neutral, PublicKeyToken=b03f5f7f11d50a3a" className="TestProjectGlib.ElementTest, TestProjectGlib, Version=1.0.0.0, Culture=neutral, PublicKeyToken=null" name="RepeatTest" />
    </UnitTest>
    <UnitTest name="HasNoMillisecondsOrTimeZoneTest" storage="c:\gitrepository\csharp\glib\testprojectglib\bin\debug\testprojectglib.dll" id="4b69f646-3fd7-1906-dc9c-283732d9870f">
      <DeploymentItems>
        <DeploymentItem filename="Glib.dll" />
      </DeploymentItems>
      <Execution id="5c0a99b7-e399-4f4c-9342-4e956b40ac22" />
      <TestMethod codeBase="C:/GITRepository/CSharp/Glib/TestProjectGlib/bin/Debug/TestProjectGlib.DLL" adapterTypeName="Microsoft.VisualStudio.TestTools.TestTypes.Unit.UnitTestAdapter, Microsoft.VisualStudio.QualityTools.Tips.UnitTest.Adapter, Version=10.0.0.0, Culture=neutral, PublicKeyToken=b03f5f7f11d50a3a" className="TestProjectGlib.DateTimeTools_ConvertStringToDateTimeTest, TestProjectGlib, Version=1.0.0.0, Culture=neutral, PublicKeyToken=null" name="HasNoMillisecondsOrTimeZoneTest" />
    </UnitTest>
    <UnitTest name="PathInformationTest" storage="c:\gitrepository\csharp\glib\testprojectglib\bin\debug\testprojectglib.dll" id="648e5a6a-2e35-f5f3-d102-39cad7148c87">
      <Execution id="eee87537-9977-4c02-af29-f1d729f40875" />
      <TestMethod codeBase="C:/GITRepository/CSharp/Glib/TestProjectGlib/bin/Debug/TestProjectGlib.DLL" adapterTypeName="Microsoft.VisualStudio.TestTools.TestTypes.Unit.UnitTestAdapter, Microsoft.VisualStudio.QualityTools.Tips.UnitTest.Adapter, Version=10.0.0.0, Culture=neutral, PublicKeyToken=b03f5f7f11d50a3a" className="TestProjectGlib.SubComponentTest, TestProjectGlib, Version=1.0.0.0, Culture=neutral, PublicKeyToken=null" name="PathInformationTest" />
    </UnitTest>
    <UnitTest name="AddTest" storage="c:\gitrepository\csharp\glib\testprojectglib\bin\debug\testprojectglib.dll" id="321aa608-7a9b-7841-b54e-f15e58034604">
      <Execution id="5a0bf781-243b-4bb2-9f14-7545ca7b25d1" />
      <TestMethod codeBase="C:/GITRepository/CSharp/Glib/TestProjectGlib/bin/Debug/TestProjectGlib.DLL" adapterTypeName="Microsoft.VisualStudio.TestTools.TestTypes.Unit.UnitTestAdapter, Microsoft.VisualStudio.QualityTools.Tips.UnitTest.Adapter, Version=10.0.0.0, Culture=neutral, PublicKeyToken=b03f5f7f11d50a3a" className="TestProjectGlib.FieldTest, TestProjectGlib, Version=1.0.0.0, Culture=neutral, PublicKeyToken=null" name="AddTest" />
    </UnitTest>
    <UnitTest name="ElementConstructorTest3" storage="c:\gitrepository\csharp\glib\testprojectglib\bin\debug\testprojectglib.dll" id="5554022a-d932-fcb6-1c69-d229745140fe">
      <Execution id="a98398d2-5f68-41bc-91c8-1ffc0264d2fd" />
      <TestMethod codeBase="C:/GITRepository/CSharp/Glib/TestProjectGlib/bin/Debug/TestProjectGlib.DLL" adapterTypeName="Microsoft.VisualStudio.TestTools.TestTypes.Unit.UnitTestAdapter, Microsoft.VisualStudio.QualityTools.Tips.UnitTest.Adapter, Version=10.0.0.0, Culture=neutral, PublicKeyToken=b03f5f7f11d50a3a" className="TestProjectGlib.ElementTest, TestProjectGlib, Version=1.0.0.0, Culture=neutral, PublicKeyToken=null" name="ElementConstructorTest3" />
    </UnitTest>
    <UnitTest name="AsStringTest" storage="c:\gitrepository\csharp\glib\testprojectglib\bin\debug\testprojectglib.dll" id="cdf5132f-c1f2-db0a-dfd5-cf7b67696beb">
      <Execution id="04579e85-f03d-4e4a-acbe-8793a3353b5c" />
      <TestMethod codeBase="C:/GITRepository/CSharp/Glib/TestProjectGlib/bin/Debug/TestProjectGlib.DLL" adapterTypeName="Microsoft.VisualStudio.TestTools.TestTypes.Unit.UnitTestAdapter, Microsoft.VisualStudio.QualityTools.Tips.UnitTest.Adapter, Version=10.0.0.0, Culture=neutral, PublicKeyToken=b03f5f7f11d50a3a" className="TestProjectGlib.ContentTest, TestProjectGlib, Version=1.0.0.0, Culture=neutral, PublicKeyToken=null" name="AsStringTest" />
    </UnitTest>
    <UnitTest name="TestSubComponentContentCount" storage="c:\gitrepository\csharp\glib\testprojectglib\bin\debug\testprojectglib.dll" id="0fd8a5b0-4bab-92d7-9503-d011125db49e">
      <Execution id="68fea7e7-f90f-4c85-9d17-95be311bf455" />
      <TestMethod codeBase="C:/GITRepository/CSharp/Glib/TestProjectGlib/bin/Debug/TestProjectGlib.DLL" adapterTypeName="Microsoft.VisualStudio.TestTools.TestTypes.Unit.UnitTestAdapter, Microsoft.VisualStudio.QualityTools.Tips.UnitTest.Adapter, Version=10.0.0.0, Culture=neutral, PublicKeyToken=b03f5f7f11d50a3a" className="TestProjectGlib.UnitTestSubComponentModel, TestProjectGlib, Version=1.0.0.0, Culture=neutral, PublicKeyToken=null" name="TestSubComponentContentCount" />
    </UnitTest>
    <UnitTest name="ElementListTest" storage="c:\gitrepository\csharp\glib\testprojectglib\bin\debug\testprojectglib.dll" id="a377d093-f83b-e7bd-a0ac-c17a19edb172">
      <Execution id="bb422af0-d506-4200-9c2a-d8039cb190e2" />
      <TestMethod codeBase="C:/GITRepository/CSharp/Glib/TestProjectGlib/bin/Debug/TestProjectGlib.DLL" adapterTypeName="Microsoft.VisualStudio.TestTools.TestTypes.Unit.UnitTestAdapter, Microsoft.VisualStudio.QualityTools.Tips.UnitTest.Adapter, Version=10.0.0.0, Culture=neutral, PublicKeyToken=b03f5f7f11d50a3a" className="TestProjectGlib.SegmentTest, TestProjectGlib, Version=1.0.0.0, Culture=neutral, PublicKeyToken=null" name="ElementListTest" />
    </UnitTest>
    <UnitTest name="ComponentListTest" storage="c:\gitrepository\csharp\glib\testprojectglib\bin\debug\testprojectglib.dll" id="63e4b650-5ea8-ac21-8786-3238a13ec018">
      <Execution id="438978d6-b8fe-4646-81e9-e172bf635f08" />
      <TestMethod codeBase="C:/GITRepository/CSharp/Glib/TestProjectGlib/bin/Debug/TestProjectGlib.DLL" adapterTypeName="Microsoft.VisualStudio.TestTools.TestTypes.Unit.UnitTestAdapter, Microsoft.VisualStudio.QualityTools.Tips.UnitTest.Adapter, Version=10.0.0.0, Culture=neutral, PublicKeyToken=b03f5f7f11d50a3a" className="TestProjectGlib.FieldTest, TestProjectGlib, Version=1.0.0.0, Culture=neutral, PublicKeyToken=null" name="ComponentListTest" />
    </UnitTest>
    <UnitTest name="SubComponentCountTest" storage="c:\gitrepository\csharp\glib\testprojectglib\bin\debug\testprojectglib.dll" id="76556cc0-de36-73f1-566c-5319b2859489">
      <Execution id="b4a87c76-2a68-40b6-b7a3-a20ce77e21aa" />
      <TestMethod codeBase="C:/GITRepository/CSharp/Glib/TestProjectGlib/bin/Debug/TestProjectGlib.DLL" adapterTypeName="Microsoft.VisualStudio.TestTools.TestTypes.Unit.UnitTestAdapter, Microsoft.VisualStudio.QualityTools.Tips.UnitTest.Adapter, Version=10.0.0.0, Culture=neutral, PublicKeyToken=b03f5f7f11d50a3a" className="TestProjectGlib.FieldTest, TestProjectGlib, Version=1.0.0.0, Culture=neutral, PublicKeyToken=null" name="SubComponentCountTest" />
    </UnitTest>
    <UnitTest name="AddTest2" storage="c:\gitrepository\csharp\glib\testprojectglib\bin\debug\testprojectglib.dll" id="e5714616-1e44-1e54-e2e4-663133e56676">
      <Execution id="ed5f5ed4-bd1e-479e-bd13-dd5fe7a7ff1f" />
      <TestMethod codeBase="C:/GITRepository/CSharp/Glib/TestProjectGlib/bin/Debug/TestProjectGlib.DLL" adapterTypeName="Microsoft.VisualStudio.TestTools.TestTypes.Unit.UnitTestAdapter, Microsoft.VisualStudio.QualityTools.Tips.UnitTest.Adapter, Version=10.0.0.0, Culture=neutral, PublicKeyToken=b03f5f7f11d50a3a" className="TestProjectGlib.FieldTest, TestProjectGlib, Version=1.0.0.0, Culture=neutral, PublicKeyToken=null" name="AddTest2" />
    </UnitTest>
    <UnitTest name="AddTest2" storage="c:\gitrepository\csharp\glib\testprojectglib\bin\debug\testprojectglib.dll" id="0ea72b90-d965-177f-3b59-b23d18e2180f">
      <Execution id="43ddd31b-a26a-43e3-b81d-6f4fb20510d8" />
      <TestMethod codeBase="C:/GITRepository/CSharp/Glib/TestProjectGlib/bin/Debug/TestProjectGlib.DLL" adapterTypeName="Microsoft.VisualStudio.TestTools.TestTypes.Unit.UnitTestAdapter, Microsoft.VisualStudio.QualityTools.Tips.UnitTest.Adapter, Version=10.0.0.0, Culture=neutral, PublicKeyToken=b03f5f7f11d50a3a" className="TestProjectGlib.SegmentTest, TestProjectGlib, Version=1.0.0.0, Culture=neutral, PublicKeyToken=null" name="AddTest2" />
    </UnitTest>
    <UnitTest name="ContentConstructorTest9" storage="c:\gitrepository\csharp\glib\testprojectglib\bin\debug\testprojectglib.dll" id="9cafc2d5-2a5b-c544-f728-205945656c33">
      <Execution id="4afbf993-3ccc-40fb-b5ce-327dac383fdc" />
      <TestMethod codeBase="C:/GITRepository/CSharp/Glib/TestProjectGlib/bin/Debug/TestProjectGlib.DLL" adapterTypeName="Microsoft.VisualStudio.TestTools.TestTypes.Unit.UnitTestAdapter, Microsoft.VisualStudio.QualityTools.Tips.UnitTest.Adapter, Version=10.0.0.0, Culture=neutral, PublicKeyToken=b03f5f7f11d50a3a" className="TestProjectGlib.ContentTest, TestProjectGlib, Version=1.0.0.0, Culture=neutral, PublicKeyToken=null" name="ContentConstructorTest9" />
    </UnitTest>
    <UnitTest name="InsertTest" storage="c:\gitrepository\csharp\glib\testprojectglib\bin\debug\testprojectglib.dll" id="cdedd3c0-bda1-235c-e0f5-4f5e8fe72a55">
      <Execution id="ec221b57-0110-4a28-9525-a5cd14e3d0d6" />
      <TestMethod codeBase="C:/GITRepository/CSharp/Glib/TestProjectGlib/bin/Debug/TestProjectGlib.DLL" adapterTypeName="Microsoft.VisualStudio.TestTools.TestTypes.Unit.UnitTestAdapter, Microsoft.VisualStudio.QualityTools.Tips.UnitTest.Adapter, Version=10.0.0.0, Culture=neutral, PublicKeyToken=b03f5f7f11d50a3a" className="TestProjectGlib.ElementTest, TestProjectGlib, Version=1.0.0.0, Culture=neutral, PublicKeyToken=null" name="InsertTest" />
    </UnitTest>
    <UnitTest name="SetDataToEncodingCharactersTest" storage="c:\gitrepository\csharp\glib\testprojectglib\bin\debug\testprojectglib.dll" id="18b8880e-d414-f397-2932-f5be2dbae673">
      <DeploymentItems>
        <DeploymentItem filename="Glib.dll" />
      </DeploymentItems>
      <Execution id="eac275e3-3566-4964-bc5b-fde33e612b49" />
      <TestMethod codeBase="C:/GITRepository/CSharp/Glib/TestProjectGlib/bin/Debug/TestProjectGlib.DLL" adapterTypeName="Microsoft.VisualStudio.TestTools.TestTypes.Unit.UnitTestAdapter, Microsoft.VisualStudio.QualityTools.Tips.UnitTest.Adapter, Version=10.0.0.0, Culture=neutral, PublicKeyToken=b03f5f7f11d50a3a" className="TestProjectGlib.ContentTest, TestProjectGlib, Version=1.0.0.0, Culture=neutral, PublicKeyToken=null" name="SetDataToEncodingCharactersTest" />
    </UnitTest>
    <UnitTest name="RemoveSegmentAtTest" storage="c:\gitrepository\csharp\glib\testprojectglib\bin\debug\testprojectglib.dll" id="64d2a0a5-d6a5-16ae-7d91-b88c49d33cb5">
      <Execution id="df8698c1-edff-432a-99a1-bbd24d41d557" />
      <TestMethod codeBase="C:/GITRepository/CSharp/Glib/TestProjectGlib/bin/Debug/TestProjectGlib.DLL" adapterTypeName="Microsoft.VisualStudio.TestTools.TestTypes.Unit.UnitTestAdapter, Microsoft.VisualStudio.QualityTools.Tips.UnitTest.Adapter, Version=10.0.0.0, Culture=neutral, PublicKeyToken=b03f5f7f11d50a3a" className="TestProjectGlib.MessageTest, TestProjectGlib, Version=1.0.0.0, Culture=neutral, PublicKeyToken=null" name="RemoveSegmentAtTest" />
    </UnitTest>
    <UnitTest name="InsertTest1" storage="c:\gitrepository\csharp\glib\testprojectglib\bin\debug\testprojectglib.dll" id="02d2aff2-ce9d-fe06-68b5-f219adb05152">
      <Execution id="30a10e3a-48df-48bb-ba9d-762b68581dfa" />
      <TestMethod codeBase="C:/GITRepository/CSharp/Glib/TestProjectGlib/bin/Debug/TestProjectGlib.DLL" adapterTypeName="Microsoft.VisualStudio.TestTools.TestTypes.Unit.UnitTestAdapter, Microsoft.VisualStudio.QualityTools.Tips.UnitTest.Adapter, Version=10.0.0.0, Culture=neutral, PublicKeyToken=b03f5f7f11d50a3a" className="TestProjectGlib.ElementTest, TestProjectGlib, Version=1.0.0.0, Culture=neutral, PublicKeyToken=null" name="InsertTest1" />
    </UnitTest>
    <UnitTest name="SubComponentTest" storage="c:\gitrepository\csharp\glib\testprojectglib\bin\debug\testprojectglib.dll" id="8dddbeb0-c173-6d10-e733-8b21ad046454">
      <Execution id="4e560089-0cc3-4cdf-bbc3-14d536c09eea" />
      <TestMethod codeBase="C:/GITRepository/CSharp/Glib/TestProjectGlib/bin/Debug/TestProjectGlib.DLL" adapterTypeName="Microsoft.VisualStudio.TestTools.TestTypes.Unit.UnitTestAdapter, Microsoft.VisualStudio.QualityTools.Tips.UnitTest.Adapter, Version=10.0.0.0, Culture=neutral, PublicKeyToken=b03f5f7f11d50a3a" className="TestProjectGlib.ElementTest, TestProjectGlib, Version=1.0.0.0, Culture=neutral, PublicKeyToken=null" name="SubComponentTest" />
    </UnitTest>
    <UnitTest name="InsertTest1" storage="c:\gitrepository\csharp\glib\testprojectglib\bin\debug\testprojectglib.dll" id="6dbc6246-dac8-b085-dab5-ae377dd35ff4">
      <Execution id="a3e1b4bf-5785-4180-b0e8-9230c90c46c4" />
      <TestMethod codeBase="C:/GITRepository/CSharp/Glib/TestProjectGlib/bin/Debug/TestProjectGlib.DLL" adapterTypeName="Microsoft.VisualStudio.TestTools.TestTypes.Unit.UnitTestAdapter, Microsoft.VisualStudio.QualityTools.Tips.UnitTest.Adapter, Version=10.0.0.0, Culture=neutral, PublicKeyToken=b03f5f7f11d50a3a" className="TestProjectGlib.SegmentTest, TestProjectGlib, Version=1.0.0.0, Culture=neutral, PublicKeyToken=null" name="InsertTest1" />
    </UnitTest>
    <UnitTest name="ClearAllTest" storage="c:\gitrepository\csharp\glib\testprojectglib\bin\debug\testprojectglib.dll" id="90fdd12e-0421-b4a1-ef81-0bb83465e065">
      <Execution id="2819a8bd-8833-410a-b8a3-69ec2a50b3f1" />
      <TestMethod codeBase="C:/GITRepository/CSharp/Glib/TestProjectGlib/bin/Debug/TestProjectGlib.DLL" adapterTypeName="Microsoft.VisualStudio.TestTools.TestTypes.Unit.UnitTestAdapter, Microsoft.VisualStudio.QualityTools.Tips.UnitTest.Adapter, Version=10.0.0.0, Culture=neutral, PublicKeyToken=b03f5f7f11d50a3a" className="TestProjectGlib.MessageTest, TestProjectGlib, Version=1.0.0.0, Culture=neutral, PublicKeyToken=null" name="ClearAllTest" />
    </UnitTest>
    <UnitTest name="SubComponentConstructorTest3" storage="c:\gitrepository\csharp\glib\testprojectglib\bin\debug\testprojectglib.dll" id="ab3c72e7-916d-9271-7490-63c98d311b23">
      <Execution id="674e5753-d215-4f58-80d5-fd6b77c89c90" />
      <TestMethod codeBase="C:/GITRepository/CSharp/Glib/TestProjectGlib/bin/Debug/TestProjectGlib.DLL" adapterTypeName="Microsoft.VisualStudio.TestTools.TestTypes.Unit.UnitTestAdapter, Microsoft.VisualStudio.QualityTools.Tips.UnitTest.Adapter, Version=10.0.0.0, Culture=neutral, PublicKeyToken=b03f5f7f11d50a3a" className="TestProjectGlib.SubComponentTest, TestProjectGlib, Version=1.0.0.0, Culture=neutral, PublicKeyToken=null" name="SubComponentConstructorTest3" />
    </UnitTest>
    <UnitTest name="ContentConstructorTest2" storage="c:\gitrepository\csharp\glib\testprojectglib\bin\debug\testprojectglib.dll" id="23e5c416-83c2-b89c-6451-ae249e7194e2">
      <Execution id="b7f0b1c8-ef38-4fe8-adf6-2543d0bca043" />
      <TestMethod codeBase="C:/GITRepository/CSharp/Glib/TestProjectGlib/bin/Debug/TestProjectGlib.DLL" adapterTypeName="Microsoft.VisualStudio.TestTools.TestTypes.Unit.UnitTestAdapter, Microsoft.VisualStudio.QualityTools.Tips.UnitTest.Adapter, Version=10.0.0.0, Culture=neutral, PublicKeyToken=b03f5f7f11d50a3a" className="TestProjectGlib.ContentTest, TestProjectGlib, Version=1.0.0.0, Culture=neutral, PublicKeyToken=null" name="ContentConstructorTest2" />
    </UnitTest>
    <UnitTest name="IsHL7NullTest" storage="c:\gitrepository\csharp\glib\testprojectglib\bin\debug\testprojectglib.dll" id="3296d32a-d554-a5a0-56b4-4587df1a76bd">
      <Execution id="f2548fd8-72d6-465e-8d5b-17bd21404da1" />
      <TestMethod codeBase="C:/GITRepository/CSharp/Glib/TestProjectGlib/bin/Debug/TestProjectGlib.DLL" adapterTypeName="Microsoft.VisualStudio.TestTools.TestTypes.Unit.UnitTestAdapter, Microsoft.VisualStudio.QualityTools.Tips.UnitTest.Adapter, Version=10.0.0.0, Culture=neutral, PublicKeyToken=b03f5f7f11d50a3a" className="TestProjectGlib.ComponentTest, TestProjectGlib, Version=1.0.0.0, Culture=neutral, PublicKeyToken=null" name="IsHL7NullTest" />
    </UnitTest>
    <UnitTest name="ContentCountTest" storage="c:\gitrepository\csharp\glib\testprojectglib\bin\debug\testprojectglib.dll" id="ff6bcfba-0ee9-cdf0-d001-087d61640fd4">
      <Execution id="4494fab2-f50e-4f9b-af1d-b98b1dd38187" />
      <TestMethod codeBase="C:/GITRepository/CSharp/Glib/TestProjectGlib/bin/Debug/TestProjectGlib.DLL" adapterTypeName="Microsoft.VisualStudio.TestTools.TestTypes.Unit.UnitTestAdapter, Microsoft.VisualStudio.QualityTools.Tips.UnitTest.Adapter, Version=10.0.0.0, Culture=neutral, PublicKeyToken=b03f5f7f11d50a3a" className="TestProjectGlib.SubComponentTest, TestProjectGlib, Version=1.0.0.0, Culture=neutral, PublicKeyToken=null" name="ContentCountTest" />
    </UnitTest>
    <UnitTest name="InsertTest" storage="c:\gitrepository\csharp\glib\testprojectglib\bin\debug\testprojectglib.dll" id="b66803f3-d1c3-75df-448f-f4647b60ee70">
      <Execution id="4a56e6be-1a1a-49db-9e06-016ffd5dc904" />
      <TestMethod codeBase="C:/GITRepository/CSharp/Glib/TestProjectGlib/bin/Debug/TestProjectGlib.DLL" adapterTypeName="Microsoft.VisualStudio.TestTools.TestTypes.Unit.UnitTestAdapter, Microsoft.VisualStudio.QualityTools.Tips.UnitTest.Adapter, Version=10.0.0.0, Culture=neutral, PublicKeyToken=b03f5f7f11d50a3a" className="TestProjectGlib.SegmentTest, TestProjectGlib, Version=1.0.0.0, Culture=neutral, PublicKeyToken=null" name="InsertTest" />
    </UnitTest>
    <UnitTest name="ContentConstructorTest1" storage="c:\gitrepository\csharp\glib\testprojectglib\bin\debug\testprojectglib.dll" id="4de93258-7862-c912-9fdf-2b137104121a">
      <Execution id="c2f34952-82fe-4c60-89b4-1d9230397158" />
      <TestMethod codeBase="C:/GITRepository/CSharp/Glib/TestProjectGlib/bin/Debug/TestProjectGlib.DLL" adapterTypeName="Microsoft.VisualStudio.TestTools.TestTypes.Unit.UnitTestAdapter, Microsoft.VisualStudio.QualityTools.Tips.UnitTest.Adapter, Version=10.0.0.0, Culture=neutral, PublicKeyToken=b03f5f7f11d50a3a" className="TestProjectGlib.ContentTest, TestProjectGlib, Version=1.0.0.0, Culture=neutral, PublicKeyToken=null" name="ContentConstructorTest1" />
    </UnitTest>
    <UnitTest name="AsStringTest" storage="c:\gitrepository\csharp\glib\testprojectglib\bin\debug\testprojectglib.dll" id="5e302a5a-64aa-d67b-fb8f-15049ebc8f93">
      <Execution id="8d440314-ab70-4d8f-bad7-dc5828adcf9d" />
      <TestMethod codeBase="C:/GITRepository/CSharp/Glib/TestProjectGlib/bin/Debug/TestProjectGlib.DLL" adapterTypeName="Microsoft.VisualStudio.TestTools.TestTypes.Unit.UnitTestAdapter, Microsoft.VisualStudio.QualityTools.Tips.UnitTest.Adapter, Version=10.0.0.0, Culture=neutral, PublicKeyToken=b03f5f7f11d50a3a" className="TestProjectGlib.MessageTest, TestProjectGlib, Version=1.0.0.0, Culture=neutral, PublicKeyToken=null" name="AsStringTest" />
    </UnitTest>
    <UnitTest name="RemoveSubComponentAtTest" storage="c:\gitrepository\csharp\glib\testprojectglib\bin\debug\testprojectglib.dll" id="99583d31-1c36-6097-f41d-addc2fc02480">
      <Execution id="6d22f4f9-bb18-49f6-9dc9-f7bac0bd72f7" />
      <TestMethod codeBase="C:/GITRepository/CSharp/Glib/TestProjectGlib/bin/Debug/TestProjectGlib.DLL" adapterTypeName="Microsoft.VisualStudio.TestTools.TestTypes.Unit.UnitTestAdapter, Microsoft.VisualStudio.QualityTools.Tips.UnitTest.Adapter, Version=10.0.0.0, Culture=neutral, PublicKeyToken=b03f5f7f11d50a3a" className="TestProjectGlib.FieldTest, TestProjectGlib, Version=1.0.0.0, Culture=neutral, PublicKeyToken=null" name="RemoveSubComponentAtTest" />
    </UnitTest>
    <UnitTest name="RemoveComponentAtTest" storage="c:\gitrepository\csharp\glib\testprojectglib\bin\debug\testprojectglib.dll" id="f0c57047-78c8-1e43-ef78-f12b7472219d">
      <Execution id="3a08b4b7-7df3-4008-ad04-4c9f18d34052" />
      <TestMethod codeBase="C:/GITRepository/CSharp/Glib/TestProjectGlib/bin/Debug/TestProjectGlib.DLL" adapterTypeName="Microsoft.VisualStudio.TestTools.TestTypes.Unit.UnitTestAdapter, Microsoft.VisualStudio.QualityTools.Tips.UnitTest.Adapter, Version=10.0.0.0, Culture=neutral, PublicKeyToken=b03f5f7f11d50a3a" className="TestProjectGlib.ElementTest, TestProjectGlib, Version=1.0.0.0, Culture=neutral, PublicKeyToken=null" name="RemoveComponentAtTest" />
    </UnitTest>
    <UnitTest name="ElementConstructorTest" storage="c:\gitrepository\csharp\glib\testprojectglib\bin\debug\testprojectglib.dll" id="f00783f7-5de7-c5be-765a-7ed93a96a4fd">
      <Execution id="6a97dd8d-ea5f-4567-8188-de0d5293e6f9" />
      <TestMethod codeBase="C:/GITRepository/CSharp/Glib/TestProjectGlib/bin/Debug/TestProjectGlib.DLL" adapterTypeName="Microsoft.VisualStudio.TestTools.TestTypes.Unit.UnitTestAdapter, Microsoft.VisualStudio.QualityTools.Tips.UnitTest.Adapter, Version=10.0.0.0, Culture=neutral, PublicKeyToken=b03f5f7f11d50a3a" className="TestProjectGlib.ElementTest, TestProjectGlib, Version=1.0.0.0, Culture=neutral, PublicKeyToken=null" name="ElementConstructorTest" />
    </UnitTest>
    <UnitTest name="ComponentConstructorTest1" storage="c:\gitrepository\csharp\glib\testprojectglib\bin\debug\testprojectglib.dll" id="a6eb57c4-f127-befd-4cff-cd6450458a49">
      <Execution id="016e3f24-1b8c-47f1-af21-c8b5aa2303cd" />
      <TestMethod codeBase="C:/GITRepository/CSharp/Glib/TestProjectGlib/bin/Debug/TestProjectGlib.DLL" adapterTypeName="Microsoft.VisualStudio.TestTools.TestTypes.Unit.UnitTestAdapter, Microsoft.VisualStudio.QualityTools.Tips.UnitTest.Adapter, Version=10.0.0.0, Culture=neutral, PublicKeyToken=b03f5f7f11d50a3a" className="TestProjectGlib.ComponentTest, TestProjectGlib, Version=1.0.0.0, Culture=neutral, PublicKeyToken=null" name="ComponentConstructorTest1" />
    </UnitTest>
    <UnitTest name="AsStringTest" storage="c:\gitrepository\csharp\glib\testprojectglib\bin\debug\testprojectglib.dll" id="53408e81-9390-b885-d3ba-48cc087e6fa9">
      <Execution id="17a9b66f-f425-4664-8ee1-cec4f8ec087f" />
      <TestMethod codeBase="C:/GITRepository/CSharp/Glib/TestProjectGlib/bin/Debug/TestProjectGlib.DLL" adapterTypeName="Microsoft.VisualStudio.TestTools.TestTypes.Unit.UnitTestAdapter, Microsoft.VisualStudio.QualityTools.Tips.UnitTest.Adapter, Version=10.0.0.0, Culture=neutral, PublicKeyToken=b03f5f7f11d50a3a" className="TestProjectGlib.SubComponentTest, TestProjectGlib, Version=1.0.0.0, Culture=neutral, PublicKeyToken=null" name="AsStringTest" />
    </UnitTest>
    <UnitTest name="SetTest1" storage="c:\gitrepository\csharp\glib\testprojectglib\bin\debug\testprojectglib.dll" id="b3d350c4-b091-6fe0-74e1-34517bbb2e68">
      <Execution id="50f369d0-51b8-477a-bffe-7683277fa33f" />
      <TestMethod codeBase="C:/GITRepository/CSharp/Glib/TestProjectGlib/bin/Debug/TestProjectGlib.DLL" adapterTypeName="Microsoft.VisualStudio.TestTools.TestTypes.Unit.UnitTestAdapter, Microsoft.VisualStudio.QualityTools.Tips.UnitTest.Adapter, Version=10.0.0.0, Culture=neutral, PublicKeyToken=b03f5f7f11d50a3a" className="TestProjectGlib.ComponentTest, TestProjectGlib, Version=1.0.0.0, Culture=neutral, PublicKeyToken=null" name="SetTest1" />
    </UnitTest>
    <UnitTest name="ElementConstructorTest1" storage="c:\gitrepository\csharp\glib\testprojectglib\bin\debug\testprojectglib.dll" id="5a1cbec0-3ed5-0725-94d8-13b5e4a631b1">
      <Execution id="7afc2a34-a7c0-458d-84d4-98286b048088" />
      <TestMethod codeBase="C:/GITRepository/CSharp/Glib/TestProjectGlib/bin/Debug/TestProjectGlib.DLL" adapterTypeName="Microsoft.VisualStudio.TestTools.TestTypes.Unit.UnitTestAdapter, Microsoft.VisualStudio.QualityTools.Tips.UnitTest.Adapter, Version=10.0.0.0, Culture=neutral, PublicKeyToken=b03f5f7f11d50a3a" className="TestProjectGlib.ElementTest, TestProjectGlib, Version=1.0.0.0, Culture=neutral, PublicKeyToken=null" name="ElementConstructorTest1" />
    </UnitTest>
    <UnitTest name="ContentCountTest" storage="c:\gitrepository\csharp\glib\testprojectglib\bin\debug\testprojectglib.dll" id="f3b5fa79-f57f-0b76-e80c-298750ed9763">
      <Execution id="c1c15bab-60ec-4131-9e6c-ff1a463a33a8" />
      <TestMethod codeBase="C:/GITRepository/CSharp/Glib/TestProjectGlib/bin/Debug/TestProjectGlib.DLL" adapterTypeName="Microsoft.VisualStudio.TestTools.TestTypes.Unit.UnitTestAdapter, Microsoft.VisualStudio.QualityTools.Tips.UnitTest.Adapter, Version=10.0.0.0, Culture=neutral, PublicKeyToken=b03f5f7f11d50a3a" className="TestProjectGlib.ElementTest, TestProjectGlib, Version=1.0.0.0, Culture=neutral, PublicKeyToken=null" name="ContentCountTest" />
    </UnitTest>
    <UnitTest name="ElementCountTest" storage="c:\gitrepository\csharp\glib\testprojectglib\bin\debug\testprojectglib.dll" id="ec189549-039f-45e1-76a6-e98207878bbb">
      <Execution id="d1588ffb-8371-42e9-bead-ba328f11f556" />
      <TestMethod codeBase="C:/GITRepository/CSharp/Glib/TestProjectGlib/bin/Debug/TestProjectGlib.DLL" adapterTypeName="Microsoft.VisualStudio.TestTools.TestTypes.Unit.UnitTestAdapter, Microsoft.VisualStudio.QualityTools.Tips.UnitTest.Adapter, Version=10.0.0.0, Culture=neutral, PublicKeyToken=b03f5f7f11d50a3a" className="TestProjectGlib.SegmentTest, TestProjectGlib, Version=1.0.0.0, Culture=neutral, PublicKeyToken=null" name="ElementCountTest" />
    </UnitTest>
    <UnitTest name="IsEmptyTest" storage="c:\gitrepository\csharp\glib\testprojectglib\bin\debug\testprojectglib.dll" id="cf4312db-1cfd-c36c-6be2-11038648e5ab">
      <Execution id="f8c6c78f-5748-417c-a3b4-4b3d153dba7e" />
      <TestMethod codeBase="C:/GITRepository/CSharp/Glib/TestProjectGlib/bin/Debug/TestProjectGlib.DLL" adapterTypeName="Microsoft.VisualStudio.TestTools.TestTypes.Unit.UnitTestAdapter, Microsoft.VisualStudio.QualityTools.Tips.UnitTest.Adapter, Version=10.0.0.0, Culture=neutral, PublicKeyToken=b03f5f7f11d50a3a" className="TestProjectGlib.SegmentTest, TestProjectGlib, Version=1.0.0.0, Culture=neutral, PublicKeyToken=null" name="IsEmptyTest" />
    </UnitTest>
    <UnitTest name="AsDateHourMinSecMilliTest1" storage="c:\gitrepository\csharp\glib\testprojectglib\bin\debug\testprojectglib.dll" id="638b813b-f5f3-3cde-3911-0c6b74e7e82c">
      <Execution id="3c44bdc6-e028-4157-baf5-5279c7b6e70d" />
      <TestMethod codeBase="C:/GITRepository/CSharp/Glib/TestProjectGlib/bin/Debug/TestProjectGlib.DLL" adapterTypeName="Microsoft.VisualStudio.TestTools.TestTypes.Unit.UnitTestAdapter, Microsoft.VisualStudio.QualityTools.Tips.UnitTest.Adapter, Version=10.0.0.0, Culture=neutral, PublicKeyToken=b03f5f7f11d50a3a" className="TestProjectGlib.DateTimeTools_ConvertDateTimeToStringTest, TestProjectGlib, Version=1.0.0.0, Culture=neutral, PublicKeyToken=null" name="AsDateHourMinSecMilliTest1" />
    </UnitTest>
    <UnitTest name="EscapeSequenceTest" storage="c:\gitrepository\csharp\glib\testprojectglib\bin\debug\testprojectglib.dll" id="5768ccdc-d49c-7975-171c-f0931bc421e3">
      <Execution id="e83c3fa1-27fa-4b94-9cd7-c31d256c6731" />
      <TestMethod codeBase="C:/GITRepository/CSharp/Glib/TestProjectGlib/bin/Debug/TestProjectGlib.DLL" adapterTypeName="Microsoft.VisualStudio.TestTools.TestTypes.Unit.UnitTestAdapter, Microsoft.VisualStudio.QualityTools.Tips.UnitTest.Adapter, Version=10.0.0.0, Culture=neutral, PublicKeyToken=b03f5f7f11d50a3a" className="TestProjectGlib.MessageTest, TestProjectGlib, Version=1.0.0.0, Culture=neutral, PublicKeyToken=null" name="EscapeSequenceTest" />
    </UnitTest>
    <UnitTest name="InsertTest" storage="c:\gitrepository\csharp\glib\testprojectglib\bin\debug\testprojectglib.dll" id="21308188-2899-03f3-f5ad-a4d7b165cda3">
      <Execution id="69282a31-d723-40c3-9aff-446e0807d450" />
      <TestMethod codeBase="C:/GITRepository/CSharp/Glib/TestProjectGlib/bin/Debug/TestProjectGlib.DLL" adapterTypeName="Microsoft.VisualStudio.TestTools.TestTypes.Unit.UnitTestAdapter, Microsoft.VisualStudio.QualityTools.Tips.UnitTest.Adapter, Version=10.0.0.0, Culture=neutral, PublicKeyToken=b03f5f7f11d50a3a" className="TestProjectGlib.FieldTest, TestProjectGlib, Version=1.0.0.0, Culture=neutral, PublicKeyToken=null" name="InsertTest" />
    </UnitTest>
    <UnitTest name="AddTest2" storage="c:\gitrepository\csharp\glib\testprojectglib\bin\debug\testprojectglib.dll" id="23c4aeb9-f4c9-04a2-5c17-b8e061238b00">
      <Execution id="82d62dde-cb48-4ce6-9d6b-a82c0df9fef0" />
      <TestMethod codeBase="C:/GITRepository/CSharp/Glib/TestProjectGlib/bin/Debug/TestProjectGlib.DLL" adapterTypeName="Microsoft.VisualStudio.TestTools.TestTypes.Unit.UnitTestAdapter, Microsoft.VisualStudio.QualityTools.Tips.UnitTest.Adapter, Version=10.0.0.0, Culture=neutral, PublicKeyToken=b03f5f7f11d50a3a" className="TestProjectGlib.ElementTest, TestProjectGlib, Version=1.0.0.0, Culture=neutral, PublicKeyToken=null" name="AddTest2" />
    </UnitTest>
    <UnitTest name="ContentConstructorTest" storage="c:\gitrepository\csharp\glib\testprojectglib\bin\debug\testprojectglib.dll" id="f7eb110f-bd56-2839-cb99-ced5d14e4f61">
      <Execution id="4212fe0c-5c75-4bfc-944a-46d43d575984" />
      <TestMethod codeBase="C:/GITRepository/CSharp/Glib/TestProjectGlib/bin/Debug/TestProjectGlib.DLL" adapterTypeName="Microsoft.VisualStudio.TestTools.TestTypes.Unit.UnitTestAdapter, Microsoft.VisualStudio.QualityTools.Tips.UnitTest.Adapter, Version=10.0.0.0, Culture=neutral, PublicKeyToken=b03f5f7f11d50a3a" className="TestProjectGlib.ContentTest, TestProjectGlib, Version=1.0.0.0, Culture=neutral, PublicKeyToken=null" name="ContentConstructorTest" />
    </UnitTest>
    <UnitTest name="AsStringRawTest" storage="c:\gitrepository\csharp\glib\testprojectglib\bin\debug\testprojectglib.dll" id="a13c16dd-eb35-6dc4-e44a-3c831bb7b60e">
      <Execution id="885358db-cd87-489a-8882-c038bdae4640" />
      <TestMethod codeBase="C:/GITRepository/CSharp/Glib/TestProjectGlib/bin/Debug/TestProjectGlib.DLL" adapterTypeName="Microsoft.VisualStudio.TestTools.TestTypes.Unit.UnitTestAdapter, Microsoft.VisualStudio.QualityTools.Tips.UnitTest.Adapter, Version=10.0.0.0, Culture=neutral, PublicKeyToken=b03f5f7f11d50a3a" className="TestProjectGlib.SubComponentTest, TestProjectGlib, Version=1.0.0.0, Culture=neutral, PublicKeyToken=null" name="AsStringRawTest" />
    </UnitTest>
    <UnitTest name="AsDateHourMinTest1" storage="c:\gitrepository\csharp\glib\testprojectglib\bin\debug\testprojectglib.dll" id="97412ae8-eeb8-6cdb-0444-db75e31093fd">
      <Execution id="fb8cf964-6af4-42fa-aa5f-c8899736d51a" />
      <TestMethod codeBase="C:/GITRepository/CSharp/Glib/TestProjectGlib/bin/Debug/TestProjectGlib.DLL" adapterTypeName="Microsoft.VisualStudio.TestTools.TestTypes.Unit.UnitTestAdapter, Microsoft.VisualStudio.QualityTools.Tips.UnitTest.Adapter, Version=10.0.0.0, Culture=neutral, PublicKeyToken=b03f5f7f11d50a3a" className="TestProjectGlib.DateTimeTools_ConvertDateTimeToStringTest, TestProjectGlib, Version=1.0.0.0, Culture=neutral, PublicKeyToken=null" name="AsDateHourMinTest1" />
    </UnitTest>
    <UnitTest name="ContentTest" storage="c:\gitrepository\csharp\glib\testprojectglib\bin\debug\testprojectglib.dll" id="469b4d55-6f41-2a07-a79f-1311a5b57e9f">
      <Execution id="4299289b-19f2-4d06-a40a-9d4ea526af1a" />
      <TestMethod codeBase="C:/GITRepository/CSharp/Glib/TestProjectGlib/bin/Debug/TestProjectGlib.DLL" adapterTypeName="Microsoft.VisualStudio.TestTools.TestTypes.Unit.UnitTestAdapter, Microsoft.VisualStudio.QualityTools.Tips.UnitTest.Adapter, Version=10.0.0.0, Culture=neutral, PublicKeyToken=b03f5f7f11d50a3a" className="TestProjectGlib.SubComponentTest, TestProjectGlib, Version=1.0.0.0, Culture=neutral, PublicKeyToken=null" name="ContentTest" />
    </UnitTest>
    <UnitTest name="SetTest" storage="c:\gitrepository\csharp\glib\testprojectglib\bin\debug\testprojectglib.dll" id="1e73b624-71f1-d2fd-5336-60d44d8232e1">
      <Execution id="0e68e20b-4183-42ca-b4f2-27aed96412ab" />
      <TestMethod codeBase="C:/GITRepository/CSharp/Glib/TestProjectGlib/bin/Debug/TestProjectGlib.DLL" adapterTypeName="Microsoft.VisualStudio.TestTools.TestTypes.Unit.UnitTestAdapter, Microsoft.VisualStudio.QualityTools.Tips.UnitTest.Adapter, Version=10.0.0.0, Culture=neutral, PublicKeyToken=b03f5f7f11d50a3a" className="TestProjectGlib.FieldTest, TestProjectGlib, Version=1.0.0.0, Culture=neutral, PublicKeyToken=null" name="SetTest" />
    </UnitTest>
    <UnitTest name="TestContentTypeCreate" storage="c:\gitrepository\csharp\glib\testprojectglib\bin\debug\testprojectglib.dll" id="36f5ba8b-e83d-21a6-6b46-234c7d076dfc">
      <Execution id="d59ab365-e64f-4fab-9026-fad60eaedf9b" />
      <TestMethod codeBase="C:/GITRepository/CSharp/Glib/TestProjectGlib/bin/Debug/TestProjectGlib.DLL" adapterTypeName="Microsoft.VisualStudio.TestTools.TestTypes.Unit.UnitTestAdapter, Microsoft.VisualStudio.QualityTools.Tips.UnitTest.Adapter, Version=10.0.0.0, Culture=neutral, PublicKeyToken=b03f5f7f11d50a3a" className="TestProjectGlib.UnitTestContentModel, TestProjectGlib, Version=1.0.0.0, Culture=neutral, PublicKeyToken=null" name="TestContentTypeCreate" />
    </UnitTest>
    <UnitTest name="MessageStructureTest" storage="c:\gitrepository\csharp\glib\testprojectglib\bin\debug\testprojectglib.dll" id="9eda4ff3-53a4-53d4-9c19-a43129d94713">
      <Execution id="9b0d0180-9259-4b3d-a40a-c95248676244" />
      <TestMethod codeBase="C:/GITRepository/CSharp/Glib/TestProjectGlib/bin/Debug/TestProjectGlib.DLL" adapterTypeName="Microsoft.VisualStudio.TestTools.TestTypes.Unit.UnitTestAdapter, Microsoft.VisualStudio.QualityTools.Tips.UnitTest.Adapter, Version=10.0.0.0, Culture=neutral, PublicKeyToken=b03f5f7f11d50a3a" className="TestProjectGlib.MessageTest, TestProjectGlib, Version=1.0.0.0, Culture=neutral, PublicKeyToken=null" name="MessageStructureTest" />
    </UnitTest>
    <UnitTest name="Hl7ReaderConstructorTest1" storage="c:\gitrepository\csharp\glib\testprojectglib\bin\debug\testprojectglib.dll" id="1fdf3423-5057-166d-6cc4-43ee4b0483a3">
      <Execution id="ee6c10ad-b518-4ed4-a775-f493f7f0678c" />
      <TestMethod codeBase="C:/GITRepository/CSharp/Glib/TestProjectGlib/bin/Debug/TestProjectGlib.DLL" adapterTypeName="Microsoft.VisualStudio.TestTools.TestTypes.Unit.UnitTestAdapter, Microsoft.VisualStudio.QualityTools.Tips.UnitTest.Adapter, Version=10.0.0.0, Culture=neutral, PublicKeyToken=b03f5f7f11d50a3a" className="TestProjectGlib.Hl7ReaderTest, TestProjectGlib, Version=1.0.0.0, Culture=neutral, PublicKeyToken=null" name="Hl7ReaderConstructorTest1" />
    </UnitTest>
    <UnitTest name="FieldTest" storage="c:\gitrepository\csharp\glib\testprojectglib\bin\debug\testprojectglib.dll" id="37d7cf32-7d6e-fd8d-c748-95a5f9978a3b">
      <Execution id="3b713bb7-dd72-4faf-a842-bd79dffdce69" />
      <TestMethod codeBase="C:/GITRepository/CSharp/Glib/TestProjectGlib/bin/Debug/TestProjectGlib.DLL" adapterTypeName="Microsoft.VisualStudio.TestTools.TestTypes.Unit.UnitTestAdapter, Microsoft.VisualStudio.QualityTools.Tips.UnitTest.Adapter, Version=10.0.0.0, Culture=neutral, PublicKeyToken=b03f5f7f11d50a3a" className="TestProjectGlib.SegmentTest, TestProjectGlib, Version=1.0.0.0, Culture=neutral, PublicKeyToken=null" name="FieldTest" />
    </UnitTest>
    <UnitTest name="InsertTest1" storage="c:\gitrepository\csharp\glib\testprojectglib\bin\debug\testprojectglib.dll" id="93c7dcb2-08f2-6cf2-908a-95f88cd0e48b">
      <Execution id="f6b98ebe-89f2-4538-8078-24f032b016f0" />
      <TestMethod codeBase="C:/GITRepository/CSharp/Glib/TestProjectGlib/bin/Debug/TestProjectGlib.DLL" adapterTypeName="Microsoft.VisualStudio.TestTools.TestTypes.Unit.UnitTestAdapter, Microsoft.VisualStudio.QualityTools.Tips.UnitTest.Adapter, Version=10.0.0.0, Culture=neutral, PublicKeyToken=b03f5f7f11d50a3a" className="TestProjectGlib.FieldTest, TestProjectGlib, Version=1.0.0.0, Culture=neutral, PublicKeyToken=null" name="InsertTest1" />
    </UnitTest>
    <UnitTest name="AddTest1" storage="c:\gitrepository\csharp\glib\testprojectglib\bin\debug\testprojectglib.dll" id="41a40ccb-4f8b-eaf2-a926-d8737431f0a1">
      <Execution id="1d06ec49-cc08-469d-87f8-bb8c5bcbedff" />
      <TestMethod codeBase="C:/GITRepository/CSharp/Glib/TestProjectGlib/bin/Debug/TestProjectGlib.DLL" adapterTypeName="Microsoft.VisualStudio.TestTools.TestTypes.Unit.UnitTestAdapter, Microsoft.VisualStudio.QualityTools.Tips.UnitTest.Adapter, Version=10.0.0.0, Culture=neutral, PublicKeyToken=b03f5f7f11d50a3a" className="TestProjectGlib.SegmentTest, TestProjectGlib, Version=1.0.0.0, Culture=neutral, PublicKeyToken=null" name="AddTest1" />
    </UnitTest>
    <UnitTest name="IsEmptyTest" storage="c:\gitrepository\csharp\glib\testprojectglib\bin\debug\testprojectglib.dll" id="41a93314-d5e8-4dd8-ced8-9e20cd240813">
      <Execution id="95371301-921d-43f9-bbc5-f86de31e10e6" />
      <TestMethod codeBase="C:/GITRepository/CSharp/Glib/TestProjectGlib/bin/Debug/TestProjectGlib.DLL" adapterTypeName="Microsoft.VisualStudio.TestTools.TestTypes.Unit.UnitTestAdapter, Microsoft.VisualStudio.QualityTools.Tips.UnitTest.Adapter, Version=10.0.0.0, Culture=neutral, PublicKeyToken=b03f5f7f11d50a3a" className="TestProjectGlib.ElementTest, TestProjectGlib, Version=1.0.0.0, Culture=neutral, PublicKeyToken=null" name="IsEmptyTest" />
    </UnitTest>
    <UnitTest name="AsStringTest" storage="c:\gitrepository\csharp\glib\testprojectglib\bin\debug\testprojectglib.dll" id="4ee5a15f-21cf-08a1-ea1f-d52493ca2cfc">
      <Execution id="780aeed5-3187-4990-a4f0-f6dbf7197f23" />
      <TestMethod codeBase="C:/GITRepository/CSharp/Glib/TestProjectGlib/bin/Debug/TestProjectGlib.DLL" adapterTypeName="Microsoft.VisualStudio.TestTools.TestTypes.Unit.UnitTestAdapter, Microsoft.VisualStudio.QualityTools.Tips.UnitTest.Adapter, Version=10.0.0.0, Culture=neutral, PublicKeyToken=b03f5f7f11d50a3a" className="TestProjectGlib.ElementTest, TestProjectGlib, Version=1.0.0.0, Culture=neutral, PublicKeyToken=null" name="AsStringTest" />
    </UnitTest>
    <UnitTest name="ValidateDataTest" storage="c:\gitrepository\csharp\glib\testprojectglib\bin\debug\testprojectglib.dll" id="f1b88517-e382-5d2f-f17a-00c6d0bdd696">
      <DeploymentItems>
        <DeploymentItem filename="Glib.dll" />
      </DeploymentItems>
      <Execution id="47c52596-73ab-48db-bb90-205a82be0aa8" />
      <TestMethod codeBase="C:/GITRepository/CSharp/Glib/TestProjectGlib/bin/Debug/TestProjectGlib.DLL" adapterTypeName="Microsoft.VisualStudio.TestTools.TestTypes.Unit.UnitTestAdapter, Microsoft.VisualStudio.QualityTools.Tips.UnitTest.Adapter, Version=10.0.0.0, Culture=neutral, PublicKeyToken=b03f5f7f11d50a3a" className="TestProjectGlib.ContentTest, TestProjectGlib, Version=1.0.0.0, Culture=neutral, PublicKeyToken=null" name="ValidateDataTest" />
    </UnitTest>
    <UnitTest name="ReadTest" storage="c:\gitrepository\csharp\glib\testprojectglib\bin\debug\testprojectglib.dll" id="d63f8a04-ccde-1680-a6f1-a61a292c418d">
      <Execution id="a106b0ad-1283-40ca-8681-af7c1c732b67" />
      <TestMethod codeBase="C:/GITRepository/CSharp/Glib/TestProjectGlib/bin/Debug/TestProjectGlib.DLL" adapterTypeName="Microsoft.VisualStudio.TestTools.TestTypes.Unit.UnitTestAdapter, Microsoft.VisualStudio.QualityTools.Tips.UnitTest.Adapter, Version=10.0.0.0, Culture=neutral, PublicKeyToken=b03f5f7f11d50a3a" className="TestProjectGlib.Hl7ReaderTest, TestProjectGlib, Version=1.0.0.0, Culture=neutral, PublicKeyToken=null" name="ReadTest" />
    </UnitTest>
    <UnitTest name="TestContentTypeExceptions" storage="c:\gitrepository\csharp\glib\testprojectglib\bin\debug\testprojectglib.dll" id="3653eb47-0ee9-b8ab-b11b-85c637b1195f">
      <Execution id="8986916e-8db4-4363-ad33-c36ae9e4ca45" />
      <TestMethod codeBase="C:/GITRepository/CSharp/Glib/TestProjectGlib/bin/Debug/TestProjectGlib.DLL" adapterTypeName="Microsoft.VisualStudio.TestTools.TestTypes.Unit.UnitTestAdapter, Microsoft.VisualStudio.QualityTools.Tips.UnitTest.Adapter, Version=10.0.0.0, Culture=neutral, PublicKeyToken=b03f5f7f11d50a3a" className="TestProjectGlib.UnitTestContentModel, TestProjectGlib, Version=1.0.0.0, Culture=neutral, PublicKeyToken=null" name="TestContentTypeExceptions" />
    </UnitTest>
    <UnitTest name="SegmentConstructorTest1" storage="c:\gitrepository\csharp\glib\testprojectglib\bin\debug\testprojectglib.dll" id="cf0331c5-2fa8-bf12-d782-16ed1b688031">
      <Execution id="802e77b7-d5db-4527-9350-84599faa5e1b" />
      <TestMethod codeBase="C:/GITRepository/CSharp/Glib/TestProjectGlib/bin/Debug/TestProjectGlib.DLL" adapterTypeName="Microsoft.VisualStudio.TestTools.TestTypes.Unit.UnitTestAdapter, Microsoft.VisualStudio.QualityTools.Tips.UnitTest.Adapter, Version=10.0.0.0, Culture=neutral, PublicKeyToken=b03f5f7f11d50a3a" className="TestProjectGlib.SegmentTest, TestProjectGlib, Version=1.0.0.0, Culture=neutral, PublicKeyToken=null" name="SegmentConstructorTest1" />
    </UnitTest>
    <UnitTest name="SubComponentTest" storage="c:\gitrepository\csharp\glib\testprojectglib\bin\debug\testprojectglib.dll" id="c3d2d8ae-14f9-c6cb-f090-b1bbcb1098e1">
      <Execution id="be5d2c24-d0ec-439b-a84e-5fe1d72b46b6" />
      <TestMethod codeBase="C:/GITRepository/CSharp/Glib/TestProjectGlib/bin/Debug/TestProjectGlib.DLL" adapterTypeName="Microsoft.VisualStudio.TestTools.TestTypes.Unit.UnitTestAdapter, Microsoft.VisualStudio.QualityTools.Tips.UnitTest.Adapter, Version=10.0.0.0, Culture=neutral, PublicKeyToken=b03f5f7f11d50a3a" className="TestProjectGlib.ComponentTest, TestProjectGlib, Version=1.0.0.0, Culture=neutral, PublicKeyToken=null" name="SubComponentTest" />
    </UnitTest>
    <UnitTest name="AddTest1" storage="c:\gitrepository\csharp\glib\testprojectglib\bin\debug\testprojectglib.dll" id="9d575baf-4a71-ba25-05e3-403d9f9e7372">
      <Execution id="b085f134-c11f-43b9-90d2-919ff2744c19" />
      <TestMethod codeBase="C:/GITRepository/CSharp/Glib/TestProjectGlib/bin/Debug/TestProjectGlib.DLL" adapterTypeName="Microsoft.VisualStudio.TestTools.TestTypes.Unit.UnitTestAdapter, Microsoft.VisualStudio.QualityTools.Tips.UnitTest.Adapter, Version=10.0.0.0, Culture=neutral, PublicKeyToken=b03f5f7f11d50a3a" className="TestProjectGlib.MessageTest, TestProjectGlib, Version=1.0.0.0, Culture=neutral, PublicKeyToken=null" name="AddTest1" />
    </UnitTest>
    <UnitTest name="SubComponentConstructorTest2" storage="c:\gitrepository\csharp\glib\testprojectglib\bin\debug\testprojectglib.dll" id="2c6c7854-ef7a-d4b6-6939-43da5173b8d2">
      <Execution id="669343ec-df60-4955-b0f5-fd02a707927a" />
      <TestMethod codeBase="C:/GITRepository/CSharp/Glib/TestProjectGlib/bin/Debug/TestProjectGlib.DLL" adapterTypeName="Microsoft.VisualStudio.TestTools.TestTypes.Unit.UnitTestAdapter, Microsoft.VisualStudio.QualityTools.Tips.UnitTest.Adapter, Version=10.0.0.0, Culture=neutral, PublicKeyToken=b03f5f7f11d50a3a" className="TestProjectGlib.SubComponentTest, TestProjectGlib, Version=1.0.0.0, Culture=neutral, PublicKeyToken=null" name="SubComponentConstructorTest2" />
    </UnitTest>
    <UnitTest name="AddTest" storage="c:\gitrepository\csharp\glib\testprojectglib\bin\debug\testprojectglib.dll" id="02778758-cc49-b70f-4d9e-207bdf0cd24c">
      <Execution id="2be2bf50-71a9-43b9-b55c-61ce75d76ac2" />
      <TestMethod codeBase="C:/GITRepository/CSharp/Glib/TestProjectGlib/bin/Debug/TestProjectGlib.DLL" adapterTypeName="Microsoft.VisualStudio.TestTools.TestTypes.Unit.UnitTestAdapter, Microsoft.VisualStudio.QualityTools.Tips.UnitTest.Adapter, Version=10.0.0.0, Culture=neutral, PublicKeyToken=b03f5f7f11d50a3a" className="TestProjectGlib.SubComponentTest, TestProjectGlib, Version=1.0.0.0, Culture=neutral, PublicKeyToken=null" name="AddTest" />
    </UnitTest>
    <UnitTest name="SetTest" storage="c:\gitrepository\csharp\glib\testprojectglib\bin\debug\testprojectglib.dll" id="fb7784f1-99b0-c059-267d-2499f2992897">
      <Execution id="180648e2-8717-43f8-ba61-b318175e9b98" />
      <TestMethod codeBase="C:/GITRepository/CSharp/Glib/TestProjectGlib/bin/Debug/TestProjectGlib.DLL" adapterTypeName="Microsoft.VisualStudio.TestTools.TestTypes.Unit.UnitTestAdapter, Microsoft.VisualStudio.QualityTools.Tips.UnitTest.Adapter, Version=10.0.0.0, Culture=neutral, PublicKeyToken=b03f5f7f11d50a3a" className="TestProjectGlib.SubComponentTest, TestProjectGlib, Version=1.0.0.0, Culture=neutral, PublicKeyToken=null" name="SetTest" />
    </UnitTest>
    <UnitTest name="AsStringRawTest" storage="c:\gitrepository\csharp\glib\testprojectglib\bin\debug\testprojectglib.dll" id="58b07de1-f862-1419-af55-ea8965b5801d">
      <Execution id="ca2fb921-6469-416c-a1b2-89488607f692" />
      <TestMethod codeBase="C:/GITRepository/CSharp/Glib/TestProjectGlib/bin/Debug/TestProjectGlib.DLL" adapterTypeName="Microsoft.VisualStudio.TestTools.TestTypes.Unit.UnitTestAdapter, Microsoft.VisualStudio.QualityTools.Tips.UnitTest.Adapter, Version=10.0.0.0, Culture=neutral, PublicKeyToken=b03f5f7f11d50a3a" className="TestProjectGlib.ElementTest, TestProjectGlib, Version=1.0.0.0, Culture=neutral, PublicKeyToken=null" name="AsStringRawTest" />
    </UnitTest>
    <UnitTest name="HasTimeZoneTest" storage="c:\gitrepository\csharp\glib\testprojectglib\bin\debug\testprojectglib.dll" id="d10f3995-53c1-d99d-5076-8ce0ff32fead">
      <DeploymentItems>
        <DeploymentItem filename="Glib.dll" />
      </DeploymentItems>
      <Execution id="f204e3a0-91c0-45dc-ae12-a251f5700f0b" />
      <TestMethod codeBase="C:/GITRepository/CSharp/Glib/TestProjectGlib/bin/Debug/TestProjectGlib.DLL" adapterTypeName="Microsoft.VisualStudio.TestTools.TestTypes.Unit.UnitTestAdapter, Microsoft.VisualStudio.QualityTools.Tips.UnitTest.Adapter, Version=10.0.0.0, Culture=neutral, PublicKeyToken=b03f5f7f11d50a3a" className="TestProjectGlib.DateTimeTools_ConvertStringToDateTimeTest, TestProjectGlib, Version=1.0.0.0, Culture=neutral, PublicKeyToken=null" name="HasTimeZoneTest" />
    </UnitTest>
    <UnitTest name="PathInformationTest" storage="c:\gitrepository\csharp\glib\testprojectglib\bin\debug\testprojectglib.dll" id="2a867a65-2f84-ff26-c105-0f078d77b06c">
      <Execution id="f8f29a2b-c0dc-4d32-a815-f1f8ccb87bf1" />
      <TestMethod codeBase="C:/GITRepository/CSharp/Glib/TestProjectGlib/bin/Debug/TestProjectGlib.DLL" adapterTypeName="Microsoft.VisualStudio.TestTools.TestTypes.Unit.UnitTestAdapter, Microsoft.VisualStudio.QualityTools.Tips.UnitTest.Adapter, Version=10.0.0.0, Culture=neutral, PublicKeyToken=b03f5f7f11d50a3a" className="TestProjectGlib.ComponentTest, TestProjectGlib, Version=1.0.0.0, Culture=neutral, PublicKeyToken=null" name="PathInformationTest" />
    </UnitTest>
    <UnitTest name="SetTest" storage="c:\gitrepository\csharp\glib\testprojectglib\bin\debug\testprojectglib.dll" id="0cdf7280-5e82-07f4-fdb1-c79a943ab6cc">
      <Execution id="9741240b-a132-4e59-ad2d-1126baf58e12" />
      <TestMethod codeBase="C:/GITRepository/CSharp/Glib/TestProjectGlib/bin/Debug/TestProjectGlib.DLL" adapterTypeName="Microsoft.VisualStudio.TestTools.TestTypes.Unit.UnitTestAdapter, Microsoft.VisualStudio.QualityTools.Tips.UnitTest.Adapter, Version=10.0.0.0, Culture=neutral, PublicKeyToken=b03f5f7f11d50a3a" className="TestProjectGlib.ElementTest, TestProjectGlib, Version=1.0.0.0, Culture=neutral, PublicKeyToken=null" name="SetTest" />
    </UnitTest>
    <UnitTest name="IsEmptyTest" storage="c:\gitrepository\csharp\glib\testprojectglib\bin\debug\testprojectglib.dll" id="9f643d03-eca7-fde2-febf-2dd1e28d5212">
      <Execution id="97636b2a-d337-4e58-8ce0-ac64e1e079a6" />
      <TestMethod codeBase="C:/GITRepository/CSharp/Glib/TestProjectGlib/bin/Debug/TestProjectGlib.DLL" adapterTypeName="Microsoft.VisualStudio.TestTools.TestTypes.Unit.UnitTestAdapter, Microsoft.VisualStudio.QualityTools.Tips.UnitTest.Adapter, Version=10.0.0.0, Culture=neutral, PublicKeyToken=b03f5f7f11d50a3a" className="TestProjectGlib.ContentTest, TestProjectGlib, Version=1.0.0.0, Culture=neutral, PublicKeyToken=null" name="IsEmptyTest" />
    </UnitTest>
    <UnitTest name="AsStringRawTest" storage="c:\gitrepository\csharp\glib\testprojectglib\bin\debug\testprojectglib.dll" id="933ff4bd-cc87-c307-b5a0-478099606f0a">
      <Execution id="117163cc-3763-4157-bddc-4c8ef7fcf8d7" />
      <TestMethod codeBase="C:/GITRepository/CSharp/Glib/TestProjectGlib/bin/Debug/TestProjectGlib.DLL" adapterTypeName="Microsoft.VisualStudio.TestTools.TestTypes.Unit.UnitTestAdapter, Microsoft.VisualStudio.QualityTools.Tips.UnitTest.Adapter, Version=10.0.0.0, Culture=neutral, PublicKeyToken=b03f5f7f11d50a3a" className="TestProjectGlib.FieldTest, TestProjectGlib, Version=1.0.0.0, Culture=neutral, PublicKeyToken=null" name="AsStringRawTest" />
    </UnitTest>
    <UnitTest name="AsStringRawTest" storage="c:\gitrepository\csharp\glib\testprojectglib\bin\debug\testprojectglib.dll" id="d58d6679-95d9-8945-1be6-c76566ab3d36">
      <Execution id="c178303c-cf93-4a9c-8c32-c5e704b76562" />
      <TestMethod codeBase="C:/GITRepository/CSharp/Glib/TestProjectGlib/bin/Debug/TestProjectGlib.DLL" adapterTypeName="Microsoft.VisualStudio.TestTools.TestTypes.Unit.UnitTestAdapter, Microsoft.VisualStudio.QualityTools.Tips.UnitTest.Adapter, Version=10.0.0.0, Culture=neutral, PublicKeyToken=b03f5f7f11d50a3a" className="TestProjectGlib.MessageTest, TestProjectGlib, Version=1.0.0.0, Culture=neutral, PublicKeyToken=null" name="AsStringRawTest" />
    </UnitTest>
    <UnitTest name="AsStringTest" storage="c:\gitrepository\csharp\glib\testprojectglib\bin\debug\testprojectglib.dll" id="61d915a8-86d1-e168-b602-35ae0b47f9fd">
      <Execution id="8a64b2bc-c694-4273-8713-e5c8e18a8e5c" />
      <TestMethod codeBase="C:/GITRepository/CSharp/Glib/TestProjectGlib/bin/Debug/TestProjectGlib.DLL" adapterTypeName="Microsoft.VisualStudio.TestTools.TestTypes.Unit.UnitTestAdapter, Microsoft.VisualStudio.QualityTools.Tips.UnitTest.Adapter, Version=10.0.0.0, Culture=neutral, PublicKeyToken=b03f5f7f11d50a3a" className="TestProjectGlib.SegmentTest, TestProjectGlib, Version=1.0.0.0, Culture=neutral, PublicKeyToken=null" name="AsStringTest" />
    </UnitTest>
    <UnitTest name="PathInformationTest" storage="c:\gitrepository\csharp\glib\testprojectglib\bin\debug\testprojectglib.dll" id="64ae8d55-89fb-da08-2317-c83fb43485a3">
      <Execution id="f9f2c345-a0bc-43fb-846c-91c975a6864f" />
      <TestMethod codeBase="C:/GITRepository/CSharp/Glib/TestProjectGlib/bin/Debug/TestProjectGlib.DLL" adapterTypeName="Microsoft.VisualStudio.TestTools.TestTypes.Unit.UnitTestAdapter, Microsoft.VisualStudio.QualityTools.Tips.UnitTest.Adapter, Version=10.0.0.0, Culture=neutral, PublicKeyToken=b03f5f7f11d50a3a" className="TestProjectGlib.MessageTest, TestProjectGlib, Version=1.0.0.0, Culture=neutral, PublicKeyToken=null" name="PathInformationTest" />
    </UnitTest>
    <UnitTest name="EncoderTest" storage="c:\gitrepository\csharp\glib\testprojectglib\bin\debug\testprojectglib.dll" id="862b0f23-3edd-c5ed-5811-6f4626fd9e20">
      <Execution id="b3e16242-d984-4f52-8c22-88e89c2a43e7" />
      <TestMethod codeBase="C:/GITRepository/CSharp/Glib/TestProjectGlib/bin/Debug/TestProjectGlib.DLL" adapterTypeName="Microsoft.VisualStudio.TestTools.TestTypes.Unit.UnitTestAdapter, Microsoft.VisualStudio.QualityTools.Tips.UnitTest.Adapter, Version=10.0.0.0, Culture=neutral, PublicKeyToken=b03f5f7f11d50a3a" className="TestProjectGlib.Base64Test, TestProjectGlib, Version=1.0.0.0, Culture=neutral, PublicKeyToken=null" name="EncoderTest" />
    </UnitTest>
    <UnitTest name="MessageTypeTest" storage="c:\gitrepository\csharp\glib\testprojectglib\bin\debug\testprojectglib.dll" id="53c8ecc0-4679-34d3-58d6-99419f23d04f">
      <Execution id="09dc67ae-0ae7-43c2-8092-5b33ba51dd2c" />
      <TestMethod codeBase="C:/GITRepository/CSharp/Glib/TestProjectGlib/bin/Debug/TestProjectGlib.DLL" adapterTypeName="Microsoft.VisualStudio.TestTools.TestTypes.Unit.UnitTestAdapter, Microsoft.VisualStudio.QualityTools.Tips.UnitTest.Adapter, Version=10.0.0.0, Culture=neutral, PublicKeyToken=b03f5f7f11d50a3a" className="TestProjectGlib.MessageTest, TestProjectGlib, Version=1.0.0.0, Culture=neutral, PublicKeyToken=null" name="MessageTypeTest" />
    </UnitTest>
    <UnitTest name="CloneTest" storage="c:\gitrepository\csharp\glib\testprojectglib\bin\debug\testprojectglib.dll" id="e8a9c1dd-fe2a-d66f-0ece-afcfcd0ad31d">
      <Execution id="251f8020-68ae-431e-b5f4-995952c78894" />
      <TestMethod codeBase="C:/GITRepository/CSharp/Glib/TestProjectGlib/bin/Debug/TestProjectGlib.DLL" adapterTypeName="Microsoft.VisualStudio.TestTools.TestTypes.Unit.UnitTestAdapter, Microsoft.VisualStudio.QualityTools.Tips.UnitTest.Adapter, Version=10.0.0.0, Culture=neutral, PublicKeyToken=b03f5f7f11d50a3a" className="TestProjectGlib.ElementTest, TestProjectGlib, Version=1.0.0.0, Culture=neutral, PublicKeyToken=null" name="CloneTest" />
    </UnitTest>
    <UnitTest name="ToStringTest" storage="c:\gitrepository\csharp\glib\testprojectglib\bin\debug\testprojectglib.dll" id="17497b23-4960-3393-33db-4d37a55c9a6f">
      <Execution id="6d69054e-1a72-44a7-bd68-37fc2ccee703" />
      <TestMethod codeBase="C:/GITRepository/CSharp/Glib/TestProjectGlib/bin/Debug/TestProjectGlib.DLL" adapterTypeName="Microsoft.VisualStudio.TestTools.TestTypes.Unit.UnitTestAdapter, Microsoft.VisualStudio.QualityTools.Tips.UnitTest.Adapter, Version=10.0.0.0, Culture=neutral, PublicKeyToken=b03f5f7f11d50a3a" className="TestProjectGlib.FieldTest, TestProjectGlib, Version=1.0.0.0, Culture=neutral, PublicKeyToken=null" name="ToStringTest" />
    </UnitTest>
    <UnitTest name="MessageConstructorTest3" storage="c:\gitrepository\csharp\glib\testprojectglib\bin\debug\testprojectglib.dll" id="6604cd26-de27-ebd9-cd59-d7c8c3f48c0d">
      <Execution id="203c10c0-ee74-4147-80eb-6a22fc52c27a" />
      <TestMethod codeBase="C:/GITRepository/CSharp/Glib/TestProjectGlib/bin/Debug/TestProjectGlib.DLL" adapterTypeName="Microsoft.VisualStudio.TestTools.TestTypes.Unit.UnitTestAdapter, Microsoft.VisualStudio.QualityTools.Tips.UnitTest.Adapter, Version=10.0.0.0, Culture=neutral, PublicKeyToken=b03f5f7f11d50a3a" className="TestProjectGlib.MessageTest, TestProjectGlib, Version=1.0.0.0, Culture=neutral, PublicKeyToken=null" name="MessageConstructorTest3" />
    </UnitTest>
    <UnitTest name="AddTest2" storage="c:\gitrepository\csharp\glib\testprojectglib\bin\debug\testprojectglib.dll" id="ad159295-304a-454e-5aef-3d16df864bbe">
      <Execution id="e873fde3-7532-431e-bcb5-575b1bb8e050" />
      <TestMethod codeBase="C:/GITRepository/CSharp/Glib/TestProjectGlib/bin/Debug/TestProjectGlib.DLL" adapterTypeName="Microsoft.VisualStudio.TestTools.TestTypes.Unit.UnitTestAdapter, Microsoft.VisualStudio.QualityTools.Tips.UnitTest.Adapter, Version=10.0.0.0, Culture=neutral, PublicKeyToken=b03f5f7f11d50a3a" className="TestProjectGlib.ComponentTest, TestProjectGlib, Version=1.0.0.0, Culture=neutral, PublicKeyToken=null" name="AddTest2" />
    </UnitTest>
    <UnitTest name="IsEmptyTest" storage="c:\gitrepository\csharp\glib\testprojectglib\bin\debug\testprojectglib.dll" id="192175a3-4aa5-7081-0062-e07d677a3e35">
      <Execution id="78c38b6a-b862-4668-ae09-778a62104b1f" />
      <TestMethod codeBase="C:/GITRepository/CSharp/Glib/TestProjectGlib/bin/Debug/TestProjectGlib.DLL" adapterTypeName="Microsoft.VisualStudio.TestTools.TestTypes.Unit.UnitTestAdapter, Microsoft.VisualStudio.QualityTools.Tips.UnitTest.Adapter, Version=10.0.0.0, Culture=neutral, PublicKeyToken=b03f5f7f11d50a3a" className="TestProjectGlib.SubComponentTest, TestProjectGlib, Version=1.0.0.0, Culture=neutral, PublicKeyToken=null" name="IsEmptyTest" />
    </UnitTest>
    <UnitTest name="SubComponentTest" storage="c:\gitrepository\csharp\glib\testprojectglib\bin\debug\testprojectglib.dll" id="8e90f375-4078-3f24-729c-7536506a0810">
      <Execution id="5a0d7ffa-a701-474b-ad95-a39f45609749" />
      <TestMethod codeBase="C:/GITRepository/CSharp/Glib/TestProjectGlib/bin/Debug/TestProjectGlib.DLL" adapterTypeName="Microsoft.VisualStudio.TestTools.TestTypes.Unit.UnitTestAdapter, Microsoft.VisualStudio.QualityTools.Tips.UnitTest.Adapter, Version=10.0.0.0, Culture=neutral, PublicKeyToken=b03f5f7f11d50a3a" className="TestProjectGlib.FieldTest, TestProjectGlib, Version=1.0.0.0, Culture=neutral, PublicKeyToken=null" name="SubComponentTest" />
    </UnitTest>
    <UnitTest name="RemoveComponentAtTest" storage="c:\gitrepository\csharp\glib\testprojectglib\bin\debug\testprojectglib.dll" id="7df49366-ebf4-87f7-52fd-8b8a65032bba">
      <Execution id="becdeadc-aae4-43a9-8045-b33a9d4c0bda" />
      <TestMethod codeBase="C:/GITRepository/CSharp/Glib/TestProjectGlib/bin/Debug/TestProjectGlib.DLL" adapterTypeName="Microsoft.VisualStudio.TestTools.TestTypes.Unit.UnitTestAdapter, Microsoft.VisualStudio.QualityTools.Tips.UnitTest.Adapter, Version=10.0.0.0, Culture=neutral, PublicKeyToken=b03f5f7f11d50a3a" className="TestProjectGlib.FieldTest, TestProjectGlib, Version=1.0.0.0, Culture=neutral, PublicKeyToken=null" name="RemoveComponentAtTest" />
    </UnitTest>
    <UnitTest name="SetParentTest" storage="c:\gitrepository\csharp\glib\testprojectglib\bin\debug\testprojectglib.dll" id="da87d3bf-15d7-dbd7-05de-b003ebc7eb7f">
      <DeploymentItems>
        <DeploymentItem filename="Glib.dll" />
      </DeploymentItems>
      <Execution id="9c82c3a7-4c37-4186-8e4b-c86eb236d405" />
      <TestMethod codeBase="C:/GITRepository/CSharp/Glib/TestProjectGlib/bin/Debug/TestProjectGlib.DLL" adapterTypeName="Microsoft.VisualStudio.TestTools.TestTypes.Unit.UnitTestAdapter, Microsoft.VisualStudio.QualityTools.Tips.UnitTest.Adapter, Version=10.0.0.0, Culture=neutral, PublicKeyToken=b03f5f7f11d50a3a" className="TestProjectGlib.ContentTest, TestProjectGlib, Version=1.0.0.0, Culture=neutral, PublicKeyToken=null" name="SetParentTest" />
    </UnitTest>
    <UnitTest name="SegmentCountTest" storage="c:\gitrepository\csharp\glib\testprojectglib\bin\debug\testprojectglib.dll" id="90fc6482-05af-7f6e-6cb8-840ab35eea4f">
      <Execution id="014a52ac-c3c3-488e-8670-52bfba64028e" />
      <TestMethod codeBase="C:/GITRepository/CSharp/Glib/TestProjectGlib/bin/Debug/TestProjectGlib.DLL" adapterTypeName="Microsoft.VisualStudio.TestTools.TestTypes.Unit.UnitTestAdapter, Microsoft.VisualStudio.QualityTools.Tips.UnitTest.Adapter, Version=10.0.0.0, Culture=neutral, PublicKeyToken=b03f5f7f11d50a3a" className="TestProjectGlib.MessageTest, TestProjectGlib, Version=1.0.0.0, Culture=neutral, PublicKeyToken=null" name="SegmentCountTest" />
    </UnitTest>
    <UnitTest name="HasMillisecondsTest" storage="c:\gitrepository\csharp\glib\testprojectglib\bin\debug\testprojectglib.dll" id="212330fe-5b56-bbfa-0098-97f0e426596f">
      <DeploymentItems>
        <DeploymentItem filename="Glib.dll" />
      </DeploymentItems>
      <Execution id="7f826701-d635-4813-919f-0938931cf3e3" />
      <TestMethod codeBase="C:/GITRepository/CSharp/Glib/TestProjectGlib/bin/Debug/TestProjectGlib.DLL" adapterTypeName="Microsoft.VisualStudio.TestTools.TestTypes.Unit.UnitTestAdapter, Microsoft.VisualStudio.QualityTools.Tips.UnitTest.Adapter, Version=10.0.0.0, Culture=neutral, PublicKeyToken=b03f5f7f11d50a3a" className="TestProjectGlib.DateTimeTools_ConvertStringToDateTimeTest, TestProjectGlib, Version=1.0.0.0, Culture=neutral, PublicKeyToken=null" name="HasMillisecondsTest" />
    </UnitTest>
    <UnitTest name="Hl7ReaderConstructorTest" storage="c:\gitrepository\csharp\glib\testprojectglib\bin\debug\testprojectglib.dll" id="269cef3c-947d-dfb3-193c-843405e60363">
      <Execution id="323f4d9b-a6b4-4bad-a7fc-3fa6a8674de6" />
      <TestMethod codeBase="C:/GITRepository/CSharp/Glib/TestProjectGlib/bin/Debug/TestProjectGlib.DLL" adapterTypeName="Microsoft.VisualStudio.TestTools.TestTypes.Unit.UnitTestAdapter, Microsoft.VisualStudio.QualityTools.Tips.UnitTest.Adapter, Version=10.0.0.0, Culture=neutral, PublicKeyToken=b03f5f7f11d50a3a" className="TestProjectGlib.Hl7ReaderTest, TestProjectGlib, Version=1.0.0.0, Culture=neutral, PublicKeyToken=null" name="Hl7ReaderConstructorTest" />
    </UnitTest>
    <UnitTest name="RepeatListTest" storage="c:\gitrepository\csharp\glib\testprojectglib\bin\debug\testprojectglib.dll" id="001bb5fd-bd12-8ff4-8ade-25ba531a9070">
      <Execution id="59a09708-dd93-4dd7-8b38-3cf9c0a74c58" />
      <TestMethod codeBase="C:/GITRepository/CSharp/Glib/TestProjectGlib/bin/Debug/TestProjectGlib.DLL" adapterTypeName="Microsoft.VisualStudio.TestTools.TestTypes.Unit.UnitTestAdapter, Microsoft.VisualStudio.QualityTools.Tips.UnitTest.Adapter, Version=10.0.0.0, Culture=neutral, PublicKeyToken=b03f5f7f11d50a3a" className="TestProjectGlib.ElementTest, TestProjectGlib, Version=1.0.0.0, Culture=neutral, PublicKeyToken=null" name="RepeatListTest" />
    </UnitTest>
    <UnitTest name="AsDateTimeTest" storage="c:\gitrepository\csharp\glib\testprojectglib\bin\debug\testprojectglib.dll" id="468af397-02e2-4a09-a426-2797ac48bb2f">
      <Execution id="9d4dbdaa-d1d8-49c1-b491-be63ce20677f" />
      <TestMethod codeBase="C:/GITRepository/CSharp/Glib/TestProjectGlib/bin/Debug/TestProjectGlib.DLL" adapterTypeName="Microsoft.VisualStudio.TestTools.TestTypes.Unit.UnitTestAdapter, Microsoft.VisualStudio.QualityTools.Tips.UnitTest.Adapter, Version=10.0.0.0, Culture=neutral, PublicKeyToken=b03f5f7f11d50a3a" className="TestProjectGlib.DateTimeTools_ConvertStringToDateTimeTest, TestProjectGlib, Version=1.0.0.0, Culture=neutral, PublicKeyToken=null" name="AsDateTimeTest" />
    </UnitTest>
    <UnitTest name="PathInformationTest" storage="c:\gitrepository\csharp\glib\testprojectglib\bin\debug\testprojectglib.dll" id="843d7c55-8e65-7aae-3224-87c8a2ae1608">
      <Execution id="988f4239-b3d2-474e-a219-295745c13801" />
      <TestMethod codeBase="C:/GITRepository/CSharp/Glib/TestProjectGlib/bin/Debug/TestProjectGlib.DLL" adapterTypeName="Microsoft.VisualStudio.TestTools.TestTypes.Unit.UnitTestAdapter, Microsoft.VisualStudio.QualityTools.Tips.UnitTest.Adapter, Version=10.0.0.0, Culture=neutral, PublicKeyToken=b03f5f7f11d50a3a" className="TestProjectGlib.SegmentTest, TestProjectGlib, Version=1.0.0.0, Culture=neutral, PublicKeyToken=null" name="PathInformationTest" />
    </UnitTest>
    <UnitTest name="AsDateHourMinSecMilliTest" storage="c:\gitrepository\csharp\glib\testprojectglib\bin\debug\testprojectglib.dll" id="1e4a7732-fdaf-ca78-bc58-8b24e73cf4bb">
      <Execution id="2e742e8e-180e-4710-831d-78507224fd12" />
      <TestMethod codeBase="C:/GITRepository/CSharp/Glib/TestProjectGlib/bin/Debug/TestProjectGlib.DLL" adapterTypeName="Microsoft.VisualStudio.TestTools.TestTypes.Unit.UnitTestAdapter, Microsoft.VisualStudio.QualityTools.Tips.UnitTest.Adapter, Version=10.0.0.0, Culture=neutral, PublicKeyToken=b03f5f7f11d50a3a" className="TestProjectGlib.DateTimeTools_ConvertDateTimeToStringTest, TestProjectGlib, Version=1.0.0.0, Culture=neutral, PublicKeyToken=null" name="AsDateHourMinSecMilliTest" />
    </UnitTest>
    <UnitTest name="AsStringRawTest" storage="c:\gitrepository\csharp\glib\testprojectglib\bin\debug\testprojectglib.dll" id="1b5d0f4f-cf59-9f88-bb60-e11a0efb23df">
      <Execution id="3979989c-309b-4c7a-8906-ef5633af7d8a" />
      <TestMethod codeBase="C:/GITRepository/CSharp/Glib/TestProjectGlib/bin/Debug/TestProjectGlib.DLL" adapterTypeName="Microsoft.VisualStudio.TestTools.TestTypes.Unit.UnitTestAdapter, Microsoft.VisualStudio.QualityTools.Tips.UnitTest.Adapter, Version=10.0.0.0, Culture=neutral, PublicKeyToken=b03f5f7f11d50a3a" className="TestProjectGlib.ContentTest, TestProjectGlib, Version=1.0.0.0, Culture=neutral, PublicKeyToken=null" name="AsStringRawTest" />
    </UnitTest>
    <UnitTest name="InsertTest4" storage="c:\gitrepository\csharp\glib\testprojectglib\bin\debug\testprojectglib.dll" id="c51767c5-c52e-49a9-7d72-313747797ae2">
      <Execution id="543fbaf1-7299-48a8-a241-1cf460b95396" />
      <TestMethod codeBase="C:/GITRepository/CSharp/Glib/TestProjectGlib/bin/Debug/TestProjectGlib.DLL" adapterTypeName="Microsoft.VisualStudio.TestTools.TestTypes.Unit.UnitTestAdapter, Microsoft.VisualStudio.QualityTools.Tips.UnitTest.Adapter, Version=10.0.0.0, Culture=neutral, PublicKeyToken=b03f5f7f11d50a3a" className="TestProjectGlib.ElementTest, TestProjectGlib, Version=1.0.0.0, Culture=neutral, PublicKeyToken=null" name="InsertTest4" />
    </UnitTest>
    <UnitTest name="ComponentTest" storage="c:\gitrepository\csharp\glib\testprojectglib\bin\debug\testprojectglib.dll" id="9b44630a-8912-c463-35f3-83d7bbb1196d">
      <Execution id="2a365284-34be-4184-a16d-6cce6dddfd25" />
      <TestMethod codeBase="C:/GITRepository/CSharp/Glib/TestProjectGlib/bin/Debug/TestProjectGlib.DLL" adapterTypeName="Microsoft.VisualStudio.TestTools.TestTypes.Unit.UnitTestAdapter, Microsoft.VisualStudio.QualityTools.Tips.UnitTest.Adapter, Version=10.0.0.0, Culture=neutral, PublicKeyToken=b03f5f7f11d50a3a" className="TestProjectGlib.FieldTest, TestProjectGlib, Version=1.0.0.0, Culture=neutral, PublicKeyToken=null" name="ComponentTest" />
    </UnitTest>
    <UnitTest name="InsertTest" storage="c:\gitrepository\csharp\glib\testprojectglib\bin\debug\testprojectglib.dll" id="9e897f89-e5b1-083a-7aab-f2a7899996d0">
      <Execution id="8bf953f7-9acc-4eec-bb33-f522a072ee52" />
      <TestMethod codeBase="C:/GITRepository/CSharp/Glib/TestProjectGlib/bin/Debug/TestProjectGlib.DLL" adapterTypeName="Microsoft.VisualStudio.TestTools.TestTypes.Unit.UnitTestAdapter, Microsoft.VisualStudio.QualityTools.Tips.UnitTest.Adapter, Version=10.0.0.0, Culture=neutral, PublicKeyToken=b03f5f7f11d50a3a" className="TestProjectGlib.ComponentTest, TestProjectGlib, Version=1.0.0.0, Culture=neutral, PublicKeyToken=null" name="InsertTest" />
    </UnitTest>
    <UnitTest name="InsertTest2" storage="c:\gitrepository\csharp\glib\testprojectglib\bin\debug\testprojectglib.dll" id="bbd49287-fb49-4a64-9bf7-d30f9165605f">
      <Execution id="e963e2cd-139a-4e11-8557-a1830923710a" />
      <TestMethod codeBase="C:/GITRepository/CSharp/Glib/TestProjectGlib/bin/Debug/TestProjectGlib.DLL" adapterTypeName="Microsoft.VisualStudio.TestTools.TestTypes.Unit.UnitTestAdapter, Microsoft.VisualStudio.QualityTools.Tips.UnitTest.Adapter, Version=10.0.0.0, Culture=neutral, PublicKeyToken=b03f5f7f11d50a3a" className="TestProjectGlib.ElementTest, TestProjectGlib, Version=1.0.0.0, Culture=neutral, PublicKeyToken=null" name="InsertTest2" />
    </UnitTest>
    <UnitTest name="AsDateTest1" storage="c:\gitrepository\csharp\glib\testprojectglib\bin\debug\testprojectglib.dll" id="f9673aa5-17be-58f4-0a16-6981b295f410">
      <Execution id="17bbef48-102e-427d-8df9-2cf8096512bc" />
      <TestMethod codeBase="C:/GITRepository/CSharp/Glib/TestProjectGlib/bin/Debug/TestProjectGlib.DLL" adapterTypeName="Microsoft.VisualStudio.TestTools.TestTypes.Unit.UnitTestAdapter, Microsoft.VisualStudio.QualityTools.Tips.UnitTest.Adapter, Version=10.0.0.0, Culture=neutral, PublicKeyToken=b03f5f7f11d50a3a" className="TestProjectGlib.DateTimeTools_ConvertDateTimeToStringTest, TestProjectGlib, Version=1.0.0.0, Culture=neutral, PublicKeyToken=null" name="AsDateTest1" />
    </UnitTest>
    <UnitTest name="RemoveSubComponentAtTest" storage="c:\gitrepository\csharp\glib\testprojectglib\bin\debug\testprojectglib.dll" id="2570004f-0248-04a8-7a2a-26c01f6dac11">
      <Execution id="95ba66a5-cfec-4234-ba23-8c861660cfa0" />
      <TestMethod codeBase="C:/GITRepository/CSharp/Glib/TestProjectGlib/bin/Debug/TestProjectGlib.DLL" adapterTypeName="Microsoft.VisualStudio.TestTools.TestTypes.Unit.UnitTestAdapter, Microsoft.VisualStudio.QualityTools.Tips.UnitTest.Adapter, Version=10.0.0.0, Culture=neutral, PublicKeyToken=b03f5f7f11d50a3a" className="TestProjectGlib.ElementTest, TestProjectGlib, Version=1.0.0.0, Culture=neutral, PublicKeyToken=null" name="RemoveSubComponentAtTest" />
    </UnitTest>
    <UnitTest name="ContentConstructorTest8" storage="c:\gitrepository\csharp\glib\testprojectglib\bin\debug\testprojectglib.dll" id="6fd1d2c8-d190-f209-580f-f129e9e69025">
      <Execution id="27ed865d-a101-48f3-84e5-8a7b4ce06be6" />
      <TestMethod codeBase="C:/GITRepository/CSharp/Glib/TestProjectGlib/bin/Debug/TestProjectGlib.DLL" adapterTypeName="Microsoft.VisualStudio.TestTools.TestTypes.Unit.UnitTestAdapter, Microsoft.VisualStudio.QualityTools.Tips.UnitTest.Adapter, Version=10.0.0.0, Culture=neutral, PublicKeyToken=b03f5f7f11d50a3a" className="TestProjectGlib.ContentTest, TestProjectGlib, Version=1.0.0.0, Culture=neutral, PublicKeyToken=null" name="ContentConstructorTest8" />
    </UnitTest>
    <UnitTest name="ContentTest" storage="c:\gitrepository\csharp\glib\testprojectglib\bin\debug\testprojectglib.dll" id="0170dd5b-04c0-9d08-ac20-91df6a41bef8">
      <Execution id="ec05bffb-f911-4c60-a37d-97edb1723d75" />
      <TestMethod codeBase="C:/GITRepository/CSharp/Glib/TestProjectGlib/bin/Debug/TestProjectGlib.DLL" adapterTypeName="Microsoft.VisualStudio.TestTools.TestTypes.Unit.UnitTestAdapter, Microsoft.VisualStudio.QualityTools.Tips.UnitTest.Adapter, Version=10.0.0.0, Culture=neutral, PublicKeyToken=b03f5f7f11d50a3a" className="TestProjectGlib.ComponentTest, TestProjectGlib, Version=1.0.0.0, Culture=neutral, PublicKeyToken=null" name="ContentTest" />
    </UnitTest>
    <UnitTest name="InsertTest" storage="c:\gitrepository\csharp\glib\testprojectglib\bin\debug\testprojectglib.dll" id="94e97998-8db0-2910-eb4b-454814672011">
      <Execution id="9196607e-2db0-46a7-83a8-b1cbbb21f696" />
      <TestMethod codeBase="C:/GITRepository/CSharp/Glib/TestProjectGlib/bin/Debug/TestProjectGlib.DLL" adapterTypeName="Microsoft.VisualStudio.TestTools.TestTypes.Unit.UnitTestAdapter, Microsoft.VisualStudio.QualityTools.Tips.UnitTest.Adapter, Version=10.0.0.0, Culture=neutral, PublicKeyToken=b03f5f7f11d50a3a" className="TestProjectGlib.MessageTest, TestProjectGlib, Version=1.0.0.0, Culture=neutral, PublicKeyToken=null" name="InsertTest" />
    </UnitTest>
    <UnitTest name="RemoveContentAtTest" storage="c:\gitrepository\csharp\glib\testprojectglib\bin\debug\testprojectglib.dll" id="24861341-2695-75fe-4d89-7cdc0d472cf5">
      <Execution id="32eddbae-c458-43b9-b8de-3606f99033c2" />
      <TestMethod codeBase="C:/GITRepository/CSharp/Glib/TestProjectGlib/bin/Debug/TestProjectGlib.DLL" adapterTypeName="Microsoft.VisualStudio.TestTools.TestTypes.Unit.UnitTestAdapter, Microsoft.VisualStudio.QualityTools.Tips.UnitTest.Adapter, Version=10.0.0.0, Culture=neutral, PublicKeyToken=b03f5f7f11d50a3a" className="TestProjectGlib.FieldTest, TestProjectGlib, Version=1.0.0.0, Culture=neutral, PublicKeyToken=null" name="RemoveContentAtTest" />
    </UnitTest>
    <UnitTest name="CloneTest" storage="c:\gitrepository\csharp\glib\testprojectglib\bin\debug\testprojectglib.dll" id="dc85e865-8853-fe27-7c73-49c537e0422c">
      <Execution id="e1834363-0782-4f3a-8031-9492eed49a18" />
      <TestMethod codeBase="C:/GITRepository/CSharp/Glib/TestProjectGlib/bin/Debug/TestProjectGlib.DLL" adapterTypeName="Microsoft.VisualStudio.TestTools.TestTypes.Unit.UnitTestAdapter, Microsoft.VisualStudio.QualityTools.Tips.UnitTest.Adapter, Version=10.0.0.0, Culture=neutral, PublicKeyToken=b03f5f7f11d50a3a" className="TestProjectGlib.ComponentTest, TestProjectGlib, Version=1.0.0.0, Culture=neutral, PublicKeyToken=null" name="CloneTest" />
    </UnitTest>
    <UnitTest name="TestFieldCreate" storage="c:\gitrepository\csharp\glib\testprojectglib\bin\debug\testprojectglib.dll" id="261a082e-e443-898e-1e84-d8529ce1f285">
      <Execution id="fac0667a-cf76-464c-8799-ef3c85b947d4" />
      <TestMethod codeBase="C:/GITRepository/CSharp/Glib/TestProjectGlib/bin/Debug/TestProjectGlib.DLL" adapterTypeName="Microsoft.VisualStudio.TestTools.TestTypes.Unit.UnitTestAdapter, Microsoft.VisualStudio.QualityTools.Tips.UnitTest.Adapter, Version=10.0.0.0, Culture=neutral, PublicKeyToken=b03f5f7f11d50a3a" className="TestProjectGlib.UnitTestSegmentModel, TestProjectGlib, Version=1.0.0.0, Culture=neutral, PublicKeyToken=null" name="TestFieldCreate" />
    </UnitTest>
    <UnitTest name="ContentTest" storage="c:\gitrepository\csharp\glib\testprojectglib\bin\debug\testprojectglib.dll" id="99a94e07-da92-29b1-0cfc-cd41ab1bc322">
      <Execution id="c2fa8151-0d65-4438-9a2e-49b9d1c1b15a" />
      <TestMethod codeBase="C:/GITRepository/CSharp/Glib/TestProjectGlib/bin/Debug/TestProjectGlib.DLL" adapterTypeName="Microsoft.VisualStudio.TestTools.TestTypes.Unit.UnitTestAdapter, Microsoft.VisualStudio.QualityTools.Tips.UnitTest.Adapter, Version=10.0.0.0, Culture=neutral, PublicKeyToken=b03f5f7f11d50a3a" className="TestProjectGlib.ElementTest, TestProjectGlib, Version=1.0.0.0, Culture=neutral, PublicKeyToken=null" name="ContentTest" />
    </UnitTest>
    <UnitTest name="ElementTest" storage="c:\gitrepository\csharp\glib\testprojectglib\bin\debug\testprojectglib.dll" id="309eaed0-406a-b977-2776-25e33edaa131">
      <Execution id="03264d83-bc25-4f21-876b-0ed18496c1e0" />
      <TestMethod codeBase="C:/GITRepository/CSharp/Glib/TestProjectGlib/bin/Debug/TestProjectGlib.DLL" adapterTypeName="Microsoft.VisualStudio.TestTools.TestTypes.Unit.UnitTestAdapter, Microsoft.VisualStudio.QualityTools.Tips.UnitTest.Adapter, Version=10.0.0.0, Culture=neutral, PublicKeyToken=b03f5f7f11d50a3a" className="TestProjectGlib.SegmentTest, TestProjectGlib, Version=1.0.0.0, Culture=neutral, PublicKeyToken=null" name="ElementTest" />
    </UnitTest>
    <UnitTest name="IsEmptyTest" storage="c:\gitrepository\csharp\glib\testprojectglib\bin\debug\testprojectglib.dll" id="b31dc6ae-791a-832a-e831-3b3f1ebad399">
      <Execution id="7aed59bb-e919-43ec-b587-dabd180f95c3" />
      <TestMethod codeBase="C:/GITRepository/CSharp/Glib/TestProjectGlib/bin/Debug/TestProjectGlib.DLL" adapterTypeName="Microsoft.VisualStudio.TestTools.TestTypes.Unit.UnitTestAdapter, Microsoft.VisualStudio.QualityTools.Tips.UnitTest.Adapter, Version=10.0.0.0, Culture=neutral, PublicKeyToken=b03f5f7f11d50a3a" className="TestProjectGlib.FieldTest, TestProjectGlib, Version=1.0.0.0, Culture=neutral, PublicKeyToken=null" name="IsEmptyTest" />
    </UnitTest>
    <UnitTest name="ComponentCountTest" storage="c:\gitrepository\csharp\glib\testprojectglib\bin\debug\testprojectglib.dll" id="512ed856-057d-7dd2-875d-975b1041f26a">
      <Execution id="cfeab68b-e240-4d85-8203-9b891305dd14" />
      <TestMethod codeBase="C:/GITRepository/CSharp/Glib/TestProjectGlib/bin/Debug/TestProjectGlib.DLL" adapterTypeName="Microsoft.VisualStudio.TestTools.TestTypes.Unit.UnitTestAdapter, Microsoft.VisualStudio.QualityTools.Tips.UnitTest.Adapter, Version=10.0.0.0, Culture=neutral, PublicKeyToken=b03f5f7f11d50a3a" className="TestProjectGlib.ElementTest, TestProjectGlib, Version=1.0.0.0, Culture=neutral, PublicKeyToken=null" name="ComponentCountTest" />
    </UnitTest>
    <UnitTest name="ComponentConstructorTest2" storage="c:\gitrepository\csharp\glib\testprojectglib\bin\debug\testprojectglib.dll" id="51a85036-5f64-e861-a6da-8054c6aea340">
      <Execution id="2c34b000-0256-4cf6-93c6-a578a04d0c8e" />
      <TestMethod codeBase="C:/GITRepository/CSharp/Glib/TestProjectGlib/bin/Debug/TestProjectGlib.DLL" adapterTypeName="Microsoft.VisualStudio.TestTools.TestTypes.Unit.UnitTestAdapter, Microsoft.VisualStudio.QualityTools.Tips.UnitTest.Adapter, Version=10.0.0.0, Culture=neutral, PublicKeyToken=b03f5f7f11d50a3a" className="TestProjectGlib.ComponentTest, TestProjectGlib, Version=1.0.0.0, Culture=neutral, PublicKeyToken=null" name="ComponentConstructorTest2" />
    </UnitTest>
    <UnitTest name="RemoveElementAtTest" storage="c:\gitrepository\csharp\glib\testprojectglib\bin\debug\testprojectglib.dll" id="23250478-3e21-0f3a-b9d4-b6567e952dab">
      <Execution id="103bf890-afdf-490a-8340-7cc8bf942c38" />
      <TestMethod codeBase="C:/GITRepository/CSharp/Glib/TestProjectGlib/bin/Debug/TestProjectGlib.DLL" adapterTypeName="Microsoft.VisualStudio.TestTools.TestTypes.Unit.UnitTestAdapter, Microsoft.VisualStudio.QualityTools.Tips.UnitTest.Adapter, Version=10.0.0.0, Culture=neutral, PublicKeyToken=b03f5f7f11d50a3a" className="TestProjectGlib.SegmentTest, TestProjectGlib, Version=1.0.0.0, Culture=neutral, PublicKeyToken=null" name="RemoveElementAtTest" />
    </UnitTest>
    <UnitTest name="RemoveContentAtTest" storage="c:\gitrepository\csharp\glib\testprojectglib\bin\debug\testprojectglib.dll" id="90c445ca-3a67-c106-b015-7a4dd4a33253">
      <Execution id="8f94f7b5-1884-4d0d-a4ba-b798ec8822fd" />
      <TestMethod codeBase="C:/GITRepository/CSharp/Glib/TestProjectGlib/bin/Debug/TestProjectGlib.DLL" adapterTypeName="Microsoft.VisualStudio.TestTools.TestTypes.Unit.UnitTestAdapter, Microsoft.VisualStudio.QualityTools.Tips.UnitTest.Adapter, Version=10.0.0.0, Culture=neutral, PublicKeyToken=b03f5f7f11d50a3a" className="TestProjectGlib.ComponentTest, TestProjectGlib, Version=1.0.0.0, Culture=neutral, PublicKeyToken=null" name="RemoveContentAtTest" />
    </UnitTest>
    <UnitTest name="FieldConstructorTest3" storage="c:\gitrepository\csharp\glib\testprojectglib\bin\debug\testprojectglib.dll" id="34eb1eee-f1b8-52d0-a9a3-aea281cf026e">
      <Execution id="3b3d1517-7457-4a23-8ee4-c51cab8ccb17" />
      <TestMethod codeBase="C:/GITRepository/CSharp/Glib/TestProjectGlib/bin/Debug/TestProjectGlib.DLL" adapterTypeName="Microsoft.VisualStudio.TestTools.TestTypes.Unit.UnitTestAdapter, Microsoft.VisualStudio.QualityTools.Tips.UnitTest.Adapter, Version=10.0.0.0, Culture=neutral, PublicKeyToken=b03f5f7f11d50a3a" className="TestProjectGlib.FieldTest, TestProjectGlib, Version=1.0.0.0, Culture=neutral, PublicKeyToken=null" name="FieldConstructorTest3" />
    </UnitTest>
    <UnitTest name="CloneTest" storage="c:\gitrepository\csharp\glib\testprojectglib\bin\debug\testprojectglib.dll" id="4eb15927-cc96-12f1-ee8f-75aacc988893">
      <Execution id="ed8e2d0f-2913-4190-98d1-e6145bcf0673" />
      <TestMethod codeBase="C:/GITRepository/CSharp/Glib/TestProjectGlib/bin/Debug/TestProjectGlib.DLL" adapterTypeName="Microsoft.VisualStudio.TestTools.TestTypes.Unit.UnitTestAdapter, Microsoft.VisualStudio.QualityTools.Tips.UnitTest.Adapter, Version=10.0.0.0, Culture=neutral, PublicKeyToken=b03f5f7f11d50a3a" className="TestProjectGlib.ContentTest, TestProjectGlib, Version=1.0.0.0, Culture=neutral, PublicKeyToken=null" name="CloneTest" />
    </UnitTest>
    <UnitTest name="ContentConstructorTest7" storage="c:\gitrepository\csharp\glib\testprojectglib\bin\debug\testprojectglib.dll" id="ac1170d9-ee22-c6d2-5fe7-5518d2eb9eb0">
      <Execution id="c7758eed-4cab-4383-95bf-7f760c571ac0" />
      <TestMethod codeBase="C:/GITRepository/CSharp/Glib/TestProjectGlib/bin/Debug/TestProjectGlib.DLL" adapterTypeName="Microsoft.VisualStudio.TestTools.TestTypes.Unit.UnitTestAdapter, Microsoft.VisualStudio.QualityTools.Tips.UnitTest.Adapter, Version=10.0.0.0, Culture=neutral, PublicKeyToken=b03f5f7f11d50a3a" className="TestProjectGlib.ContentTest, TestProjectGlib, Version=1.0.0.0, Culture=neutral, PublicKeyToken=null" name="ContentConstructorTest7" />
    </UnitTest>
    <UnitTest name="RemoveContentAtTest" storage="c:\gitrepository\csharp\glib\testprojectglib\bin\debug\testprojectglib.dll" id="105c225f-bca0-0777-9c73-052576e49b9a">
      <Execution id="9c4f65b7-59de-499c-886f-a95b6622a782" />
      <TestMethod codeBase="C:/GITRepository/CSharp/Glib/TestProjectGlib/bin/Debug/TestProjectGlib.DLL" adapterTypeName="Microsoft.VisualStudio.TestTools.TestTypes.Unit.UnitTestAdapter, Microsoft.VisualStudio.QualityTools.Tips.UnitTest.Adapter, Version=10.0.0.0, Culture=neutral, PublicKeyToken=b03f5f7f11d50a3a" className="TestProjectGlib.ElementTest, TestProjectGlib, Version=1.0.0.0, Culture=neutral, PublicKeyToken=null" name="RemoveContentAtTest" />
    </UnitTest>
    <UnitTest name="SegmentConstructorTest" storage="c:\gitrepository\csharp\glib\testprojectglib\bin\debug\testprojectglib.dll" id="99fb2eb8-119a-1b3b-515d-cfb72e2170e7">
      <Execution id="ddb4c6f5-5560-4d09-9c2b-65399a006f33" />
      <TestMethod codeBase="C:/GITRepository/CSharp/Glib/TestProjectGlib/bin/Debug/TestProjectGlib.DLL" adapterTypeName="Microsoft.VisualStudio.TestTools.TestTypes.Unit.UnitTestAdapter, Microsoft.VisualStudio.QualityTools.Tips.UnitTest.Adapter, Version=10.0.0.0, Culture=neutral, PublicKeyToken=b03f5f7f11d50a3a" className="TestProjectGlib.SegmentTest, TestProjectGlib, Version=1.0.0.0, Culture=neutral, PublicKeyToken=null" name="SegmentConstructorTest" />
    </UnitTest>
    <UnitTest name="ClearAllTest" storage="c:\gitrepository\csharp\glib\testprojectglib\bin\debug\testprojectglib.dll" id="0a9b0755-317a-f636-73cd-b90081365870">
      <Execution id="f7d6618d-2f75-40af-9bb1-d8c12e8799cd" />
      <TestMethod codeBase="C:/GITRepository/CSharp/Glib/TestProjectGlib/bin/Debug/TestProjectGlib.DLL" adapterTypeName="Microsoft.VisualStudio.TestTools.TestTypes.Unit.UnitTestAdapter, Microsoft.VisualStudio.QualityTools.Tips.UnitTest.Adapter, Version=10.0.0.0, Culture=neutral, PublicKeyToken=b03f5f7f11d50a3a" className="TestProjectGlib.FieldTest, TestProjectGlib, Version=1.0.0.0, Culture=neutral, PublicKeyToken=null" name="ClearAllTest" />
    </UnitTest>
    <UnitTest name="ContentListTest" storage="c:\gitrepository\csharp\glib\testprojectglib\bin\debug\testprojectglib.dll" id="095f8059-d018-ce3b-36fe-2dc31b1660f3">
      <Execution id="8bccf06e-1a23-47c6-9a64-ac05ae356a43" />
      <TestMethod codeBase="C:/GITRepository/CSharp/Glib/TestProjectGlib/bin/Debug/TestProjectGlib.DLL" adapterTypeName="Microsoft.VisualStudio.TestTools.TestTypes.Unit.UnitTestAdapter, Microsoft.VisualStudio.QualityTools.Tips.UnitTest.Adapter, Version=10.0.0.0, Culture=neutral, PublicKeyToken=b03f5f7f11d50a3a" className="TestProjectGlib.SubComponentTest, TestProjectGlib, Version=1.0.0.0, Culture=neutral, PublicKeyToken=null" name="ContentListTest" />
    </UnitTest>
    <UnitTest name="ContentConstructorTest5" storage="c:\gitrepository\csharp\glib\testprojectglib\bin\debug\testprojectglib.dll" id="1803beca-ee85-d51c-dbf1-adb3a5dec6db">
      <Execution id="5fb57529-0435-47af-b4e8-509f84a0f898" />
      <TestMethod codeBase="C:/GITRepository/CSharp/Glib/TestProjectGlib/bin/Debug/TestProjectGlib.DLL" adapterTypeName="Microsoft.VisualStudio.TestTools.TestTypes.Unit.UnitTestAdapter, Microsoft.VisualStudio.QualityTools.Tips.UnitTest.Adapter, Version=10.0.0.0, Culture=neutral, PublicKeyToken=b03f5f7f11d50a3a" className="TestProjectGlib.ContentTest, TestProjectGlib, Version=1.0.0.0, Culture=neutral, PublicKeyToken=null" name="ContentConstructorTest5" />
    </UnitTest>
    <UnitTest name="IsHL7NullTest" storage="c:\gitrepository\csharp\glib\testprojectglib\bin\debug\testprojectglib.dll" id="3416ae86-369a-e987-beb4-e4c5f5e8275f">
      <Execution id="fe04f11d-21b5-48a1-afdb-5481a5b066b9" />
      <TestMethod codeBase="C:/GITRepository/CSharp/Glib/TestProjectGlib/bin/Debug/TestProjectGlib.DLL" adapterTypeName="Microsoft.VisualStudio.TestTools.TestTypes.Unit.UnitTestAdapter, Microsoft.VisualStudio.QualityTools.Tips.UnitTest.Adapter, Version=10.0.0.0, Culture=neutral, PublicKeyToken=b03f5f7f11d50a3a" className="TestProjectGlib.ElementTest, TestProjectGlib, Version=1.0.0.0, Culture=neutral, PublicKeyToken=null" name="IsHL7NullTest" />
    </UnitTest>
    <UnitTest name="FieldCountTest" storage="c:\gitrepository\csharp\glib\testprojectglib\bin\debug\testprojectglib.dll" id="022ebc19-0254-f9d2-e8a4-73c912b322ed">
      <Execution id="936193f2-5eb5-4d82-a176-63bda1f6566f" />
      <TestMethod codeBase="C:/GITRepository/CSharp/Glib/TestProjectGlib/bin/Debug/TestProjectGlib.DLL" adapterTypeName="Microsoft.VisualStudio.TestTools.TestTypes.Unit.UnitTestAdapter, Microsoft.VisualStudio.QualityTools.Tips.UnitTest.Adapter, Version=10.0.0.0, Culture=neutral, PublicKeyToken=b03f5f7f11d50a3a" className="TestProjectGlib.SegmentTest, TestProjectGlib, Version=1.0.0.0, Culture=neutral, PublicKeyToken=null" name="FieldCountTest" />
    </UnitTest>
    <UnitTest name="SetDataToMainSeparatorTest" storage="c:\gitrepository\csharp\glib\testprojectglib\bin\debug\testprojectglib.dll" id="bd9786b6-f822-f559-5bc7-082e785537a3">
      <DeploymentItems>
        <DeploymentItem filename="Glib.dll" />
      </DeploymentItems>
      <Execution id="be8699fa-9546-44ba-85cf-e83b0bb0b64b" />
      <TestMethod codeBase="C:/GITRepository/CSharp/Glib/TestProjectGlib/bin/Debug/TestProjectGlib.DLL" adapterTypeName="Microsoft.VisualStudio.TestTools.TestTypes.Unit.UnitTestAdapter, Microsoft.VisualStudio.QualityTools.Tips.UnitTest.Adapter, Version=10.0.0.0, Culture=neutral, PublicKeyToken=b03f5f7f11d50a3a" className="TestProjectGlib.ContentTest, TestProjectGlib, Version=1.0.0.0, Culture=neutral, PublicKeyToken=null" name="SetDataToMainSeparatorTest" />
    </UnitTest>
    <UnitTest name="ContentTypeTest" storage="c:\gitrepository\csharp\glib\testprojectglib\bin\debug\testprojectglib.dll" id="02b5da4e-d67b-a975-6ad6-f481bea30ade">
      <Execution id="1de1e3ee-e5c3-4a4a-a906-8f718c67ad4d" />
      <TestMethod codeBase="C:/GITRepository/CSharp/Glib/TestProjectGlib/bin/Debug/TestProjectGlib.DLL" adapterTypeName="Microsoft.VisualStudio.TestTools.TestTypes.Unit.UnitTestAdapter, Microsoft.VisualStudio.QualityTools.Tips.UnitTest.Adapter, Version=10.0.0.0, Culture=neutral, PublicKeyToken=b03f5f7f11d50a3a" className="TestProjectGlib.ContentTest, TestProjectGlib, Version=1.0.0.0, Culture=neutral, PublicKeyToken=null" name="ContentTypeTest" />
    </UnitTest>
    <UnitTest name="TestSubComponentCreate" storage="c:\gitrepository\csharp\glib\testprojectglib\bin\debug\testprojectglib.dll" id="012d2315-4e42-4667-a443-62fef4ef445f">
      <Execution id="4128aee2-bd34-4e30-8ff0-2b0625eed132" />
      <TestMethod codeBase="C:/GITRepository/CSharp/Glib/TestProjectGlib/bin/Debug/TestProjectGlib.DLL" adapterTypeName="Microsoft.VisualStudio.TestTools.TestTypes.Unit.UnitTestAdapter, Microsoft.VisualStudio.QualityTools.Tips.UnitTest.Adapter, Version=10.0.0.0, Culture=neutral, PublicKeyToken=b03f5f7f11d50a3a" className="TestProjectGlib.UnitTestSubComponentModel, TestProjectGlib, Version=1.0.0.0, Culture=neutral, PublicKeyToken=null" name="TestSubComponentCreate" />
    </UnitTest>
    <UnitTest name="AsStringRawTest" storage="c:\gitrepository\csharp\glib\testprojectglib\bin\debug\testprojectglib.dll" id="0844c158-a09b-d477-298d-b8878e5ac24c">
      <Execution id="b1aeccbe-fad3-4feb-a82d-19329752ac0d" />
      <TestMethod codeBase="C:/GITRepository/CSharp/Glib/TestProjectGlib/bin/Debug/TestProjectGlib.DLL" adapterTypeName="Microsoft.VisualStudio.TestTools.TestTypes.Unit.UnitTestAdapter, Microsoft.VisualStudio.QualityTools.Tips.UnitTest.Adapter, Version=10.0.0.0, Culture=neutral, PublicKeyToken=b03f5f7f11d50a3a" className="TestProjectGlib.SegmentTest, TestProjectGlib, Version=1.0.0.0, Culture=neutral, PublicKeyToken=null" name="AsStringRawTest" />
    </UnitTest>
    <UnitTest name="ComponentConstructorTest" storage="c:\gitrepository\csharp\glib\testprojectglib\bin\debug\testprojectglib.dll" id="369bfc87-6600-6ec7-a8e2-f11d970fc6f9">
      <Execution id="fa092610-62b1-4013-a2ef-3aca7a25beb5" />
      <TestMethod codeBase="C:/GITRepository/CSharp/Glib/TestProjectGlib/bin/Debug/TestProjectGlib.DLL" adapterTypeName="Microsoft.VisualStudio.TestTools.TestTypes.Unit.UnitTestAdapter, Microsoft.VisualStudio.QualityTools.Tips.UnitTest.Adapter, Version=10.0.0.0, Culture=neutral, PublicKeyToken=b03f5f7f11d50a3a" className="TestProjectGlib.ComponentTest, TestProjectGlib, Version=1.0.0.0, Culture=neutral, PublicKeyToken=null" name="ComponentConstructorTest" />
    </UnitTest>
    <UnitTest name="AsStringTest" storage="c:\gitrepository\csharp\glib\testprojectglib\bin\debug\testprojectglib.dll" id="33cb0d51-1036-f8e4-de2e-0a4394912383">
      <Execution id="925720b3-dbf1-4cc3-85b4-df6e31929800" />
      <TestMethod codeBase="C:/GITRepository/CSharp/Glib/TestProjectGlib/bin/Debug/TestProjectGlib.DLL" adapterTypeName="Microsoft.VisualStudio.TestTools.TestTypes.Unit.UnitTestAdapter, Microsoft.VisualStudio.QualityTools.Tips.UnitTest.Adapter, Version=10.0.0.0, Culture=neutral, PublicKeyToken=b03f5f7f11d50a3a" className="TestProjectGlib.ComponentTest, TestProjectGlib, Version=1.0.0.0, Culture=neutral, PublicKeyToken=null" name="AsStringTest" />
    </UnitTest>
    <UnitTest name="GenerateAcknowledgementMessageTest" storage="c:\gitrepository\csharp\glib\testprojectglib\bin\debug\testprojectglib.dll" id="a2c198f3-307a-8289-8d73-7794fd4a6088">
      <Execution id="ccf352bf-8f16-4c91-9d02-4326a9693663" />
      <TestMethod codeBase="C:/GITRepository/CSharp/Glib/TestProjectGlib/bin/Debug/TestProjectGlib.DLL" adapterTypeName="Microsoft.VisualStudio.TestTools.TestTypes.Unit.UnitTestAdapter, Microsoft.VisualStudio.QualityTools.Tips.UnitTest.Adapter, Version=10.0.0.0, Culture=neutral, PublicKeyToken=b03f5f7f11d50a3a" className="TestProjectGlib.AcknowledgementTest, TestProjectGlib, Version=1.0.0.0, Culture=neutral, PublicKeyToken=null" name="GenerateAcknowledgementMessageTest" />
    </UnitTest>
    <UnitTest name="AddTest1" storage="c:\gitrepository\csharp\glib\testprojectglib\bin\debug\testprojectglib.dll" id="98803a2e-254a-4fbf-7c68-310af6a69d36">
      <Execution id="65e6b956-b640-4571-958e-387aa3f30ee0" />
      <TestMethod codeBase="C:/GITRepository/CSharp/Glib/TestProjectGlib/bin/Debug/TestProjectGlib.DLL" adapterTypeName="Microsoft.VisualStudio.TestTools.TestTypes.Unit.UnitTestAdapter, Microsoft.VisualStudio.QualityTools.Tips.UnitTest.Adapter, Version=10.0.0.0, Culture=neutral, PublicKeyToken=b03f5f7f11d50a3a" className="TestProjectGlib.ElementTest, TestProjectGlib, Version=1.0.0.0, Culture=neutral, PublicKeyToken=null" name="AddTest1" />
    </UnitTest>
    <UnitTest name="SegmentTest" storage="c:\gitrepository\csharp\glib\testprojectglib\bin\debug\testprojectglib.dll" id="1713cf26-171e-b64b-87bb-b96ad4328d79">
      <Execution id="96969f09-a8bd-4e7b-b5b2-29cc26d67992" />
      <TestMethod codeBase="C:/GITRepository/CSharp/Glib/TestProjectGlib/bin/Debug/TestProjectGlib.DLL" adapterTypeName="Microsoft.VisualStudio.TestTools.TestTypes.Unit.UnitTestAdapter, Microsoft.VisualStudio.QualityTools.Tips.UnitTest.Adapter, Version=10.0.0.0, Culture=neutral, PublicKeyToken=b03f5f7f11d50a3a" className="TestProjectGlib.MessageTest, TestProjectGlib, Version=1.0.0.0, Culture=neutral, PublicKeyToken=null" name="SegmentTest" />
    </UnitTest>
    <UnitTest name="MessageTriggerTest" storage="c:\gitrepository\csharp\glib\testprojectglib\bin\debug\testprojectglib.dll" id="f1df2fe0-5c6a-90b0-37fe-55420582e959">
      <Execution id="24fe4d3a-763f-4bf1-8d73-fa4100462414" />
      <TestMethod codeBase="C:/GITRepository/CSharp/Glib/TestProjectGlib/bin/Debug/TestProjectGlib.DLL" adapterTypeName="Microsoft.VisualStudio.TestTools.TestTypes.Unit.UnitTestAdapter, Microsoft.VisualStudio.QualityTools.Tips.UnitTest.Adapter, Version=10.0.0.0, Culture=neutral, PublicKeyToken=b03f5f7f11d50a3a" className="TestProjectGlib.MessageTest, TestProjectGlib, Version=1.0.0.0, Culture=neutral, PublicKeyToken=null" name="MessageTriggerTest" />
    </UnitTest>
    <UnitTest name="ComponentTest" storage="c:\gitrepository\csharp\glib\testprojectglib\bin\debug\testprojectglib.dll" id="b82abed2-8497-66f2-9689-0f76ed9fe9ad">
      <Execution id="ed29a4ad-0d8b-4572-9c88-893bbce4500a" />
      <TestMethod codeBase="C:/GITRepository/CSharp/Glib/TestProjectGlib/bin/Debug/TestProjectGlib.DLL" adapterTypeName="Microsoft.VisualStudio.TestTools.TestTypes.Unit.UnitTestAdapter, Microsoft.VisualStudio.QualityTools.Tips.UnitTest.Adapter, Version=10.0.0.0, Culture=neutral, PublicKeyToken=b03f5f7f11d50a3a" className="TestProjectGlib.ElementTest, TestProjectGlib, Version=1.0.0.0, Culture=neutral, PublicKeyToken=null" name="ComponentTest" />
    </UnitTest>
    <UnitTest name="CloneTest" storage="c:\gitrepository\csharp\glib\testprojectglib\bin\debug\testprojectglib.dll" id="cac55db5-0541-9758-c4e8-160b2f4dc3df">
      <Execution id="fd620ef7-fb7a-45f2-aa27-825302167c36" />
      <TestMethod codeBase="C:/GITRepository/CSharp/Glib/TestProjectGlib/bin/Debug/TestProjectGlib.DLL" adapterTypeName="Microsoft.VisualStudio.TestTools.TestTypes.Unit.UnitTestAdapter, Microsoft.VisualStudio.QualityTools.Tips.UnitTest.Adapter, Version=10.0.0.0, Culture=neutral, PublicKeyToken=b03f5f7f11d50a3a" className="TestProjectGlib.FieldTest, TestProjectGlib, Version=1.0.0.0, Culture=neutral, PublicKeyToken=null" name="CloneTest" />
    </UnitTest>
    <UnitTest name="AsDateHourMinSecTest" storage="c:\gitrepository\csharp\glib\testprojectglib\bin\debug\testprojectglib.dll" id="b81e40bb-9e67-676f-d4eb-65f20abf3117">
      <Execution id="5307323e-26a6-4550-aebb-4c4d76bb7f30" />
      <TestMethod codeBase="C:/GITRepository/CSharp/Glib/TestProjectGlib/bin/Debug/TestProjectGlib.DLL" adapterTypeName="Microsoft.VisualStudio.TestTools.TestTypes.Unit.UnitTestAdapter, Microsoft.VisualStudio.QualityTools.Tips.UnitTest.Adapter, Version=10.0.0.0, Culture=neutral, PublicKeyToken=b03f5f7f11d50a3a" className="TestProjectGlib.DateTimeTools_ConvertDateTimeToStringTest, TestProjectGlib, Version=1.0.0.0, Culture=neutral, PublicKeyToken=null" name="AsDateHourMinSecTest" />
    </UnitTest>
    <UnitTest name="EscapeMetaDataTest" storage="c:\gitrepository\csharp\glib\testprojectglib\bin\debug\testprojectglib.dll" id="dfaed784-63c9-cf05-792e-44fe6e04bf66">
      <Execution id="5565f389-0940-4f91-9ca9-ee82adfaa5f2" />
      <TestMethod codeBase="C:/GITRepository/CSharp/Glib/TestProjectGlib/bin/Debug/TestProjectGlib.DLL" adapterTypeName="Microsoft.VisualStudio.TestTools.TestTypes.Unit.UnitTestAdapter, Microsoft.VisualStudio.QualityTools.Tips.UnitTest.Adapter, Version=10.0.0.0, Culture=neutral, PublicKeyToken=b03f5f7f11d50a3a" className="TestProjectGlib.ContentTest, TestProjectGlib, Version=1.0.0.0, Culture=neutral, PublicKeyToken=null" name="EscapeMetaDataTest" />
    </UnitTest>
    <UnitTest name="ContentCountTest" storage="c:\gitrepository\csharp\glib\testprojectglib\bin\debug\testprojectglib.dll" id="99583b5b-0b22-162b-1710-cae4f7ff2a39">
      <Execution id="796dd4f6-e12d-4e4c-a71f-f3ff29000792" />
      <TestMethod codeBase="C:/GITRepository/CSharp/Glib/TestProjectGlib/bin/Debug/TestProjectGlib.DLL" adapterTypeName="Microsoft.VisualStudio.TestTools.TestTypes.Unit.UnitTestAdapter, Microsoft.VisualStudio.QualityTools.Tips.UnitTest.Adapter, Version=10.0.0.0, Culture=neutral, PublicKeyToken=b03f5f7f11d50a3a" className="TestProjectGlib.ComponentTest, TestProjectGlib, Version=1.0.0.0, Culture=neutral, PublicKeyToken=null" name="ContentCountTest" />
    </UnitTest>
    <UnitTest name="AddTest3" storage="c:\gitrepository\csharp\glib\testprojectglib\bin\debug\testprojectglib.dll" id="d92a17ba-b5eb-0abe-fd70-fe9e6a1fccfe">
      <Execution id="f52c8a61-ae6e-438a-ae1e-2b460603bb84" />
      <TestMethod codeBase="C:/GITRepository/CSharp/Glib/TestProjectGlib/bin/Debug/TestProjectGlib.DLL" adapterTypeName="Microsoft.VisualStudio.TestTools.TestTypes.Unit.UnitTestAdapter, Microsoft.VisualStudio.QualityTools.Tips.UnitTest.Adapter, Version=10.0.0.0, Culture=neutral, PublicKeyToken=b03f5f7f11d50a3a" className="TestProjectGlib.ElementTest, TestProjectGlib, Version=1.0.0.0, Culture=neutral, PublicKeyToken=null" name="AddTest3" />
    </UnitTest>
    <UnitTest name="SetTest2" storage="c:\gitrepository\csharp\glib\testprojectglib\bin\debug\testprojectglib.dll" id="ed192237-e8eb-35fa-5bbe-3b1dc82bb582">
      <Execution id="8c76dd21-77fa-4713-9e07-f94e013f5ac1" />
      <TestMethod codeBase="C:/GITRepository/CSharp/Glib/TestProjectGlib/bin/Debug/TestProjectGlib.DLL" adapterTypeName="Microsoft.VisualStudio.TestTools.TestTypes.Unit.UnitTestAdapter, Microsoft.VisualStudio.QualityTools.Tips.UnitTest.Adapter, Version=10.0.0.0, Culture=neutral, PublicKeyToken=b03f5f7f11d50a3a" className="TestProjectGlib.FieldTest, TestProjectGlib, Version=1.0.0.0, Culture=neutral, PublicKeyToken=null" name="SetTest2" />
    </UnitTest>
    <UnitTest name="AsStringTest" storage="c:\gitrepository\csharp\glib\testprojectglib\bin\debug\testprojectglib.dll" id="e3d21004-a1ae-5973-68ec-dbe4f5c7e6a1">
      <Execution id="6b4e0a66-0031-4128-926b-01ec363b37b9" />
      <TestMethod codeBase="C:/GITRepository/CSharp/Glib/TestProjectGlib/bin/Debug/TestProjectGlib.DLL" adapterTypeName="Microsoft.VisualStudio.TestTools.TestTypes.Unit.UnitTestAdapter, Microsoft.VisualStudio.QualityTools.Tips.UnitTest.Adapter, Version=10.0.0.0, Culture=neutral, PublicKeyToken=b03f5f7f11d50a3a" className="TestProjectGlib.FieldTest, TestProjectGlib, Version=1.0.0.0, Culture=neutral, PublicKeyToken=null" name="AsStringTest" />
    </UnitTest>
    <UnitTest name="FieldConstructorTest" storage="c:\gitrepository\csharp\glib\testprojectglib\bin\debug\testprojectglib.dll" id="b0e55dbe-9627-29d0-e870-40fd186609c0">
      <Execution id="cfc8c124-c588-4df5-8b77-c05dd2cbc56a" />
      <TestMethod codeBase="C:/GITRepository/CSharp/Glib/TestProjectGlib/bin/Debug/TestProjectGlib.DLL" adapterTypeName="Microsoft.VisualStudio.TestTools.TestTypes.Unit.UnitTestAdapter, Microsoft.VisualStudio.QualityTools.Tips.UnitTest.Adapter, Version=10.0.0.0, Culture=neutral, PublicKeyToken=b03f5f7f11d50a3a" className="TestProjectGlib.FieldTest, TestProjectGlib, Version=1.0.0.0, Culture=neutral, PublicKeyToken=null" name="FieldConstructorTest" />
    </UnitTest>
    <UnitTest name="AcknowledgementConstructorTest" storage="c:\gitrepository\csharp\glib\testprojectglib\bin\debug\testprojectglib.dll" id="b477f252-4b79-f949-3b9c-3d4c20a0c9c3">
      <Execution id="44796468-c928-4b43-be5b-12358110da49" />
      <TestMethod codeBase="C:/GITRepository/CSharp/Glib/TestProjectGlib/bin/Debug/TestProjectGlib.DLL" adapterTypeName="Microsoft.VisualStudio.TestTools.TestTypes.Unit.UnitTestAdapter, Microsoft.VisualStudio.QualityTools.Tips.UnitTest.Adapter, Version=10.0.0.0, Culture=neutral, PublicKeyToken=b03f5f7f11d50a3a" className="TestProjectGlib.AcknowledgementTest, TestProjectGlib, Version=1.0.0.0, Culture=neutral, PublicKeyToken=null" name="AcknowledgementConstructorTest" />
    </UnitTest>
    <UnitTest name="SubComponentConstructorTest" storage="c:\gitrepository\csharp\glib\testprojectglib\bin\debug\testprojectglib.dll" id="11268daa-86b0-d173-199b-25bae719712c">
      <Execution id="7d2f1895-1b16-4a0d-86c7-0f8796eaf8cd" />
      <TestMethod codeBase="C:/GITRepository/CSharp/Glib/TestProjectGlib/bin/Debug/TestProjectGlib.DLL" adapterTypeName="Microsoft.VisualStudio.TestTools.TestTypes.Unit.UnitTestAdapter, Microsoft.VisualStudio.QualityTools.Tips.UnitTest.Adapter, Version=10.0.0.0, Culture=neutral, PublicKeyToken=b03f5f7f11d50a3a" className="TestProjectGlib.SubComponentTest, TestProjectGlib, Version=1.0.0.0, Culture=neutral, PublicKeyToken=null" name="SubComponentConstructorTest" />
    </UnitTest>
    <UnitTest name="TestFieldCreate" storage="c:\gitrepository\csharp\glib\testprojectglib\bin\debug\testprojectglib.dll" id="32b9b9f5-4397-465f-7bd1-b23ce1b18f86">
      <Execution id="868f909f-1869-4b5b-8358-9189ce1f8bff" />
      <TestMethod codeBase="C:/GITRepository/CSharp/Glib/TestProjectGlib/bin/Debug/TestProjectGlib.DLL" adapterTypeName="Microsoft.VisualStudio.TestTools.TestTypes.Unit.UnitTestAdapter, Microsoft.VisualStudio.QualityTools.Tips.UnitTest.Adapter, Version=10.0.0.0, Culture=neutral, PublicKeyToken=b03f5f7f11d50a3a" className="TestProjectGlib.UnitTestFieldModel, TestProjectGlib, Version=1.0.0.0, Culture=neutral, PublicKeyToken=null" name="TestFieldCreate" />
    </UnitTest>
    <UnitTest name="ContentConstructorTest3" storage="c:\gitrepository\csharp\glib\testprojectglib\bin\debug\testprojectglib.dll" id="baa8f4d2-af73-81d3-a336-66e853b630ff">
      <Execution id="8c8bfcba-a36a-45fd-ace8-a0645d609c7b" />
      <TestMethod codeBase="C:/GITRepository/CSharp/Glib/TestProjectGlib/bin/Debug/TestProjectGlib.DLL" adapterTypeName="Microsoft.VisualStudio.TestTools.TestTypes.Unit.UnitTestAdapter, Microsoft.VisualStudio.QualityTools.Tips.UnitTest.Adapter, Version=10.0.0.0, Culture=neutral, PublicKeyToken=b03f5f7f11d50a3a" className="TestProjectGlib.ContentTest, TestProjectGlib, Version=1.0.0.0, Culture=neutral, PublicKeyToken=null" name="ContentConstructorTest3" />
    </UnitTest>
    <UnitTest name="CloneTest" storage="c:\gitrepository\csharp\glib\testprojectglib\bin\debug\testprojectglib.dll" id="39e3a354-d606-9be4-bb97-f5bfd0567f79">
      <Execution id="d1d60fa4-a508-4770-ac0d-8e9d76ba1c03" />
      <TestMethod codeBase="C:/GITRepository/CSharp/Glib/TestProjectGlib/bin/Debug/TestProjectGlib.DLL" adapterTypeName="Microsoft.VisualStudio.TestTools.TestTypes.Unit.UnitTestAdapter, Microsoft.VisualStudio.QualityTools.Tips.UnitTest.Adapter, Version=10.0.0.0, Culture=neutral, PublicKeyToken=b03f5f7f11d50a3a" className="TestProjectGlib.SubComponentTest, TestProjectGlib, Version=1.0.0.0, Culture=neutral, PublicKeyToken=null" name="CloneTest" />
    </UnitTest>
    <UnitTest name="ToStringTest" storage="c:\gitrepository\csharp\glib\testprojectglib\bin\debug\testprojectglib.dll" id="fa92b225-1c80-948f-b651-d33a64ce3cac">
      <Execution id="e0cf5740-b75c-4c3c-8f46-4997ea528a8e" />
      <TestMethod codeBase="C:/GITRepository/CSharp/Glib/TestProjectGlib/bin/Debug/TestProjectGlib.DLL" adapterTypeName="Microsoft.VisualStudio.TestTools.TestTypes.Unit.UnitTestAdapter, Microsoft.VisualStudio.QualityTools.Tips.UnitTest.Adapter, Version=10.0.0.0, Culture=neutral, PublicKeyToken=b03f5f7f11d50a3a" className="TestProjectGlib.ContentTest, TestProjectGlib, Version=1.0.0.0, Culture=neutral, PublicKeyToken=null" name="ToStringTest" />
    </UnitTest>
    <UnitTest name="ClearAllTest" storage="c:\gitrepository\csharp\glib\testprojectglib\bin\debug\testprojectglib.dll" id="677ed4aa-24e1-a4f3-e8f4-927a4c81ee11">
      <Execution id="dcc849af-0edf-421c-b306-dbafcc0ca633" />
      <TestMethod codeBase="C:/GITRepository/CSharp/Glib/TestProjectGlib/bin/Debug/TestProjectGlib.DLL" adapterTypeName="Microsoft.VisualStudio.TestTools.TestTypes.Unit.UnitTestAdapter, Microsoft.VisualStudio.QualityTools.Tips.UnitTest.Adapter, Version=10.0.0.0, Culture=neutral, PublicKeyToken=b03f5f7f11d50a3a" className="TestProjectGlib.ContentTest, TestProjectGlib, Version=1.0.0.0, Culture=neutral, PublicKeyToken=null" name="ClearAllTest" />
    </UnitTest>
    <UnitTest name="ContentTest" storage="c:\gitrepository\csharp\glib\testprojectglib\bin\debug\testprojectglib.dll" id="04e08b98-bb12-a629-14b1-feb8137e2934">
      <Execution id="443f43d4-8595-45b4-9919-1a61a50f1b95" />
      <TestMethod codeBase="C:/GITRepository/CSharp/Glib/TestProjectGlib/bin/Debug/TestProjectGlib.DLL" adapterTypeName="Microsoft.VisualStudio.TestTools.TestTypes.Unit.UnitTestAdapter, Microsoft.VisualStudio.QualityTools.Tips.UnitTest.Adapter, Version=10.0.0.0, Culture=neutral, PublicKeyToken=b03f5f7f11d50a3a" className="TestProjectGlib.FieldTest, TestProjectGlib, Version=1.0.0.0, Culture=neutral, PublicKeyToken=null" name="ContentTest" />
    </UnitTest>
    <UnitTest name="ClearAllTest" storage="c:\gitrepository\csharp\glib\testprojectglib\bin\debug\testprojectglib.dll" id="f905724f-1c6d-f503-1ea1-99061dc1e8c0">
      <Execution id="56ed58c1-4273-4c49-8e4d-add9fa73ecb3" />
      <TestMethod codeBase="C:/GITRepository/CSharp/Glib/TestProjectGlib/bin/Debug/TestProjectGlib.DLL" adapterTypeName="Microsoft.VisualStudio.TestTools.TestTypes.Unit.UnitTestAdapter, Microsoft.VisualStudio.QualityTools.Tips.UnitTest.Adapter, Version=10.0.0.0, Culture=neutral, PublicKeyToken=b03f5f7f11d50a3a" className="TestProjectGlib.ComponentTest, TestProjectGlib, Version=1.0.0.0, Culture=neutral, PublicKeyToken=null" name="ClearAllTest" />
    </UnitTest>
    <UnitTest name="SubComponetCountTest" storage="c:\gitrepository\csharp\glib\testprojectglib\bin\debug\testprojectglib.dll" id="1e25bf9c-923f-2e54-f059-c3a6192cbb51">
      <Execution id="fe191c64-2ecc-4777-8818-e7bba50cc6f4" />
      <TestMethod codeBase="C:/GITRepository/CSharp/Glib/TestProjectGlib/bin/Debug/TestProjectGlib.DLL" adapterTypeName="Microsoft.VisualStudio.TestTools.TestTypes.Unit.UnitTestAdapter, Microsoft.VisualStudio.QualityTools.Tips.UnitTest.Adapter, Version=10.0.0.0, Culture=neutral, PublicKeyToken=b03f5f7f11d50a3a" className="TestProjectGlib.ElementTest, TestProjectGlib, Version=1.0.0.0, Culture=neutral, PublicKeyToken=null" name="SubComponetCountTest" />
    </UnitTest>
    <UnitTest name="TestSubComponentSettingContent" storage="c:\gitrepository\csharp\glib\testprojectglib\bin\debug\testprojectglib.dll" id="bddb2672-714c-c0cc-af8d-4f49c9398348">
      <Execution id="24de629d-1288-4dd2-abf8-55e45328292a" />
      <TestMethod codeBase="C:/GITRepository/CSharp/Glib/TestProjectGlib/bin/Debug/TestProjectGlib.DLL" adapterTypeName="Microsoft.VisualStudio.TestTools.TestTypes.Unit.UnitTestAdapter, Microsoft.VisualStudio.QualityTools.Tips.UnitTest.Adapter, Version=10.0.0.0, Culture=neutral, PublicKeyToken=b03f5f7f11d50a3a" className="TestProjectGlib.UnitTestSubComponentModel, TestProjectGlib, Version=1.0.0.0, Culture=neutral, PublicKeyToken=null" name="TestSubComponentSettingContent" />
    </UnitTest>
    <UnitTest name="MessageDelimitersTest" storage="c:\gitrepository\csharp\glib\testprojectglib\bin\debug\testprojectglib.dll" id="c9b407e9-f52b-5545-23a8-ac0caf216314">
      <Execution id="3573ec6d-18f6-4abb-b2dc-681abe77d61d" />
      <TestMethod codeBase="C:/GITRepository/CSharp/Glib/TestProjectGlib/bin/Debug/TestProjectGlib.DLL" adapterTypeName="Microsoft.VisualStudio.TestTools.TestTypes.Unit.UnitTestAdapter, Microsoft.VisualStudio.QualityTools.Tips.UnitTest.Adapter, Version=10.0.0.0, Culture=neutral, PublicKeyToken=b03f5f7f11d50a3a" className="TestProjectGlib.MessageTest, TestProjectGlib, Version=1.0.0.0, Culture=neutral, PublicKeyToken=null" name="MessageDelimitersTest" />
    </UnitTest>
    <UnitTest name="SubComponentCountTest" storage="c:\gitrepository\csharp\glib\testprojectglib\bin\debug\testprojectglib.dll" id="ab9e9665-3f72-e3ec-cde1-28e4338cc8ba">
      <Execution id="9ed70b30-2f70-4baa-8593-cb8df9908416" />
      <TestMethod codeBase="C:/GITRepository/CSharp/Glib/TestProjectGlib/bin/Debug/TestProjectGlib.DLL" adapterTypeName="Microsoft.VisualStudio.TestTools.TestTypes.Unit.UnitTestAdapter, Microsoft.VisualStudio.QualityTools.Tips.UnitTest.Adapter, Version=10.0.0.0, Culture=neutral, PublicKeyToken=b03f5f7f11d50a3a" className="TestProjectGlib.ComponentTest, TestProjectGlib, Version=1.0.0.0, Culture=neutral, PublicKeyToken=null" name="SubComponentCountTest" />
    </UnitTest>
    <UnitTest name="ToStringTest" storage="c:\gitrepository\csharp\glib\testprojectglib\bin\debug\testprojectglib.dll" id="eb7c9f06-98e8-445c-f673-5e23c0368493">
      <Execution id="ba53a1ce-f0c4-43f1-83b9-970730a093b4" />
      <TestMethod codeBase="C:/GITRepository/CSharp/Glib/TestProjectGlib/bin/Debug/TestProjectGlib.DLL" adapterTypeName="Microsoft.VisualStudio.TestTools.TestTypes.Unit.UnitTestAdapter, Microsoft.VisualStudio.QualityTools.Tips.UnitTest.Adapter, Version=10.0.0.0, Culture=neutral, PublicKeyToken=b03f5f7f11d50a3a" className="TestProjectGlib.ComponentTest, TestProjectGlib, Version=1.0.0.0, Culture=neutral, PublicKeyToken=null" name="ToStringTest" />
    </UnitTest>
    <UnitTest name="IsHL7NullTest" storage="c:\gitrepository\csharp\glib\testprojectglib\bin\debug\testprojectglib.dll" id="420633fa-66a7-beb3-30dc-0c033798d775">
      <Execution id="535f0f4a-72be-4bf8-994d-9d615975aa1b" />
      <TestMethod codeBase="C:/GITRepository/CSharp/Glib/TestProjectGlib/bin/Debug/TestProjectGlib.DLL" adapterTypeName="Microsoft.VisualStudio.TestTools.TestTypes.Unit.UnitTestAdapter, Microsoft.VisualStudio.QualityTools.Tips.UnitTest.Adapter, Version=10.0.0.0, Culture=neutral, PublicKeyToken=b03f5f7f11d50a3a" className="TestProjectGlib.ContentTest, TestProjectGlib, Version=1.0.0.0, Culture=neutral, PublicKeyToken=null" name="IsHL7NullTest" />
    </UnitTest>
    <UnitTest name="SubComponentConstructorTest1" storage="c:\gitrepository\csharp\glib\testprojectglib\bin\debug\testprojectglib.dll" id="d3943c0f-ce5d-ed19-da04-4c5b640e1ebe">
      <Execution id="6c8acf30-58b1-4cdb-a20f-bb5559e7a7d6" />
      <TestMethod codeBase="C:/GITRepository/CSharp/Glib/TestProjectGlib/bin/Debug/TestProjectGlib.DLL" adapterTypeName="Microsoft.VisualStudio.TestTools.TestTypes.Unit.UnitTestAdapter, Microsoft.VisualStudio.QualityTools.Tips.UnitTest.Adapter, Version=10.0.0.0, Culture=neutral, PublicKeyToken=b03f5f7f11d50a3a" className="TestProjectGlib.SubComponentTest, TestProjectGlib, Version=1.0.0.0, Culture=neutral, PublicKeyToken=null" name="SubComponentConstructorTest1" />
    </UnitTest>
    <UnitTest name="RepeatCountTest" storage="c:\gitrepository\csharp\glib\testprojectglib\bin\debug\testprojectglib.dll" id="aa7da896-049c-1372-5ace-65c40d863a0b">
      <Execution id="8e7bb451-c7b6-46c8-8b06-6b6ad0d249e0" />
      <TestMethod codeBase="C:/GITRepository/CSharp/Glib/TestProjectGlib/bin/Debug/TestProjectGlib.DLL" adapterTypeName="Microsoft.VisualStudio.TestTools.TestTypes.Unit.UnitTestAdapter, Microsoft.VisualStudio.QualityTools.Tips.UnitTest.Adapter, Version=10.0.0.0, Culture=neutral, PublicKeyToken=b03f5f7f11d50a3a" className="TestProjectGlib.ElementTest, TestProjectGlib, Version=1.0.0.0, Culture=neutral, PublicKeyToken=null" name="RepeatCountTest" />
    </UnitTest>
    <UnitTest name="InsertTest3" storage="c:\gitrepository\csharp\glib\testprojectglib\bin\debug\testprojectglib.dll" id="a34c32cb-cea3-31c6-43ca-196cb4fdd295">
      <Execution id="29858e67-88ac-4063-8e9a-85af39b5243e" />
      <TestMethod codeBase="C:/GITRepository/CSharp/Glib/TestProjectGlib/bin/Debug/TestProjectGlib.DLL" adapterTypeName="Microsoft.VisualStudio.TestTools.TestTypes.Unit.UnitTestAdapter, Microsoft.VisualStudio.QualityTools.Tips.UnitTest.Adapter, Version=10.0.0.0, Culture=neutral, PublicKeyToken=b03f5f7f11d50a3a" className="TestProjectGlib.FieldTest, TestProjectGlib, Version=1.0.0.0, Culture=neutral, PublicKeyToken=null" name="InsertTest3" />
    </UnitTest>
    <UnitTest name="ClearAllTest" storage="c:\gitrepository\csharp\glib\testprojectglib\bin\debug\testprojectglib.dll" id="c25354f1-91ca-77ad-073d-519f37cb713d">
      <Execution id="bce97191-3e5f-4bc7-9842-3beac0461e19" />
      <TestMethod codeBase="C:/GITRepository/CSharp/Glib/TestProjectGlib/bin/Debug/TestProjectGlib.DLL" adapterTypeName="Microsoft.VisualStudio.TestTools.TestTypes.Unit.UnitTestAdapter, Microsoft.VisualStudio.QualityTools.Tips.UnitTest.Adapter, Version=10.0.0.0, Culture=neutral, PublicKeyToken=b03f5f7f11d50a3a" className="TestProjectGlib.SegmentTest, TestProjectGlib, Version=1.0.0.0, Culture=neutral, PublicKeyToken=null" name="ClearAllTest" />
    </UnitTest>
    <UnitTest name="MessageConstructorTest2" storage="c:\gitrepository\csharp\glib\testprojectglib\bin\debug\testprojectglib.dll" id="2b092f7d-5a0b-451d-0f1f-2d05899b85b2">
      <Execution id="f5470f3a-caff-4c90-b753-5c14ea235e83" />
      <TestMethod codeBase="C:/GITRepository/CSharp/Glib/TestProjectGlib/bin/Debug/TestProjectGlib.DLL" adapterTypeName="Microsoft.VisualStudio.TestTools.TestTypes.Unit.UnitTestAdapter, Microsoft.VisualStudio.QualityTools.Tips.UnitTest.Adapter, Version=10.0.0.0, Culture=neutral, PublicKeyToken=b03f5f7f11d50a3a" className="TestProjectGlib.MessageTest, TestProjectGlib, Version=1.0.0.0, Culture=neutral, PublicKeyToken=null" name="MessageConstructorTest2" />
    </UnitTest>
    <UnitTest name="TestMessageCreate" storage="c:\gitrepository\csharp\glib\testprojectglib\bin\debug\testprojectglib.dll" id="f772f6d6-23ef-6c93-47fe-814b8ff01373">
      <Execution id="0a069fb0-39e7-4b76-954d-d7893e0e071d" />
      <TestMethod codeBase="C:/GITRepository/CSharp/Glib/TestProjectGlib/bin/Debug/TestProjectGlib.DLL" adapterTypeName="Microsoft.VisualStudio.TestTools.TestTypes.Unit.UnitTestAdapter, Microsoft.VisualStudio.QualityTools.Tips.UnitTest.Adapter, Version=10.0.0.0, Culture=neutral, PublicKeyToken=b03f5f7f11d50a3a" className="TestProjectGlib.UnitTestMessageModel, TestProjectGlib, Version=1.0.0.0, Culture=neutral, PublicKeyToken=null" name="TestMessageCreate" />
    </UnitTest>
    <UnitTest name="RemoveFromParentTest" storage="c:\gitrepository\csharp\glib\testprojectglib\bin\debug\testprojectglib.dll" id="9e048108-ae91-740c-482e-fa78e0b8fe8f">
      <DeploymentItems>
        <DeploymentItem filename="Glib.dll" />
      </DeploymentItems>
      <Execution id="02995a45-eddc-4c01-96fa-354d78029f9c" />
      <TestMethod codeBase="C:/GITRepository/CSharp/Glib/TestProjectGlib/bin/Debug/TestProjectGlib.DLL" adapterTypeName="Microsoft.VisualStudio.TestTools.TestTypes.Unit.UnitTestAdapter, Microsoft.VisualStudio.QualityTools.Tips.UnitTest.Adapter, Version=10.0.0.0, Culture=neutral, PublicKeyToken=b03f5f7f11d50a3a" className="TestProjectGlib.ContentTest, TestProjectGlib, Version=1.0.0.0, Culture=neutral, PublicKeyToken=null" name="RemoveFromParentTest" />
    </UnitTest>
    <UnitTest name="AddTest1" storage="c:\gitrepository\csharp\glib\testprojectglib\bin\debug\testprojectglib.dll" id="676d25eb-96ba-b58d-4ca9-a91acd9cc17d">
      <Execution id="a3dd51d0-db77-43e6-b29d-1ccdf0cbfd26" />
      <TestMethod codeBase="C:/GITRepository/CSharp/Glib/TestProjectGlib/bin/Debug/TestProjectGlib.DLL" adapterTypeName="Microsoft.VisualStudio.TestTools.TestTypes.Unit.UnitTestAdapter, Microsoft.VisualStudio.QualityTools.Tips.UnitTest.Adapter, Version=10.0.0.0, Culture=neutral, PublicKeyToken=b03f5f7f11d50a3a" className="TestProjectGlib.ComponentTest, TestProjectGlib, Version=1.0.0.0, Culture=neutral, PublicKeyToken=null" name="AddTest1" />
    </UnitTest>
    <UnitTest name="TestComponentCreate" storage="c:\gitrepository\csharp\glib\testprojectglib\bin\debug\testprojectglib.dll" id="ca96ed79-94d8-04a6-bf7b-d63d87b091a4">
      <Execution id="07ab5160-2ae0-48a6-b530-3a6b77d18f3f" />
      <TestMethod codeBase="C:/GITRepository/CSharp/Glib/TestProjectGlib/bin/Debug/TestProjectGlib.DLL" adapterTypeName="Microsoft.VisualStudio.TestTools.TestTypes.Unit.UnitTestAdapter, Microsoft.VisualStudio.QualityTools.Tips.UnitTest.Adapter, Version=10.0.0.0, Culture=neutral, PublicKeyToken=b03f5f7f11d50a3a" className="TestProjectGlib.UnitTestComponentModel, TestProjectGlib, Version=1.0.0.0, Culture=neutral, PublicKeyToken=null" name="TestComponentCreate" />
    </UnitTest>
    <UnitTest name="ToStringTest" storage="c:\gitrepository\csharp\glib\testprojectglib\bin\debug\testprojectglib.dll" id="593a920e-748d-d2c8-1eef-c1a6246e1faf">
      <Execution id="57ee500d-38b4-4ebb-b54a-ea4e61680304" />
      <TestMethod codeBase="C:/GITRepository/CSharp/Glib/TestProjectGlib/bin/Debug/TestProjectGlib.DLL" adapterTypeName="Microsoft.VisualStudio.TestTools.TestTypes.Unit.UnitTestAdapter, Microsoft.VisualStudio.QualityTools.Tips.UnitTest.Adapter, Version=10.0.0.0, Culture=neutral, PublicKeyToken=b03f5f7f11d50a3a" className="TestProjectGlib.SegmentTest, TestProjectGlib, Version=1.0.0.0, Culture=neutral, PublicKeyToken=null" name="ToStringTest" />
    </UnitTest>
    <UnitTest name="ClearAllTest" storage="c:\gitrepository\csharp\glib\testprojectglib\bin\debug\testprojectglib.dll" id="401f6d47-bdb0-9eb0-c723-cfb3a63815bf">
      <Execution id="8cc43842-1189-4349-86c2-1941667c1d19" />
      <TestMethod codeBase="C:/GITRepository/CSharp/Glib/TestProjectGlib/bin/Debug/TestProjectGlib.DLL" adapterTypeName="Microsoft.VisualStudio.TestTools.TestTypes.Unit.UnitTestAdapter, Microsoft.VisualStudio.QualityTools.Tips.UnitTest.Adapter, Version=10.0.0.0, Culture=neutral, PublicKeyToken=b03f5f7f11d50a3a" className="TestProjectGlib.ElementTest, TestProjectGlib, Version=1.0.0.0, Culture=neutral, PublicKeyToken=null" name="ClearAllTest" />
    </UnitTest>
    <UnitTest name="AddTest3" storage="c:\gitrepository\csharp\glib\testprojectglib\bin\debug\testprojectglib.dll" id="df048f7c-7c6b-ca42-8bc4-dbb8d2015065">
      <Execution id="cf08a565-db60-49f2-97bf-25217c95b235" />
      <TestMethod codeBase="C:/GITRepository/CSharp/Glib/TestProjectGlib/bin/Debug/TestProjectGlib.DLL" adapterTypeName="Microsoft.VisualStudio.TestTools.TestTypes.Unit.UnitTestAdapter, Microsoft.VisualStudio.QualityTools.Tips.UnitTest.Adapter, Version=10.0.0.0, Culture=neutral, PublicKeyToken=b03f5f7f11d50a3a" className="TestProjectGlib.FieldTest, TestProjectGlib, Version=1.0.0.0, Culture=neutral, PublicKeyToken=null" name="AddTest3" />
    </UnitTest>
  </TestDefinitions>
  <TestLists>
    <TestList name="Results Not in a List" id="8c84fa94-04c1-424b-9868-57a2d4851a1d" />
    <TestList name="All Loaded Results" id="19431567-8539-422a-85d7-44ee4e166bda" />
  </TestLists>
  <TestEntries>
    <TestEntry testId="99fb2eb8-119a-1b3b-515d-cfb72e2170e7" executionId="ddb4c6f5-5560-4d09-9c2b-65399a006f33" testListId="8c84fa94-04c1-424b-9868-57a2d4851a1d" />
    <TestEntry testId="cf0331c5-2fa8-bf12-d782-16ed1b688031" executionId="802e77b7-d5db-4527-9350-84599faa5e1b" testListId="8c84fa94-04c1-424b-9868-57a2d4851a1d" />
    <TestEntry testId="41a40ccb-4f8b-eaf2-a926-d8737431f0a1" executionId="1d06ec49-cc08-469d-87f8-bb8c5bcbedff" testListId="8c84fa94-04c1-424b-9868-57a2d4851a1d" />
    <TestEntry testId="0ea72b90-d965-177f-3b59-b23d18e2180f" executionId="43ddd31b-a26a-43e3-b81d-6f4fb20510d8" testListId="8c84fa94-04c1-424b-9868-57a2d4851a1d" />
    <TestEntry testId="c25354f1-91ca-77ad-073d-519f37cb713d" executionId="bce97191-3e5f-4bc7-9842-3beac0461e19" testListId="8c84fa94-04c1-424b-9868-57a2d4851a1d" />
    <TestEntry testId="c3f602b3-e22c-03e3-9482-4e48793ee541" executionId="2246425b-04af-4fb8-8df4-41cf80ad9a34" testListId="8c84fa94-04c1-424b-9868-57a2d4851a1d" />
    <TestEntry testId="309eaed0-406a-b977-2776-25e33edaa131" executionId="03264d83-bc25-4f21-876b-0ed18496c1e0" testListId="8c84fa94-04c1-424b-9868-57a2d4851a1d" />
    <TestEntry testId="37d7cf32-7d6e-fd8d-c748-95a5f9978a3b" executionId="3b713bb7-dd72-4faf-a842-bd79dffdce69" testListId="8c84fa94-04c1-424b-9868-57a2d4851a1d" />
    <TestEntry testId="b66803f3-d1c3-75df-448f-f4647b60ee70" executionId="4a56e6be-1a1a-49db-9e06-016ffd5dc904" testListId="8c84fa94-04c1-424b-9868-57a2d4851a1d" />
    <TestEntry testId="6dbc6246-dac8-b085-dab5-ae377dd35ff4" executionId="a3e1b4bf-5785-4180-b0e8-9230c90c46c4" testListId="8c84fa94-04c1-424b-9868-57a2d4851a1d" />
    <TestEntry testId="23250478-3e21-0f3a-b9d4-b6567e952dab" executionId="103bf890-afdf-490a-8340-7cc8bf942c38" testListId="8c84fa94-04c1-424b-9868-57a2d4851a1d" />
    <TestEntry testId="62c24a39-3e15-9930-3a10-9e29e5408430" executionId="bb579248-e011-4d38-99db-958e8a3b4524" testListId="8c84fa94-04c1-424b-9868-57a2d4851a1d" />
    <TestEntry testId="593a920e-748d-d2c8-1eef-c1a6246e1faf" executionId="57ee500d-38b4-4ebb-b54a-ea4e61680304" testListId="8c84fa94-04c1-424b-9868-57a2d4851a1d" />
    <TestEntry testId="61d915a8-86d1-e168-b602-35ae0b47f9fd" executionId="8a64b2bc-c694-4273-8713-e5c8e18a8e5c" testListId="8c84fa94-04c1-424b-9868-57a2d4851a1d" />
    <TestEntry testId="0844c158-a09b-d477-298d-b8878e5ac24c" executionId="b1aeccbe-fad3-4feb-a82d-19329752ac0d" testListId="8c84fa94-04c1-424b-9868-57a2d4851a1d" />
    <TestEntry testId="2c490933-23ca-68f4-cbd9-a962f93322ae" executionId="7ba8a3c9-b13c-4a95-a390-73992f56f653" testListId="8c84fa94-04c1-424b-9868-57a2d4851a1d" />
    <TestEntry testId="ec189549-039f-45e1-76a6-e98207878bbb" executionId="d1588ffb-8371-42e9-bead-ba328f11f556" testListId="8c84fa94-04c1-424b-9868-57a2d4851a1d" />
    <TestEntry testId="a377d093-f83b-e7bd-a0ac-c17a19edb172" executionId="bb422af0-d506-4200-9c2a-d8039cb190e2" testListId="8c84fa94-04c1-424b-9868-57a2d4851a1d" />
    <TestEntry testId="022ebc19-0254-f9d2-e8a4-73c912b322ed" executionId="936193f2-5eb5-4d82-a176-63bda1f6566f" testListId="8c84fa94-04c1-424b-9868-57a2d4851a1d" />
    <TestEntry testId="cf4312db-1cfd-c36c-6be2-11038648e5ab" executionId="f8c6c78f-5748-417c-a3b4-4b3d153dba7e" testListId="8c84fa94-04c1-424b-9868-57a2d4851a1d" />
    <TestEntry testId="843d7c55-8e65-7aae-3224-87c8a2ae1608" executionId="988f4239-b3d2-474e-a219-295745c13801" testListId="8c84fa94-04c1-424b-9868-57a2d4851a1d" />
    <TestEntry testId="369bfc87-6600-6ec7-a8e2-f11d970fc6f9" executionId="fa092610-62b1-4013-a2ef-3aca7a25beb5" testListId="8c84fa94-04c1-424b-9868-57a2d4851a1d" />
    <TestEntry testId="a6eb57c4-f127-befd-4cff-cd6450458a49" executionId="016e3f24-1b8c-47f1-af21-c8b5aa2303cd" testListId="8c84fa94-04c1-424b-9868-57a2d4851a1d" />
    <TestEntry testId="51a85036-5f64-e861-a6da-8054c6aea340" executionId="2c34b000-0256-4cf6-93c6-a578a04d0c8e" testListId="8c84fa94-04c1-424b-9868-57a2d4851a1d" />
    <TestEntry testId="185dc60c-75d6-b20a-81be-f0dc0aef7d75" executionId="c4de78f5-7672-4f49-b6d3-3b03577e300b" testListId="8c84fa94-04c1-424b-9868-57a2d4851a1d" />
    <TestEntry testId="676d25eb-96ba-b58d-4ca9-a91acd9cc17d" executionId="a3dd51d0-db77-43e6-b29d-1ccdf0cbfd26" testListId="8c84fa94-04c1-424b-9868-57a2d4851a1d" />
    <TestEntry testId="ad159295-304a-454e-5aef-3d16df864bbe" executionId="e873fde3-7532-431e-bcb5-575b1bb8e050" testListId="8c84fa94-04c1-424b-9868-57a2d4851a1d" />
    <TestEntry testId="f905724f-1c6d-f503-1ea1-99061dc1e8c0" executionId="56ed58c1-4273-4c49-8e4d-add9fa73ecb3" testListId="8c84fa94-04c1-424b-9868-57a2d4851a1d" />
    <TestEntry testId="dc85e865-8853-fe27-7c73-49c537e0422c" executionId="e1834363-0782-4f3a-8031-9492eed49a18" testListId="8c84fa94-04c1-424b-9868-57a2d4851a1d" />
    <TestEntry testId="0170dd5b-04c0-9d08-ac20-91df6a41bef8" executionId="ec05bffb-f911-4c60-a37d-97edb1723d75" testListId="8c84fa94-04c1-424b-9868-57a2d4851a1d" />
    <TestEntry testId="9e897f89-e5b1-083a-7aab-f2a7899996d0" executionId="8bf953f7-9acc-4eec-bb33-f522a072ee52" testListId="8c84fa94-04c1-424b-9868-57a2d4851a1d" />
    <TestEntry testId="bc0f9aee-af0e-309f-c331-5b7305dffd88" executionId="0213a81a-416c-489f-a3f8-3ac059e38e46" testListId="8c84fa94-04c1-424b-9868-57a2d4851a1d" />
    <TestEntry testId="90c445ca-3a67-c106-b015-7a4dd4a33253" executionId="8f94f7b5-1884-4d0d-a4ba-b798ec8822fd" testListId="8c84fa94-04c1-424b-9868-57a2d4851a1d" />
    <TestEntry testId="f68c8a02-1470-d08d-1c7b-4369d1481c87" executionId="1c07a539-06ff-40f4-aafa-7db5b55dadab" testListId="8c84fa94-04c1-424b-9868-57a2d4851a1d" />
    <TestEntry testId="3bbb9637-de42-44c8-d031-1764421810d0" executionId="2a1c578d-7919-4f67-b1d3-8c41c9b06329" testListId="8c84fa94-04c1-424b-9868-57a2d4851a1d" />
    <TestEntry testId="b3d350c4-b091-6fe0-74e1-34517bbb2e68" executionId="50f369d0-51b8-477a-bffe-7683277fa33f" testListId="8c84fa94-04c1-424b-9868-57a2d4851a1d" />
    <TestEntry testId="c3d2d8ae-14f9-c6cb-f090-b1bbcb1098e1" executionId="be5d2c24-d0ec-439b-a84e-5fe1d72b46b6" testListId="8c84fa94-04c1-424b-9868-57a2d4851a1d" />
    <TestEntry testId="eb7c9f06-98e8-445c-f673-5e23c0368493" executionId="ba53a1ce-f0c4-43f1-83b9-970730a093b4" testListId="8c84fa94-04c1-424b-9868-57a2d4851a1d" />
    <TestEntry testId="33cb0d51-1036-f8e4-de2e-0a4394912383" executionId="925720b3-dbf1-4cc3-85b4-df6e31929800" testListId="8c84fa94-04c1-424b-9868-57a2d4851a1d" />
    <TestEntry testId="103ae38f-7bdb-fa7e-61ed-44691586c811" executionId="523750d1-b0d3-4325-940b-2cac70111168" testListId="8c84fa94-04c1-424b-9868-57a2d4851a1d" />
    <TestEntry testId="99583b5b-0b22-162b-1710-cae4f7ff2a39" executionId="796dd4f6-e12d-4e4c-a71f-f3ff29000792" testListId="8c84fa94-04c1-424b-9868-57a2d4851a1d" />
    <TestEntry testId="07a45700-0b26-e484-c6c1-cc15104bb68b" executionId="4be452d0-f78d-4a7d-85f1-f6668bab5463" testListId="8c84fa94-04c1-424b-9868-57a2d4851a1d" />
    <TestEntry testId="3296d32a-d554-a5a0-56b4-4587df1a76bd" executionId="f2548fd8-72d6-465e-8d5b-17bd21404da1" testListId="8c84fa94-04c1-424b-9868-57a2d4851a1d" />
    <TestEntry testId="ab9e9665-3f72-e3ec-cde1-28e4338cc8ba" executionId="9ed70b30-2f70-4baa-8593-cb8df9908416" testListId="8c84fa94-04c1-424b-9868-57a2d4851a1d" />
    <TestEntry testId="485fbc4e-b87e-c449-d941-c4ad880a6114" executionId="c85c7ed6-edd5-4429-968f-399186e032bf" testListId="8c84fa94-04c1-424b-9868-57a2d4851a1d" />
    <TestEntry testId="2a867a65-2f84-ff26-c105-0f078d77b06c" executionId="f8f29a2b-c0dc-4d32-a815-f1f8ccb87bf1" testListId="8c84fa94-04c1-424b-9868-57a2d4851a1d" />
    <TestEntry testId="dc5c1174-a19a-b858-78d3-868e90f52906" executionId="9732a68d-a27f-4a4c-83d5-adc69570b567" testListId="8c84fa94-04c1-424b-9868-57a2d4851a1d" />
    <TestEntry testId="862b0f23-3edd-c5ed-5811-6f4626fd9e20" executionId="b3e16242-d984-4f52-8c22-88e89c2a43e7" testListId="8c84fa94-04c1-424b-9868-57a2d4851a1d" />
    <TestEntry testId="0f69c36b-493c-8fb0-e292-61a29a24b837" executionId="d82c22ff-c7cb-48ae-bd91-f79130eb8085" testListId="8c84fa94-04c1-424b-9868-57a2d4851a1d" />
    <TestEntry testId="2f654289-9617-b10b-e542-e8186ac6ae6d" executionId="a6f3ebe3-176a-43a1-ac44-1e5827324318" testListId="8c84fa94-04c1-424b-9868-57a2d4851a1d" />
    <TestEntry testId="2b092f7d-5a0b-451d-0f1f-2d05899b85b2" executionId="f5470f3a-caff-4c90-b753-5c14ea235e83" testListId="8c84fa94-04c1-424b-9868-57a2d4851a1d" />
    <TestEntry testId="6604cd26-de27-ebd9-cd59-d7c8c3f48c0d" executionId="203c10c0-ee74-4147-80eb-6a22fc52c27a" testListId="8c84fa94-04c1-424b-9868-57a2d4851a1d" />
    <TestEntry testId="9d575baf-4a71-ba25-05e3-403d9f9e7372" executionId="b085f134-c11f-43b9-90d2-919ff2744c19" testListId="8c84fa94-04c1-424b-9868-57a2d4851a1d" />
    <TestEntry testId="90fdd12e-0421-b4a1-ef81-0bb83465e065" executionId="2819a8bd-8833-410a-b8a3-69ec2a50b3f1" testListId="8c84fa94-04c1-424b-9868-57a2d4851a1d" />
    <TestEntry testId="faec3610-6546-8bf2-fdbe-dee7799c6609" executionId="81a4af16-50a8-4a10-9d8d-72470d9bee4f" testListId="8c84fa94-04c1-424b-9868-57a2d4851a1d" />
    <TestEntry testId="94e97998-8db0-2910-eb4b-454814672011" executionId="9196607e-2db0-46a7-83a8-b1cbbb21f696" testListId="8c84fa94-04c1-424b-9868-57a2d4851a1d" />
    <TestEntry testId="64d2a0a5-d6a5-16ae-7d91-b88c49d33cb5" executionId="df8698c1-edff-432a-99a1-bbd24d41d557" testListId="8c84fa94-04c1-424b-9868-57a2d4851a1d" />
    <TestEntry testId="1713cf26-171e-b64b-87bb-b96ad4328d79" executionId="96969f09-a8bd-4e7b-b5b2-29cc26d67992" testListId="8c84fa94-04c1-424b-9868-57a2d4851a1d" />
    <TestEntry testId="657b03ae-c6ed-cf3b-d3fd-383cfaaed277" executionId="516cc106-3d04-4155-bf78-258c3a1c96bc" testListId="8c84fa94-04c1-424b-9868-57a2d4851a1d" />
    <TestEntry testId="b2eb1e14-bea9-e296-a2b0-1e95dd6e0f89" executionId="ae79c844-2b52-47dc-bf7f-1efe26e09357" testListId="8c84fa94-04c1-424b-9868-57a2d4851a1d" />
    <TestEntry testId="beb508f7-d47b-8ea2-828f-479b5652e52a" executionId="e42b61af-1401-4ad3-a19f-9fef1e7b234b" testListId="8c84fa94-04c1-424b-9868-57a2d4851a1d" />
    <TestEntry testId="068ee4da-4219-485f-f9a9-dc524fcc05e8" executionId="a42ed7e3-aa8a-46db-99a6-58e73eb43ec8" testListId="8c84fa94-04c1-424b-9868-57a2d4851a1d" />
    <TestEntry testId="5e302a5a-64aa-d67b-fb8f-15049ebc8f93" executionId="8d440314-ab70-4d8f-bad7-dc5828adcf9d" testListId="8c84fa94-04c1-424b-9868-57a2d4851a1d" />
    <TestEntry testId="d58d6679-95d9-8945-1be6-c76566ab3d36" executionId="c178303c-cf93-4a9c-8c32-c5e704b76562" testListId="8c84fa94-04c1-424b-9868-57a2d4851a1d" />
    <TestEntry testId="5768ccdc-d49c-7975-171c-f0931bc421e3" executionId="e83c3fa1-27fa-4b94-9cd7-c31d256c6731" testListId="8c84fa94-04c1-424b-9868-57a2d4851a1d" />
    <TestEntry testId="282e4e5e-978c-9145-a967-60e02e5af049" executionId="b5018ac8-11e7-4a95-aba4-8f85ec506716" testListId="8c84fa94-04c1-424b-9868-57a2d4851a1d" />
    <TestEntry testId="cc555133-a437-76ab-0a74-82c55de705e8" executionId="b3413d7f-5c0e-4f32-b13f-c552f2b49a93" testListId="8c84fa94-04c1-424b-9868-57a2d4851a1d" />
    <TestEntry testId="c9b407e9-f52b-5545-23a8-ac0caf216314" executionId="3573ec6d-18f6-4abb-b2dc-681abe77d61d" testListId="8c84fa94-04c1-424b-9868-57a2d4851a1d" />
    <TestEntry testId="9eda4ff3-53a4-53d4-9c19-a43129d94713" executionId="9b0d0180-9259-4b3d-a40a-c95248676244" testListId="8c84fa94-04c1-424b-9868-57a2d4851a1d" />
    <TestEntry testId="f1df2fe0-5c6a-90b0-37fe-55420582e959" executionId="24fe4d3a-763f-4bf1-8d73-fa4100462414" testListId="8c84fa94-04c1-424b-9868-57a2d4851a1d" />
    <TestEntry testId="53c8ecc0-4679-34d3-58d6-99419f23d04f" executionId="09dc67ae-0ae7-43c2-8092-5b33ba51dd2c" testListId="8c84fa94-04c1-424b-9868-57a2d4851a1d" />
    <TestEntry testId="ca074321-703a-c011-3524-71ae90f517d5" executionId="cff3457f-f8e3-49a5-b9d8-3a93d7ad0e82" testListId="8c84fa94-04c1-424b-9868-57a2d4851a1d" />
    <TestEntry testId="90fc6482-05af-7f6e-6cb8-840ab35eea4f" executionId="014a52ac-c3c3-488e-8670-52bfba64028e" testListId="8c84fa94-04c1-424b-9868-57a2d4851a1d" />
    <TestEntry testId="64ae8d55-89fb-da08-2317-c83fb43485a3" executionId="f9f2c345-a0bc-43fb-846c-91c975a6864f" testListId="8c84fa94-04c1-424b-9868-57a2d4851a1d" />
    <TestEntry testId="468af397-02e2-4a09-a426-2797ac48bb2f" executionId="9d4dbdaa-d1d8-49c1-b491-be63ce20677f" testListId="8c84fa94-04c1-424b-9868-57a2d4851a1d" />
    <TestEntry testId="212330fe-5b56-bbfa-0098-97f0e426596f" executionId="7f826701-d635-4813-919f-0938931cf3e3" testListId="8c84fa94-04c1-424b-9868-57a2d4851a1d" />
    <TestEntry testId="4b69f646-3fd7-1906-dc9c-283732d9870f" executionId="5c0a99b7-e399-4f4c-9342-4e956b40ac22" testListId="8c84fa94-04c1-424b-9868-57a2d4851a1d" />
    <TestEntry testId="69006a4b-2bb8-cd05-18cd-ebc04e54b06a" executionId="d3912b57-c2e4-41d8-86e3-2812ec687ca2" testListId="8c84fa94-04c1-424b-9868-57a2d4851a1d" />
    <TestEntry testId="d10f3995-53c1-d99d-5076-8ce0ff32fead" executionId="f204e3a0-91c0-45dc-ae12-a251f5700f0b" testListId="8c84fa94-04c1-424b-9868-57a2d4851a1d" />
    <TestEntry testId="f00783f7-5de7-c5be-765a-7ed93a96a4fd" executionId="6a97dd8d-ea5f-4567-8188-de0d5293e6f9" testListId="8c84fa94-04c1-424b-9868-57a2d4851a1d" />
    <TestEntry testId="5a1cbec0-3ed5-0725-94d8-13b5e4a631b1" executionId="7afc2a34-a7c0-458d-84d4-98286b048088" testListId="8c84fa94-04c1-424b-9868-57a2d4851a1d" />
    <TestEntry testId="b2d02903-6680-8875-02e1-f43f070be79a" executionId="d953a38b-a1f9-488e-bbc8-8e9eb5aa814f" testListId="8c84fa94-04c1-424b-9868-57a2d4851a1d" />
    <TestEntry testId="5554022a-d932-fcb6-1c69-d229745140fe" executionId="a98398d2-5f68-41bc-91c8-1ffc0264d2fd" testListId="8c84fa94-04c1-424b-9868-57a2d4851a1d" />
    <TestEntry testId="851ef1d3-a812-cf2f-2423-ef5e5794b37d" executionId="06f1ea2f-ee3a-4ca9-990b-25e3a15af158" testListId="8c84fa94-04c1-424b-9868-57a2d4851a1d" />
    <TestEntry testId="98803a2e-254a-4fbf-7c68-310af6a69d36" executionId="65e6b956-b640-4571-958e-387aa3f30ee0" testListId="8c84fa94-04c1-424b-9868-57a2d4851a1d" />
    <TestEntry testId="23c4aeb9-f4c9-04a2-5c17-b8e061238b00" executionId="82d62dde-cb48-4ce6-9d6b-a82c0df9fef0" testListId="8c84fa94-04c1-424b-9868-57a2d4851a1d" />
    <TestEntry testId="d92a17ba-b5eb-0abe-fd70-fe9e6a1fccfe" executionId="f52c8a61-ae6e-438a-ae1e-2b460603bb84" testListId="8c84fa94-04c1-424b-9868-57a2d4851a1d" />
    <TestEntry testId="401f6d47-bdb0-9eb0-c723-cfb3a63815bf" executionId="8cc43842-1189-4349-86c2-1941667c1d19" testListId="8c84fa94-04c1-424b-9868-57a2d4851a1d" />
    <TestEntry testId="e8a9c1dd-fe2a-d66f-0ece-afcfcd0ad31d" executionId="251f8020-68ae-431e-b5f4-995952c78894" testListId="8c84fa94-04c1-424b-9868-57a2d4851a1d" />
    <TestEntry testId="b82abed2-8497-66f2-9689-0f76ed9fe9ad" executionId="ed29a4ad-0d8b-4572-9c88-893bbce4500a" testListId="8c84fa94-04c1-424b-9868-57a2d4851a1d" />
    <TestEntry testId="99a94e07-da92-29b1-0cfc-cd41ab1bc322" executionId="c2fa8151-0d65-4438-9a2e-49b9d1c1b15a" testListId="8c84fa94-04c1-424b-9868-57a2d4851a1d" />
    <TestEntry testId="cdedd3c0-bda1-235c-e0f5-4f5e8fe72a55" executionId="ec221b57-0110-4a28-9525-a5cd14e3d0d6" testListId="8c84fa94-04c1-424b-9868-57a2d4851a1d" />
    <TestEntry testId="02d2aff2-ce9d-fe06-68b5-f219adb05152" executionId="30a10e3a-48df-48bb-ba9d-762b68581dfa" testListId="8c84fa94-04c1-424b-9868-57a2d4851a1d" />
    <TestEntry testId="bbd49287-fb49-4a64-9bf7-d30f9165605f" executionId="e963e2cd-139a-4e11-8557-a1830923710a" testListId="8c84fa94-04c1-424b-9868-57a2d4851a1d" />
    <TestEntry testId="c51767c5-c52e-49a9-7d72-313747797ae2" executionId="543fbaf1-7299-48a8-a241-1cf460b95396" testListId="8c84fa94-04c1-424b-9868-57a2d4851a1d" />
    <TestEntry testId="f0c57047-78c8-1e43-ef78-f12b7472219d" executionId="3a08b4b7-7df3-4008-ad04-4c9f18d34052" testListId="8c84fa94-04c1-424b-9868-57a2d4851a1d" />
    <TestEntry testId="105c225f-bca0-0777-9c73-052576e49b9a" executionId="9c4f65b7-59de-499c-886f-a95b6622a782" testListId="8c84fa94-04c1-424b-9868-57a2d4851a1d" />
    <TestEntry testId="2bc46832-ff39-471c-cab0-e60265a8cf1a" executionId="bdb8e5d8-b59b-490c-a08b-415cc65c0edf" testListId="8c84fa94-04c1-424b-9868-57a2d4851a1d" />
    <TestEntry testId="2570004f-0248-04a8-7a2a-26c01f6dac11" executionId="95ba66a5-cfec-4234-ba23-8c861660cfa0" testListId="8c84fa94-04c1-424b-9868-57a2d4851a1d" />
    <TestEntry testId="54d22d6e-b1e8-99d3-007a-f749383ad8ab" executionId="bb23da86-2fa4-41aa-aa92-5649f7641b13" testListId="8c84fa94-04c1-424b-9868-57a2d4851a1d" />
    <TestEntry testId="0cdf7280-5e82-07f4-fdb1-c79a943ab6cc" executionId="9741240b-a132-4e59-ad2d-1126baf58e12" testListId="8c84fa94-04c1-424b-9868-57a2d4851a1d" />
    <TestEntry testId="8dddbeb0-c173-6d10-e733-8b21ad046454" executionId="4e560089-0cc3-4cdf-bbc3-14d536c09eea" testListId="8c84fa94-04c1-424b-9868-57a2d4851a1d" />
    <TestEntry testId="50a4b4d5-a824-5b66-26bf-9124f5072895" executionId="3865da75-02f1-48f0-9083-0a64508213aa" testListId="8c84fa94-04c1-424b-9868-57a2d4851a1d" />
    <TestEntry testId="4ee5a15f-21cf-08a1-ea1f-d52493ca2cfc" executionId="780aeed5-3187-4990-a4f0-f6dbf7197f23" testListId="8c84fa94-04c1-424b-9868-57a2d4851a1d" />
    <TestEntry testId="58b07de1-f862-1419-af55-ea8965b5801d" executionId="ca2fb921-6469-416c-a1b2-89488607f692" testListId="8c84fa94-04c1-424b-9868-57a2d4851a1d" />
    <TestEntry testId="512ed856-057d-7dd2-875d-975b1041f26a" executionId="cfeab68b-e240-4d85-8203-9b891305dd14" testListId="8c84fa94-04c1-424b-9868-57a2d4851a1d" />
    <TestEntry testId="f3b5fa79-f57f-0b76-e80c-298750ed9763" executionId="c1c15bab-60ec-4131-9e6c-ff1a463a33a8" testListId="8c84fa94-04c1-424b-9868-57a2d4851a1d" />
    <TestEntry testId="41a93314-d5e8-4dd8-ced8-9e20cd240813" executionId="95371301-921d-43f9-bbc5-f86de31e10e6" testListId="8c84fa94-04c1-424b-9868-57a2d4851a1d" />
    <TestEntry testId="3416ae86-369a-e987-beb4-e4c5f5e8275f" executionId="fe04f11d-21b5-48a1-afdb-5481a5b066b9" testListId="8c84fa94-04c1-424b-9868-57a2d4851a1d" />
    <TestEntry testId="aa7da896-049c-1372-5ace-65c40d863a0b" executionId="8e7bb451-c7b6-46c8-8b06-6b6ad0d249e0" testListId="8c84fa94-04c1-424b-9868-57a2d4851a1d" />
    <TestEntry testId="001bb5fd-bd12-8ff4-8ade-25ba531a9070" executionId="59a09708-dd93-4dd7-8b38-3cf9c0a74c58" testListId="8c84fa94-04c1-424b-9868-57a2d4851a1d" />
    <TestEntry testId="1e25bf9c-923f-2e54-f059-c3a6192cbb51" executionId="fe191c64-2ecc-4777-8818-e7bba50cc6f4" testListId="8c84fa94-04c1-424b-9868-57a2d4851a1d" />
    <TestEntry testId="269cef3c-947d-dfb3-193c-843405e60363" executionId="323f4d9b-a6b4-4bad-a7fc-3fa6a8674de6" testListId="8c84fa94-04c1-424b-9868-57a2d4851a1d" />
    <TestEntry testId="1fdf3423-5057-166d-6cc4-43ee4b0483a3" executionId="ee6c10ad-b518-4ed4-a775-f493f7f0678c" testListId="8c84fa94-04c1-424b-9868-57a2d4851a1d" />
    <TestEntry testId="53a4311b-e47e-284e-52cb-41e1adabe3b7" executionId="01adc949-5ada-44b4-9048-177efef4744b" testListId="8c84fa94-04c1-424b-9868-57a2d4851a1d" />
    <TestEntry testId="d63f8a04-ccde-1680-a6f1-a61a292c418d" executionId="a106b0ad-1283-40ca-8681-af7c1c732b67" testListId="8c84fa94-04c1-424b-9868-57a2d4851a1d" />
    <TestEntry testId="b0e55dbe-9627-29d0-e870-40fd186609c0" executionId="cfc8c124-c588-4df5-8b77-c05dd2cbc56a" testListId="8c84fa94-04c1-424b-9868-57a2d4851a1d" />
    <TestEntry testId="f9fb7caa-10d0-d537-0bee-7128754a588f" executionId="9de6991b-23c2-4de3-9877-03ecc0fb7e15" testListId="8c84fa94-04c1-424b-9868-57a2d4851a1d" />
    <TestEntry testId="5425a998-6ae1-bd4a-2828-b41e0f99ea29" executionId="02d27c07-8707-4bab-a048-2dc2bcefcff2" testListId="8c84fa94-04c1-424b-9868-57a2d4851a1d" />
    <TestEntry testId="34eb1eee-f1b8-52d0-a9a3-aea281cf026e" executionId="3b3d1517-7457-4a23-8ee4-c51cab8ccb17" testListId="8c84fa94-04c1-424b-9868-57a2d4851a1d" />
    <TestEntry testId="321aa608-7a9b-7841-b54e-f15e58034604" executionId="5a0bf781-243b-4bb2-9f14-7545ca7b25d1" testListId="8c84fa94-04c1-424b-9868-57a2d4851a1d" />
    <TestEntry testId="e5714616-1e44-1e54-e2e4-663133e56676" executionId="ed5f5ed4-bd1e-479e-bd13-dd5fe7a7ff1f" testListId="8c84fa94-04c1-424b-9868-57a2d4851a1d" />
    <TestEntry testId="df048f7c-7c6b-ca42-8bc4-dbb8d2015065" executionId="cf08a565-db60-49f2-97bf-25217c95b235" testListId="8c84fa94-04c1-424b-9868-57a2d4851a1d" />
    <TestEntry testId="0a9b0755-317a-f636-73cd-b90081365870" executionId="f7d6618d-2f75-40af-9bb1-d8c12e8799cd" testListId="8c84fa94-04c1-424b-9868-57a2d4851a1d" />
    <TestEntry testId="cac55db5-0541-9758-c4e8-160b2f4dc3df" executionId="fd620ef7-fb7a-45f2-aa27-825302167c36" testListId="8c84fa94-04c1-424b-9868-57a2d4851a1d" />
    <TestEntry testId="9b44630a-8912-c463-35f3-83d7bbb1196d" executionId="2a365284-34be-4184-a16d-6cce6dddfd25" testListId="8c84fa94-04c1-424b-9868-57a2d4851a1d" />
    <TestEntry testId="04e08b98-bb12-a629-14b1-feb8137e2934" executionId="443f43d4-8595-45b4-9919-1a61a50f1b95" testListId="8c84fa94-04c1-424b-9868-57a2d4851a1d" />
    <TestEntry testId="21308188-2899-03f3-f5ad-a4d7b165cda3" executionId="69282a31-d723-40c3-9aff-446e0807d450" testListId="8c84fa94-04c1-424b-9868-57a2d4851a1d" />
    <TestEntry testId="93c7dcb2-08f2-6cf2-908a-95f88cd0e48b" executionId="f6b98ebe-89f2-4538-8078-24f032b016f0" testListId="8c84fa94-04c1-424b-9868-57a2d4851a1d" />
    <TestEntry testId="a34c32cb-cea3-31c6-43ca-196cb4fdd295" executionId="29858e67-88ac-4063-8e9a-85af39b5243e" testListId="8c84fa94-04c1-424b-9868-57a2d4851a1d" />
    <TestEntry testId="7df49366-ebf4-87f7-52fd-8b8a65032bba" executionId="becdeadc-aae4-43a9-8045-b33a9d4c0bda" testListId="8c84fa94-04c1-424b-9868-57a2d4851a1d" />
    <TestEntry testId="24861341-2695-75fe-4d89-7cdc0d472cf5" executionId="32eddbae-c458-43b9-b8de-3606f99033c2" testListId="8c84fa94-04c1-424b-9868-57a2d4851a1d" />
    <TestEntry testId="99583d31-1c36-6097-f41d-addc2fc02480" executionId="6d22f4f9-bb18-49f6-9dc9-f7bac0bd72f7" testListId="8c84fa94-04c1-424b-9868-57a2d4851a1d" />
    <TestEntry testId="1e73b624-71f1-d2fd-5336-60d44d8232e1" executionId="0e68e20b-4183-42ca-b4f2-27aed96412ab" testListId="8c84fa94-04c1-424b-9868-57a2d4851a1d" />
    <TestEntry testId="e8981139-2ae8-16f1-196c-8bb762fef77c" executionId="363a03e2-2012-41a6-94bd-62c918b024de" testListId="8c84fa94-04c1-424b-9868-57a2d4851a1d" />
    <TestEntry testId="ed192237-e8eb-35fa-5bbe-3b1dc82bb582" executionId="8c76dd21-77fa-4713-9e07-f94e013f5ac1" testListId="8c84fa94-04c1-424b-9868-57a2d4851a1d" />
    <TestEntry testId="8e90f375-4078-3f24-729c-7536506a0810" executionId="5a0d7ffa-a701-474b-ad95-a39f45609749" testListId="8c84fa94-04c1-424b-9868-57a2d4851a1d" />
    <TestEntry testId="17497b23-4960-3393-33db-4d37a55c9a6f" executionId="6d69054e-1a72-44a7-bd68-37fc2ccee703" testListId="8c84fa94-04c1-424b-9868-57a2d4851a1d" />
    <TestEntry testId="e3d21004-a1ae-5973-68ec-dbe4f5c7e6a1" executionId="6b4e0a66-0031-4128-926b-01ec363b37b9" testListId="8c84fa94-04c1-424b-9868-57a2d4851a1d" />
    <TestEntry testId="933ff4bd-cc87-c307-b5a0-478099606f0a" executionId="117163cc-3763-4157-bddc-4c8ef7fcf8d7" testListId="8c84fa94-04c1-424b-9868-57a2d4851a1d" />
    <TestEntry testId="7f2316ab-329b-9b41-b4ce-ccb71981bb17" executionId="26c1b673-6688-49a7-bc36-3d9acad915dc" testListId="8c84fa94-04c1-424b-9868-57a2d4851a1d" />
    <TestEntry testId="63e4b650-5ea8-ac21-8786-3238a13ec018" executionId="438978d6-b8fe-4646-81e9-e172bf635f08" testListId="8c84fa94-04c1-424b-9868-57a2d4851a1d" />
    <TestEntry testId="50d2563d-2a72-e20a-d402-ebae14660478" executionId="22b0127a-f764-40bb-b254-639457199016" testListId="8c84fa94-04c1-424b-9868-57a2d4851a1d" />
    <TestEntry testId="b31dc6ae-791a-832a-e831-3b3f1ebad399" executionId="7aed59bb-e919-43ec-b587-dabd180f95c3" testListId="8c84fa94-04c1-424b-9868-57a2d4851a1d" />
    <TestEntry testId="50d49a3d-17d9-5e0e-5cbe-1c50f8116688" executionId="a0ee122b-b2bb-42e9-b4e1-cc1db8ccb447" testListId="8c84fa94-04c1-424b-9868-57a2d4851a1d" />
    <TestEntry testId="76556cc0-de36-73f1-566c-5319b2859489" executionId="b4a87c76-2a68-40b6-b7a3-a20ce77e21aa" testListId="8c84fa94-04c1-424b-9868-57a2d4851a1d" />
    <TestEntry testId="f7eb110f-bd56-2839-cb99-ced5d14e4f61" executionId="4212fe0c-5c75-4bfc-944a-46d43d575984" testListId="8c84fa94-04c1-424b-9868-57a2d4851a1d" />
    <TestEntry testId="4de93258-7862-c912-9fdf-2b137104121a" executionId="c2f34952-82fe-4c60-89b4-1d9230397158" testListId="8c84fa94-04c1-424b-9868-57a2d4851a1d" />
    <TestEntry testId="23e5c416-83c2-b89c-6451-ae249e7194e2" executionId="b7f0b1c8-ef38-4fe8-adf6-2543d0bca043" testListId="8c84fa94-04c1-424b-9868-57a2d4851a1d" />
    <TestEntry testId="baa8f4d2-af73-81d3-a336-66e853b630ff" executionId="8c8bfcba-a36a-45fd-ace8-a0645d609c7b" testListId="8c84fa94-04c1-424b-9868-57a2d4851a1d" />
    <TestEntry testId="e74d6791-3965-d5cc-acd4-9d778742eb75" executionId="8e314ed9-6239-4697-99e9-7072d0799e4d" testListId="8c84fa94-04c1-424b-9868-57a2d4851a1d" />
    <TestEntry testId="1803beca-ee85-d51c-dbf1-adb3a5dec6db" executionId="5fb57529-0435-47af-b4e8-509f84a0f898" testListId="8c84fa94-04c1-424b-9868-57a2d4851a1d" />
    <TestEntry testId="0f1104b0-2d82-7414-004c-52659e3b91e6" executionId="6a400e87-ca1c-4a43-8039-e9f0cf9e6e7c" testListId="8c84fa94-04c1-424b-9868-57a2d4851a1d" />
    <TestEntry testId="ac1170d9-ee22-c6d2-5fe7-5518d2eb9eb0" executionId="c7758eed-4cab-4383-95bf-7f760c571ac0" testListId="8c84fa94-04c1-424b-9868-57a2d4851a1d" />
    <TestEntry testId="6fd1d2c8-d190-f209-580f-f129e9e69025" executionId="27ed865d-a101-48f3-84e5-8a7b4ce06be6" testListId="8c84fa94-04c1-424b-9868-57a2d4851a1d" />
    <TestEntry testId="9cafc2d5-2a5b-c544-f728-205945656c33" executionId="4afbf993-3ccc-40fb-b5ce-327dac383fdc" testListId="8c84fa94-04c1-424b-9868-57a2d4851a1d" />
    <TestEntry testId="677ed4aa-24e1-a4f3-e8f4-927a4c81ee11" executionId="dcc849af-0edf-421c-b306-dbafcc0ca633" testListId="8c84fa94-04c1-424b-9868-57a2d4851a1d" />
    <TestEntry testId="4eb15927-cc96-12f1-ee8f-75aacc988893" executionId="ed8e2d0f-2913-4190-98d1-e6145bcf0673" testListId="8c84fa94-04c1-424b-9868-57a2d4851a1d" />
    <TestEntry testId="9e048108-ae91-740c-482e-fa78e0b8fe8f" executionId="02995a45-eddc-4c01-96fa-354d78029f9c" testListId="8c84fa94-04c1-424b-9868-57a2d4851a1d" />
    <TestEntry testId="18b8880e-d414-f397-2932-f5be2dbae673" executionId="eac275e3-3566-4964-bc5b-fde33e612b49" testListId="8c84fa94-04c1-424b-9868-57a2d4851a1d" />
    <TestEntry testId="bd9786b6-f822-f559-5bc7-082e785537a3" executionId="be8699fa-9546-44ba-85cf-e83b0bb0b64b" testListId="8c84fa94-04c1-424b-9868-57a2d4851a1d" />
    <TestEntry testId="da87d3bf-15d7-dbd7-05de-b003ebc7eb7f" executionId="9c82c3a7-4c37-4186-8e4b-c86eb236d405" testListId="8c84fa94-04c1-424b-9868-57a2d4851a1d" />
    <TestEntry testId="fa92b225-1c80-948f-b651-d33a64ce3cac" executionId="e0cf5740-b75c-4c3c-8f46-4997ea528a8e" testListId="8c84fa94-04c1-424b-9868-57a2d4851a1d" />
    <TestEntry testId="f1b88517-e382-5d2f-f17a-00c6d0bdd696" executionId="47c52596-73ab-48db-bb90-205a82be0aa8" testListId="8c84fa94-04c1-424b-9868-57a2d4851a1d" />
    <TestEntry testId="cdf5132f-c1f2-db0a-dfd5-cf7b67696beb" executionId="04579e85-f03d-4e4a-acbe-8793a3353b5c" testListId="8c84fa94-04c1-424b-9868-57a2d4851a1d" />
    <TestEntry testId="1b5d0f4f-cf59-9f88-bb60-e11a0efb23df" executionId="3979989c-309b-4c7a-8906-ef5633af7d8a" testListId="8c84fa94-04c1-424b-9868-57a2d4851a1d" />
    <TestEntry testId="02b5da4e-d67b-a975-6ad6-f481bea30ade" executionId="1de1e3ee-e5c3-4a4a-a906-8f718c67ad4d" testListId="8c84fa94-04c1-424b-9868-57a2d4851a1d" />
    <TestEntry testId="dfaed784-63c9-cf05-792e-44fe6e04bf66" executionId="5565f389-0940-4f91-9ca9-ee82adfaa5f2" testListId="8c84fa94-04c1-424b-9868-57a2d4851a1d" />
    <TestEntry testId="9f643d03-eca7-fde2-febf-2dd1e28d5212" executionId="97636b2a-d337-4e58-8ce0-ac64e1e079a6" testListId="8c84fa94-04c1-424b-9868-57a2d4851a1d" />
    <TestEntry testId="420633fa-66a7-beb3-30dc-0c033798d775" executionId="535f0f4a-72be-4bf8-994d-9d615975aa1b" testListId="8c84fa94-04c1-424b-9868-57a2d4851a1d" />
    <TestEntry testId="13544595-507e-d695-622a-6081f0d95c5b" executionId="b305073b-6356-490b-b5ef-60df0e3ed058" testListId="8c84fa94-04c1-424b-9868-57a2d4851a1d" />
    <TestEntry testId="1ea9597c-d096-2afc-66c5-dd9341a18801" executionId="93218c8b-18cf-4aa6-9380-a0995f44ff62" testListId="8c84fa94-04c1-424b-9868-57a2d4851a1d" />
    <TestEntry testId="f9673aa5-17be-58f4-0a16-6981b295f410" executionId="17bbef48-102e-427d-8df9-2cf8096512bc" testListId="8c84fa94-04c1-424b-9868-57a2d4851a1d" />
    <TestEntry testId="c37cc704-6571-4c7f-5e90-86db92e43e93" executionId="4bbede37-86fa-4486-ad5b-acbfe4ffcba8" testListId="8c84fa94-04c1-424b-9868-57a2d4851a1d" />
    <TestEntry testId="97412ae8-eeb8-6cdb-0444-db75e31093fd" executionId="fb8cf964-6af4-42fa-aa5f-c8899736d51a" testListId="8c84fa94-04c1-424b-9868-57a2d4851a1d" />
    <TestEntry testId="b81e40bb-9e67-676f-d4eb-65f20abf3117" executionId="5307323e-26a6-4550-aebb-4c4d76bb7f30" testListId="8c84fa94-04c1-424b-9868-57a2d4851a1d" />
    <TestEntry testId="93964659-b15c-c098-848e-862a0968f755" executionId="4e1e81a9-cfa2-49b9-8eef-2fd38d7895bb" testListId="8c84fa94-04c1-424b-9868-57a2d4851a1d" />
    <TestEntry testId="1e4a7732-fdaf-ca78-bc58-8b24e73cf4bb" executionId="2e742e8e-180e-4710-831d-78507224fd12" testListId="8c84fa94-04c1-424b-9868-57a2d4851a1d" />
    <TestEntry testId="638b813b-f5f3-3cde-3911-0c6b74e7e82c" executionId="3c44bdc6-e028-4157-baf5-5279c7b6e70d" testListId="8c84fa94-04c1-424b-9868-57a2d4851a1d" />
    <TestEntry testId="11268daa-86b0-d173-199b-25bae719712c" executionId="7d2f1895-1b16-4a0d-86c7-0f8796eaf8cd" testListId="8c84fa94-04c1-424b-9868-57a2d4851a1d" />
    <TestEntry testId="d3943c0f-ce5d-ed19-da04-4c5b640e1ebe" executionId="6c8acf30-58b1-4cdb-a20f-bb5559e7a7d6" testListId="8c84fa94-04c1-424b-9868-57a2d4851a1d" />
    <TestEntry testId="2c6c7854-ef7a-d4b6-6939-43da5173b8d2" executionId="669343ec-df60-4955-b0f5-fd02a707927a" testListId="8c84fa94-04c1-424b-9868-57a2d4851a1d" />
    <TestEntry testId="ab3c72e7-916d-9271-7490-63c98d311b23" executionId="674e5753-d215-4f58-80d5-fd6b77c89c90" testListId="8c84fa94-04c1-424b-9868-57a2d4851a1d" />
    <TestEntry testId="02778758-cc49-b70f-4d9e-207bdf0cd24c" executionId="2be2bf50-71a9-43b9-b55c-61ce75d76ac2" testListId="8c84fa94-04c1-424b-9868-57a2d4851a1d" />
    <TestEntry testId="e3bd59e2-736a-a74c-a5b4-2b8060fad9ac" executionId="92bc61d0-9441-4e9a-a58e-b06242abec3b" testListId="8c84fa94-04c1-424b-9868-57a2d4851a1d" />
    <TestEntry testId="39e3a354-d606-9be4-bb97-f5bfd0567f79" executionId="d1d60fa4-a508-4770-ac0d-8e9d76ba1c03" testListId="8c84fa94-04c1-424b-9868-57a2d4851a1d" />
    <TestEntry testId="469b4d55-6f41-2a07-a79f-1311a5b57e9f" executionId="4299289b-19f2-4d06-a40a-9d4ea526af1a" testListId="8c84fa94-04c1-424b-9868-57a2d4851a1d" />
    <TestEntry testId="e9992c95-3268-77fc-18a7-b02c1de4585f" executionId="7062827b-3050-400a-b132-40869e2a8f9c" testListId="8c84fa94-04c1-424b-9868-57a2d4851a1d" />
    <TestEntry testId="4bff0ad5-e896-1b4d-1081-a1490afafa42" executionId="61fe71c2-14d9-4b18-a69b-86799a539c7a" testListId="8c84fa94-04c1-424b-9868-57a2d4851a1d" />
    <TestEntry testId="fb7784f1-99b0-c059-267d-2499f2992897" executionId="180648e2-8717-43f8-ba61-b318175e9b98" testListId="8c84fa94-04c1-424b-9868-57a2d4851a1d" />
    <TestEntry testId="c812c44a-5c44-51b8-b655-5885aea417c4" executionId="05cc0259-5b73-4b20-866d-cb95c2bfeaa0" testListId="8c84fa94-04c1-424b-9868-57a2d4851a1d" />
    <TestEntry testId="53408e81-9390-b885-d3ba-48cc087e6fa9" executionId="17a9b66f-f425-4664-8ee1-cec4f8ec087f" testListId="8c84fa94-04c1-424b-9868-57a2d4851a1d" />
    <TestEntry testId="a13c16dd-eb35-6dc4-e44a-3c831bb7b60e" executionId="885358db-cd87-489a-8882-c038bdae4640" testListId="8c84fa94-04c1-424b-9868-57a2d4851a1d" />
    <TestEntry testId="ff6bcfba-0ee9-cdf0-d001-087d61640fd4" executionId="4494fab2-f50e-4f9b-af1d-b98b1dd38187" testListId="8c84fa94-04c1-424b-9868-57a2d4851a1d" />
    <TestEntry testId="095f8059-d018-ce3b-36fe-2dc31b1660f3" executionId="8bccf06e-1a23-47c6-9a64-ac05ae356a43" testListId="8c84fa94-04c1-424b-9868-57a2d4851a1d" />
    <TestEntry testId="192175a3-4aa5-7081-0062-e07d677a3e35" executionId="78c38b6a-b862-4668-ae09-778a62104b1f" testListId="8c84fa94-04c1-424b-9868-57a2d4851a1d" />
    <TestEntry testId="42fa85c9-4d31-c930-f249-93b92ee77398" executionId="2882bdd1-4d17-49f4-8f35-590bf8a391d5" testListId="8c84fa94-04c1-424b-9868-57a2d4851a1d" />
    <TestEntry testId="648e5a6a-2e35-f5f3-d102-39cad7148c87" executionId="eee87537-9977-4c02-af29-f1d729f40875" testListId="8c84fa94-04c1-424b-9868-57a2d4851a1d" />
    <TestEntry testId="b477f252-4b79-f949-3b9c-3d4c20a0c9c3" executionId="44796468-c928-4b43-be5b-12358110da49" testListId="8c84fa94-04c1-424b-9868-57a2d4851a1d" />
    <TestEntry testId="a2c198f3-307a-8289-8d73-7794fd4a6088" executionId="ccf352bf-8f16-4c91-9d02-4326a9693663" testListId="8c84fa94-04c1-424b-9868-57a2d4851a1d" />
    <TestEntry testId="36f5ba8b-e83d-21a6-6b46-234c7d076dfc" executionId="d59ab365-e64f-4fab-9026-fad60eaedf9b" testListId="8c84fa94-04c1-424b-9868-57a2d4851a1d" />
    <TestEntry testId="3653eb47-0ee9-b8ab-b11b-85c637b1195f" executionId="8986916e-8db4-4363-ad33-c36ae9e4ca45" testListId="8c84fa94-04c1-424b-9868-57a2d4851a1d" />
    <TestEntry testId="012d2315-4e42-4667-a443-62fef4ef445f" executionId="4128aee2-bd34-4e30-8ff0-2b0625eed132" testListId="8c84fa94-04c1-424b-9868-57a2d4851a1d" />
    <TestEntry testId="81c8be9e-d70b-1223-942f-8fd68c01deff" executionId="1ac62dc1-ad98-4c5d-b06f-3f72cfa1cf9c" testListId="8c84fa94-04c1-424b-9868-57a2d4851a1d" />
    <TestEntry testId="bddb2672-714c-c0cc-af8d-4f49c9398348" executionId="24de629d-1288-4dd2-abf8-55e45328292a" testListId="8c84fa94-04c1-424b-9868-57a2d4851a1d" />
    <TestEntry testId="0fd8a5b0-4bab-92d7-9503-d011125db49e" executionId="68fea7e7-f90f-4c85-9d17-95be311bf455" testListId="8c84fa94-04c1-424b-9868-57a2d4851a1d" />
    <TestEntry testId="ca96ed79-94d8-04a6-bf7b-d63d87b091a4" executionId="07ab5160-2ae0-48a6-b530-3a6b77d18f3f" testListId="8c84fa94-04c1-424b-9868-57a2d4851a1d" />
    <TestEntry testId="32b9b9f5-4397-465f-7bd1-b23ce1b18f86" executionId="868f909f-1869-4b5b-8358-9189ce1f8bff" testListId="8c84fa94-04c1-424b-9868-57a2d4851a1d" />
    <TestEntry testId="73fcddfd-0abf-4092-fa36-e303fa699e43" executionId="517eef00-eb96-42dc-8209-eac24c3a085f" testListId="8c84fa94-04c1-424b-9868-57a2d4851a1d" />
    <TestEntry testId="261a082e-e443-898e-1e84-d8529ce1f285" executionId="fac0667a-cf76-464c-8799-ef3c85b947d4" testListId="8c84fa94-04c1-424b-9868-57a2d4851a1d" />
    <TestEntry testId="f772f6d6-23ef-6c93-47fe-814b8ff01373" executionId="0a069fb0-39e7-4b76-954d-d7893e0e071d" testListId="8c84fa94-04c1-424b-9868-57a2d4851a1d" />
  </TestEntries>
  <Results>
    <UnitTestResult executionId="ddb4c6f5-5560-4d09-9c2b-65399a006f33" testId="99fb2eb8-119a-1b3b-515d-cfb72e2170e7" testName="SegmentConstructorTest" computerName="ANGUS-LAPTOP" duration="00:00:00.0629942" startTime="2015-03-15T23:55:30.6906077+10:00" endTime="2015-03-15T23:55:31.4878997+10:00" testType="13cdc9d9-ddb5-4fa4-a97d-d965ccfc6d4b" outcome="Passed" testListId="8c84fa94-04c1-424b-9868-57a2d4851a1d" relativeResultsDirectory="ddb4c6f5-5560-4d09-9c2b-65399a006f33">
    </UnitTestResult>
    <UnitTestResult executionId="802e77b7-d5db-4527-9350-84599faa5e1b" testId="cf0331c5-2fa8-bf12-d782-16ed1b688031" testName="SegmentConstructorTest1" computerName="ANGUS-LAPTOP" duration="00:00:00.0020929" startTime="2015-03-15T23:55:31.5029104+10:00" endTime="2015-03-15T23:55:31.5129363+10:00" testType="13cdc9d9-ddb5-4fa4-a97d-d965ccfc6d4b" outcome="Passed" testListId="8c84fa94-04c1-424b-9868-57a2d4851a1d" relativeResultsDirectory="802e77b7-d5db-4527-9350-84599faa5e1b">
    </UnitTestResult>
    <UnitTestResult executionId="1d06ec49-cc08-469d-87f8-bb8c5bcbedff" testId="41a40ccb-4f8b-eaf2-a926-d8737431f0a1" testName="AddTest1" computerName="ANGUS-LAPTOP" duration="00:00:00.0035807" startTime="2015-03-15T23:55:31.5199353+10:00" endTime="2015-03-15T23:55:31.5279277+10:00" testType="13cdc9d9-ddb5-4fa4-a97d-d965ccfc6d4b" outcome="Passed" testListId="8c84fa94-04c1-424b-9868-57a2d4851a1d" relativeResultsDirectory="1d06ec49-cc08-469d-87f8-bb8c5bcbedff">
    </UnitTestResult>
    <UnitTestResult executionId="43ddd31b-a26a-43e3-b81d-6f4fb20510d8" testId="0ea72b90-d965-177f-3b59-b23d18e2180f" testName="AddTest2" computerName="ANGUS-LAPTOP" duration="00:00:00.0014788" startTime="2015-03-15T23:55:31.5359338+10:00" endTime="2015-03-15T23:55:31.5419552+10:00" testType="13cdc9d9-ddb5-4fa4-a97d-d965ccfc6d4b" outcome="Passed" testListId="8c84fa94-04c1-424b-9868-57a2d4851a1d" relativeResultsDirectory="43ddd31b-a26a-43e3-b81d-6f4fb20510d8">
    </UnitTestResult>
    <UnitTestResult executionId="bce97191-3e5f-4bc7-9842-3beac0461e19" testId="c25354f1-91ca-77ad-073d-519f37cb713d" testName="ClearAllTest" computerName="ANGUS-LAPTOP" duration="00:00:00.0015472" startTime="2015-03-15T23:55:31.5499459+10:00" endTime="2015-03-15T23:55:31.5549507+10:00" testType="13cdc9d9-ddb5-4fa4-a97d-d965ccfc6d4b" outcome="Passed" testListId="8c84fa94-04c1-424b-9868-57a2d4851a1d" relativeResultsDirectory="bce97191-3e5f-4bc7-9842-3beac0461e19">
    </UnitTestResult>
    <UnitTestResult executionId="2246425b-04af-4fb8-8df4-41cf80ad9a34" testId="c3f602b3-e22c-03e3-9482-4e48793ee541" testName="CloneTest" computerName="ANGUS-LAPTOP" duration="00:00:00.0010263" startTime="2015-03-15T23:55:31.5690552+10:00" endTime="2015-03-15T23:55:31.5740617+10:00" testType="13cdc9d9-ddb5-4fa4-a97d-d965ccfc6d4b" outcome="Passed" testListId="8c84fa94-04c1-424b-9868-57a2d4851a1d" relativeResultsDirectory="2246425b-04af-4fb8-8df4-41cf80ad9a34">
    </UnitTestResult>
    <UnitTestResult executionId="03264d83-bc25-4f21-876b-0ed18496c1e0" testId="309eaed0-406a-b977-2776-25e33edaa131" testName="ElementTest" computerName="ANGUS-LAPTOP" duration="00:00:00.0013334" startTime="2015-03-15T23:55:31.5820644+10:00" endTime="2015-03-15T23:55:31.5890715+10:00" testType="13cdc9d9-ddb5-4fa4-a97d-d965ccfc6d4b" outcome="Passed" testListId="8c84fa94-04c1-424b-9868-57a2d4851a1d" relativeResultsDirectory="03264d83-bc25-4f21-876b-0ed18496c1e0">
    </UnitTestResult>
    <UnitTestResult executionId="3b713bb7-dd72-4faf-a842-bd79dffdce69" testId="37d7cf32-7d6e-fd8d-c748-95a5f9978a3b" testName="FieldTest" computerName="ANGUS-LAPTOP" duration="00:00:00.0014343" startTime="2015-03-15T23:55:31.5970751+10:00" endTime="2015-03-15T23:55:31.6030828+10:00" testType="13cdc9d9-ddb5-4fa4-a97d-d965ccfc6d4b" outcome="Passed" testListId="8c84fa94-04c1-424b-9868-57a2d4851a1d" relativeResultsDirectory="3b713bb7-dd72-4faf-a842-bd79dffdce69">
    </UnitTestResult>
    <UnitTestResult executionId="4a56e6be-1a1a-49db-9e06-016ffd5dc904" testId="b66803f3-d1c3-75df-448f-f4647b60ee70" testName="InsertTest" computerName="ANGUS-LAPTOP" duration="00:00:00.0434214" startTime="2015-03-15T23:55:31.6110902+10:00" endTime="2015-03-15T23:55:31.6591362+10:00" testType="13cdc9d9-ddb5-4fa4-a97d-d965ccfc6d4b" outcome="Passed" testListId="8c84fa94-04c1-424b-9868-57a2d4851a1d" relativeResultsDirectory="4a56e6be-1a1a-49db-9e06-016ffd5dc904">
    </UnitTestResult>
    <UnitTestResult executionId="a3e1b4bf-5785-4180-b0e8-9230c90c46c4" testId="6dbc6246-dac8-b085-dab5-ae377dd35ff4" testName="InsertTest1" computerName="ANGUS-LAPTOP" duration="00:00:00.0260886" startTime="2015-03-15T23:55:31.6671248+10:00" endTime="2015-03-15T23:55:31.6981644+10:00" testType="13cdc9d9-ddb5-4fa4-a97d-d965ccfc6d4b" outcome="Passed" testListId="8c84fa94-04c1-424b-9868-57a2d4851a1d" relativeResultsDirectory="a3e1b4bf-5785-4180-b0e8-9230c90c46c4">
    </UnitTestResult>
    <UnitTestResult executionId="103bf890-afdf-490a-8340-7cc8bf942c38" testId="23250478-3e21-0f3a-b9d4-b6567e952dab" testName="RemoveElementAtTest" computerName="ANGUS-LAPTOP" duration="00:00:00.0422727" startTime="2015-03-15T23:55:31.7051616+10:00" endTime="2015-03-15T23:55:31.7541866+10:00" testType="13cdc9d9-ddb5-4fa4-a97d-d965ccfc6d4b" outcome="Passed" testListId="8c84fa94-04c1-424b-9868-57a2d4851a1d" relativeResultsDirectory="103bf890-afdf-490a-8340-7cc8bf942c38">
    </UnitTestResult>
    <UnitTestResult executionId="bb579248-e011-4d38-99db-958e8a3b4524" testId="62c24a39-3e15-9930-3a10-9e29e5408430" testName="RemoveFieldAtTest" computerName="ANGUS-LAPTOP" duration="00:00:00.0396093" startTime="2015-03-15T23:55:31.7611950+10:00" endTime="2015-03-15T23:55:31.8052399+10:00" testType="13cdc9d9-ddb5-4fa4-a97d-d965ccfc6d4b" outcome="Passed" testListId="8c84fa94-04c1-424b-9868-57a2d4851a1d" relativeResultsDirectory="bb579248-e011-4d38-99db-958e8a3b4524">
    </UnitTestResult>
    <UnitTestResult executionId="57ee500d-38b4-4ebb-b54a-ea4e61680304" testId="593a920e-748d-d2c8-1eef-c1a6246e1faf" testName="ToStringTest" computerName="ANGUS-LAPTOP" duration="00:00:00.0045870" startTime="2015-03-15T23:55:31.8132456+10:00" endTime="2015-03-15T23:55:31.8222524+10:00" testType="13cdc9d9-ddb5-4fa4-a97d-d965ccfc6d4b" outcome="Passed" testListId="8c84fa94-04c1-424b-9868-57a2d4851a1d" relativeResultsDirectory="57ee500d-38b4-4ebb-b54a-ea4e61680304">
    </UnitTestResult>
    <UnitTestResult executionId="8a64b2bc-c694-4273-8713-e5c8e18a8e5c" testId="61d915a8-86d1-e168-b602-35ae0b47f9fd" testName="AsStringTest" computerName="ANGUS-LAPTOP" duration="00:00:00.0191631" startTime="2015-03-15T23:55:31.8292395+10:00" endTime="2015-03-15T23:55:31.8542747+10:00" testType="13cdc9d9-ddb5-4fa4-a97d-d965ccfc6d4b" outcome="Passed" testListId="8c84fa94-04c1-424b-9868-57a2d4851a1d" relativeResultsDirectory="8a64b2bc-c694-4273-8713-e5c8e18a8e5c">
    </UnitTestResult>
    <UnitTestResult executionId="b1aeccbe-fad3-4feb-a82d-19329752ac0d" testId="0844c158-a09b-d477-298d-b8878e5ac24c" testName="AsStringRawTest" computerName="ANGUS-LAPTOP" duration="00:00:00.0128300" startTime="2015-03-15T23:55:31.8622633+10:00" endTime="2015-03-15T23:55:31.8792780+10:00" testType="13cdc9d9-ddb5-4fa4-a97d-d965ccfc6d4b" outcome="Passed" testListId="8c84fa94-04c1-424b-9868-57a2d4851a1d" relativeResultsDirectory="b1aeccbe-fad3-4feb-a82d-19329752ac0d">
    </UnitTestResult>
    <UnitTestResult executionId="7ba8a3c9-b13c-4a95-a390-73992f56f653" testId="2c490933-23ca-68f4-cbd9-a962f93322ae" testName="CodeTest" computerName="ANGUS-LAPTOP" duration="00:00:00.0016768" startTime="2015-03-15T23:55:31.9420139+10:00" endTime="2015-03-15T23:55:31.9570178+10:00" testType="13cdc9d9-ddb5-4fa4-a97d-d965ccfc6d4b" outcome="Passed" testListId="8c84fa94-04c1-424b-9868-57a2d4851a1d" relativeResultsDirectory="7ba8a3c9-b13c-4a95-a390-73992f56f653">
    </UnitTestResult>
    <UnitTestResult executionId="d1588ffb-8371-42e9-bead-ba328f11f556" testId="ec189549-039f-45e1-76a6-e98207878bbb" testName="ElementCountTest" computerName="ANGUS-LAPTOP" duration="00:00:00.0012149" startTime="2015-03-15T23:55:31.9740294+10:00" endTime="2015-03-15T23:55:31.9860375+10:00" testType="13cdc9d9-ddb5-4fa4-a97d-d965ccfc6d4b" outcome="Passed" testListId="8c84fa94-04c1-424b-9868-57a2d4851a1d" relativeResultsDirectory="d1588ffb-8371-42e9-bead-ba328f11f556">
    </UnitTestResult>
    <UnitTestResult executionId="bb422af0-d506-4200-9c2a-d8039cb190e2" testId="a377d093-f83b-e7bd-a0ac-c17a19edb172" testName="ElementListTest" computerName="ANGUS-LAPTOP" duration="00:00:00.0195181" startTime="2015-03-15T23:55:32.0020553+10:00" endTime="2015-03-15T23:55:32.0340707+10:00" testType="13cdc9d9-ddb5-4fa4-a97d-d965ccfc6d4b" outcome="Passed" testListId="8c84fa94-04c1-424b-9868-57a2d4851a1d" relativeResultsDirectory="bb422af0-d506-4200-9c2a-d8039cb190e2">
    </UnitTestResult>
    <UnitTestResult executionId="936193f2-5eb5-4d82-a176-63bda1f6566f" testId="022ebc19-0254-f9d2-e8a4-73c912b322ed" testName="FieldCountTest" computerName="ANGUS-LAPTOP" duration="00:00:00.0013744" startTime="2015-03-15T23:55:32.0530860+10:00" endTime="2015-03-15T23:55:32.0650979+10:00" testType="13cdc9d9-ddb5-4fa4-a97d-d965ccfc6d4b" outcome="Passed" testListId="8c84fa94-04c1-424b-9868-57a2d4851a1d" relativeResultsDirectory="936193f2-5eb5-4d82-a176-63bda1f6566f">
    </UnitTestResult>
    <UnitTestResult executionId="f8c6c78f-5748-417c-a3b4-4b3d153dba7e" testId="cf4312db-1cfd-c36c-6be2-11038648e5ab" testName="IsEmptyTest" computerName="ANGUS-LAPTOP" duration="00:00:00.0031359" startTime="2015-03-15T23:55:32.0811080+10:00" endTime="2015-03-15T23:55:32.0951149+10:00" testType="13cdc9d9-ddb5-4fa4-a97d-d965ccfc6d4b" outcome="Passed" testListId="8c84fa94-04c1-424b-9868-57a2d4851a1d" relativeResultsDirectory="f8c6c78f-5748-417c-a3b4-4b3d153dba7e">
    </UnitTestResult>
    <UnitTestResult executionId="988f4239-b3d2-474e-a219-295745c13801" testId="843d7c55-8e65-7aae-3224-87c8a2ae1608" testName="PathInformationTest" computerName="ANGUS-LAPTOP" duration="00:00:00.0230740" startTime="2015-03-15T23:55:32.1121262+10:00" endTime="2015-03-15T23:55:32.1471540+10:00" testType="13cdc9d9-ddb5-4fa4-a97d-d965ccfc6d4b" outcome="Passed" testListId="8c84fa94-04c1-424b-9868-57a2d4851a1d" relativeResultsDirectory="988f4239-b3d2-474e-a219-295745c13801">
    </UnitTestResult>
    <UnitTestResult executionId="fa092610-62b1-4013-a2ef-3aca7a25beb5" testId="369bfc87-6600-6ec7-a8e2-f11d970fc6f9" testName="ComponentConstructorTest" computerName="ANGUS-LAPTOP" duration="00:00:00.0012222" startTime="2015-03-15T23:55:32.1601786+10:00" endTime="2015-03-15T23:55:32.1691679+10:00" testType="13cdc9d9-ddb5-4fa4-a97d-d965ccfc6d4b" outcome="Passed" testListId="8c84fa94-04c1-424b-9868-57a2d4851a1d" relativeResultsDirectory="fa092610-62b1-4013-a2ef-3aca7a25beb5">
    </UnitTestResult>
    <UnitTestResult executionId="016e3f24-1b8c-47f1-af21-c8b5aa2303cd" testId="a6eb57c4-f127-befd-4cff-cd6450458a49" testName="ComponentConstructorTest1" computerName="ANGUS-LAPTOP" duration="00:00:00.0012538" startTime="2015-03-15T23:55:32.2162086+10:00" endTime="2015-03-15T23:55:32.2272369+10:00" testType="13cdc9d9-ddb5-4fa4-a97d-d965ccfc6d4b" outcome="Passed" testListId="8c84fa94-04c1-424b-9868-57a2d4851a1d" relativeResultsDirectory="016e3f24-1b8c-47f1-af21-c8b5aa2303cd">
    </UnitTestResult>
    <UnitTestResult executionId="2c34b000-0256-4cf6-93c6-a578a04d0c8e" testId="51a85036-5f64-e861-a6da-8054c6aea340" testName="ComponentConstructorTest2" computerName="ANGUS-LAPTOP" duration="00:00:00.0025556" startTime="2015-03-15T23:55:32.2432273+10:00" endTime="2015-03-15T23:55:32.2592314+10:00" testType="13cdc9d9-ddb5-4fa4-a97d-d965ccfc6d4b" outcome="Passed" testListId="8c84fa94-04c1-424b-9868-57a2d4851a1d" relativeResultsDirectory="2c34b000-0256-4cf6-93c6-a578a04d0c8e">
    </UnitTestResult>
    <UnitTestResult executionId="c4de78f5-7672-4f49-b6d3-3b03577e300b" testId="185dc60c-75d6-b20a-81be-f0dc0aef7d75" testName="ComponentConstructorTest3" computerName="ANGUS-LAPTOP" duration="00:00:00.0010007" startTime="2015-03-15T23:55:32.2762431+10:00" endTime="2015-03-15T23:55:32.2852490+10:00" testType="13cdc9d9-ddb5-4fa4-a97d-d965ccfc6d4b" outcome="Passed" testListId="8c84fa94-04c1-424b-9868-57a2d4851a1d" relativeResultsDirectory="c4de78f5-7672-4f49-b6d3-3b03577e300b">
    </UnitTestResult>
    <UnitTestResult executionId="a3dd51d0-db77-43e6-b29d-1ccdf0cbfd26" testId="676d25eb-96ba-b58d-4ca9-a91acd9cc17d" testName="AddTest1" computerName="ANGUS-LAPTOP" duration="00:00:00.0034255" startTime="2015-03-15T23:55:32.2952561+10:00" endTime="2015-03-15T23:55:32.3072642+10:00" testType="13cdc9d9-ddb5-4fa4-a97d-d965ccfc6d4b" outcome="Passed" testListId="8c84fa94-04c1-424b-9868-57a2d4851a1d" relativeResultsDirectory="a3dd51d0-db77-43e6-b29d-1ccdf0cbfd26">
    </UnitTestResult>
    <UnitTestResult executionId="e873fde3-7532-431e-bcb5-575b1bb8e050" testId="ad159295-304a-454e-5aef-3d16df864bbe" testName="AddTest2" computerName="ANGUS-LAPTOP" duration="00:00:00.0042910" startTime="2015-03-15T23:55:32.3182725+10:00" endTime="2015-03-15T23:55:32.3272784+10:00" testType="13cdc9d9-ddb5-4fa4-a97d-d965ccfc6d4b" outcome="Passed" testListId="8c84fa94-04c1-424b-9868-57a2d4851a1d" relativeResultsDirectory="e873fde3-7532-431e-bcb5-575b1bb8e050">
    </UnitTestResult>
    <UnitTestResult executionId="56ed58c1-4273-4c49-8e4d-add9fa73ecb3" testId="f905724f-1c6d-f503-1ea1-99061dc1e8c0" testName="ClearAllTest" computerName="ANGUS-LAPTOP" duration="00:00:00.0007655" startTime="2015-03-15T23:55:32.3352841+10:00" endTime="2015-03-15T23:55:32.3402885+10:00" testType="13cdc9d9-ddb5-4fa4-a97d-d965ccfc6d4b" outcome="Passed" testListId="8c84fa94-04c1-424b-9868-57a2d4851a1d" relativeResultsDirectory="56ed58c1-4273-4c49-8e4d-add9fa73ecb3">
    </UnitTestResult>
    <UnitTestResult executionId="e1834363-0782-4f3a-8031-9492eed49a18" testId="dc85e865-8853-fe27-7c73-49c537e0422c" testName="CloneTest" computerName="ANGUS-LAPTOP" duration="00:00:00.0005722" startTime="2015-03-15T23:55:32.3472939+10:00" endTime="2015-03-15T23:55:32.3522962+10:00" testType="13cdc9d9-ddb5-4fa4-a97d-d965ccfc6d4b" outcome="Passed" testListId="8c84fa94-04c1-424b-9868-57a2d4851a1d" relativeResultsDirectory="e1834363-0782-4f3a-8031-9492eed49a18">
    </UnitTestResult>
    <UnitTestResult executionId="ec05bffb-f911-4c60-a37d-97edb1723d75" testId="0170dd5b-04c0-9d08-ac20-91df6a41bef8" testName="ContentTest" computerName="ANGUS-LAPTOP" duration="00:00:00.0004853" startTime="2015-03-15T23:55:32.3593025+10:00" endTime="2015-03-15T23:55:32.3633040+10:00" testType="13cdc9d9-ddb5-4fa4-a97d-d965ccfc6d4b" outcome="Passed" testListId="8c84fa94-04c1-424b-9868-57a2d4851a1d" relativeResultsDirectory="ec05bffb-f911-4c60-a37d-97edb1723d75">
    </UnitTestResult>
    <UnitTestResult executionId="8bf953f7-9acc-4eec-bb33-f522a072ee52" testId="9e897f89-e5b1-083a-7aab-f2a7899996d0" testName="InsertTest" computerName="ANGUS-LAPTOP" duration="00:00:00.0007291" startTime="2015-03-15T23:55:32.3713106+10:00" endTime="2015-03-15T23:55:32.3763154+10:00" testType="13cdc9d9-ddb5-4fa4-a97d-d965ccfc6d4b" outcome="Passed" testListId="8c84fa94-04c1-424b-9868-57a2d4851a1d" relativeResultsDirectory="8bf953f7-9acc-4eec-bb33-f522a072ee52">
    </UnitTestResult>
    <UnitTestResult executionId="0213a81a-416c-489f-a3f8-3ac059e38e46" testId="bc0f9aee-af0e-309f-c331-5b7305dffd88" testName="InsertTest1" computerName="ANGUS-LAPTOP" duration="00:00:00.0009545" startTime="2015-03-15T23:55:32.3853196+10:00" endTime="2015-03-15T23:55:32.3903232+10:00" testType="13cdc9d9-ddb5-4fa4-a97d-d965ccfc6d4b" outcome="Passed" testListId="8c84fa94-04c1-424b-9868-57a2d4851a1d" relativeResultsDirectory="0213a81a-416c-489f-a3f8-3ac059e38e46">
    </UnitTestResult>
    <UnitTestResult executionId="8f94f7b5-1884-4d0d-a4ba-b798ec8822fd" testId="90c445ca-3a67-c106-b015-7a4dd4a33253" testName="RemoveContentAtTest" computerName="ANGUS-LAPTOP" duration="00:00:00.0013625" startTime="2015-03-15T23:55:32.3973299+10:00" endTime="2015-03-15T23:55:32.4023317+10:00" testType="13cdc9d9-ddb5-4fa4-a97d-d965ccfc6d4b" outcome="Passed" testListId="8c84fa94-04c1-424b-9868-57a2d4851a1d" relativeResultsDirectory="8f94f7b5-1884-4d0d-a4ba-b798ec8822fd">
    </UnitTestResult>
    <UnitTestResult executionId="1c07a539-06ff-40f4-aafa-7db5b55dadab" testId="f68c8a02-1470-d08d-1c7b-4369d1481c87" testName="RemoveSubComponentAtTest" computerName="ANGUS-LAPTOP" duration="00:00:00.0011798" startTime="2015-03-15T23:55:32.4103374+10:00" endTime="2015-03-15T23:55:32.4163421+10:00" testType="13cdc9d9-ddb5-4fa4-a97d-d965ccfc6d4b" outcome="Passed" testListId="8c84fa94-04c1-424b-9868-57a2d4851a1d" relativeResultsDirectory="1c07a539-06ff-40f4-aafa-7db5b55dadab">
    </UnitTestResult>
    <UnitTestResult executionId="2a1c578d-7919-4f67-b1d3-8c41c9b06329" testId="3bbb9637-de42-44c8-d031-1764421810d0" testName="SetTest" computerName="ANGUS-LAPTOP" duration="00:00:00.0012534" startTime="2015-03-15T23:55:32.4223464+10:00" endTime="2015-03-15T23:55:32.4293518+10:00" testType="13cdc9d9-ddb5-4fa4-a97d-d965ccfc6d4b" outcome="Passed" testListId="8c84fa94-04c1-424b-9868-57a2d4851a1d" relativeResultsDirectory="2a1c578d-7919-4f67-b1d3-8c41c9b06329">
    </UnitTestResult>
    <UnitTestResult executionId="50f369d0-51b8-477a-bffe-7683277fa33f" testId="b3d350c4-b091-6fe0-74e1-34517bbb2e68" testName="SetTest1" computerName="ANGUS-LAPTOP" duration="00:00:00.0009575" startTime="2015-03-15T23:55:32.4564282+10:00" endTime="2015-03-15T23:55:32.4624325+10:00" testType="13cdc9d9-ddb5-4fa4-a97d-d965ccfc6d4b" outcome="Passed" testListId="8c84fa94-04c1-424b-9868-57a2d4851a1d" relativeResultsDirectory="50f369d0-51b8-477a-bffe-7683277fa33f">
    </UnitTestResult>
    <UnitTestResult executionId="be5d2c24-d0ec-439b-a84e-5fe1d72b46b6" testId="c3d2d8ae-14f9-c6cb-f090-b1bbcb1098e1" testName="SubComponentTest" computerName="ANGUS-LAPTOP" duration="00:00:00.0003468" startTime="2015-03-15T23:55:32.4694375+10:00" endTime="2015-03-15T23:55:32.4744436+10:00" testType="13cdc9d9-ddb5-4fa4-a97d-d965ccfc6d4b" outcome="Passed" testListId="8c84fa94-04c1-424b-9868-57a2d4851a1d" relativeResultsDirectory="be5d2c24-d0ec-439b-a84e-5fe1d72b46b6">
    </UnitTestResult>
    <UnitTestResult executionId="ba53a1ce-f0c4-43f1-83b9-970730a093b4" testId="eb7c9f06-98e8-445c-f673-5e23c0368493" testName="ToStringTest" computerName="ANGUS-LAPTOP" duration="00:00:00.0004310" startTime="2015-03-15T23:55:32.4824467+10:00" endTime="2015-03-15T23:55:32.4864508+10:00" testType="13cdc9d9-ddb5-4fa4-a97d-d965ccfc6d4b" outcome="Passed" testListId="8c84fa94-04c1-424b-9868-57a2d4851a1d" relativeResultsDirectory="ba53a1ce-f0c4-43f1-83b9-970730a093b4">
    </UnitTestResult>
    <UnitTestResult executionId="925720b3-dbf1-4cc3-85b4-df6e31929800" testId="33cb0d51-1036-f8e4-de2e-0a4394912383" testName="AsStringTest" computerName="ANGUS-LAPTOP" duration="00:00:00.0006949" startTime="2015-03-15T23:55:32.4954581+10:00" endTime="2015-03-15T23:55:32.5004770+10:00" testType="13cdc9d9-ddb5-4fa4-a97d-d965ccfc6d4b" outcome="Passed" testListId="8c84fa94-04c1-424b-9868-57a2d4851a1d" relativeResultsDirectory="925720b3-dbf1-4cc3-85b4-df6e31929800">
    </UnitTestResult>
    <UnitTestResult executionId="523750d1-b0d3-4325-940b-2cac70111168" testId="103ae38f-7bdb-fa7e-61ed-44691586c811" testName="AsStringRawTest" computerName="ANGUS-LAPTOP" duration="00:00:00.0003250" startTime="2015-03-15T23:55:32.5084669+10:00" endTime="2015-03-15T23:55:32.5134743+10:00" testType="13cdc9d9-ddb5-4fa4-a97d-d965ccfc6d4b" outcome="Passed" testListId="8c84fa94-04c1-424b-9868-57a2d4851a1d" relativeResultsDirectory="523750d1-b0d3-4325-940b-2cac70111168">
    </UnitTestResult>
    <UnitTestResult executionId="796dd4f6-e12d-4e4c-a71f-f3ff29000792" testId="99583b5b-0b22-162b-1710-cae4f7ff2a39" testName="ContentCountTest" computerName="ANGUS-LAPTOP" duration="00:00:00.0011491" startTime="2015-03-15T23:55:32.5214744+10:00" endTime="2015-03-15T23:55:32.5274966+10:00" testType="13cdc9d9-ddb5-4fa4-a97d-d965ccfc6d4b" outcome="Passed" testListId="8c84fa94-04c1-424b-9868-57a2d4851a1d" relativeResultsDirectory="796dd4f6-e12d-4e4c-a71f-f3ff29000792">
    </UnitTestResult>
    <UnitTestResult executionId="4be452d0-f78d-4a7d-85f1-f6668bab5463" testId="07a45700-0b26-e484-c6c1-cc15104bb68b" testName="IsEmptyTest" computerName="ANGUS-LAPTOP" duration="00:00:00.0003724" startTime="2015-03-15T23:55:32.5354848+10:00" endTime="2015-03-15T23:55:32.5414925+10:00" testType="13cdc9d9-ddb5-4fa4-a97d-d965ccfc6d4b" outcome="Passed" testListId="8c84fa94-04c1-424b-9868-57a2d4851a1d" relativeResultsDirectory="4be452d0-f78d-4a7d-85f1-f6668bab5463">
    </UnitTestResult>
    <UnitTestResult executionId="f2548fd8-72d6-465e-8d5b-17bd21404da1" testId="3296d32a-d554-a5a0-56b4-4587df1a76bd" testName="IsHL7NullTest" computerName="ANGUS-LAPTOP" duration="00:00:00.0011803" startTime="2015-03-15T23:55:32.5484936+10:00" endTime="2015-03-15T23:55:32.5555016+10:00" testType="13cdc9d9-ddb5-4fa4-a97d-d965ccfc6d4b" outcome="Passed" testListId="8c84fa94-04c1-424b-9868-57a2d4851a1d" relativeResultsDirectory="f2548fd8-72d6-465e-8d5b-17bd21404da1">
    </UnitTestResult>
    <UnitTestResult executionId="9ed70b30-2f70-4baa-8593-cb8df9908416" testId="ab9e9665-3f72-e3ec-cde1-28e4338cc8ba" testName="SubComponentCountTest" computerName="ANGUS-LAPTOP" duration="00:00:00.0002942" startTime="2015-03-15T23:55:32.5625035+10:00" endTime="2015-03-15T23:55:32.5675101+10:00" testType="13cdc9d9-ddb5-4fa4-a97d-d965ccfc6d4b" outcome="Passed" testListId="8c84fa94-04c1-424b-9868-57a2d4851a1d" relativeResultsDirectory="9ed70b30-2f70-4baa-8593-cb8df9908416">
    </UnitTestResult>
    <UnitTestResult executionId="c85c7ed6-edd5-4429-968f-399186e032bf" testId="485fbc4e-b87e-c449-d941-c4ad880a6114" testName="SubComponentListTest" computerName="ANGUS-LAPTOP" duration="00:00:00.0024962" startTime="2015-03-15T23:55:32.5745125+10:00" endTime="2015-03-15T23:55:32.5825177+10:00" testType="13cdc9d9-ddb5-4fa4-a97d-d965ccfc6d4b" outcome="Passed" testListId="8c84fa94-04c1-424b-9868-57a2d4851a1d" relativeResultsDirectory="c85c7ed6-edd5-4429-968f-399186e032bf">
    </UnitTestResult>
    <UnitTestResult executionId="f8f29a2b-c0dc-4d32-a815-f1f8ccb87bf1" testId="2a867a65-2f84-ff26-c105-0f078d77b06c" testName="PathInformationTest" computerName="ANGUS-LAPTOP" duration="00:00:00.0005396" startTime="2015-03-15T23:55:32.5905234+10:00" endTime="2015-03-15T23:55:32.5955445+10:00" testType="13cdc9d9-ddb5-4fa4-a97d-d965ccfc6d4b" outcome="Passed" testListId="8c84fa94-04c1-424b-9868-57a2d4851a1d" relativeResultsDirectory="f8f29a2b-c0dc-4d32-a815-f1f8ccb87bf1">
    </UnitTestResult>
    <UnitTestResult executionId="9732a68d-a27f-4a4c-83d5-adc69570b567" testId="dc5c1174-a19a-b858-78d3-868e90f52906" testName="DecoderTest" computerName="ANGUS-LAPTOP" duration="00:00:00.0024359" startTime="2015-03-15T23:55:32.6035357+10:00" endTime="2015-03-15T23:55:32.6105547+10:00" testType="13cdc9d9-ddb5-4fa4-a97d-d965ccfc6d4b" outcome="Passed" testListId="8c84fa94-04c1-424b-9868-57a2d4851a1d" relativeResultsDirectory="9732a68d-a27f-4a4c-83d5-adc69570b567">
    </UnitTestResult>
    <UnitTestResult executionId="b3e16242-d984-4f52-8c22-88e89c2a43e7" testId="862b0f23-3edd-c5ed-5811-6f4626fd9e20" testName="EncoderTest" computerName="ANGUS-LAPTOP" duration="00:00:00.0002206" startTime="2015-03-15T23:55:32.6185459+10:00" endTime="2015-03-15T23:55:32.6245480+10:00" testType="13cdc9d9-ddb5-4fa4-a97d-d965ccfc6d4b" outcome="Passed" testListId="8c84fa94-04c1-424b-9868-57a2d4851a1d" relativeResultsDirectory="b3e16242-d984-4f52-8c22-88e89c2a43e7">
    </UnitTestResult>
    <UnitTestResult executionId="d82c22ff-c7cb-48ae-bd91-f79130eb8085" testId="0f69c36b-493c-8fb0-e292-61a29a24b837" testName="MessageConstructorTest" computerName="ANGUS-LAPTOP" duration="00:00:00.0130960" startTime="2015-03-15T23:55:32.6325563+10:00" endTime="2015-03-15T23:55:32.6495846+10:00" testType="13cdc9d9-ddb5-4fa4-a97d-d965ccfc6d4b" outcome="Passed" testListId="8c84fa94-04c1-424b-9868-57a2d4851a1d" relativeResultsDirectory="d82c22ff-c7cb-48ae-bd91-f79130eb8085">
    </UnitTestResult>
    <UnitTestResult executionId="a6f3ebe3-176a-43a1-ac44-1e5827324318" testId="2f654289-9617-b10b-e542-e8186ac6ae6d" testName="MessageConstructorTest1" computerName="ANGUS-LAPTOP" duration="00:00:00.0051865" startTime="2015-03-15T23:55:32.6575727+10:00" endTime="2015-03-15T23:55:32.6675794+10:00" testType="13cdc9d9-ddb5-4fa4-a97d-d965ccfc6d4b" outcome="Passed" testListId="8c84fa94-04c1-424b-9868-57a2d4851a1d" relativeResultsDirectory="a6f3ebe3-176a-43a1-ac44-1e5827324318">
    </UnitTestResult>
    <UnitTestResult executionId="f5470f3a-caff-4c90-b753-5c14ea235e83" testId="2b092f7d-5a0b-451d-0f1f-2d05899b85b2" testName="MessageConstructorTest2" computerName="ANGUS-LAPTOP" duration="00:00:00.0042983" startTime="2015-03-15T23:55:32.6755838+10:00" endTime="2015-03-15T23:55:32.6846082+10:00" testType="13cdc9d9-ddb5-4fa4-a97d-d965ccfc6d4b" outcome="Passed" testListId="8c84fa94-04c1-424b-9868-57a2d4851a1d" relativeResultsDirectory="f5470f3a-caff-4c90-b753-5c14ea235e83">
    </UnitTestResult>
    <UnitTestResult executionId="203c10c0-ee74-4147-80eb-6a22fc52c27a" testId="6604cd26-de27-ebd9-cd59-d7c8c3f48c0d" testName="MessageConstructorTest3" computerName="ANGUS-LAPTOP" duration="00:00:00.0013821" startTime="2015-03-15T23:55:32.6915952+10:00" endTime="2015-03-15T23:55:32.6986014+10:00" testType="13cdc9d9-ddb5-4fa4-a97d-d965ccfc6d4b" outcome="Passed" testListId="8c84fa94-04c1-424b-9868-57a2d4851a1d" relativeResultsDirectory="203c10c0-ee74-4147-80eb-6a22fc52c27a">
    </UnitTestResult>
    <UnitTestResult executionId="b085f134-c11f-43b9-90d2-919ff2744c19" testId="9d575baf-4a71-ba25-05e3-403d9f9e7372" testName="AddTest1" computerName="ANGUS-LAPTOP" duration="00:00:00.0162944" startTime="2015-03-15T23:55:32.7056081+10:00" endTime="2015-03-15T23:55:32.7266230+10:00" testType="13cdc9d9-ddb5-4fa4-a97d-d965ccfc6d4b" outcome="Passed" testListId="8c84fa94-04c1-424b-9868-57a2d4851a1d" relativeResultsDirectory="b085f134-c11f-43b9-90d2-919ff2744c19">
    </UnitTestResult>
    <UnitTestResult executionId="2819a8bd-8833-410a-b8a3-69ec2a50b3f1" testId="90fdd12e-0421-b4a1-ef81-0bb83465e065" testName="ClearAllTest" computerName="ANGUS-LAPTOP" duration="00:00:00.0154126" startTime="2015-03-15T23:55:32.7346257+10:00" endTime="2015-03-15T23:55:32.7546788+10:00" testType="13cdc9d9-ddb5-4fa4-a97d-d965ccfc6d4b" outcome="Passed" testListId="8c84fa94-04c1-424b-9868-57a2d4851a1d" relativeResultsDirectory="2819a8bd-8833-410a-b8a3-69ec2a50b3f1">
    </UnitTestResult>
    <UnitTestResult executionId="81a4af16-50a8-4a10-9d8d-72470d9bee4f" testId="faec3610-6546-8bf2-fdbe-dee7799c6609" testName="CloneTest" computerName="ANGUS-LAPTOP" duration="00:00:00.0123818" startTime="2015-03-15T23:55:32.7626674+10:00" endTime="2015-03-15T23:55:32.7806913+10:00" testType="13cdc9d9-ddb5-4fa4-a97d-d965ccfc6d4b" outcome="Passed" testListId="8c84fa94-04c1-424b-9868-57a2d4851a1d" relativeResultsDirectory="81a4af16-50a8-4a10-9d8d-72470d9bee4f">
    </UnitTestResult>
    <UnitTestResult executionId="9196607e-2db0-46a7-83a8-b1cbbb21f696" testId="94e97998-8db0-2910-eb4b-454814672011" testName="InsertTest" computerName="ANGUS-LAPTOP" duration="00:00:00.0198414" startTime="2015-03-15T23:55:32.7876877+10:00" endTime="2015-03-15T23:55:32.8127145+10:00" testType="13cdc9d9-ddb5-4fa4-a97d-d965ccfc6d4b" outcome="Passed" testListId="8c84fa94-04c1-424b-9868-57a2d4851a1d" relativeResultsDirectory="9196607e-2db0-46a7-83a8-b1cbbb21f696">
    </UnitTestResult>
    <UnitTestResult executionId="df8698c1-edff-432a-99a1-bbd24d41d557" testId="64d2a0a5-d6a5-16ae-7d91-b88c49d33cb5" testName="RemoveSegmentAtTest" computerName="ANGUS-LAPTOP" duration="00:00:00.0039168" startTime="2015-03-15T23:55:32.8217187+10:00" endTime="2015-03-15T23:55:32.8297419+10:00" testType="13cdc9d9-ddb5-4fa4-a97d-d965ccfc6d4b" outcome="Passed" testListId="8c84fa94-04c1-424b-9868-57a2d4851a1d" relativeResultsDirectory="df8698c1-edff-432a-99a1-bbd24d41d557">
    </UnitTestResult>
    <UnitTestResult executionId="96969f09-a8bd-4e7b-b5b2-29cc26d67992" testId="1713cf26-171e-b64b-87bb-b96ad4328d79" testName="SegmentTest" computerName="ANGUS-LAPTOP" duration="00:00:00.0048675" startTime="2015-03-15T23:55:32.8377301+10:00" endTime="2015-03-15T23:55:32.8477577+10:00" testType="13cdc9d9-ddb5-4fa4-a97d-d965ccfc6d4b" outcome="Passed" testListId="8c84fa94-04c1-424b-9868-57a2d4851a1d" relativeResultsDirectory="96969f09-a8bd-4e7b-b5b2-29cc26d67992">
    </UnitTestResult>
    <UnitTestResult executionId="516cc106-3d04-4155-bf78-258c3a1c96bc" testId="657b03ae-c6ed-cf3b-d3fd-383cfaaed277" testName="SegmentTest1" computerName="ANGUS-LAPTOP" duration="00:00:00.0029349" startTime="2015-03-15T23:55:32.8547597+10:00" endTime="2015-03-15T23:55:32.8627500+10:00" testType="13cdc9d9-ddb5-4fa4-a97d-d965ccfc6d4b" outcome="Passed" testListId="8c84fa94-04c1-424b-9868-57a2d4851a1d" relativeResultsDirectory="516cc106-3d04-4155-bf78-258c3a1c96bc">
    </UnitTestResult>
    <UnitTestResult executionId="ae79c844-2b52-47dc-bf7f-1efe26e09357" testId="b2eb1e14-bea9-e296-a2b0-1e95dd6e0f89" testName="SegmentListTest" computerName="ANGUS-LAPTOP" duration="00:00:00.0109111" startTime="2015-03-15T23:55:32.8697541+10:00" endTime="2015-03-15T23:55:32.8857813+10:00" testType="13cdc9d9-ddb5-4fa4-a97d-d965ccfc6d4b" outcome="Passed" testListId="8c84fa94-04c1-424b-9868-57a2d4851a1d" relativeResultsDirectory="ae79c844-2b52-47dc-bf7f-1efe26e09357">
    </UnitTestResult>
    <UnitTestResult executionId="e42b61af-1401-4ad3-a19f-9fef1e7b234b" testId="beb508f7-d47b-8ea2-828f-479b5652e52a" testName="SegmentListTest1" computerName="ANGUS-LAPTOP" duration="00:00:00.0036089" startTime="2015-03-15T23:55:32.8937699+10:00" endTime="2015-03-15T23:55:32.9017760+10:00" testType="13cdc9d9-ddb5-4fa4-a97d-d965ccfc6d4b" outcome="Passed" testListId="8c84fa94-04c1-424b-9868-57a2d4851a1d" relativeResultsDirectory="e42b61af-1401-4ad3-a19f-9fef1e7b234b">
    </UnitTestResult>
    <UnitTestResult executionId="a42ed7e3-aa8a-46db-99a6-58e73eb43ec8" testId="068ee4da-4219-485f-f9a9-dc524fcc05e8" testName="ToStringTest" computerName="ANGUS-LAPTOP" duration="00:00:00.0047863" startTime="2015-03-15T23:55:32.9097817+10:00" endTime="2015-03-15T23:55:32.9198059+10:00" testType="13cdc9d9-ddb5-4fa4-a97d-d965ccfc6d4b" outcome="Passed" testListId="8c84fa94-04c1-424b-9868-57a2d4851a1d" relativeResultsDirectory="a42ed7e3-aa8a-46db-99a6-58e73eb43ec8">
    </UnitTestResult>
    <UnitTestResult executionId="8d440314-ab70-4d8f-bad7-dc5828adcf9d" testId="5e302a5a-64aa-d67b-fb8f-15049ebc8f93" testName="AsStringTest" computerName="ANGUS-LAPTOP" duration="00:00:00.0001932" startTime="2015-03-15T23:55:32.9277945+10:00" endTime="2015-03-15T23:55:32.9328151+10:00" testType="13cdc9d9-ddb5-4fa4-a97d-d965ccfc6d4b" outcome="Passed" testListId="8c84fa94-04c1-424b-9868-57a2d4851a1d" relativeResultsDirectory="8d440314-ab70-4d8f-bad7-dc5828adcf9d">
    </UnitTestResult>
    <UnitTestResult executionId="c178303c-cf93-4a9c-8c32-c5e704b76562" testId="d58d6679-95d9-8945-1be6-c76566ab3d36" testName="AsStringRawTest" computerName="ANGUS-LAPTOP" duration="00:00:00.0067376" startTime="2015-03-15T23:55:32.9398051+10:00" endTime="2015-03-15T23:55:32.9518282+10:00" testType="13cdc9d9-ddb5-4fa4-a97d-d965ccfc6d4b" outcome="Passed" testListId="8c84fa94-04c1-424b-9868-57a2d4851a1d" relativeResultsDirectory="c178303c-cf93-4a9c-8c32-c5e704b76562">
    </UnitTestResult>
    <UnitTestResult executionId="e83c3fa1-27fa-4b94-9cd7-c31d256c6731" testId="5768ccdc-d49c-7975-171c-f0931bc421e3" testName="EscapeSequenceTest" computerName="ANGUS-LAPTOP" duration="00:00:00.0030585" startTime="2015-03-15T23:55:32.9598347+10:00" endTime="2015-03-15T23:55:32.9678395+10:00" testType="13cdc9d9-ddb5-4fa4-a97d-d965ccfc6d4b" outcome="Passed" testListId="8c84fa94-04c1-424b-9868-57a2d4851a1d" relativeResultsDirectory="e83c3fa1-27fa-4b94-9cd7-c31d256c6731">
    </UnitTestResult>
    <UnitTestResult executionId="b5018ac8-11e7-4a95-aba4-8f85ec506716" testId="282e4e5e-978c-9145-a967-60e02e5af049" testName="MainSeparatorTest" computerName="ANGUS-LAPTOP" duration="00:00:00.0028922" startTime="2015-03-15T23:55:32.9748274+10:00" endTime="2015-03-15T23:55:32.9828502+10:00" testType="13cdc9d9-ddb5-4fa4-a97d-d965ccfc6d4b" outcome="Passed" testListId="8c84fa94-04c1-424b-9868-57a2d4851a1d" relativeResultsDirectory="b5018ac8-11e7-4a95-aba4-8f85ec506716">
    </UnitTestResult>
    <UnitTestResult executionId="b3413d7f-5c0e-4f32-b13f-c552f2b49a93" testId="cc555133-a437-76ab-0a74-82c55de705e8" testName="MessageControlIDTest" computerName="ANGUS-LAPTOP" duration="00:00:00.0026839" startTime="2015-03-15T23:55:32.9908388+10:00" endTime="2015-03-15T23:55:32.9978609+10:00" testType="13cdc9d9-ddb5-4fa4-a97d-d965ccfc6d4b" outcome="Passed" testListId="8c84fa94-04c1-424b-9868-57a2d4851a1d" relativeResultsDirectory="b3413d7f-5c0e-4f32-b13f-c552f2b49a93">
    </UnitTestResult>
    <UnitTestResult executionId="3573ec6d-18f6-4abb-b2dc-681abe77d61d" testId="c9b407e9-f52b-5545-23a8-ac0caf216314" testName="MessageDelimitersTest" computerName="ANGUS-LAPTOP" duration="00:00:00.0040999" startTime="2015-03-15T23:55:33.0058494+10:00" endTime="2015-03-15T23:55:33.0138585+10:00" testType="13cdc9d9-ddb5-4fa4-a97d-d965ccfc6d4b" outcome="Passed" testListId="8c84fa94-04c1-424b-9868-57a2d4851a1d" relativeResultsDirectory="3573ec6d-18f6-4abb-b2dc-681abe77d61d">
    </UnitTestResult>
    <UnitTestResult executionId="9b0d0180-9259-4b3d-a40a-c95248676244" testId="9eda4ff3-53a4-53d4-9c19-a43129d94713" testName="MessageStructureTest" computerName="ANGUS-LAPTOP" duration="00:00:00.0027797" startTime="2015-03-15T23:55:33.0218612+10:00" endTime="2015-03-15T23:55:33.0298699+10:00" testType="13cdc9d9-ddb5-4fa4-a97d-d965ccfc6d4b" outcome="Passed" testListId="8c84fa94-04c1-424b-9868-57a2d4851a1d" relativeResultsDirectory="9b0d0180-9259-4b3d-a40a-c95248676244">
    </UnitTestResult>
    <UnitTestResult executionId="24fe4d3a-763f-4bf1-8d73-fa4100462414" testId="f1df2fe0-5c6a-90b0-37fe-55420582e959" testName="MessageTriggerTest" computerName="ANGUS-LAPTOP" duration="00:00:00.0026942" startTime="2015-03-15T23:55:33.0368715+10:00" endTime="2015-03-15T23:55:33.0438940+10:00" testType="13cdc9d9-ddb5-4fa4-a97d-d965ccfc6d4b" outcome="Passed" testListId="8c84fa94-04c1-424b-9868-57a2d4851a1d" relativeResultsDirectory="24fe4d3a-763f-4bf1-8d73-fa4100462414">
    </UnitTestResult>
    <UnitTestResult executionId="09dc67ae-0ae7-43c2-8092-5b33ba51dd2c" testId="53c8ecc0-4679-34d3-58d6-99419f23d04f" testName="MessageTypeTest" computerName="ANGUS-LAPTOP" duration="00:00:00.0027010" startTime="2015-03-15T23:55:33.0518821+10:00" endTime="2015-03-15T23:55:33.0588884+10:00" testType="13cdc9d9-ddb5-4fa4-a97d-d965ccfc6d4b" outcome="Passed" testListId="8c84fa94-04c1-424b-9868-57a2d4851a1d" relativeResultsDirectory="09dc67ae-0ae7-43c2-8092-5b33ba51dd2c">
    </UnitTestResult>
    <UnitTestResult executionId="cff3457f-f8e3-49a5-b9d8-3a93d7ad0e82" testId="ca074321-703a-c011-3524-71ae90f517d5" testName="MessageVersionTest" computerName="ANGUS-LAPTOP" duration="00:00:00.0027502" startTime="2015-03-15T23:55:33.0659027+10:00" endTime="2015-03-15T23:55:33.0739131+10:00" testType="13cdc9d9-ddb5-4fa4-a97d-d965ccfc6d4b" outcome="Passed" testListId="8c84fa94-04c1-424b-9868-57a2d4851a1d" relativeResultsDirectory="cff3457f-f8e3-49a5-b9d8-3a93d7ad0e82">
    </UnitTestResult>
    <UnitTestResult executionId="014a52ac-c3c3-488e-8670-52bfba64028e" testId="90fc6482-05af-7f6e-6cb8-840ab35eea4f" testName="SegmentCountTest" computerName="ANGUS-LAPTOP" duration="00:00:00.0068540" startTime="2015-03-15T23:55:33.0809177+10:00" endTime="2015-03-15T23:55:33.0929262+10:00" testType="13cdc9d9-ddb5-4fa4-a97d-d965ccfc6d4b" outcome="Passed" testListId="8c84fa94-04c1-424b-9868-57a2d4851a1d" relativeResultsDirectory="014a52ac-c3c3-488e-8670-52bfba64028e">
    </UnitTestResult>
    <UnitTestResult executionId="f9f2c345-a0bc-43fb-846c-91c975a6864f" testId="64ae8d55-89fb-da08-2317-c83fb43485a3" testName="PathInformationTest" computerName="ANGUS-LAPTOP" duration="00:00:00.0030068" startTime="2015-03-15T23:55:33.1009327+10:00" endTime="2015-03-15T23:55:33.1089350+10:00" testType="13cdc9d9-ddb5-4fa4-a97d-d965ccfc6d4b" outcome="Passed" testListId="8c84fa94-04c1-424b-9868-57a2d4851a1d" relativeResultsDirectory="f9f2c345-a0bc-43fb-846c-91c975a6864f">
    </UnitTestResult>
    <UnitTestResult executionId="9d4dbdaa-d1d8-49c1-b491-be63ce20677f" testId="468af397-02e2-4a09-a426-2797ac48bb2f" testName="AsDateTimeTest" computerName="ANGUS-LAPTOP" duration="00:00:00.0024299" startTime="2015-03-15T23:55:33.1159421+10:00" endTime="2015-03-15T23:55:33.1229484+10:00" testType="13cdc9d9-ddb5-4fa4-a97d-d965ccfc6d4b" outcome="Passed" testListId="8c84fa94-04c1-424b-9868-57a2d4851a1d" relativeResultsDirectory="9d4dbdaa-d1d8-49c1-b491-be63ce20677f">
    </UnitTestResult>
    <UnitTestResult executionId="7f826701-d635-4813-919f-0938931cf3e3" testId="212330fe-5b56-bbfa-0098-97f0e426596f" testName="HasMillisecondsTest" computerName="ANGUS-LAPTOP" duration="00:00:00.0122527" startTime="2015-03-15T23:55:33.1309540+10:00" endTime="2015-03-15T23:55:33.1489711+10:00" testType="13cdc9d9-ddb5-4fa4-a97d-d965ccfc6d4b" outcome="Passed" testListId="8c84fa94-04c1-424b-9868-57a2d4851a1d" relativeResultsDirectory="7f826701-d635-4813-919f-0938931cf3e3">
    </UnitTestResult>
    <UnitTestResult executionId="5c0a99b7-e399-4f4c-9342-4e956b40ac22" testId="4b69f646-3fd7-1906-dc9c-283732d9870f" testName="HasNoMillisecondsOrTimeZoneTest" computerName="ANGUS-LAPTOP" duration="00:00:00.0005461" startTime="2015-03-15T23:55:33.1559722+10:00" endTime="2015-03-15T23:55:33.1619761+10:00" testType="13cdc9d9-ddb5-4fa4-a97d-d965ccfc6d4b" outcome="Passed" testListId="8c84fa94-04c1-424b-9868-57a2d4851a1d" relativeResultsDirectory="5c0a99b7-e399-4f4c-9342-4e956b40ac22">
    </UnitTestResult>
    <UnitTestResult executionId="d3912b57-c2e4-41d8-86e3-2812ec687ca2" testId="69006a4b-2bb8-cd05-18cd-ebc04e54b06a" testName="HasTimeMillisecondsAndTimeZoneTest" computerName="ANGUS-LAPTOP" duration="00:00:00.0005597" startTime="2015-03-15T23:55:33.1689810+10:00" endTime="2015-03-15T23:55:33.1739816+10:00" testType="13cdc9d9-ddb5-4fa4-a97d-d965ccfc6d4b" outcome="Passed" testListId="8c84fa94-04c1-424b-9868-57a2d4851a1d" relativeResultsDirectory="d3912b57-c2e4-41d8-86e3-2812ec687ca2">
    </UnitTestResult>
    <UnitTestResult executionId="f204e3a0-91c0-45dc-ae12-a251f5700f0b" testId="d10f3995-53c1-d99d-5076-8ce0ff32fead" testName="HasTimeZoneTest" computerName="ANGUS-LAPTOP" duration="00:00:00.0007530" startTime="2015-03-15T23:55:33.1819873+10:00" endTime="2015-03-15T23:55:33.1869938+10:00" testType="13cdc9d9-ddb5-4fa4-a97d-d965ccfc6d4b" outcome="Passed" testListId="8c84fa94-04c1-424b-9868-57a2d4851a1d" relativeResultsDirectory="f204e3a0-91c0-45dc-ae12-a251f5700f0b">
    </UnitTestResult>
    <UnitTestResult executionId="6a97dd8d-ea5f-4567-8188-de0d5293e6f9" testId="f00783f7-5de7-c5be-765a-7ed93a96a4fd" testName="ElementConstructorTest" computerName="ANGUS-LAPTOP" duration="00:00:00.0017709" startTime="2015-03-15T23:55:33.2522209+10:00" endTime="2015-03-15T23:55:33.2652370+10:00" testType="13cdc9d9-ddb5-4fa4-a97d-d965ccfc6d4b" outcome="Passed" testListId="8c84fa94-04c1-424b-9868-57a2d4851a1d" relativeResultsDirectory="6a97dd8d-ea5f-4567-8188-de0d5293e6f9">
    </UnitTestResult>
    <UnitTestResult executionId="7afc2a34-a7c0-458d-84d4-98286b048088" testId="5a1cbec0-3ed5-0725-94d8-13b5e4a631b1" testName="ElementConstructorTest1" computerName="ANGUS-LAPTOP" duration="00:00:00.0014386" startTime="2015-03-15T23:55:33.2822422+10:00" endTime="2015-03-15T23:55:33.2932774+10:00" testType="13cdc9d9-ddb5-4fa4-a97d-d965ccfc6d4b" outcome="Passed" testListId="8c84fa94-04c1-424b-9868-57a2d4851a1d" relativeResultsDirectory="7afc2a34-a7c0-458d-84d4-98286b048088">
    </UnitTestResult>
    <UnitTestResult executionId="d953a38b-a1f9-488e-bbc8-8e9eb5aa814f" testId="b2d02903-6680-8875-02e1-f43f070be79a" testName="ElementConstructorTest2" computerName="ANGUS-LAPTOP" duration="00:00:00.0011649" startTime="2015-03-15T23:55:33.3092610+10:00" endTime="2015-03-15T23:55:33.3202748+10:00" testType="13cdc9d9-ddb5-4fa4-a97d-d965ccfc6d4b" outcome="Passed" testListId="8c84fa94-04c1-424b-9868-57a2d4851a1d" relativeResultsDirectory="d953a38b-a1f9-488e-bbc8-8e9eb5aa814f">
    </UnitTestResult>
    <UnitTestResult executionId="a98398d2-5f68-41bc-91c8-1ffc0264d2fd" testId="5554022a-d932-fcb6-1c69-d229745140fe" testName="ElementConstructorTest3" computerName="ANGUS-LAPTOP" duration="00:00:00.0009977" startTime="2015-03-15T23:55:33.3362801+10:00" endTime="2015-03-15T23:55:33.3472897+10:00" testType="13cdc9d9-ddb5-4fa4-a97d-d965ccfc6d4b" outcome="Passed" testListId="8c84fa94-04c1-424b-9868-57a2d4851a1d" relativeResultsDirectory="a98398d2-5f68-41bc-91c8-1ffc0264d2fd">
    </UnitTestResult>
    <UnitTestResult executionId="06f1ea2f-ee3a-4ca9-990b-25e3a15af158" testId="851ef1d3-a812-cf2f-2423-ef5e5794b37d" testName="AddTest" computerName="ANGUS-LAPTOP" duration="00:00:00.0048235" startTime="2015-03-15T23:55:33.3693036+10:00" endTime="2015-03-15T23:55:33.3863148+10:00" testType="13cdc9d9-ddb5-4fa4-a97d-d965ccfc6d4b" outcome="Passed" testListId="8c84fa94-04c1-424b-9868-57a2d4851a1d" relativeResultsDirectory="06f1ea2f-ee3a-4ca9-990b-25e3a15af158">
    </UnitTestResult>
    <UnitTestResult executionId="65e6b956-b640-4571-958e-387aa3f30ee0" testId="98803a2e-254a-4fbf-7c68-310af6a69d36" testName="AddTest1" computerName="ANGUS-LAPTOP" duration="00:00:00.0038826" startTime="2015-03-15T23:55:33.3973230+10:00" endTime="2015-03-15T23:55:33.4083304+10:00" testType="13cdc9d9-ddb5-4fa4-a97d-d965ccfc6d4b" outcome="Passed" testListId="8c84fa94-04c1-424b-9868-57a2d4851a1d" relativeResultsDirectory="65e6b956-b640-4571-958e-387aa3f30ee0">
    </UnitTestResult>
    <UnitTestResult executionId="82d62dde-cb48-4ce6-9d6b-a82c0df9fef0" testId="23c4aeb9-f4c9-04a2-5c17-b8e061238b00" testName="AddTest2" computerName="ANGUS-LAPTOP" duration="00:00:00.0022755" startTime="2015-03-15T23:55:33.4183375+10:00" endTime="2015-03-15T23:55:33.4263432+10:00" testType="13cdc9d9-ddb5-4fa4-a97d-d965ccfc6d4b" outcome="Passed" testListId="8c84fa94-04c1-424b-9868-57a2d4851a1d" relativeResultsDirectory="82d62dde-cb48-4ce6-9d6b-a82c0df9fef0">
    </UnitTestResult>
    <UnitTestResult executionId="f52c8a61-ae6e-438a-ae1e-2b460603bb84" testId="d92a17ba-b5eb-0abe-fd70-fe9e6a1fccfe" testName="AddTest3" computerName="ANGUS-LAPTOP" duration="00:00:00.0025950" startTime="2015-03-15T23:55:33.4363520+10:00" endTime="2015-03-15T23:55:33.4453563+10:00" testType="13cdc9d9-ddb5-4fa4-a97d-d965ccfc6d4b" outcome="Passed" testListId="8c84fa94-04c1-424b-9868-57a2d4851a1d" relativeResultsDirectory="f52c8a61-ae6e-438a-ae1e-2b460603bb84">
    </UnitTestResult>
    <UnitTestResult executionId="8cc43842-1189-4349-86c2-1941667c1d19" testId="401f6d47-bdb0-9eb0-c723-cfb3a63815bf" testName="ClearAllTest" computerName="ANGUS-LAPTOP" duration="00:00:00.0009485" startTime="2015-03-15T23:55:33.4553651+10:00" endTime="2015-03-15T23:55:33.4623688+10:00" testType="13cdc9d9-ddb5-4fa4-a97d-d965ccfc6d4b" outcome="Passed" testListId="8c84fa94-04c1-424b-9868-57a2d4851a1d" relativeResultsDirectory="8cc43842-1189-4349-86c2-1941667c1d19">
    </UnitTestResult>
    <UnitTestResult executionId="251f8020-68ae-431e-b5f4-995952c78894" testId="e8a9c1dd-fe2a-d66f-0ece-afcfcd0ad31d" testName="CloneTest" computerName="ANGUS-LAPTOP" duration="00:00:00.0021784" startTime="2015-03-15T23:55:33.4713747+10:00" endTime="2015-03-15T23:55:33.4803811+10:00" testType="13cdc9d9-ddb5-4fa4-a97d-d965ccfc6d4b" outcome="Passed" testListId="8c84fa94-04c1-424b-9868-57a2d4851a1d" relativeResultsDirectory="251f8020-68ae-431e-b5f4-995952c78894">
    </UnitTestResult>
    <UnitTestResult executionId="ed29a4ad-0d8b-4572-9c88-893bbce4500a" testId="b82abed2-8497-66f2-9689-0f76ed9fe9ad" testName="ComponentTest" computerName="ANGUS-LAPTOP" duration="00:00:00.0005521" startTime="2015-03-15T23:55:33.4893875+10:00" endTime="2015-03-15T23:55:33.4963929+10:00" testType="13cdc9d9-ddb5-4fa4-a97d-d965ccfc6d4b" outcome="Passed" testListId="8c84fa94-04c1-424b-9868-57a2d4851a1d" relativeResultsDirectory="ed29a4ad-0d8b-4572-9c88-893bbce4500a">
    </UnitTestResult>
    <UnitTestResult executionId="c2fa8151-0d65-4438-9a2e-49b9d1c1b15a" testId="99a94e07-da92-29b1-0cfc-cd41ab1bc322" testName="ContentTest" computerName="ANGUS-LAPTOP" duration="00:00:00.0028729" startTime="2015-03-15T23:55:33.5063996+10:00" endTime="2015-03-15T23:55:33.5154081+10:00" testType="13cdc9d9-ddb5-4fa4-a97d-d965ccfc6d4b" outcome="Passed" testListId="8c84fa94-04c1-424b-9868-57a2d4851a1d" relativeResultsDirectory="c2fa8151-0d65-4438-9a2e-49b9d1c1b15a">
    </UnitTestResult>
    <UnitTestResult executionId="ec221b57-0110-4a28-9525-a5cd14e3d0d6" testId="cdedd3c0-bda1-235c-e0f5-4f5e8fe72a55" testName="InsertTest" computerName="ANGUS-LAPTOP" duration="00:00:00.0016943" startTime="2015-03-15T23:55:33.5254140+10:00" endTime="2015-03-15T23:55:33.5334188+10:00" testType="13cdc9d9-ddb5-4fa4-a97d-d965ccfc6d4b" outcome="Passed" testListId="8c84fa94-04c1-424b-9868-57a2d4851a1d" relativeResultsDirectory="ec221b57-0110-4a28-9525-a5cd14e3d0d6">
    </UnitTestResult>
    <UnitTestResult executionId="30a10e3a-48df-48bb-ba9d-762b68581dfa" testId="02d2aff2-ce9d-fe06-68b5-f219adb05152" testName="InsertTest1" computerName="ANGUS-LAPTOP" duration="00:00:00.0017084" startTime="2015-03-15T23:55:33.5424265+10:00" endTime="2015-03-15T23:55:33.5504334+10:00" testType="13cdc9d9-ddb5-4fa4-a97d-d965ccfc6d4b" outcome="Passed" testListId="8c84fa94-04c1-424b-9868-57a2d4851a1d" relativeResultsDirectory="30a10e3a-48df-48bb-ba9d-762b68581dfa">
    </UnitTestResult>
    <UnitTestResult executionId="e963e2cd-139a-4e11-8557-a1830923710a" testId="bbd49287-fb49-4a64-9bf7-d30f9165605f" testName="InsertTest2" computerName="ANGUS-LAPTOP" duration="00:00:00.0014578" startTime="2015-03-15T23:55:33.5604384+10:00" endTime="2015-03-15T23:55:33.5684642+10:00" testType="13cdc9d9-ddb5-4fa4-a97d-d965ccfc6d4b" outcome="Passed" testListId="8c84fa94-04c1-424b-9868-57a2d4851a1d" relativeResultsDirectory="e963e2cd-139a-4e11-8557-a1830923710a">
    </UnitTestResult>
    <UnitTestResult executionId="543fbaf1-7299-48a8-a241-1cf460b95396" testId="c51767c5-c52e-49a9-7d72-313747797ae2" testName="InsertTest4" computerName="ANGUS-LAPTOP" duration="00:00:00.0009917" startTime="2015-03-15T23:55:33.5834547+10:00" endTime="2015-03-15T23:55:33.5904802+10:00" testType="13cdc9d9-ddb5-4fa4-a97d-d965ccfc6d4b" outcome="Passed" testListId="8c84fa94-04c1-424b-9868-57a2d4851a1d" relativeResultsDirectory="543fbaf1-7299-48a8-a241-1cf460b95396">
    </UnitTestResult>
    <UnitTestResult executionId="3a08b4b7-7df3-4008-ad04-4c9f18d34052" testId="f0c57047-78c8-1e43-ef78-f12b7472219d" testName="RemoveComponentAtTest" computerName="ANGUS-LAPTOP" duration="00:00:00.0020638" startTime="2015-03-15T23:55:33.6004668+10:00" endTime="2015-03-15T23:55:33.6094775+10:00" testType="13cdc9d9-ddb5-4fa4-a97d-d965ccfc6d4b" outcome="Passed" testListId="8c84fa94-04c1-424b-9868-57a2d4851a1d" relativeResultsDirectory="3a08b4b7-7df3-4008-ad04-4c9f18d34052">
    </UnitTestResult>
    <UnitTestResult executionId="9c4f65b7-59de-499c-886f-a95b6622a782" testId="105c225f-bca0-0777-9c73-052576e49b9a" testName="RemoveContentAtTest" computerName="ANGUS-LAPTOP" duration="00:00:00.0012769" startTime="2015-03-15T23:55:33.6204853+10:00" endTime="2015-03-15T23:55:33.6274903+10:00" testType="13cdc9d9-ddb5-4fa4-a97d-d965ccfc6d4b" outcome="Passed" testListId="8c84fa94-04c1-424b-9868-57a2d4851a1d" relativeResultsDirectory="9c4f65b7-59de-499c-886f-a95b6622a782">
    </UnitTestResult>
    <UnitTestResult executionId="bdb8e5d8-b59b-490c-a08b-415cc65c0edf" testId="2bc46832-ff39-471c-cab0-e60265a8cf1a" testName="RemoveRepeatAtTest" computerName="ANGUS-LAPTOP" duration="00:00:00.0017452" startTime="2015-03-15T23:55:33.6384972+10:00" endTime="2015-03-15T23:55:33.6465196+10:00" testType="13cdc9d9-ddb5-4fa4-a97d-d965ccfc6d4b" outcome="Passed" testListId="8c84fa94-04c1-424b-9868-57a2d4851a1d" relativeResultsDirectory="bdb8e5d8-b59b-490c-a08b-415cc65c0edf">
    </UnitTestResult>
    <UnitTestResult executionId="95ba66a5-cfec-4234-ba23-8c861660cfa0" testId="2570004f-0248-04a8-7a2a-26c01f6dac11" testName="RemoveSubComponentAtTest" computerName="ANGUS-LAPTOP" duration="00:00:00.0012846" startTime="2015-03-15T23:55:33.6575116+10:00" endTime="2015-03-15T23:55:33.6645165+10:00" testType="13cdc9d9-ddb5-4fa4-a97d-d965ccfc6d4b" outcome="Passed" testListId="8c84fa94-04c1-424b-9868-57a2d4851a1d" relativeResultsDirectory="95ba66a5-cfec-4234-ba23-8c861660cfa0">
    </UnitTestResult>
    <UnitTestResult executionId="bb23da86-2fa4-41aa-aa92-5649f7641b13" testId="54d22d6e-b1e8-99d3-007a-f749383ad8ab" testName="RepeatTest" computerName="ANGUS-LAPTOP" duration="00:00:00.0006175" startTime="2015-03-15T23:55:33.6755239+10:00" endTime="2015-03-15T23:55:33.6825293+10:00" testType="13cdc9d9-ddb5-4fa4-a97d-d965ccfc6d4b" outcome="Passed" testListId="8c84fa94-04c1-424b-9868-57a2d4851a1d" relativeResultsDirectory="bb23da86-2fa4-41aa-aa92-5649f7641b13">
    </UnitTestResult>
    <UnitTestResult executionId="9741240b-a132-4e59-ad2d-1126baf58e12" testId="0cdf7280-5e82-07f4-fdb1-c79a943ab6cc" testName="SetTest" computerName="ANGUS-LAPTOP" duration="00:00:00.0016498" startTime="2015-03-15T23:55:33.6925322+10:00" endTime="2015-03-15T23:55:33.7005425+10:00" testType="13cdc9d9-ddb5-4fa4-a97d-d965ccfc6d4b" outcome="Passed" testListId="8c84fa94-04c1-424b-9868-57a2d4851a1d" relativeResultsDirectory="9741240b-a132-4e59-ad2d-1126baf58e12">
    </UnitTestResult>
    <UnitTestResult executionId="4e560089-0cc3-4cdf-bbc3-14d536c09eea" testId="8dddbeb0-c173-6d10-e733-8b21ad046454" testName="SubComponentTest" computerName="ANGUS-LAPTOP" duration="00:00:00.0016528" startTime="2015-03-15T23:55:33.7105685+10:00" endTime="2015-03-15T23:55:33.7185870+10:00" testType="13cdc9d9-ddb5-4fa4-a97d-d965ccfc6d4b" outcome="Passed" testListId="8c84fa94-04c1-424b-9868-57a2d4851a1d" relativeResultsDirectory="4e560089-0cc3-4cdf-bbc3-14d536c09eea">
    </UnitTestResult>
    <UnitTestResult executionId="3865da75-02f1-48f0-9083-0a64508213aa" testId="50a4b4d5-a824-5b66-26bf-9124f5072895" testName="ToStringTest" computerName="ANGUS-LAPTOP" duration="00:00:00.0007176" startTime="2015-03-15T23:55:33.7285783+10:00" endTime="2015-03-15T23:55:33.7355785+10:00" testType="13cdc9d9-ddb5-4fa4-a97d-d965ccfc6d4b" outcome="Passed" testListId="8c84fa94-04c1-424b-9868-57a2d4851a1d" relativeResultsDirectory="3865da75-02f1-48f0-9083-0a64508213aa">
    </UnitTestResult>
    <UnitTestResult executionId="780aeed5-3187-4990-a4f0-f6dbf7197f23" testId="4ee5a15f-21cf-08a1-ea1f-d52493ca2cfc" testName="AsStringTest" computerName="ANGUS-LAPTOP" duration="00:00:00.0006637" startTime="2015-03-15T23:55:33.7456006+10:00" endTime="2015-03-15T23:55:33.7526111+10:00" testType="13cdc9d9-ddb5-4fa4-a97d-d965ccfc6d4b" outcome="Passed" testListId="8c84fa94-04c1-424b-9868-57a2d4851a1d" relativeResultsDirectory="780aeed5-3187-4990-a4f0-f6dbf7197f23">
    </UnitTestResult>
    <UnitTestResult executionId="ca2fb921-6469-416c-a1b2-89488607f692" testId="58b07de1-f862-1419-af55-ea8965b5801d" testName="AsStringRawTest" computerName="ANGUS-LAPTOP" duration="00:00:00.0007864" startTime="2015-03-15T23:55:33.7636194+10:00" endTime="2015-03-15T23:55:33.7726052+10:00" testType="13cdc9d9-ddb5-4fa4-a97d-d965ccfc6d4b" outcome="Passed" testListId="8c84fa94-04c1-424b-9868-57a2d4851a1d" relativeResultsDirectory="ca2fb921-6469-416c-a1b2-89488607f692">
    </UnitTestResult>
    <UnitTestResult executionId="cfeab68b-e240-4d85-8203-9b891305dd14" testId="512ed856-057d-7dd2-875d-975b1041f26a" testName="ComponentCountTest" computerName="ANGUS-LAPTOP" duration="00:00:00.0004888" startTime="2015-03-15T23:55:33.7826119+10:00" endTime="2015-03-15T23:55:33.7886162+10:00" testType="13cdc9d9-ddb5-4fa4-a97d-d965ccfc6d4b" outcome="Passed" testListId="8c84fa94-04c1-424b-9868-57a2d4851a1d" relativeResultsDirectory="cfeab68b-e240-4d85-8203-9b891305dd14">
    </UnitTestResult>
    <UnitTestResult executionId="c1c15bab-60ec-4131-9e6c-ff1a463a33a8" testId="f3b5fa79-f57f-0b76-e80c-298750ed9763" testName="ContentCountTest" computerName="ANGUS-LAPTOP" duration="00:00:00.0006252" startTime="2015-03-15T23:55:33.7996240+10:00" endTime="2015-03-15T23:55:33.8076511+10:00" testType="13cdc9d9-ddb5-4fa4-a97d-d965ccfc6d4b" outcome="Passed" testListId="8c84fa94-04c1-424b-9868-57a2d4851a1d" relativeResultsDirectory="c1c15bab-60ec-4131-9e6c-ff1a463a33a8">
    </UnitTestResult>
    <UnitTestResult executionId="95371301-921d-43f9-bbc5-f86de31e10e6" testId="41a93314-d5e8-4dd8-ced8-9e20cd240813" testName="IsEmptyTest" computerName="ANGUS-LAPTOP" duration="00:00:00.0004481" startTime="2015-03-15T23:55:33.8186426+10:00" endTime="2015-03-15T23:55:33.8246623+10:00" testType="13cdc9d9-ddb5-4fa4-a97d-d965ccfc6d4b" outcome="Passed" testListId="8c84fa94-04c1-424b-9868-57a2d4851a1d" relativeResultsDirectory="95371301-921d-43f9-bbc5-f86de31e10e6">
    </UnitTestResult>
    <UnitTestResult executionId="fe04f11d-21b5-48a1-afdb-5481a5b066b9" testId="3416ae86-369a-e987-beb4-e4c5f5e8275f" testName="IsHL7NullTest" computerName="ANGUS-LAPTOP" duration="00:00:00.0007971" startTime="2015-03-15T23:55:33.8346578+10:00" endTime="2015-03-15T23:55:33.8416748+10:00" testType="13cdc9d9-ddb5-4fa4-a97d-d965ccfc6d4b" outcome="Passed" testListId="8c84fa94-04c1-424b-9868-57a2d4851a1d" relativeResultsDirectory="fe04f11d-21b5-48a1-afdb-5481a5b066b9">
    </UnitTestResult>
    <UnitTestResult executionId="8e7bb451-c7b6-46c8-8b06-6b6ad0d249e0" testId="aa7da896-049c-1372-5ace-65c40d863a0b" testName="RepeatCountTest" computerName="ANGUS-LAPTOP" duration="00:00:00.0005379" startTime="2015-03-15T23:55:33.8796650+10:00" endTime="2015-03-15T23:55:33.8876702+10:00" testType="13cdc9d9-ddb5-4fa4-a97d-d965ccfc6d4b" outcome="Passed" testListId="8c84fa94-04c1-424b-9868-57a2d4851a1d" relativeResultsDirectory="8e7bb451-c7b6-46c8-8b06-6b6ad0d249e0">
    </UnitTestResult>
    <UnitTestResult executionId="59a09708-dd93-4dd7-8b38-3cf9c0a74c58" testId="001bb5fd-bd12-8ff4-8ade-25ba531a9070" testName="RepeatListTest" computerName="ANGUS-LAPTOP" duration="00:00:00.0036585" startTime="2015-03-15T23:55:33.8986742+10:00" endTime="2015-03-15T23:55:33.9096820+10:00" testType="13cdc9d9-ddb5-4fa4-a97d-d965ccfc6d4b" outcome="Passed" testListId="8c84fa94-04c1-424b-9868-57a2d4851a1d" relativeResultsDirectory="59a09708-dd93-4dd7-8b38-3cf9c0a74c58">
    </UnitTestResult>
    <UnitTestResult executionId="fe191c64-2ecc-4777-8818-e7bba50cc6f4" testId="1e25bf9c-923f-2e54-f059-c3a6192cbb51" testName="SubComponetCountTest" computerName="ANGUS-LAPTOP" duration="00:00:00.0003588" startTime="2015-03-15T23:55:33.9206941+10:00" endTime="2015-03-15T23:55:33.9256925+10:00" testType="13cdc9d9-ddb5-4fa4-a97d-d965ccfc6d4b" outcome="Passed" testListId="8c84fa94-04c1-424b-9868-57a2d4851a1d" relativeResultsDirectory="fe191c64-2ecc-4777-8818-e7bba50cc6f4">
    </UnitTestResult>
    <UnitTestResult executionId="323f4d9b-a6b4-4bad-a7fc-3fa6a8674de6" testId="269cef3c-947d-dfb3-193c-843405e60363" testName="Hl7ReaderConstructorTest" computerName="ANGUS-LAPTOP" duration="00:00:00.0014014" startTime="2015-03-15T23:55:33.9336982+10:00" endTime="2015-03-15T23:55:33.9407062+10:00" testType="13cdc9d9-ddb5-4fa4-a97d-d965ccfc6d4b" outcome="Passed" testListId="8c84fa94-04c1-424b-9868-57a2d4851a1d" relativeResultsDirectory="323f4d9b-a6b4-4bad-a7fc-3fa6a8674de6">
    </UnitTestResult>
    <UnitTestResult executionId="ee6c10ad-b518-4ed4-a775-f493f7f0678c" testId="1fdf3423-5057-166d-6cc4-43ee4b0483a3" testName="Hl7ReaderConstructorTest1" computerName="ANGUS-LAPTOP" duration="00:00:00.0001680" startTime="2015-03-15T23:55:33.9487119+10:00" endTime="2015-03-15T23:55:33.9527151+10:00" testType="13cdc9d9-ddb5-4fa4-a97d-d965ccfc6d4b" outcome="Passed" testListId="8c84fa94-04c1-424b-9868-57a2d4851a1d" relativeResultsDirectory="ee6c10ad-b518-4ed4-a775-f493f7f0678c">
    </UnitTestResult>
    <UnitTestResult executionId="01adc949-5ada-44b4-9048-177efef4744b" testId="53a4311b-e47e-284e-52cb-41e1adabe3b7" testName="CloseTest" computerName="ANGUS-LAPTOP" duration="00:00:00.0001736" startTime="2015-03-15T23:55:33.9617215+10:00" endTime="2015-03-15T23:55:33.9667217+10:00" testType="13cdc9d9-ddb5-4fa4-a97d-d965ccfc6d4b" outcome="Passed" testListId="8c84fa94-04c1-424b-9868-57a2d4851a1d" relativeResultsDirectory="01adc949-5ada-44b4-9048-177efef4744b">
    </UnitTestResult>
    <UnitTestResult executionId="a106b0ad-1283-40ca-8681-af7c1c732b67" testId="d63f8a04-ccde-1680-a6f1-a61a292c418d" testName="ReadTest" computerName="ANGUS-LAPTOP" duration="00:00:01.7938823" startTime="2015-03-15T23:55:33.9747273+10:00" endTime="2015-03-15T23:55:35.7735935+10:00" testType="13cdc9d9-ddb5-4fa4-a97d-d965ccfc6d4b" outcome="Passed" testListId="8c84fa94-04c1-424b-9868-57a2d4851a1d" relativeResultsDirectory="a106b0ad-1283-40ca-8681-af7c1c732b67">
    </UnitTestResult>
    <UnitTestResult executionId="cfc8c124-c588-4df5-8b77-c05dd2cbc56a" testId="b0e55dbe-9627-29d0-e870-40fd186609c0" testName="FieldConstructorTest" computerName="ANGUS-LAPTOP" duration="00:00:00.0007030" startTime="2015-03-15T23:55:35.7805972+10:00" endTime="2015-03-15T23:55:35.7865994+10:00" testType="13cdc9d9-ddb5-4fa4-a97d-d965ccfc6d4b" outcome="Passed" testListId="8c84fa94-04c1-424b-9868-57a2d4851a1d" relativeResultsDirectory="cfc8c124-c588-4df5-8b77-c05dd2cbc56a">
    </UnitTestResult>
    <UnitTestResult executionId="9de6991b-23c2-4de3-9877-03ecc0fb7e15" testId="f9fb7caa-10d0-d537-0bee-7128754a588f" testName="FieldConstructorTest1" computerName="ANGUS-LAPTOP" duration="00:00:00.0005854" startTime="2015-03-15T23:55:35.7946050+10:00" endTime="2015-03-15T23:55:35.7996086+10:00" testType="13cdc9d9-ddb5-4fa4-a97d-d965ccfc6d4b" outcome="Passed" testListId="8c84fa94-04c1-424b-9868-57a2d4851a1d" relativeResultsDirectory="9de6991b-23c2-4de3-9877-03ecc0fb7e15">
    </UnitTestResult>
    <UnitTestResult executionId="02d27c07-8707-4bab-a048-2dc2bcefcff2" testId="5425a998-6ae1-bd4a-2828-b41e0f99ea29" testName="FieldConstructorTest2" computerName="ANGUS-LAPTOP" duration="00:00:00.0006654" startTime="2015-03-15T23:55:35.8451336+10:00" endTime="2015-03-15T23:55:35.8501543+10:00" testType="13cdc9d9-ddb5-4fa4-a97d-d965ccfc6d4b" outcome="Passed" testListId="8c84fa94-04c1-424b-9868-57a2d4851a1d" relativeResultsDirectory="02d27c07-8707-4bab-a048-2dc2bcefcff2">
    </UnitTestResult>
    <UnitTestResult executionId="3b3d1517-7457-4a23-8ee4-c51cab8ccb17" testId="34eb1eee-f1b8-52d0-a9a3-aea281cf026e" testName="FieldConstructorTest3" computerName="ANGUS-LAPTOP" duration="00:00:00.0005974" startTime="2015-03-15T23:55:35.8581429+10:00" endTime="2015-03-15T23:55:35.8631490+10:00" testType="13cdc9d9-ddb5-4fa4-a97d-d965ccfc6d4b" outcome="Passed" testListId="8c84fa94-04c1-424b-9868-57a2d4851a1d" relativeResultsDirectory="3b3d1517-7457-4a23-8ee4-c51cab8ccb17">
    </UnitTestResult>
    <UnitTestResult executionId="5a0bf781-243b-4bb2-9f14-7545ca7b25d1" testId="321aa608-7a9b-7841-b54e-f15e58034604" testName="AddTest" computerName="ANGUS-LAPTOP" duration="00:00:00.0004699" startTime="2015-03-15T23:55:35.8711555+10:00" endTime="2015-03-15T23:55:35.8761723+10:00" testType="13cdc9d9-ddb5-4fa4-a97d-d965ccfc6d4b" outcome="Passed" testListId="8c84fa94-04c1-424b-9868-57a2d4851a1d" relativeResultsDirectory="5a0bf781-243b-4bb2-9f14-7545ca7b25d1">
    </UnitTestResult>
    <UnitTestResult executionId="ed5f5ed4-bd1e-479e-bd13-dd5fe7a7ff1f" testId="e5714616-1e44-1e54-e2e4-663133e56676" testName="AddTest2" computerName="ANGUS-LAPTOP" duration="00:00:00.0005439" startTime="2015-03-15T23:55:35.8831623+10:00" endTime="2015-03-15T23:55:35.8881813+10:00" testType="13cdc9d9-ddb5-4fa4-a97d-d965ccfc6d4b" outcome="Passed" testListId="8c84fa94-04c1-424b-9868-57a2d4851a1d" relativeResultsDirectory="ed5f5ed4-bd1e-479e-bd13-dd5fe7a7ff1f">
    </UnitTestResult>
    <UnitTestResult executionId="cf08a565-db60-49f2-97bf-25217c95b235" testId="df048f7c-7c6b-ca42-8bc4-dbb8d2015065" testName="AddTest3" computerName="ANGUS-LAPTOP" duration="00:00:00.0006200" startTime="2015-03-15T23:55:35.8961716+10:00" endTime="2015-03-15T23:55:35.9021908+10:00" testType="13cdc9d9-ddb5-4fa4-a97d-d965ccfc6d4b" outcome="Passed" testListId="8c84fa94-04c1-424b-9868-57a2d4851a1d" relativeResultsDirectory="cf08a565-db60-49f2-97bf-25217c95b235">
    </UnitTestResult>
    <UnitTestResult executionId="f7d6618d-2f75-40af-9bb1-d8c12e8799cd" testId="0a9b0755-317a-f636-73cd-b90081365870" testName="ClearAllTest" computerName="ANGUS-LAPTOP" duration="00:00:00.0003066" startTime="2015-03-15T23:55:35.9091808+10:00" endTime="2015-03-15T23:55:35.9141822+10:00" testType="13cdc9d9-ddb5-4fa4-a97d-d965ccfc6d4b" outcome="Passed" testListId="8c84fa94-04c1-424b-9868-57a2d4851a1d" relativeResultsDirectory="f7d6618d-2f75-40af-9bb1-d8c12e8799cd">
    </UnitTestResult>
    <UnitTestResult executionId="fd620ef7-fb7a-45f2-aa27-825302167c36" testId="cac55db5-0541-9758-c4e8-160b2f4dc3df" testName="CloneTest" computerName="ANGUS-LAPTOP" duration="00:00:00.0008600" startTime="2015-03-15T23:55:35.9222050+10:00" endTime="2015-03-15T23:55:35.9281922+10:00" testType="13cdc9d9-ddb5-4fa4-a97d-d965ccfc6d4b" outcome="Passed" testListId="8c84fa94-04c1-424b-9868-57a2d4851a1d" relativeResultsDirectory="fd620ef7-fb7a-45f2-aa27-825302167c36">
    </UnitTestResult>
    <UnitTestResult executionId="2a365284-34be-4184-a16d-6cce6dddfd25" testId="9b44630a-8912-c463-35f3-83d7bbb1196d" testName="ComponentTest" computerName="ANGUS-LAPTOP" duration="00:00:00.0003673" startTime="2015-03-15T23:55:35.9362008+10:00" endTime="2015-03-15T23:55:35.9412189+10:00" testType="13cdc9d9-ddb5-4fa4-a97d-d965ccfc6d4b" outcome="Passed" testListId="8c84fa94-04c1-424b-9868-57a2d4851a1d" relativeResultsDirectory="2a365284-34be-4184-a16d-6cce6dddfd25">
    </UnitTestResult>
    <UnitTestResult executionId="443f43d4-8595-45b4-9919-1a61a50f1b95" testId="04e08b98-bb12-a629-14b1-feb8137e2934" testName="ContentTest" computerName="ANGUS-LAPTOP" duration="00:00:00.0007197" startTime="2015-03-15T23:55:35.9482068+10:00" endTime="2015-03-15T23:55:35.9542111+10:00" testType="13cdc9d9-ddb5-4fa4-a97d-d965ccfc6d4b" outcome="Passed" testListId="8c84fa94-04c1-424b-9868-57a2d4851a1d" relativeResultsDirectory="443f43d4-8595-45b4-9919-1a61a50f1b95">
    </UnitTestResult>
    <UnitTestResult executionId="69282a31-d723-40c3-9aff-446e0807d450" testId="21308188-2899-03f3-f5ad-a4d7b165cda3" testName="InsertTest" computerName="ANGUS-LAPTOP" duration="00:00:00.0005461" startTime="2015-03-15T23:55:35.9622189+10:00" endTime="2015-03-15T23:55:35.9682210+10:00" testType="13cdc9d9-ddb5-4fa4-a97d-d965ccfc6d4b" outcome="Passed" testListId="8c84fa94-04c1-424b-9868-57a2d4851a1d" relativeResultsDirectory="69282a31-d723-40c3-9aff-446e0807d450">
    </UnitTestResult>
    <UnitTestResult executionId="f6b98ebe-89f2-4538-8078-24f032b016f0" testId="93c7dcb2-08f2-6cf2-908a-95f88cd0e48b" testName="InsertTest1" computerName="ANGUS-LAPTOP" duration="00:00:00.0005683" startTime="2015-03-15T23:55:35.9762267+10:00" endTime="2015-03-15T23:55:36.0042500+10:00" testType="13cdc9d9-ddb5-4fa4-a97d-d965ccfc6d4b" outcome="Passed" testListId="8c84fa94-04c1-424b-9868-57a2d4851a1d" relativeResultsDirectory="f6b98ebe-89f2-4538-8078-24f032b016f0">
    </UnitTestResult>
    <UnitTestResult executionId="29858e67-88ac-4063-8e9a-85af39b5243e" testId="a34c32cb-cea3-31c6-43ca-196cb4fdd295" testName="InsertTest3" computerName="ANGUS-LAPTOP" duration="00:00:00.0006166" startTime="2015-03-15T23:55:36.0112528+10:00" endTime="2015-03-15T23:55:36.0172567+10:00" testType="13cdc9d9-ddb5-4fa4-a97d-d965ccfc6d4b" outcome="Passed" testListId="8c84fa94-04c1-424b-9868-57a2d4851a1d" relativeResultsDirectory="29858e67-88ac-4063-8e9a-85af39b5243e">
    </UnitTestResult>
    <UnitTestResult executionId="becdeadc-aae4-43a9-8045-b33a9d4c0bda" testId="7df49366-ebf4-87f7-52fd-8b8a65032bba" testName="RemoveComponentAtTest" computerName="ANGUS-LAPTOP" duration="00:00:00.0005674" startTime="2015-03-15T23:55:36.0242608+10:00" endTime="2015-03-15T23:55:36.0302651+10:00" testType="13cdc9d9-ddb5-4fa4-a97d-d965ccfc6d4b" outcome="Passed" testListId="8c84fa94-04c1-424b-9868-57a2d4851a1d" relativeResultsDirectory="becdeadc-aae4-43a9-8045-b33a9d4c0bda">
    </UnitTestResult>
    <UnitTestResult executionId="32eddbae-c458-43b9-b8de-3606f99033c2" testId="24861341-2695-75fe-4d89-7cdc0d472cf5" testName="RemoveContentAtTest" computerName="ANGUS-LAPTOP" duration="00:00:00.0006641" startTime="2015-03-15T23:55:36.0392719+10:00" endTime="2015-03-15T23:55:36.0442771+10:00" testType="13cdc9d9-ddb5-4fa4-a97d-d965ccfc6d4b" outcome="Passed" testListId="8c84fa94-04c1-424b-9868-57a2d4851a1d" relativeResultsDirectory="32eddbae-c458-43b9-b8de-3606f99033c2">
    </UnitTestResult>
    <UnitTestResult executionId="6d22f4f9-bb18-49f6-9dc9-f7bac0bd72f7" testId="99583d31-1c36-6097-f41d-addc2fc02480" testName="RemoveSubComponentAtTest" computerName="ANGUS-LAPTOP" duration="00:00:00.0010421" startTime="2015-03-15T23:55:36.0981278+10:00" endTime="2015-03-15T23:55:36.1101649+10:00" testType="13cdc9d9-ddb5-4fa4-a97d-d965ccfc6d4b" outcome="Passed" testListId="8c84fa94-04c1-424b-9868-57a2d4851a1d" relativeResultsDirectory="6d22f4f9-bb18-49f6-9dc9-f7bac0bd72f7">
    </UnitTestResult>
    <UnitTestResult executionId="0e68e20b-4183-42ca-b4f2-27aed96412ab" testId="1e73b624-71f1-d2fd-5336-60d44d8232e1" testName="SetTest" computerName="ANGUS-LAPTOP" duration="00:00:00.0011597" startTime="2015-03-15T23:55:36.1281482+10:00" endTime="2015-03-15T23:55:36.1391778+10:00" testType="13cdc9d9-ddb5-4fa4-a97d-d965ccfc6d4b" outcome="Passed" testListId="8c84fa94-04c1-424b-9868-57a2d4851a1d" relativeResultsDirectory="0e68e20b-4183-42ca-b4f2-27aed96412ab">
    </UnitTestResult>
    <UnitTestResult executionId="363a03e2-2012-41a6-94bd-62c918b024de" testId="e8981139-2ae8-16f1-196c-8bb762fef77c" testName="SetTest1" computerName="ANGUS-LAPTOP" duration="00:00:00.0018076" startTime="2015-03-15T23:55:36.1561818+10:00" endTime="2015-03-15T23:55:36.1681822+10:00" testType="13cdc9d9-ddb5-4fa4-a97d-d965ccfc6d4b" outcome="Passed" testListId="8c84fa94-04c1-424b-9868-57a2d4851a1d" relativeResultsDirectory="363a03e2-2012-41a6-94bd-62c918b024de">
    </UnitTestResult>
    <UnitTestResult executionId="8c76dd21-77fa-4713-9e07-f94e013f5ac1" testId="ed192237-e8eb-35fa-5bbe-3b1dc82bb582" testName="SetTest2" computerName="ANGUS-LAPTOP" duration="00:00:00.0019419" startTime="2015-03-15T23:55:36.1851955+10:00" endTime="2015-03-15T23:55:36.1971968+10:00" testType="13cdc9d9-ddb5-4fa4-a97d-d965ccfc6d4b" outcome="Passed" testListId="8c84fa94-04c1-424b-9868-57a2d4851a1d" relativeResultsDirectory="8c76dd21-77fa-4713-9e07-f94e013f5ac1">
    </UnitTestResult>
    <UnitTestResult executionId="5a0d7ffa-a701-474b-ad95-a39f45609749" testId="8e90f375-4078-3f24-729c-7536506a0810" testName="SubComponentTest" computerName="ANGUS-LAPTOP" duration="00:00:00.0011200" startTime="2015-03-15T23:55:36.2142102+10:00" endTime="2015-03-15T23:55:36.2252462+10:00" testType="13cdc9d9-ddb5-4fa4-a97d-d965ccfc6d4b" outcome="Passed" testListId="8c84fa94-04c1-424b-9868-57a2d4851a1d" relativeResultsDirectory="5a0d7ffa-a701-474b-ad95-a39f45609749">
    </UnitTestResult>
    <UnitTestResult executionId="6d69054e-1a72-44a7-bd68-37fc2ccee703" testId="17497b23-4960-3393-33db-4d37a55c9a6f" testName="ToStringTest" computerName="ANGUS-LAPTOP" duration="00:00:00.0011144" startTime="2015-03-15T23:55:36.2412298+10:00" endTime="2015-03-15T23:55:36.2532451+10:00" testType="13cdc9d9-ddb5-4fa4-a97d-d965ccfc6d4b" outcome="Passed" testListId="8c84fa94-04c1-424b-9868-57a2d4851a1d" relativeResultsDirectory="6d69054e-1a72-44a7-bd68-37fc2ccee703">
    </UnitTestResult>
    <UnitTestResult executionId="6b4e0a66-0031-4128-926b-01ec363b37b9" testId="e3d21004-a1ae-5973-68ec-dbe4f5c7e6a1" testName="AsStringTest" computerName="ANGUS-LAPTOP" duration="00:00:00.0025295" startTime="2015-03-15T23:55:36.2722509+10:00" endTime="2015-03-15T23:55:36.2872663+10:00" testType="13cdc9d9-ddb5-4fa4-a97d-d965ccfc6d4b" outcome="Passed" testListId="8c84fa94-04c1-424b-9868-57a2d4851a1d" relativeResultsDirectory="6b4e0a66-0031-4128-926b-01ec363b37b9">
    </UnitTestResult>
    <UnitTestResult executionId="117163cc-3763-4157-bddc-4c8ef7fcf8d7" testId="933ff4bd-cc87-c307-b5a0-478099606f0a" testName="AsStringRawTest" computerName="ANGUS-LAPTOP" duration="00:00:00.0010982" startTime="2015-03-15T23:55:36.3072766+10:00" endTime="2015-03-15T23:55:36.3222899+10:00" testType="13cdc9d9-ddb5-4fa4-a97d-d965ccfc6d4b" outcome="Passed" testListId="8c84fa94-04c1-424b-9868-57a2d4851a1d" relativeResultsDirectory="117163cc-3763-4157-bddc-4c8ef7fcf8d7">
    </UnitTestResult>
    <UnitTestResult executionId="26c1b673-6688-49a7-bc36-3d9acad915dc" testId="7f2316ab-329b-9b41-b4ce-ccb71981bb17" testName="ComponentCountTest" computerName="ANGUS-LAPTOP" duration="00:00:00.0004315" startTime="2015-03-15T23:55:36.3342945+10:00" endTime="2015-03-15T23:55:36.3413021+10:00" testType="13cdc9d9-ddb5-4fa4-a97d-d965ccfc6d4b" outcome="Passed" testListId="8c84fa94-04c1-424b-9868-57a2d4851a1d" relativeResultsDirectory="26c1b673-6688-49a7-bc36-3d9acad915dc">
    </UnitTestResult>
    <UnitTestResult executionId="438978d6-b8fe-4646-81e9-e172bf635f08" testId="63e4b650-5ea8-ac21-8786-3238a13ec018" testName="ComponentListTest" computerName="ANGUS-LAPTOP" duration="00:00:00.0024876" startTime="2015-03-15T23:55:36.3513062+10:00" endTime="2015-03-15T23:55:36.3593119+10:00" testType="13cdc9d9-ddb5-4fa4-a97d-d965ccfc6d4b" outcome="Passed" testListId="8c84fa94-04c1-424b-9868-57a2d4851a1d" relativeResultsDirectory="438978d6-b8fe-4646-81e9-e172bf635f08">
    </UnitTestResult>
    <UnitTestResult executionId="22b0127a-f764-40bb-b254-639457199016" testId="50d2563d-2a72-e20a-d402-ebae14660478" testName="ContentCountTest" computerName="ANGUS-LAPTOP" duration="00:00:00.0004148" startTime="2015-03-15T23:55:36.3703201+10:00" endTime="2015-03-15T23:55:36.3773255+10:00" testType="13cdc9d9-ddb5-4fa4-a97d-d965ccfc6d4b" outcome="Passed" testListId="8c84fa94-04c1-424b-9868-57a2d4851a1d" relativeResultsDirectory="22b0127a-f764-40bb-b254-639457199016">
    </UnitTestResult>
    <UnitTestResult executionId="7aed59bb-e919-43ec-b587-dabd180f95c3" testId="b31dc6ae-791a-832a-e831-3b3f1ebad399" testName="IsEmptyTest" computerName="ANGUS-LAPTOP" duration="00:00:00.0004310" startTime="2015-03-15T23:55:36.3873318+10:00" endTime="2015-03-15T23:55:36.3933364+10:00" testType="13cdc9d9-ddb5-4fa4-a97d-d965ccfc6d4b" outcome="Passed" testListId="8c84fa94-04c1-424b-9868-57a2d4851a1d" relativeResultsDirectory="7aed59bb-e919-43ec-b587-dabd180f95c3">
    </UnitTestResult>
    <UnitTestResult executionId="a0ee122b-b2bb-42e9-b4e1-cc1db8ccb447" testId="50d49a3d-17d9-5e0e-5cbe-1c50f8116688" testName="IsHL7NullTest" computerName="ANGUS-LAPTOP" duration="00:00:00.0004785" startTime="2015-03-15T23:55:36.4033448+10:00" endTime="2015-03-15T23:55:36.4093478+10:00" testType="13cdc9d9-ddb5-4fa4-a97d-d965ccfc6d4b" outcome="Passed" testListId="8c84fa94-04c1-424b-9868-57a2d4851a1d" relativeResultsDirectory="a0ee122b-b2bb-42e9-b4e1-cc1db8ccb447">
    </UnitTestResult>
    <UnitTestResult executionId="b4a87c76-2a68-40b6-b7a3-a20ce77e21aa" testId="76556cc0-de36-73f1-566c-5319b2859489" testName="SubComponentCountTest" computerName="ANGUS-LAPTOP" duration="00:00:00.0004216" startTime="2015-03-15T23:55:36.4193562+10:00" endTime="2015-03-15T23:55:36.4263603+10:00" testType="13cdc9d9-ddb5-4fa4-a97d-d965ccfc6d4b" outcome="Passed" testListId="8c84fa94-04c1-424b-9868-57a2d4851a1d" relativeResultsDirectory="b4a87c76-2a68-40b6-b7a3-a20ce77e21aa">
    </UnitTestResult>
    <UnitTestResult executionId="4212fe0c-5c75-4bfc-944a-46d43d575984" testId="f7eb110f-bd56-2839-cb99-ced5d14e4f61" testName="ContentConstructorTest" computerName="ANGUS-LAPTOP" duration="00:00:00.0012885" startTime="2015-03-15T23:55:36.4373677+10:00" endTime="2015-03-15T23:55:36.4453742+10:00" testType="13cdc9d9-ddb5-4fa4-a97d-d965ccfc6d4b" outcome="Passed" testListId="8c84fa94-04c1-424b-9868-57a2d4851a1d" relativeResultsDirectory="4212fe0c-5c75-4bfc-944a-46d43d575984">
    </UnitTestResult>
    <UnitTestResult executionId="c2f34952-82fe-4c60-89b4-1d9230397158" testId="4de93258-7862-c912-9fdf-2b137104121a" testName="ContentConstructorTest1" computerName="ANGUS-LAPTOP" duration="00:00:00.0009733" startTime="2015-03-15T23:55:36.4563816+10:00" endTime="2015-03-15T23:55:36.4653897+10:00" testType="13cdc9d9-ddb5-4fa4-a97d-d965ccfc6d4b" outcome="Passed" testListId="8c84fa94-04c1-424b-9868-57a2d4851a1d" relativeResultsDirectory="c2f34952-82fe-4c60-89b4-1d9230397158">
    </UnitTestResult>
    <UnitTestResult executionId="b7f0b1c8-ef38-4fe8-adf6-2543d0bca043" testId="23e5c416-83c2-b89c-6451-ae249e7194e2" testName="ContentConstructorTest2" computerName="ANGUS-LAPTOP" duration="00:00:00.0009690" startTime="2015-03-15T23:55:36.4743936+10:00" endTime="2015-03-15T23:55:36.4834012+10:00" testType="13cdc9d9-ddb5-4fa4-a97d-d965ccfc6d4b" outcome="Passed" testListId="8c84fa94-04c1-424b-9868-57a2d4851a1d" relativeResultsDirectory="b7f0b1c8-ef38-4fe8-adf6-2543d0bca043">
    </UnitTestResult>
    <UnitTestResult executionId="8c8bfcba-a36a-45fd-ace8-a0645d609c7b" testId="baa8f4d2-af73-81d3-a336-66e853b630ff" testName="ContentConstructorTest3" computerName="ANGUS-LAPTOP" duration="00:00:00.0011178" startTime="2015-03-15T23:55:36.4964092+10:00" endTime="2015-03-15T23:55:36.5034159+10:00" testType="13cdc9d9-ddb5-4fa4-a97d-d965ccfc6d4b" outcome="Passed" testListId="8c84fa94-04c1-424b-9868-57a2d4851a1d" relativeResultsDirectory="8c8bfcba-a36a-45fd-ace8-a0645d609c7b">
    </UnitTestResult>
    <UnitTestResult executionId="8e314ed9-6239-4697-99e9-7072d0799e4d" testId="e74d6791-3965-d5cc-acd4-9d778742eb75" testName="ContentConstructorTest4" computerName="ANGUS-LAPTOP" duration="00:00:00.0008223" startTime="2015-03-15T23:55:36.5144233+10:00" endTime="2015-03-15T23:55:36.5204267+10:00" testType="13cdc9d9-ddb5-4fa4-a97d-d965ccfc6d4b" outcome="Passed" testListId="8c84fa94-04c1-424b-9868-57a2d4851a1d" relativeResultsDirectory="8e314ed9-6239-4697-99e9-7072d0799e4d">
    </UnitTestResult>
    <UnitTestResult executionId="5fb57529-0435-47af-b4e8-509f84a0f898" testId="1803beca-ee85-d51c-dbf1-adb3a5dec6db" testName="ContentConstructorTest5" computerName="ANGUS-LAPTOP" duration="00:00:00.0015404" startTime="2015-03-15T23:55:36.5324356+10:00" endTime="2015-03-15T23:55:36.5404404+10:00" testType="13cdc9d9-ddb5-4fa4-a97d-d965ccfc6d4b" outcome="Passed" testListId="8c84fa94-04c1-424b-9868-57a2d4851a1d" relativeResultsDirectory="5fb57529-0435-47af-b4e8-509f84a0f898">
    </UnitTestResult>
    <UnitTestResult executionId="6a400e87-ca1c-4a43-8039-e9f0cf9e6e7c" testId="0f1104b0-2d82-7414-004c-52659e3b91e6" testName="ContentConstructorTest6" computerName="ANGUS-LAPTOP" duration="00:00:00.0011076" startTime="2015-03-15T23:55:36.5494468+10:00" endTime="2015-03-15T23:55:36.5564522+10:00" testType="13cdc9d9-ddb5-4fa4-a97d-d965ccfc6d4b" outcome="Passed" testListId="8c84fa94-04c1-424b-9868-57a2d4851a1d" relativeResultsDirectory="6a400e87-ca1c-4a43-8039-e9f0cf9e6e7c">
    </UnitTestResult>
    <UnitTestResult executionId="c7758eed-4cab-4383-95bf-7f760c571ac0" testId="ac1170d9-ee22-c6d2-5fe7-5518d2eb9eb0" testName="ContentConstructorTest7" computerName="ANGUS-LAPTOP" duration="00:00:00.0005007" startTime="2015-03-15T23:55:36.5674600+10:00" endTime="2015-03-15T23:55:36.5744663+10:00" testType="13cdc9d9-ddb5-4fa4-a97d-d965ccfc6d4b" outcome="Passed" testListId="8c84fa94-04c1-424b-9868-57a2d4851a1d" relativeResultsDirectory="c7758eed-4cab-4383-95bf-7f760c571ac0">
    </UnitTestResult>
    <UnitTestResult executionId="27ed865d-a101-48f3-84e5-8a7b4ce06be6" testId="6fd1d2c8-d190-f209-580f-f129e9e69025" testName="ContentConstructorTest8" computerName="ANGUS-LAPTOP" duration="00:00:00.0004704" startTime="2015-03-15T23:55:36.5844751+10:00" endTime="2015-03-15T23:55:36.5924799+10:00" testType="13cdc9d9-ddb5-4fa4-a97d-d965ccfc6d4b" outcome="Passed" testListId="8c84fa94-04c1-424b-9868-57a2d4851a1d" relativeResultsDirectory="27ed865d-a101-48f3-84e5-8a7b4ce06be6">
    </UnitTestResult>
    <UnitTestResult executionId="4afbf993-3ccc-40fb-b5ce-327dac383fdc" testId="9cafc2d5-2a5b-c544-f728-205945656c33" testName="ContentConstructorTest9" computerName="ANGUS-LAPTOP" duration="00:00:00.0008484" startTime="2015-03-15T23:55:36.6014842+10:00" endTime="2015-03-15T23:55:36.6084892+10:00" testType="13cdc9d9-ddb5-4fa4-a97d-d965ccfc6d4b" outcome="Passed" testListId="8c84fa94-04c1-424b-9868-57a2d4851a1d" relativeResultsDirectory="4afbf993-3ccc-40fb-b5ce-327dac383fdc">
    </UnitTestResult>
    <UnitTestResult executionId="dcc849af-0edf-421c-b306-dbafcc0ca633" testId="677ed4aa-24e1-a4f3-e8f4-927a4c81ee11" testName="ClearAllTest" computerName="ANGUS-LAPTOP" duration="00:00:00.0008950" startTime="2015-03-15T23:55:36.6184963+10:00" endTime="2015-03-15T23:55:36.6255025+10:00" testType="13cdc9d9-ddb5-4fa4-a97d-d965ccfc6d4b" outcome="Passed" testListId="8c84fa94-04c1-424b-9868-57a2d4851a1d" relativeResultsDirectory="dcc849af-0edf-421c-b306-dbafcc0ca633">
    </UnitTestResult>
    <UnitTestResult executionId="ed8e2d0f-2913-4190-98d1-e6145bcf0673" testId="4eb15927-cc96-12f1-ee8f-75aacc988893" testName="CloneTest" computerName="ANGUS-LAPTOP" duration="00:00:00.0018457" startTime="2015-03-15T23:55:36.6355079+10:00" endTime="2015-03-15T23:55:36.6435136+10:00" testType="13cdc9d9-ddb5-4fa4-a97d-d965ccfc6d4b" outcome="Passed" testListId="8c84fa94-04c1-424b-9868-57a2d4851a1d" relativeResultsDirectory="ed8e2d0f-2913-4190-98d1-e6145bcf0673">
    </UnitTestResult>
    <UnitTestResult executionId="02995a45-eddc-4c01-96fa-354d78029f9c" testId="9e048108-ae91-740c-482e-fa78e0b8fe8f" testName="RemoveFromParentTest" computerName="ANGUS-LAPTOP" duration="00:00:00.0002296" startTime="2015-03-15T23:55:36.6525200+10:00" endTime="2015-03-15T23:55:36.6585260+10:00" testType="13cdc9d9-ddb5-4fa4-a97d-d965ccfc6d4b" outcome="Passed" testListId="8c84fa94-04c1-424b-9868-57a2d4851a1d" relativeResultsDirectory="02995a45-eddc-4c01-96fa-354d78029f9c">
    </UnitTestResult>
    <UnitTestResult executionId="eac275e3-3566-4964-bc5b-fde33e612b49" testId="18b8880e-d414-f397-2932-f5be2dbae673" testName="SetDataToEncodingCharactersTest" computerName="ANGUS-LAPTOP" duration="00:00:00.0003515" startTime="2015-03-15T23:55:36.6966432+10:00" endTime="2015-03-15T23:55:36.7076544+10:00" testType="13cdc9d9-ddb5-4fa4-a97d-d965ccfc6d4b" outcome="Passed" testListId="8c84fa94-04c1-424b-9868-57a2d4851a1d" relativeResultsDirectory="eac275e3-3566-4964-bc5b-fde33e612b49">
    </UnitTestResult>
    <UnitTestResult executionId="be8699fa-9546-44ba-85cf-e83b0bb0b64b" testId="bd9786b6-f822-f559-5bc7-082e785537a3" testName="SetDataToMainSeparatorTest" computerName="ANGUS-LAPTOP" duration="00:00:00.0003570" startTime="2015-03-15T23:55:36.7236611+10:00" endTime="2015-03-15T23:55:36.7336712+10:00" testType="13cdc9d9-ddb5-4fa4-a97d-d965ccfc6d4b" outcome="Passed" testListId="8c84fa94-04c1-424b-9868-57a2d4851a1d" relativeResultsDirectory="be8699fa-9546-44ba-85cf-e83b0bb0b64b">
    </UnitTestResult>
    <UnitTestResult executionId="9c82c3a7-4c37-4186-8e4b-c86eb236d405" testId="da87d3bf-15d7-dbd7-05de-b003ebc7eb7f" testName="SetParentTest" computerName="ANGUS-LAPTOP" duration="00:00:00.0003639" startTime="2015-03-15T23:55:36.7526813+10:00" endTime="2015-03-15T23:55:36.7636972+10:00" testType="13cdc9d9-ddb5-4fa4-a97d-d965ccfc6d4b" outcome="Passed" testListId="8c84fa94-04c1-424b-9868-57a2d4851a1d" relativeResultsDirectory="9c82c3a7-4c37-4186-8e4b-c86eb236d405">
    </UnitTestResult>
    <UnitTestResult executionId="e0cf5740-b75c-4c3c-8f46-4997ea528a8e" testId="fa92b225-1c80-948f-b651-d33a64ce3cac" testName="ToStringTest" computerName="ANGUS-LAPTOP" duration="00:00:00.0005884" startTime="2015-03-15T23:55:36.7777020+10:00" endTime="2015-03-15T23:55:36.7847040+10:00" testType="13cdc9d9-ddb5-4fa4-a97d-d965ccfc6d4b" outcome="Passed" testListId="8c84fa94-04c1-424b-9868-57a2d4851a1d" relativeResultsDirectory="e0cf5740-b75c-4c3c-8f46-4997ea528a8e">
    </UnitTestResult>
    <UnitTestResult executionId="47c52596-73ab-48db-bb90-205a82be0aa8" testId="f1b88517-e382-5d2f-f17a-00c6d0bdd696" testName="ValidateDataTest" computerName="ANGUS-LAPTOP" duration="00:00:00.0002672" startTime="2015-03-15T23:55:36.7977141+10:00" endTime="2015-03-15T23:55:36.8047229+10:00" testType="13cdc9d9-ddb5-4fa4-a97d-d965ccfc6d4b" outcome="Passed" testListId="8c84fa94-04c1-424b-9868-57a2d4851a1d" relativeResultsDirectory="47c52596-73ab-48db-bb90-205a82be0aa8">
    </UnitTestResult>
    <UnitTestResult executionId="04579e85-f03d-4e4a-acbe-8793a3353b5c" testId="cdf5132f-c1f2-db0a-dfd5-cf7b67696beb" testName="AsStringTest" computerName="ANGUS-LAPTOP" duration="00:00:00.0011029" startTime="2015-03-15T23:55:36.8157260+10:00" endTime="2015-03-15T23:55:36.8227310+10:00" testType="13cdc9d9-ddb5-4fa4-a97d-d965ccfc6d4b" outcome="Passed" testListId="8c84fa94-04c1-424b-9868-57a2d4851a1d" relativeResultsDirectory="04579e85-f03d-4e4a-acbe-8793a3353b5c">
    </UnitTestResult>
    <UnitTestResult executionId="3979989c-309b-4c7a-8906-ef5633af7d8a" testId="1b5d0f4f-cf59-9f88-bb60-e11a0efb23df" testName="AsStringRawTest" computerName="ANGUS-LAPTOP" duration="00:00:00.0004156" startTime="2015-03-15T23:55:36.8347429+10:00" endTime="2015-03-15T23:55:36.8417441+10:00" testType="13cdc9d9-ddb5-4fa4-a97d-d965ccfc6d4b" outcome="Passed" testListId="8c84fa94-04c1-424b-9868-57a2d4851a1d" relativeResultsDirectory="3979989c-309b-4c7a-8906-ef5633af7d8a">
    </UnitTestResult>
    <UnitTestResult executionId="1de1e3ee-e5c3-4a4a-a906-8f718c67ad4d" testId="02b5da4e-d67b-a975-6ad6-f481bea30ade" testName="ContentTypeTest" computerName="ANGUS-LAPTOP" duration="00:00:00.0006367" startTime="2015-03-15T23:55:36.8517520+10:00" endTime="2015-03-15T23:55:36.8607597+10:00" testType="13cdc9d9-ddb5-4fa4-a97d-d965ccfc6d4b" outcome="Passed" testListId="8c84fa94-04c1-424b-9868-57a2d4851a1d" relativeResultsDirectory="1de1e3ee-e5c3-4a4a-a906-8f718c67ad4d">
    </UnitTestResult>
    <UnitTestResult executionId="5565f389-0940-4f91-9ca9-ee82adfaa5f2" testId="dfaed784-63c9-cf05-792e-44fe6e04bf66" testName="EscapeMetaDataTest" computerName="ANGUS-LAPTOP" duration="00:00:00.0004062" startTime="2015-03-15T23:55:36.8717658+10:00" endTime="2015-03-15T23:55:36.8777718+10:00" testType="13cdc9d9-ddb5-4fa4-a97d-d965ccfc6d4b" outcome="Passed" testListId="8c84fa94-04c1-424b-9868-57a2d4851a1d" relativeResultsDirectory="5565f389-0940-4f91-9ca9-ee82adfaa5f2">
    </UnitTestResult>
    <UnitTestResult executionId="97636b2a-d337-4e58-8ce0-ac64e1e079a6" testId="9f643d03-eca7-fde2-febf-2dd1e28d5212" testName="IsEmptyTest" computerName="ANGUS-LAPTOP" duration="00:00:00.0006017" startTime="2015-03-15T23:55:36.8887821+10:00" endTime="2015-03-15T23:55:36.8967831+10:00" testType="13cdc9d9-ddb5-4fa4-a97d-d965ccfc6d4b" outcome="Passed" testListId="8c84fa94-04c1-424b-9868-57a2d4851a1d" relativeResultsDirectory="97636b2a-d337-4e58-8ce0-ac64e1e079a6">
    </UnitTestResult>
    <UnitTestResult executionId="535f0f4a-72be-4bf8-994d-9d615975aa1b" testId="420633fa-66a7-beb3-30dc-0c033798d775" testName="IsHL7NullTest" computerName="ANGUS-LAPTOP" duration="00:00:00.0004759" startTime="2015-03-15T23:55:36.9077935+10:00" endTime="2015-03-15T23:55:36.9157970+10:00" testType="13cdc9d9-ddb5-4fa4-a97d-d965ccfc6d4b" outcome="Passed" testListId="8c84fa94-04c1-424b-9868-57a2d4851a1d" relativeResultsDirectory="535f0f4a-72be-4bf8-994d-9d615975aa1b">
    </UnitTestResult>
    <UnitTestResult executionId="b305073b-6356-490b-b5ef-60df0e3ed058" testId="13544595-507e-d695-622a-6081f0d95c5b" testName="PathInformationTest" computerName="ANGUS-LAPTOP" duration="00:00:00.0003887" startTime="2015-03-15T23:55:36.9418407+10:00" endTime="2015-03-15T23:55:36.9488449+10:00" testType="13cdc9d9-ddb5-4fa4-a97d-d965ccfc6d4b" outcome="Passed" testListId="8c84fa94-04c1-424b-9868-57a2d4851a1d" relativeResultsDirectory="b305073b-6356-490b-b5ef-60df0e3ed058">
    </UnitTestResult>
    <UnitTestResult executionId="93218c8b-18cf-4aa6-9380-a0995f44ff62" testId="1ea9597c-d096-2afc-66c5-dd9341a18801" testName="AsDateTest" computerName="ANGUS-LAPTOP" duration="00:00:00.0014450" startTime="2015-03-15T23:55:36.9598514+10:00" endTime="2015-03-15T23:55:36.9718603+10:00" testType="13cdc9d9-ddb5-4fa4-a97d-d965ccfc6d4b" outcome="Passed" testListId="8c84fa94-04c1-424b-9868-57a2d4851a1d" relativeResultsDirectory="93218c8b-18cf-4aa6-9380-a0995f44ff62">
    </UnitTestResult>
    <UnitTestResult executionId="17bbef48-102e-427d-8df9-2cf8096512bc" testId="f9673aa5-17be-58f4-0a16-6981b295f410" testName="AsDateTest1" computerName="ANGUS-LAPTOP" duration="00:00:00.0008766" startTime="2015-03-15T23:55:36.9828673+10:00" endTime="2015-03-15T23:55:36.9908730+10:00" testType="13cdc9d9-ddb5-4fa4-a97d-d965ccfc6d4b" outcome="Passed" testListId="8c84fa94-04c1-424b-9868-57a2d4851a1d" relativeResultsDirectory="17bbef48-102e-427d-8df9-2cf8096512bc">
    </UnitTestResult>
    <UnitTestResult executionId="4bbede37-86fa-4486-ad5b-acbfe4ffcba8" testId="c37cc704-6571-4c7f-5e90-86db92e43e93" testName="AsDateHourMinTest" computerName="ANGUS-LAPTOP" duration="00:00:00.0006320" startTime="2015-03-15T23:55:37.0028819+10:00" endTime="2015-03-15T23:55:37.0108872+10:00" testType="13cdc9d9-ddb5-4fa4-a97d-d965ccfc6d4b" outcome="Passed" testListId="8c84fa94-04c1-424b-9868-57a2d4851a1d" relativeResultsDirectory="4bbede37-86fa-4486-ad5b-acbfe4ffcba8">
    </UnitTestResult>
    <UnitTestResult executionId="fb8cf964-6af4-42fa-aa5f-c8899736d51a" testId="97412ae8-eeb8-6cdb-0444-db75e31093fd" testName="AsDateHourMinTest1" computerName="ANGUS-LAPTOP" duration="00:00:00.0007950" startTime="2015-03-15T23:55:37.0228957+10:00" endTime="2015-03-15T23:55:37.0299007+10:00" testType="13cdc9d9-ddb5-4fa4-a97d-d965ccfc6d4b" outcome="Passed" testListId="8c84fa94-04c1-424b-9868-57a2d4851a1d" relativeResultsDirectory="fb8cf964-6af4-42fa-aa5f-c8899736d51a">
    </UnitTestResult>
    <UnitTestResult executionId="5307323e-26a6-4550-aebb-4c4d76bb7f30" testId="b81e40bb-9e67-676f-d4eb-65f20abf3117" testName="AsDateHourMinSecTest" computerName="ANGUS-LAPTOP" duration="00:00:00.0009186" startTime="2015-03-15T23:55:37.0419096+10:00" endTime="2015-03-15T23:55:37.0509165+10:00" testType="13cdc9d9-ddb5-4fa4-a97d-d965ccfc6d4b" outcome="Passed" testListId="8c84fa94-04c1-424b-9868-57a2d4851a1d" relativeResultsDirectory="5307323e-26a6-4550-aebb-4c4d76bb7f30">
    </UnitTestResult>
    <UnitTestResult executionId="4e1e81a9-cfa2-49b9-8eef-2fd38d7895bb" testId="93964659-b15c-c098-848e-862a0968f755" testName="AsDateHourMinSecTest1" computerName="ANGUS-LAPTOP" duration="00:00:00.0007920" startTime="2015-03-15T23:55:37.0629276+10:00" endTime="2015-03-15T23:55:37.0709315+10:00" testType="13cdc9d9-ddb5-4fa4-a97d-d965ccfc6d4b" outcome="Passed" testListId="8c84fa94-04c1-424b-9868-57a2d4851a1d" relativeResultsDirectory="4e1e81a9-cfa2-49b9-8eef-2fd38d7895bb">
    </UnitTestResult>
    <UnitTestResult executionId="2e742e8e-180e-4710-831d-78507224fd12" testId="1e4a7732-fdaf-ca78-bc58-8b24e73cf4bb" testName="AsDateHourMinSecMilliTest" computerName="ANGUS-LAPTOP" duration="00:00:00.0004135" startTime="2015-03-15T23:55:37.0819381+10:00" endTime="2015-03-15T23:55:37.0899484+10:00" testType="13cdc9d9-ddb5-4fa4-a97d-d965ccfc6d4b" outcome="Passed" testListId="8c84fa94-04c1-424b-9868-57a2d4851a1d" relativeResultsDirectory="2e742e8e-180e-4710-831d-78507224fd12">
    </UnitTestResult>
    <UnitTestResult executionId="3c44bdc6-e028-4157-baf5-5279c7b6e70d" testId="638b813b-f5f3-3cde-3911-0c6b74e7e82c" testName="AsDateHourMinSecMilliTest1" computerName="ANGUS-LAPTOP" duration="00:00:00.0008360" startTime="2015-03-15T23:55:37.1009511+10:00" endTime="2015-03-15T23:55:37.1089572+10:00" testType="13cdc9d9-ddb5-4fa4-a97d-d965ccfc6d4b" outcome="Passed" testListId="8c84fa94-04c1-424b-9868-57a2d4851a1d" relativeResultsDirectory="3c44bdc6-e028-4157-baf5-5279c7b6e70d">
    </UnitTestResult>
    <UnitTestResult executionId="7d2f1895-1b16-4a0d-86c7-0f8796eaf8cd" testId="11268daa-86b0-d173-199b-25bae719712c" testName="SubComponentConstructorTest" computerName="ANGUS-LAPTOP" duration="00:00:00.0012910" startTime="2015-03-15T23:55:37.1189639+10:00" endTime="2015-03-15T23:55:37.1269747+10:00" testType="13cdc9d9-ddb5-4fa4-a97d-d965ccfc6d4b" outcome="Passed" testListId="8c84fa94-04c1-424b-9868-57a2d4851a1d" relativeResultsDirectory="7d2f1895-1b16-4a0d-86c7-0f8796eaf8cd">
    </UnitTestResult>
    <UnitTestResult executionId="6c8acf30-58b1-4cdb-a20f-bb5559e7a7d6" testId="d3943c0f-ce5d-ed19-da04-4c5b640e1ebe" testName="SubComponentConstructorTest1" computerName="ANGUS-LAPTOP" duration="00:00:00.0006876" startTime="2015-03-15T23:55:37.1379778+10:00" endTime="2015-03-15T23:55:37.1459848+10:00" testType="13cdc9d9-ddb5-4fa4-a97d-d965ccfc6d4b" outcome="Passed" testListId="8c84fa94-04c1-424b-9868-57a2d4851a1d" relativeResultsDirectory="6c8acf30-58b1-4cdb-a20f-bb5559e7a7d6">
    </UnitTestResult>
    <UnitTestResult executionId="669343ec-df60-4955-b0f5-fd02a707927a" testId="2c6c7854-ef7a-d4b6-6939-43da5173b8d2" testName="SubComponentConstructorTest2" computerName="ANGUS-LAPTOP" duration="00:00:00.0010195" startTime="2015-03-15T23:55:37.1569913+10:00" endTime="2015-03-15T23:55:37.1669984+10:00" testType="13cdc9d9-ddb5-4fa4-a97d-d965ccfc6d4b" outcome="Passed" testListId="8c84fa94-04c1-424b-9868-57a2d4851a1d" relativeResultsDirectory="669343ec-df60-4955-b0f5-fd02a707927a">
    </UnitTestResult>
    <UnitTestResult executionId="674e5753-d215-4f58-80d5-fd6b77c89c90" testId="ab3c72e7-916d-9271-7490-63c98d311b23" testName="SubComponentConstructorTest3" computerName="ANGUS-LAPTOP" duration="00:00:00.0007847" startTime="2015-03-15T23:55:37.1780092+10:00" endTime="2015-03-15T23:55:37.1860115+10:00" testType="13cdc9d9-ddb5-4fa4-a97d-d965ccfc6d4b" outcome="Passed" testListId="8c84fa94-04c1-424b-9868-57a2d4851a1d" relativeResultsDirectory="674e5753-d215-4f58-80d5-fd6b77c89c90">
    </UnitTestResult>
    <UnitTestResult executionId="2be2bf50-71a9-43b9-b55c-61ce75d76ac2" testId="02778758-cc49-b70f-4d9e-207bdf0cd24c" testName="AddTest" computerName="ANGUS-LAPTOP" duration="00:00:00.0007595" startTime="2015-03-15T23:55:37.1960186+10:00" endTime="2015-03-15T23:55:37.2030287+10:00" testType="13cdc9d9-ddb5-4fa4-a97d-d965ccfc6d4b" outcome="Passed" testListId="8c84fa94-04c1-424b-9868-57a2d4851a1d" relativeResultsDirectory="2be2bf50-71a9-43b9-b55c-61ce75d76ac2">
    </UnitTestResult>
    <UnitTestResult executionId="92bc61d0-9441-4e9a-a58e-b06242abec3b" testId="e3bd59e2-736a-a74c-a5b4-2b8060fad9ac" testName="ClearAllTest" computerName="ANGUS-LAPTOP" duration="00:00:00.0009925" startTime="2015-03-15T23:55:37.2140318+10:00" endTime="2015-03-15T23:55:37.2240432+10:00" testType="13cdc9d9-ddb5-4fa4-a97d-d965ccfc6d4b" outcome="Passed" testListId="8c84fa94-04c1-424b-9868-57a2d4851a1d" relativeResultsDirectory="92bc61d0-9441-4e9a-a58e-b06242abec3b">
    </UnitTestResult>
    <UnitTestResult executionId="d1d60fa4-a508-4770-ac0d-8e9d76ba1c03" testId="39e3a354-d606-9be4-bb97-f5bfd0567f79" testName="CloneTest" computerName="ANGUS-LAPTOP" duration="00:00:00.0004982" startTime="2015-03-15T23:55:37.2320438+10:00" endTime="2015-03-15T23:55:37.2360479+10:00" testType="13cdc9d9-ddb5-4fa4-a97d-d965ccfc6d4b" outcome="Passed" testListId="8c84fa94-04c1-424b-9868-57a2d4851a1d" relativeResultsDirectory="d1d60fa4-a508-4770-ac0d-8e9d76ba1c03">
    </UnitTestResult>
    <UnitTestResult executionId="4299289b-19f2-4d06-a40a-9d4ea526af1a" testId="469b4d55-6f41-2a07-a79f-1311a5b57e9f" testName="ContentTest" computerName="ANGUS-LAPTOP" duration="00:00:00.0003382" startTime="2015-03-15T23:55:37.2450530+10:00" endTime="2015-03-15T23:55:37.2500565+10:00" testType="13cdc9d9-ddb5-4fa4-a97d-d965ccfc6d4b" outcome="Passed" testListId="8c84fa94-04c1-424b-9868-57a2d4851a1d" relativeResultsDirectory="4299289b-19f2-4d06-a40a-9d4ea526af1a">
    </UnitTestResult>
    <UnitTestResult executionId="7062827b-3050-400a-b132-40869e2a8f9c" testId="e9992c95-3268-77fc-18a7-b02c1de4585f" testName="InsertTest1" computerName="ANGUS-LAPTOP" duration="00:00:00.0004588" startTime="2015-03-15T23:55:37.2580622+10:00" endTime="2015-03-15T23:55:37.2630692+10:00" testType="13cdc9d9-ddb5-4fa4-a97d-d965ccfc6d4b" outcome="Passed" testListId="8c84fa94-04c1-424b-9868-57a2d4851a1d" relativeResultsDirectory="7062827b-3050-400a-b132-40869e2a8f9c">
    </UnitTestResult>
    <UnitTestResult executionId="61fe71c2-14d9-4b18-a69b-86799a539c7a" testId="4bff0ad5-e896-1b4d-1081-a1490afafa42" testName="RemoveContentAtTest" computerName="ANGUS-LAPTOP" duration="00:00:00.0004169" startTime="2015-03-15T23:55:37.2700737+10:00" endTime="2015-03-15T23:55:37.2750752+10:00" testType="13cdc9d9-ddb5-4fa4-a97d-d965ccfc6d4b" outcome="Passed" testListId="8c84fa94-04c1-424b-9868-57a2d4851a1d" relativeResultsDirectory="61fe71c2-14d9-4b18-a69b-86799a539c7a">
    </UnitTestResult>
    <UnitTestResult executionId="180648e2-8717-43f8-ba61-b318175e9b98" testId="fb7784f1-99b0-c059-267d-2499f2992897" testName="SetTest" computerName="ANGUS-LAPTOP" duration="00:00:00.0004913" startTime="2015-03-15T23:55:37.2820810+10:00" endTime="2015-03-15T23:55:37.2870828+10:00" testType="13cdc9d9-ddb5-4fa4-a97d-d965ccfc6d4b" outcome="Passed" testListId="8c84fa94-04c1-424b-9868-57a2d4851a1d" relativeResultsDirectory="180648e2-8717-43f8-ba61-b318175e9b98">
    </UnitTestResult>
    <UnitTestResult executionId="05cc0259-5b73-4b20-866d-cb95c2bfeaa0" testId="c812c44a-5c44-51b8-b655-5885aea417c4" testName="ToStringTest" computerName="ANGUS-LAPTOP" duration="00:00:00.0004460" startTime="2015-03-15T23:55:37.2960892+10:00" endTime="2015-03-15T23:55:37.3010928+10:00" testType="13cdc9d9-ddb5-4fa4-a97d-d965ccfc6d4b" outcome="Passed" testListId="8c84fa94-04c1-424b-9868-57a2d4851a1d" relativeResultsDirectory="05cc0259-5b73-4b20-866d-cb95c2bfeaa0">
    </UnitTestResult>
    <UnitTestResult executionId="17a9b66f-f425-4664-8ee1-cec4f8ec087f" testId="53408e81-9390-b885-d3ba-48cc087e6fa9" testName="AsStringTest" computerName="ANGUS-LAPTOP" duration="00:00:00.0003254" startTime="2015-03-15T23:55:37.3272293+10:00" endTime="2015-03-15T23:55:37.3332335+10:00" testType="13cdc9d9-ddb5-4fa4-a97d-d965ccfc6d4b" outcome="Passed" testListId="8c84fa94-04c1-424b-9868-57a2d4851a1d" relativeResultsDirectory="17a9b66f-f425-4664-8ee1-cec4f8ec087f">
    </UnitTestResult>
    <UnitTestResult executionId="885358db-cd87-489a-8882-c038bdae4640" testId="a13c16dd-eb35-6dc4-e44a-3c831bb7b60e" testName="AsStringRawTest" computerName="ANGUS-LAPTOP" duration="00:00:00.0005076" startTime="2015-03-15T23:55:37.3422399+10:00" endTime="2015-03-15T23:55:37.3472435+10:00" testType="13cdc9d9-ddb5-4fa4-a97d-d965ccfc6d4b" outcome="Passed" testListId="8c84fa94-04c1-424b-9868-57a2d4851a1d" relativeResultsDirectory="885358db-cd87-489a-8882-c038bdae4640">
    </UnitTestResult>
    <UnitTestResult executionId="4494fab2-f50e-4f9b-af1d-b98b1dd38187" testId="ff6bcfba-0ee9-cdf0-d001-087d61640fd4" testName="ContentCountTest" computerName="ANGUS-LAPTOP" duration="00:00:00.0004071" startTime="2015-03-15T23:55:37.3542549+10:00" endTime="2015-03-15T23:55:37.3592554+10:00" testType="13cdc9d9-ddb5-4fa4-a97d-d965ccfc6d4b" outcome="Passed" testListId="8c84fa94-04c1-424b-9868-57a2d4851a1d" relativeResultsDirectory="4494fab2-f50e-4f9b-af1d-b98b1dd38187">
    </UnitTestResult>
    <UnitTestResult executionId="8bccf06e-1a23-47c6-9a64-ac05ae356a43" testId="095f8059-d018-ce3b-36fe-2dc31b1660f3" testName="ContentListTest" computerName="ANGUS-LAPTOP" duration="00:00:00.0020245" startTime="2015-03-15T23:55:37.3682584+10:00" endTime="2015-03-15T23:55:37.3742627+10:00" testType="13cdc9d9-ddb5-4fa4-a97d-d965ccfc6d4b" outcome="Passed" testListId="8c84fa94-04c1-424b-9868-57a2d4851a1d" relativeResultsDirectory="8bccf06e-1a23-47c6-9a64-ac05ae356a43">
    </UnitTestResult>
    <UnitTestResult executionId="78c38b6a-b862-4668-ae09-778a62104b1f" testId="192175a3-4aa5-7081-0062-e07d677a3e35" testName="IsEmptyTest" computerName="ANGUS-LAPTOP" duration="00:00:00.0003062" startTime="2015-03-15T23:55:37.3822683+10:00" endTime="2015-03-15T23:55:37.3872753+10:00" testType="13cdc9d9-ddb5-4fa4-a97d-d965ccfc6d4b" outcome="Passed" testListId="8c84fa94-04c1-424b-9868-57a2d4851a1d" relativeResultsDirectory="78c38b6a-b862-4668-ae09-778a62104b1f">
    </UnitTestResult>
    <UnitTestResult executionId="2882bdd1-4d17-49f4-8f35-590bf8a391d5" testId="42fa85c9-4d31-c930-f249-93b92ee77398" testName="IsHL7NullTest" computerName="ANGUS-LAPTOP" duration="00:00:00.0003241" startTime="2015-03-15T23:55:37.3952810+10:00" endTime="2015-03-15T23:55:37.4002987+10:00" testType="13cdc9d9-ddb5-4fa4-a97d-d965ccfc6d4b" outcome="Passed" testListId="8c84fa94-04c1-424b-9868-57a2d4851a1d" relativeResultsDirectory="2882bdd1-4d17-49f4-8f35-590bf8a391d5">
    </UnitTestResult>
    <UnitTestResult executionId="eee87537-9977-4c02-af29-f1d729f40875" testId="648e5a6a-2e35-f5f3-d102-39cad7148c87" testName="PathInformationTest" computerName="ANGUS-LAPTOP" duration="00:00:00.0005007" startTime="2015-03-15T23:55:37.4082872+10:00" endTime="2015-03-15T23:55:37.4132899+10:00" testType="13cdc9d9-ddb5-4fa4-a97d-d965ccfc6d4b" outcome="Passed" testListId="8c84fa94-04c1-424b-9868-57a2d4851a1d" relativeResultsDirectory="eee87537-9977-4c02-af29-f1d729f40875">
    </UnitTestResult>
    <UnitTestResult executionId="44796468-c928-4b43-be5b-12358110da49" testId="b477f252-4b79-f949-3b9c-3d4c20a0c9c3" testName="AcknowledgementConstructorTest" computerName="ANGUS-LAPTOP" duration="00:00:00.0006115" startTime="2015-03-15T23:55:37.4212973+10:00" endTime="2015-03-15T23:55:37.4273183+10:00" testType="13cdc9d9-ddb5-4fa4-a97d-d965ccfc6d4b" outcome="Passed" testListId="8c84fa94-04c1-424b-9868-57a2d4851a1d" relativeResultsDirectory="44796468-c928-4b43-be5b-12358110da49">
    </UnitTestResult>
    <UnitTestResult executionId="ccf352bf-8f16-4c91-9d02-4326a9693663" testId="a2c198f3-307a-8289-8d73-7794fd4a6088" testName="GenerateAcknowledgementMessageTest" computerName="ANGUS-LAPTOP" duration="00:00:00.0058785" startTime="2015-03-15T23:55:37.4343083+10:00" endTime="2015-03-15T23:55:37.4453161+10:00" testType="13cdc9d9-ddb5-4fa4-a97d-d965ccfc6d4b" outcome="Passed" testListId="8c84fa94-04c1-424b-9868-57a2d4851a1d" relativeResultsDirectory="ccf352bf-8f16-4c91-9d02-4326a9693663">
    </UnitTestResult>
    <UnitTestResult executionId="d59ab365-e64f-4fab-9026-fad60eaedf9b" testId="36f5ba8b-e83d-21a6-6b46-234c7d076dfc" testName="TestContentTypeCreate" computerName="ANGUS-LAPTOP" duration="00:00:00.0004259" startTime="2015-03-15T23:55:37.4543216+10:00" endTime="2015-03-15T23:55:37.4593265+10:00" testType="13cdc9d9-ddb5-4fa4-a97d-d965ccfc6d4b" outcome="Passed" testListId="8c84fa94-04c1-424b-9868-57a2d4851a1d" relativeResultsDirectory="d59ab365-e64f-4fab-9026-fad60eaedf9b">
    </UnitTestResult>
    <UnitTestResult executionId="8986916e-8db4-4363-ad33-c36ae9e4ca45" testId="3653eb47-0ee9-b8ab-b11b-85c637b1195f" testName="TestContentTypeExceptions" computerName="ANGUS-LAPTOP" duration="00:00:00.0884991" startTime="2015-03-15T23:55:37.4663319+10:00" endTime="2015-03-15T23:55:37.5604452+10:00" testType="13cdc9d9-ddb5-4fa4-a97d-d965ccfc6d4b" outcome="Passed" testListId="8c84fa94-04c1-424b-9868-57a2d4851a1d" relativeResultsDirectory="8986916e-8db4-4363-ad33-c36ae9e4ca45">
    </UnitTestResult>
    <UnitTestResult executionId="4128aee2-bd34-4e30-8ff0-2b0625eed132" testId="012d2315-4e42-4667-a443-62fef4ef445f" testName="TestSubComponentCreate" computerName="ANGUS-LAPTOP" duration="00:00:00.0003904" startTime="2015-03-15T23:55:37.5684488+10:00" endTime="2015-03-15T23:55:37.5734519+10:00" testType="13cdc9d9-ddb5-4fa4-a97d-d965ccfc6d4b" outcome="Passed" testListId="8c84fa94-04c1-424b-9868-57a2d4851a1d" relativeResultsDirectory="4128aee2-bd34-4e30-8ff0-2b0625eed132">
    </UnitTestResult>
    <UnitTestResult executionId="1ac62dc1-ad98-4c5d-b06f-3f72cfa1cf9c" testId="81c8be9e-d70b-1223-942f-8fd68c01deff" testName="TestSubComponentAddingContent" computerName="ANGUS-LAPTOP" duration="00:00:00.0014745" startTime="2015-03-15T23:55:37.5814683+10:00" endTime="2015-03-15T23:55:37.5874653+10:00" testType="13cdc9d9-ddb5-4fa4-a97d-d965ccfc6d4b" outcome="Passed" testListId="8c84fa94-04c1-424b-9868-57a2d4851a1d" relativeResultsDirectory="1ac62dc1-ad98-4c5d-b06f-3f72cfa1cf9c">
    </UnitTestResult>
    <UnitTestResult executionId="24de629d-1288-4dd2-abf8-55e45328292a" testId="bddb2672-714c-c0cc-af8d-4f49c9398348" testName="TestSubComponentSettingContent" computerName="ANGUS-LAPTOP" duration="00:00:00.0017893" startTime="2015-03-15T23:55:37.5944694+10:00" endTime="2015-03-15T23:55:37.6004745+10:00" testType="13cdc9d9-ddb5-4fa4-a97d-d965ccfc6d4b" outcome="Passed" testListId="8c84fa94-04c1-424b-9868-57a2d4851a1d" relativeResultsDirectory="24de629d-1288-4dd2-abf8-55e45328292a">
    </UnitTestResult>
    <UnitTestResult executionId="68fea7e7-f90f-4c85-9d17-95be311bf455" testId="0fd8a5b0-4bab-92d7-9503-d011125db49e" testName="TestSubComponentContentCount" computerName="ANGUS-LAPTOP" duration="00:00:00.0009036" startTime="2015-03-15T23:55:37.6074761+10:00" endTime="2015-03-15T23:55:37.6144810+10:00" testType="13cdc9d9-ddb5-4fa4-a97d-d965ccfc6d4b" outcome="Passed" testListId="8c84fa94-04c1-424b-9868-57a2d4851a1d" relativeResultsDirectory="68fea7e7-f90f-4c85-9d17-95be311bf455">
    </UnitTestResult>
    <UnitTestResult executionId="07ab5160-2ae0-48a6-b530-3a6b77d18f3f" testId="ca96ed79-94d8-04a6-bf7b-d63d87b091a4" testName="TestComponentCreate" computerName="ANGUS-LAPTOP" duration="00:00:00.0180337" startTime="2015-03-15T23:55:37.6234874+10:00" endTime="2015-03-15T23:55:37.6475079+10:00" testType="13cdc9d9-ddb5-4fa4-a97d-d965ccfc6d4b" outcome="Passed" testListId="8c84fa94-04c1-424b-9868-57a2d4851a1d" relativeResultsDirectory="07ab5160-2ae0-48a6-b530-3a6b77d18f3f">
    </UnitTestResult>
    <UnitTestResult executionId="868f909f-1869-4b5b-8358-9189ce1f8bff" testId="32b9b9f5-4397-465f-7bd1-b23ce1b18f86" testName="TestFieldCreate" computerName="ANGUS-LAPTOP" duration="00:00:00.0183531" startTime="2015-03-15T23:55:37.6555140+10:00" endTime="2015-03-15T23:55:37.6785295+10:00" testType="13cdc9d9-ddb5-4fa4-a97d-d965ccfc6d4b" outcome="Passed" testListId="8c84fa94-04c1-424b-9868-57a2d4851a1d" relativeResultsDirectory="868f909f-1869-4b5b-8358-9189ce1f8bff">
    </UnitTestResult>
    <UnitTestResult executionId="517eef00-eb96-42dc-8209-eac24c3a085f" testId="73fcddfd-0abf-4092-fa36-e303fa699e43" testName="TestFieldCreate" computerName="ANGUS-LAPTOP" duration="00:00:00.0192893" startTime="2015-03-15T23:55:37.6865326+10:00" endTime="2015-03-15T23:55:37.7105492+10:00" testType="13cdc9d9-ddb5-4fa4-a97d-d965ccfc6d4b" outcome="Passed" testListId="8c84fa94-04c1-424b-9868-57a2d4851a1d" relativeResultsDirectory="517eef00-eb96-42dc-8209-eac24c3a085f">
    </UnitTestResult>
    <UnitTestResult executionId="fac0667a-cf76-464c-8799-ef3c85b947d4" testId="261a082e-e443-898e-1e84-d8529ce1f285" testName="TestFieldCreate" computerName="ANGUS-LAPTOP" duration="00:00:00.0234050" startTime="2015-03-15T23:55:37.7185562+10:00" endTime="2015-03-15T23:55:37.7466052+10:00" testType="13cdc9d9-ddb5-4fa4-a97d-d965ccfc6d4b" outcome="Passed" testListId="8c84fa94-04c1-424b-9868-57a2d4851a1d" relativeResultsDirectory="fac0667a-cf76-464c-8799-ef3c85b947d4">
    </UnitTestResult>
    <UnitTestResult executionId="0a069fb0-39e7-4b76-954d-d7893e0e071d" testId="f772f6d6-23ef-6c93-47fe-814b8ff01373" testName="TestMessageCreate" computerName="ANGUS-LAPTOP" duration="00:00:00.2550712" startTime="2015-03-15T23:55:37.7545942+10:00" endTime="2015-03-15T23:55:38.0158480+10:00" testType="13cdc9d9-ddb5-4fa4-a97d-d965ccfc6d4b" outcome="Passed" testListId="8c84fa94-04c1-424b-9868-57a2d4851a1d" relativeResultsDirectory="0a069fb0-39e7-4b76-954d-d7893e0e071d">
    </UnitTestResult>
  </Results>
</TestRun>