<?xml version="1.0" encoding="UTF-8"?>
<TestRun id="1e673527-6781-42af-bf5f-ac7fc8f93c81" name="angusm@ANGUS-LAPTOP 2015-03-15 23:55:46" runUser="ANGUS-LAPTOP\angusm" xmlns="http://microsoft.com/schemas/VisualStudio/TeamTest/2010">
  <TestSettings name="Local" id="c40bac2d-459a-4c41-b6e1-f7b7dbb1d2f8">
    <Description>These are default test settings for a local test run.</Description>
    <Deployment enabled="false" runDeploymentRoot="angusm_ANGUS-LAPTOP 2015-03-15 23_55_46">
      <DeploymentItem filename="C:\GITRepository\CSharp\Glib\Glib\bin\Release\Glib.dll" />
    </Deployment>
    <Execution>
      <TestTypeSpecific />
      <AgentRule name="Execution Agents">
      </AgentRule>
    </Execution>
  </TestSettings>
  <Times creation="2015-03-15T23:55:46.8521412+10:00" queuing="2015-03-15T23:55:47.9912014+10:00" start="2015-03-15T23:55:48.1102842+10:00" finish="2015-03-15T23:55:54.6821911+10:00" />
  <ResultSummary outcome="Completed">
    <Counters total="211" executed="211" passed="211" error="0" failed="0" timeout="0" aborted="0" inconclusive="0" passedButRunAborted="0" notRunnable="0" notExecuted="0" disconnected="0" warning="0" completed="0" inProgress="0" pending="0" />
  </ResultSummary>
  <TestDefinitions>
    <UnitTest name="ClearAllTest" storage="c:\gitrepository\csharp\glib\testprojectglib\bin\release\testprojectglib.dll" id="e3bd59e2-736a-a74c-a5b4-2b8060fad9ac">
      <Execution id="e5fa14c9-8fb8-430c-aa51-199374b92ca7" />
      <TestMethod codeBase="C:/GITRepository/CSharp/Glib/TestProjectGlib/bin/Release/TestProjectGlib.DLL" adapterTypeName="Microsoft.VisualStudio.TestTools.TestTypes.Unit.UnitTestAdapter, Microsoft.VisualStudio.QualityTools.Tips.UnitTest.Adapter, Version=10.0.0.0, Culture=neutral, PublicKeyToken=b03f5f7f11d50a3a" className="TestProjectGlib.SubComponentTest, TestProjectGlib, Version=1.0.0.0, Culture=neutral, PublicKeyToken=null" name="ClearAllTest" />
    </UnitTest>
    <UnitTest name="AsDateHourMinTest" storage="c:\gitrepository\csharp\glib\testprojectglib\bin\release\testprojectglib.dll" id="c37cc704-6571-4c7f-5e90-86db92e43e93">
      <Execution id="8c5861ef-badf-479e-ab07-532f4d1802d6" />
      <TestMethod codeBase="C:/GITRepository/CSharp/Glib/TestProjectGlib/bin/Release/TestProjectGlib.DLL" adapterTypeName="Microsoft.VisualStudio.TestTools.TestTypes.Unit.UnitTestAdapter, Microsoft.VisualStudio.QualityTools.Tips.UnitTest.Adapter, Version=10.0.0.0, Culture=neutral, PublicKeyToken=b03f5f7f11d50a3a" className="TestProjectGlib.DateTimeTools_ConvertDateTimeToStringTest, TestProjectGlib, Version=1.0.0.0, Culture=neutral, PublicKeyToken=null" name="AsDateHourMinTest" />
    </UnitTest>
    <UnitTest name="HasTimeMillisecondsAndTimeZoneTest" storage="c:\gitrepository\csharp\glib\testprojectglib\bin\release\testprojectglib.dll" id="69006a4b-2bb8-cd05-18cd-ebc04e54b06a">
      <DeploymentItems>
        <DeploymentItem filename="Glib.dll" />
      </DeploymentItems>
      <Execution id="465a87cf-53a7-4c8c-9136-45fcad2fa307" />
      <TestMethod codeBase="C:/GITRepository/CSharp/Glib/TestProjectGlib/bin/Release/TestProjectGlib.DLL" adapterTypeName="Microsoft.VisualStudio.TestTools.TestTypes.Unit.UnitTestAdapter, Microsoft.VisualStudio.QualityTools.Tips.UnitTest.Adapter, Version=10.0.0.0, Culture=neutral, PublicKeyToken=b03f5f7f11d50a3a" className="TestProjectGlib.DateTimeTools_ConvertStringToDateTimeTest, TestProjectGlib, Version=1.0.0.0, Culture=neutral, PublicKeyToken=null" name="HasTimeMillisecondsAndTimeZoneTest" />
    </UnitTest>
    <UnitTest name="InsertTest1" storage="c:\gitrepository\csharp\glib\testprojectglib\bin\release\testprojectglib.dll" id="bc0f9aee-af0e-309f-c331-5b7305dffd88">
      <Execution id="16fe3e38-97c8-4eb1-8edc-f8a1e16e8262" />
      <TestMethod codeBase="C:/GITRepository/CSharp/Glib/TestProjectGlib/bin/Release/TestProjectGlib.DLL" adapterTypeName="Microsoft.VisualStudio.TestTools.TestTypes.Unit.UnitTestAdapter, Microsoft.VisualStudio.QualityTools.Tips.UnitTest.Adapter, Version=10.0.0.0, Culture=neutral, PublicKeyToken=b03f5f7f11d50a3a" className="TestProjectGlib.ComponentTest, TestProjectGlib, Version=1.0.0.0, Culture=neutral, PublicKeyToken=null" name="InsertTest1" />
    </UnitTest>
    <UnitTest name="SegmentListTest" storage="c:\gitrepository\csharp\glib\testprojectglib\bin\release\testprojectglib.dll" id="b2eb1e14-bea9-e296-a2b0-1e95dd6e0f89">
      <Execution id="0eaad4b6-6e1b-44a2-99b1-9d6150535b17" />
      <TestMethod codeBase="C:/GITRepository/CSharp/Glib/TestProjectGlib/bin/Release/TestProjectGlib.DLL" adapterTypeName="Microsoft.VisualStudio.TestTools.TestTypes.Unit.UnitTestAdapter, Microsoft.VisualStudio.QualityTools.Tips.UnitTest.Adapter, Version=10.0.0.0, Culture=neutral, PublicKeyToken=b03f5f7f11d50a3a" className="TestProjectGlib.MessageTest, TestProjectGlib, Version=1.0.0.0, Culture=neutral, PublicKeyToken=null" name="SegmentListTest" />
    </UnitTest>
    <UnitTest name="ToStringTest" storage="c:\gitrepository\csharp\glib\testprojectglib\bin\release\testprojectglib.dll" id="50a4b4d5-a824-5b66-26bf-9124f5072895">
      <Execution id="d569dd43-ba27-4f50-8744-595789a421ea" />
      <TestMethod codeBase="C:/GITRepository/CSharp/Glib/TestProjectGlib/bin/Release/TestProjectGlib.DLL" adapterTypeName="Microsoft.VisualStudio.TestTools.TestTypes.Unit.UnitTestAdapter, Microsoft.VisualStudio.QualityTools.Tips.UnitTest.Adapter, Version=10.0.0.0, Culture=neutral, PublicKeyToken=b03f5f7f11d50a3a" className="TestProjectGlib.ElementTest, TestProjectGlib, Version=1.0.0.0, Culture=neutral, PublicKeyToken=null" name="ToStringTest" />
    </UnitTest>
    <UnitTest name="AsDateTest" storage="c:\gitrepository\csharp\glib\testprojectglib\bin\release\testprojectglib.dll" id="1ea9597c-d096-2afc-66c5-dd9341a18801">
      <Execution id="fc79c36d-ef4c-4d82-85db-266603810948" />
      <TestMethod codeBase="C:/GITRepository/CSharp/Glib/TestProjectGlib/bin/Release/TestProjectGlib.DLL" adapterTypeName="Microsoft.VisualStudio.TestTools.TestTypes.Unit.UnitTestAdapter, Microsoft.VisualStudio.QualityTools.Tips.UnitTest.Adapter, Version=10.0.0.0, Culture=neutral, PublicKeyToken=b03f5f7f11d50a3a" className="TestProjectGlib.DateTimeTools_ConvertDateTimeToStringTest, TestProjectGlib, Version=1.0.0.0, Culture=neutral, PublicKeyToken=null" name="AsDateTest" />
    </UnitTest>
    <UnitTest name="RemoveContentAtTest" storage="c:\gitrepository\csharp\glib\testprojectglib\bin\release\testprojectglib.dll" id="4bff0ad5-e896-1b4d-1081-a1490afafa42">
      <Execution id="5fc8d554-5bd4-44da-addd-4226d49849d5" />
      <TestMethod codeBase="C:/GITRepository/CSharp/Glib/TestProjectGlib/bin/Release/TestProjectGlib.DLL" adapterTypeName="Microsoft.VisualStudio.TestTools.TestTypes.Unit.UnitTestAdapter, Microsoft.VisualStudio.QualityTools.Tips.UnitTest.Adapter, Version=10.0.0.0, Culture=neutral, PublicKeyToken=b03f5f7f11d50a3a" className="TestProjectGlib.SubComponentTest, TestProjectGlib, Version=1.0.0.0, Culture=neutral, PublicKeyToken=null" name="RemoveContentAtTest" />
    </UnitTest>
    <UnitTest name="RemoveFieldAtTest" storage="c:\gitrepository\csharp\glib\testprojectglib\bin\release\testprojectglib.dll" id="62c24a39-3e15-9930-3a10-9e29e5408430">
      <Execution id="2cfe1393-b14b-47ac-8c0f-4559b93c3c89" />
      <TestMethod codeBase="C:/GITRepository/CSharp/Glib/TestProjectGlib/bin/Release/TestProjectGlib.DLL" adapterTypeName="Microsoft.VisualStudio.TestTools.TestTypes.Unit.UnitTestAdapter, Microsoft.VisualStudio.QualityTools.Tips.UnitTest.Adapter, Version=10.0.0.0, Culture=neutral, PublicKeyToken=b03f5f7f11d50a3a" className="TestProjectGlib.SegmentTest, TestProjectGlib, Version=1.0.0.0, Culture=neutral, PublicKeyToken=null" name="RemoveFieldAtTest" />
    </UnitTest>
    <UnitTest name="ContentConstructorTest6" storage="c:\gitrepository\csharp\glib\testprojectglib\bin\release\testprojectglib.dll" id="0f1104b0-2d82-7414-004c-52659e3b91e6">
      <Execution id="76d00eb6-7f1a-4833-90c5-4af06370d312" />
      <TestMethod codeBase="C:/GITRepository/CSharp/Glib/TestProjectGlib/bin/Release/TestProjectGlib.DLL" adapterTypeName="Microsoft.VisualStudio.TestTools.TestTypes.Unit.UnitTestAdapter, Microsoft.VisualStudio.QualityTools.Tips.UnitTest.Adapter, Version=10.0.0.0, Culture=neutral, PublicKeyToken=b03f5f7f11d50a3a" className="TestProjectGlib.ContentTest, TestProjectGlib, Version=1.0.0.0, Culture=neutral, PublicKeyToken=null" name="ContentConstructorTest6" />
    </UnitTest>
    <UnitTest name="ToStringTest" storage="c:\gitrepository\csharp\glib\testprojectglib\bin\release\testprojectglib.dll" id="068ee4da-4219-485f-f9a9-dc524fcc05e8">
      <Execution id="5059be58-736c-471f-b695-cd9056216736" />
      <TestMethod codeBase="C:/GITRepository/CSharp/Glib/TestProjectGlib/bin/Release/TestProjectGlib.DLL" adapterTypeName="Microsoft.VisualStudio.TestTools.TestTypes.Unit.UnitTestAdapter, Microsoft.VisualStudio.QualityTools.Tips.UnitTest.Adapter, Version=10.0.0.0, Culture=neutral, PublicKeyToken=b03f5f7f11d50a3a" className="TestProjectGlib.MessageTest, TestProjectGlib, Version=1.0.0.0, Culture=neutral, PublicKeyToken=null" name="ToStringTest" />
    </UnitTest>
    <UnitTest name="CloseTest" storage="c:\gitrepository\csharp\glib\testprojectglib\bin\release\testprojectglib.dll" id="53a4311b-e47e-284e-52cb-41e1adabe3b7">
      <Execution id="9c7323ed-8563-472a-895b-f3d3d6e8dd62" />
      <TestMethod codeBase="C:/GITRepository/CSharp/Glib/TestProjectGlib/bin/Release/TestProjectGlib.DLL" adapterTypeName="Microsoft.VisualStudio.TestTools.TestTypes.Unit.UnitTestAdapter, Microsoft.VisualStudio.QualityTools.Tips.UnitTest.Adapter, Version=10.0.0.0, Culture=neutral, PublicKeyToken=b03f5f7f11d50a3a" className="TestProjectGlib.Hl7ReaderTest, TestProjectGlib, Version=1.0.0.0, Culture=neutral, PublicKeyToken=null" name="CloseTest" />
    </UnitTest>
    <UnitTest name="FieldConstructorTest1" storage="c:\gitrepository\csharp\glib\testprojectglib\bin\release\testprojectglib.dll" id="f9fb7caa-10d0-d537-0bee-7128754a588f">
      <Execution id="15897dee-7a2c-4f35-82b1-968bcc7e6d33" />
      <TestMethod codeBase="C:/GITRepository/CSharp/Glib/TestProjectGlib/bin/Release/TestProjectGlib.DLL" adapterTypeName="Microsoft.VisualStudio.TestTools.TestTypes.Unit.UnitTestAdapter, Microsoft.VisualStudio.QualityTools.Tips.UnitTest.Adapter, Version=10.0.0.0, Culture=neutral, PublicKeyToken=b03f5f7f11d50a3a" className="TestProjectGlib.FieldTest, TestProjectGlib, Version=1.0.0.0, Culture=neutral, PublicKeyToken=null" name="FieldConstructorTest1" />
    </UnitTest>
    <UnitTest name="SegmentTest1" storage="c:\gitrepository\csharp\glib\testprojectglib\bin\release\testprojectglib.dll" id="657b03ae-c6ed-cf3b-d3fd-383cfaaed277">
      <Execution id="2a34c54b-f876-4976-abd0-32621111c1eb" />
      <TestMethod codeBase="C:/GITRepository/CSharp/Glib/TestProjectGlib/bin/Release/TestProjectGlib.DLL" adapterTypeName="Microsoft.VisualStudio.TestTools.TestTypes.Unit.UnitTestAdapter, Microsoft.VisualStudio.QualityTools.Tips.UnitTest.Adapter, Version=10.0.0.0, Culture=neutral, PublicKeyToken=b03f5f7f11d50a3a" className="TestProjectGlib.MessageTest, TestProjectGlib, Version=1.0.0.0, Culture=neutral, PublicKeyToken=null" name="SegmentTest1" />
    </UnitTest>
    <UnitTest name="MessageControlIDTest" storage="c:\gitrepository\csharp\glib\testprojectglib\bin\release\testprojectglib.dll" id="cc555133-a437-76ab-0a74-82c55de705e8">
      <Execution id="472e2d0f-a01d-41f6-ad09-0c8980ee07f8" />
      <TestMethod codeBase="C:/GITRepository/CSharp/Glib/TestProjectGlib/bin/Release/TestProjectGlib.DLL" adapterTypeName="Microsoft.VisualStudio.TestTools.TestTypes.Unit.UnitTestAdapter, Microsoft.VisualStudio.QualityTools.Tips.UnitTest.Adapter, Version=10.0.0.0, Culture=neutral, PublicKeyToken=b03f5f7f11d50a3a" className="TestProjectGlib.MessageTest, TestProjectGlib, Version=1.0.0.0, Culture=neutral, PublicKeyToken=null" name="MessageControlIDTest" />
    </UnitTest>
    <UnitTest name="ContentConstructorTest4" storage="c:\gitrepository\csharp\glib\testprojectglib\bin\release\testprojectglib.dll" id="e74d6791-3965-d5cc-acd4-9d778742eb75">
      <Execution id="4599128e-69d3-4c0f-afcf-834f89441d87" />
      <TestMethod codeBase="C:/GITRepository/CSharp/Glib/TestProjectGlib/bin/Release/TestProjectGlib.DLL" adapterTypeName="Microsoft.VisualStudio.TestTools.TestTypes.Unit.UnitTestAdapter, Microsoft.VisualStudio.QualityTools.Tips.UnitTest.Adapter, Version=10.0.0.0, Culture=neutral, PublicKeyToken=b03f5f7f11d50a3a" className="TestProjectGlib.ContentTest, TestProjectGlib, Version=1.0.0.0, Culture=neutral, PublicKeyToken=null" name="ContentConstructorTest4" />
    </UnitTest>
    <UnitTest name="RemoveSubComponentAtTest" storage="c:\gitrepository\csharp\glib\testprojectglib\bin\release\testprojectglib.dll" id="f68c8a02-1470-d08d-1c7b-4369d1481c87">
      <Execution id="65a96141-0e4b-4137-aa40-0432aa3c3cb0" />
      <TestMethod codeBase="C:/GITRepository/CSharp/Glib/TestProjectGlib/bin/Release/TestProjectGlib.DLL" adapterTypeName="Microsoft.VisualStudio.TestTools.TestTypes.Unit.UnitTestAdapter, Microsoft.VisualStudio.QualityTools.Tips.UnitTest.Adapter, Version=10.0.0.0, Culture=neutral, PublicKeyToken=b03f5f7f11d50a3a" className="TestProjectGlib.ComponentTest, TestProjectGlib, Version=1.0.0.0, Culture=neutral, PublicKeyToken=null" name="RemoveSubComponentAtTest" />
    </UnitTest>
    <UnitTest name="FieldConstructorTest2" storage="c:\gitrepository\csharp\glib\testprojectglib\bin\release\testprojectglib.dll" id="5425a998-6ae1-bd4a-2828-b41e0f99ea29">
      <Execution id="1b82709b-79b0-4a7d-a5fb-65d707a89fff" />
      <TestMethod codeBase="C:/GITRepository/CSharp/Glib/TestProjectGlib/bin/Release/TestProjectGlib.DLL" adapterTypeName="Microsoft.VisualStudio.TestTools.TestTypes.Unit.UnitTestAdapter, Microsoft.VisualStudio.QualityTools.Tips.UnitTest.Adapter, Version=10.0.0.0, Culture=neutral, PublicKeyToken=b03f5f7f11d50a3a" className="TestProjectGlib.FieldTest, TestProjectGlib, Version=1.0.0.0, Culture=neutral, PublicKeyToken=null" name="FieldConstructorTest2" />
    </UnitTest>
    <UnitTest name="MessageConstructorTest" storage="c:\gitrepository\csharp\glib\testprojectglib\bin\release\testprojectglib.dll" id="0f69c36b-493c-8fb0-e292-61a29a24b837">
      <Execution id="75047644-4f30-4fdc-91c8-9108e17da8f1" />
      <TestMethod codeBase="C:/GITRepository/CSharp/Glib/TestProjectGlib/bin/Release/TestProjectGlib.DLL" adapterTypeName="Microsoft.VisualStudio.TestTools.TestTypes.Unit.UnitTestAdapter, Microsoft.VisualStudio.QualityTools.Tips.UnitTest.Adapter, Version=10.0.0.0, Culture=neutral, PublicKeyToken=b03f5f7f11d50a3a" className="TestProjectGlib.MessageTest, TestProjectGlib, Version=1.0.0.0, Culture=neutral, PublicKeyToken=null" name="MessageConstructorTest" />
    </UnitTest>
    <UnitTest name="ComponentConstructorTest3" storage="c:\gitrepository\csharp\glib\testprojectglib\bin\release\testprojectglib.dll" id="185dc60c-75d6-b20a-81be-f0dc0aef7d75">
      <Execution id="c86f79d2-b607-426a-b2e1-1e85e2ea2351" />
      <TestMethod codeBase="C:/GITRepository/CSharp/Glib/TestProjectGlib/bin/Release/TestProjectGlib.DLL" adapterTypeName="Microsoft.VisualStudio.TestTools.TestTypes.Unit.UnitTestAdapter, Microsoft.VisualStudio.QualityTools.Tips.UnitTest.Adapter, Version=10.0.0.0, Culture=neutral, PublicKeyToken=b03f5f7f11d50a3a" className="TestProjectGlib.ComponentTest, TestProjectGlib, Version=1.0.0.0, Culture=neutral, PublicKeyToken=null" name="ComponentConstructorTest3" />
    </UnitTest>
    <UnitTest name="MainSeparatorTest" storage="c:\gitrepository\csharp\glib\testprojectglib\bin\release\testprojectglib.dll" id="282e4e5e-978c-9145-a967-60e02e5af049">
      <Execution id="df5d89d9-01df-4c7f-a57a-cd1d1f541139" />
      <TestMethod codeBase="C:/GITRepository/CSharp/Glib/TestProjectGlib/bin/Release/TestProjectGlib.DLL" adapterTypeName="Microsoft.VisualStudio.TestTools.TestTypes.Unit.UnitTestAdapter, Microsoft.VisualStudio.QualityTools.Tips.UnitTest.Adapter, Version=10.0.0.0, Culture=neutral, PublicKeyToken=b03f5f7f11d50a3a" className="TestProjectGlib.MessageTest, TestProjectGlib, Version=1.0.0.0, Culture=neutral, PublicKeyToken=null" name="MainSeparatorTest" />
    </UnitTest>
    <UnitTest name="MessageConstructorTest1" storage="c:\gitrepository\csharp\glib\testprojectglib\bin\release\testprojectglib.dll" id="2f654289-9617-b10b-e542-e8186ac6ae6d">
      <Execution id="964f227b-2e58-4807-ba02-e79b7bafe9a1" />
      <TestMethod codeBase="C:/GITRepository/CSharp/Glib/TestProjectGlib/bin/Release/TestProjectGlib.DLL" adapterTypeName="Microsoft.VisualStudio.TestTools.TestTypes.Unit.UnitTestAdapter, Microsoft.VisualStudio.QualityTools.Tips.UnitTest.Adapter, Version=10.0.0.0, Culture=neutral, PublicKeyToken=b03f5f7f11d50a3a" className="TestProjectGlib.MessageTest, TestProjectGlib, Version=1.0.0.0, Culture=neutral, PublicKeyToken=null" name="MessageConstructorTest1" />
    </UnitTest>
    <UnitTest name="InsertTest1" storage="c:\gitrepository\csharp\glib\testprojectglib\bin\release\testprojectglib.dll" id="e9992c95-3268-77fc-18a7-b02c1de4585f">
      <Execution id="5f442330-a8f0-4e42-b017-3962bf298ac2" />
      <TestMethod codeBase="C:/GITRepository/CSharp/Glib/TestProjectGlib/bin/Release/TestProjectGlib.DLL" adapterTypeName="Microsoft.VisualStudio.TestTools.TestTypes.Unit.UnitTestAdapter, Microsoft.VisualStudio.QualityTools.Tips.UnitTest.Adapter, Version=10.0.0.0, Culture=neutral, PublicKeyToken=b03f5f7f11d50a3a" className="TestProjectGlib.SubComponentTest, TestProjectGlib, Version=1.0.0.0, Culture=neutral, PublicKeyToken=null" name="InsertTest1" />
    </UnitTest>
    <UnitTest name="AddTest" storage="c:\gitrepository\csharp\glib\testprojectglib\bin\release\testprojectglib.dll" id="851ef1d3-a812-cf2f-2423-ef5e5794b37d">
      <Execution id="dd48d8a3-7950-4c6f-96c8-d0b598e4b400" />
      <TestMethod codeBase="C:/GITRepository/CSharp/Glib/TestProjectGlib/bin/Release/TestProjectGlib.DLL" adapterTypeName="Microsoft.VisualStudio.TestTools.TestTypes.Unit.UnitTestAdapter, Microsoft.VisualStudio.QualityTools.Tips.UnitTest.Adapter, Version=10.0.0.0, Culture=neutral, PublicKeyToken=b03f5f7f11d50a3a" className="TestProjectGlib.ElementTest, TestProjectGlib, Version=1.0.0.0, Culture=neutral, PublicKeyToken=null" name="AddTest" />
    </UnitTest>
    <UnitTest name="DecoderTest" storage="c:\gitrepository\csharp\glib\testprojectglib\bin\release\testprojectglib.dll" id="dc5c1174-a19a-b858-78d3-868e90f52906">
      <Execution id="93dd1249-ca1e-4fe7-ad80-69120dea5d25" />
      <TestMethod codeBase="C:/GITRepository/CSharp/Glib/TestProjectGlib/bin/Release/TestProjectGlib.DLL" adapterTypeName="Microsoft.VisualStudio.TestTools.TestTypes.Unit.UnitTestAdapter, Microsoft.VisualStudio.QualityTools.Tips.UnitTest.Adapter, Version=10.0.0.0, Culture=neutral, PublicKeyToken=b03f5f7f11d50a3a" className="TestProjectGlib.Base64Test, TestProjectGlib, Version=1.0.0.0, Culture=neutral, PublicKeyToken=null" name="DecoderTest" />
    </UnitTest>
    <UnitTest name="AsStringRawTest" storage="c:\gitrepository\csharp\glib\testprojectglib\bin\release\testprojectglib.dll" id="103ae38f-7bdb-fa7e-61ed-44691586c811">
      <Execution id="8c8e90bd-8079-4fbb-9c08-f487044d3c13" />
      <TestMethod codeBase="C:/GITRepository/CSharp/Glib/TestProjectGlib/bin/Release/TestProjectGlib.DLL" adapterTypeName="Microsoft.VisualStudio.TestTools.TestTypes.Unit.UnitTestAdapter, Microsoft.VisualStudio.QualityTools.Tips.UnitTest.Adapter, Version=10.0.0.0, Culture=neutral, PublicKeyToken=b03f5f7f11d50a3a" className="TestProjectGlib.ComponentTest, TestProjectGlib, Version=1.0.0.0, Culture=neutral, PublicKeyToken=null" name="AsStringRawTest" />
    </UnitTest>
    <UnitTest name="TestSubComponentAddingContent" storage="c:\gitrepository\csharp\glib\testprojectglib\bin\release\testprojectglib.dll" id="81c8be9e-d70b-1223-942f-8fd68c01deff">
      <Execution id="ed5e4b14-28bd-43c0-ae79-658152a6dc30" />
      <TestMethod codeBase="C:/GITRepository/CSharp/Glib/TestProjectGlib/bin/Release/TestProjectGlib.DLL" adapterTypeName="Microsoft.VisualStudio.TestTools.TestTypes.Unit.UnitTestAdapter, Microsoft.VisualStudio.QualityTools.Tips.UnitTest.Adapter, Version=10.0.0.0, Culture=neutral, PublicKeyToken=b03f5f7f11d50a3a" className="TestProjectGlib.UnitTestSubComponentModel, TestProjectGlib, Version=1.0.0.0, Culture=neutral, PublicKeyToken=null" name="TestSubComponentAddingContent" />
    </UnitTest>
    <UnitTest name="RemoveRepeatAtTest" storage="c:\gitrepository\csharp\glib\testprojectglib\bin\release\testprojectglib.dll" id="2bc46832-ff39-471c-cab0-e60265a8cf1a">
      <Execution id="fdec38e2-cf56-4aa6-b883-c7d010ac54af" />
      <TestMethod codeBase="C:/GITRepository/CSharp/Glib/TestProjectGlib/bin/Release/TestProjectGlib.DLL" adapterTypeName="Microsoft.VisualStudio.TestTools.TestTypes.Unit.UnitTestAdapter, Microsoft.VisualStudio.QualityTools.Tips.UnitTest.Adapter, Version=10.0.0.0, Culture=neutral, PublicKeyToken=b03f5f7f11d50a3a" className="TestProjectGlib.ElementTest, TestProjectGlib, Version=1.0.0.0, Culture=neutral, PublicKeyToken=null" name="RemoveRepeatAtTest" />
    </UnitTest>
    <UnitTest name="MessageVersionTest" storage="c:\gitrepository\csharp\glib\testprojectglib\bin\release\testprojectglib.dll" id="ca074321-703a-c011-3524-71ae90f517d5">
      <Execution id="ccbbd6d9-6130-4ff8-9be8-ab718d1ee7ab" />
      <TestMethod codeBase="C:/GITRepository/CSharp/Glib/TestProjectGlib/bin/Release/TestProjectGlib.DLL" adapterTypeName="Microsoft.VisualStudio.TestTools.TestTypes.Unit.UnitTestAdapter, Microsoft.VisualStudio.QualityTools.Tips.UnitTest.Adapter, Version=10.0.0.0, Culture=neutral, PublicKeyToken=b03f5f7f11d50a3a" className="TestProjectGlib.MessageTest, TestProjectGlib, Version=1.0.0.0, Culture=neutral, PublicKeyToken=null" name="MessageVersionTest" />
    </UnitTest>
    <UnitTest name="SubComponentListTest" storage="c:\gitrepository\csharp\glib\testprojectglib\bin\release\testprojectglib.dll" id="485fbc4e-b87e-c449-d941-c4ad880a6114">
      <Execution id="8baf508b-b8ee-4704-a7a4-e3788a47d9a4" />
      <TestMethod codeBase="C:/GITRepository/CSharp/Glib/TestProjectGlib/bin/Release/TestProjectGlib.DLL" adapterTypeName="Microsoft.VisualStudio.TestTools.TestTypes.Unit.UnitTestAdapter, Microsoft.VisualStudio.QualityTools.Tips.UnitTest.Adapter, Version=10.0.0.0, Culture=neutral, PublicKeyToken=b03f5f7f11d50a3a" className="TestProjectGlib.ComponentTest, TestProjectGlib, Version=1.0.0.0, Culture=neutral, PublicKeyToken=null" name="SubComponentListTest" />
    </UnitTest>
    <UnitTest name="IsEmptyTest" storage="c:\gitrepository\csharp\glib\testprojectglib\bin\release\testprojectglib.dll" id="07a45700-0b26-e484-c6c1-cc15104bb68b">
      <Execution id="8080073d-f7da-426c-9417-7eab7ab3ba17" />
      <TestMethod codeBase="C:/GITRepository/CSharp/Glib/TestProjectGlib/bin/Release/TestProjectGlib.DLL" adapterTypeName="Microsoft.VisualStudio.TestTools.TestTypes.Unit.UnitTestAdapter, Microsoft.VisualStudio.QualityTools.Tips.UnitTest.Adapter, Version=10.0.0.0, Culture=neutral, PublicKeyToken=b03f5f7f11d50a3a" className="TestProjectGlib.ComponentTest, TestProjectGlib, Version=1.0.0.0, Culture=neutral, PublicKeyToken=null" name="IsEmptyTest" />
    </UnitTest>
    <UnitTest name="CloneTest" storage="c:\gitrepository\csharp\glib\testprojectglib\bin\release\testprojectglib.dll" id="faec3610-6546-8bf2-fdbe-dee7799c6609">
      <Execution id="3836a746-b909-4f91-bbae-584bc7b8be47" />
      <TestMethod codeBase="C:/GITRepository/CSharp/Glib/TestProjectGlib/bin/Release/TestProjectGlib.DLL" adapterTypeName="Microsoft.VisualStudio.TestTools.TestTypes.Unit.UnitTestAdapter, Microsoft.VisualStudio.QualityTools.Tips.UnitTest.Adapter, Version=10.0.0.0, Culture=neutral, PublicKeyToken=b03f5f7f11d50a3a" className="TestProjectGlib.MessageTest, TestProjectGlib, Version=1.0.0.0, Culture=neutral, PublicKeyToken=null" name="CloneTest" />
    </UnitTest>
    <UnitTest name="ContentCountTest" storage="c:\gitrepository\csharp\glib\testprojectglib\bin\release\testprojectglib.dll" id="50d2563d-2a72-e20a-d402-ebae14660478">
      <Execution id="bf6652c9-85cf-4d78-956e-cc10e44466f3" />
      <TestMethod codeBase="C:/GITRepository/CSharp/Glib/TestProjectGlib/bin/Release/TestProjectGlib.DLL" adapterTypeName="Microsoft.VisualStudio.TestTools.TestTypes.Unit.UnitTestAdapter, Microsoft.VisualStudio.QualityTools.Tips.UnitTest.Adapter, Version=10.0.0.0, Culture=neutral, PublicKeyToken=b03f5f7f11d50a3a" className="TestProjectGlib.FieldTest, TestProjectGlib, Version=1.0.0.0, Culture=neutral, PublicKeyToken=null" name="ContentCountTest" />
    </UnitTest>
    <UnitTest name="CodeTest" storage="c:\gitrepository\csharp\glib\testprojectglib\bin\release\testprojectglib.dll" id="2c490933-23ca-68f4-cbd9-a962f93322ae">
      <Execution id="ad882b35-2372-4721-bc10-ff99769bbbf7" />
      <TestMethod codeBase="C:/GITRepository/CSharp/Glib/TestProjectGlib/bin/Release/TestProjectGlib.DLL" adapterTypeName="Microsoft.VisualStudio.TestTools.TestTypes.Unit.UnitTestAdapter, Microsoft.VisualStudio.QualityTools.Tips.UnitTest.Adapter, Version=10.0.0.0, Culture=neutral, PublicKeyToken=b03f5f7f11d50a3a" className="TestProjectGlib.SegmentTest, TestProjectGlib, Version=1.0.0.0, Culture=neutral, PublicKeyToken=null" name="CodeTest" />
    </UnitTest>
    <UnitTest name="SetTest1" storage="c:\gitrepository\csharp\glib\testprojectglib\bin\release\testprojectglib.dll" id="e8981139-2ae8-16f1-196c-8bb762fef77c">
      <Execution id="13f35ed4-72c4-4dbb-aac5-bdc3e74b87cd" />
      <TestMethod codeBase="C:/GITRepository/CSharp/Glib/TestProjectGlib/bin/Release/TestProjectGlib.DLL" adapterTypeName="Microsoft.VisualStudio.TestTools.TestTypes.Unit.UnitTestAdapter, Microsoft.VisualStudio.QualityTools.Tips.UnitTest.Adapter, Version=10.0.0.0, Culture=neutral, PublicKeyToken=b03f5f7f11d50a3a" className="TestProjectGlib.FieldTest, TestProjectGlib, Version=1.0.0.0, Culture=neutral, PublicKeyToken=null" name="SetTest1" />
    </UnitTest>
    <UnitTest name="SegmentListTest1" storage="c:\gitrepository\csharp\glib\testprojectglib\bin\release\testprojectglib.dll" id="beb508f7-d47b-8ea2-828f-479b5652e52a">
      <Execution id="7cc48a52-d35e-43ab-a9ba-07253860a53a" />
      <TestMethod codeBase="C:/GITRepository/CSharp/Glib/TestProjectGlib/bin/Release/TestProjectGlib.DLL" adapterTypeName="Microsoft.VisualStudio.TestTools.TestTypes.Unit.UnitTestAdapter, Microsoft.VisualStudio.QualityTools.Tips.UnitTest.Adapter, Version=10.0.0.0, Culture=neutral, PublicKeyToken=b03f5f7f11d50a3a" className="TestProjectGlib.MessageTest, TestProjectGlib, Version=1.0.0.0, Culture=neutral, PublicKeyToken=null" name="SegmentListTest1" />
    </UnitTest>
    <UnitTest name="ComponentCountTest" storage="c:\gitrepository\csharp\glib\testprojectglib\bin\release\testprojectglib.dll" id="7f2316ab-329b-9b41-b4ce-ccb71981bb17">
      <Execution id="ef4e175b-5866-4603-8e51-9cc34d860484" />
      <TestMethod codeBase="C:/GITRepository/CSharp/Glib/TestProjectGlib/bin/Release/TestProjectGlib.DLL" adapterTypeName="Microsoft.VisualStudio.TestTools.TestTypes.Unit.UnitTestAdapter, Microsoft.VisualStudio.QualityTools.Tips.UnitTest.Adapter, Version=10.0.0.0, Culture=neutral, PublicKeyToken=b03f5f7f11d50a3a" className="TestProjectGlib.FieldTest, TestProjectGlib, Version=1.0.0.0, Culture=neutral, PublicKeyToken=null" name="ComponentCountTest" />
    </UnitTest>
    <UnitTest name="CloneTest" storage="c:\gitrepository\csharp\glib\testprojectglib\bin\release\testprojectglib.dll" id="c3f602b3-e22c-03e3-9482-4e48793ee541">
      <Execution id="1a22f390-bc1e-4d0a-b797-febcb3397262" />
      <TestMethod codeBase="C:/GITRepository/CSharp/Glib/TestProjectGlib/bin/Release/TestProjectGlib.DLL" adapterTypeName="Microsoft.VisualStudio.TestTools.TestTypes.Unit.UnitTestAdapter, Microsoft.VisualStudio.QualityTools.Tips.UnitTest.Adapter, Version=10.0.0.0, Culture=neutral, PublicKeyToken=b03f5f7f11d50a3a" className="TestProjectGlib.SegmentTest, TestProjectGlib, Version=1.0.0.0, Culture=neutral, PublicKeyToken=null" name="CloneTest" />
    </UnitTest>
    <UnitTest name="TestFieldCreate" storage="c:\gitrepository\csharp\glib\testprojectglib\bin\release\testprojectglib.dll" id="73fcddfd-0abf-4092-fa36-e303fa699e43">
      <Execution id="d399473e-6a78-4f75-a937-a53335327b07" />
      <TestMethod codeBase="C:/GITRepository/CSharp/Glib/TestProjectGlib/bin/Release/TestProjectGlib.DLL" adapterTypeName="Microsoft.VisualStudio.TestTools.TestTypes.Unit.UnitTestAdapter, Microsoft.VisualStudio.QualityTools.Tips.UnitTest.Adapter, Version=10.0.0.0, Culture=neutral, PublicKeyToken=b03f5f7f11d50a3a" className="TestProjectGlib.UnitTestElementModel, TestProjectGlib, Version=1.0.0.0, Culture=neutral, PublicKeyToken=null" name="TestFieldCreate" />
    </UnitTest>
    <UnitTest name="IsHL7NullTest" storage="c:\gitrepository\csharp\glib\testprojectglib\bin\release\testprojectglib.dll" id="42fa85c9-4d31-c930-f249-93b92ee77398">
      <Execution id="ad021f43-1051-45c2-9a9e-af52179fe92e" />
      <TestMethod codeBase="C:/GITRepository/CSharp/Glib/TestProjectGlib/bin/Release/TestProjectGlib.DLL" adapterTypeName="Microsoft.VisualStudio.TestTools.TestTypes.Unit.UnitTestAdapter, Microsoft.VisualStudio.QualityTools.Tips.UnitTest.Adapter, Version=10.0.0.0, Culture=neutral, PublicKeyToken=b03f5f7f11d50a3a" className="TestProjectGlib.SubComponentTest, TestProjectGlib, Version=1.0.0.0, Culture=neutral, PublicKeyToken=null" name="IsHL7NullTest" />
    </UnitTest>
    <UnitTest name="ToStringTest" storage="c:\gitrepository\csharp\glib\testprojectglib\bin\release\testprojectglib.dll" id="c812c44a-5c44-51b8-b655-5885aea417c4">
      <Execution id="1890472a-7824-4c0b-9696-d59c92d092af" />
      <TestMethod codeBase="C:/GITRepository/CSharp/Glib/TestProjectGlib/bin/Release/TestProjectGlib.DLL" adapterTypeName="Microsoft.VisualStudio.TestTools.TestTypes.Unit.UnitTestAdapter, Microsoft.VisualStudio.QualityTools.Tips.UnitTest.Adapter, Version=10.0.0.0, Culture=neutral, PublicKeyToken=b03f5f7f11d50a3a" className="TestProjectGlib.SubComponentTest, TestProjectGlib, Version=1.0.0.0, Culture=neutral, PublicKeyToken=null" name="ToStringTest" />
    </UnitTest>
    <UnitTest name="AsDateHourMinSecTest1" storage="c:\gitrepository\csharp\glib\testprojectglib\bin\release\testprojectglib.dll" id="93964659-b15c-c098-848e-862a0968f755">
      <Execution id="6fbe2a9c-a380-46e7-9c54-6c88a572f67e" />
      <TestMethod codeBase="C:/GITRepository/CSharp/Glib/TestProjectGlib/bin/Release/TestProjectGlib.DLL" adapterTypeName="Microsoft.VisualStudio.TestTools.TestTypes.Unit.UnitTestAdapter, Microsoft.VisualStudio.QualityTools.Tips.UnitTest.Adapter, Version=10.0.0.0, Culture=neutral, PublicKeyToken=b03f5f7f11d50a3a" className="TestProjectGlib.DateTimeTools_ConvertDateTimeToStringTest, TestProjectGlib, Version=1.0.0.0, Culture=neutral, PublicKeyToken=null" name="AsDateHourMinSecTest1" />
    </UnitTest>
    <UnitTest name="SetTest" storage="c:\gitrepository\csharp\glib\testprojectglib\bin\release\testprojectglib.dll" id="3bbb9637-de42-44c8-d031-1764421810d0">
      <Execution id="3ffdc912-cc7a-445e-8c32-50c6e442f6a0" />
      <TestMethod codeBase="C:/GITRepository/CSharp/Glib/TestProjectGlib/bin/Release/TestProjectGlib.DLL" adapterTypeName="Microsoft.VisualStudio.TestTools.TestTypes.Unit.UnitTestAdapter, Microsoft.VisualStudio.QualityTools.Tips.UnitTest.Adapter, Version=10.0.0.0, Culture=neutral, PublicKeyToken=b03f5f7f11d50a3a" className="TestProjectGlib.ComponentTest, TestProjectGlib, Version=1.0.0.0, Culture=neutral, PublicKeyToken=null" name="SetTest" />
    </UnitTest>
    <UnitTest name="IsHL7NullTest" storage="c:\gitrepository\csharp\glib\testprojectglib\bin\release\testprojectglib.dll" id="50d49a3d-17d9-5e0e-5cbe-1c50f8116688">
      <Execution id="d9df132e-2d7f-4591-a8cd-f5d68e9e8498" />
      <TestMethod codeBase="C:/GITRepository/CSharp/Glib/TestProjectGlib/bin/Release/TestProjectGlib.DLL" adapterTypeName="Microsoft.VisualStudio.TestTools.TestTypes.Unit.UnitTestAdapter, Microsoft.VisualStudio.QualityTools.Tips.UnitTest.Adapter, Version=10.0.0.0, Culture=neutral, PublicKeyToken=b03f5f7f11d50a3a" className="TestProjectGlib.FieldTest, TestProjectGlib, Version=1.0.0.0, Culture=neutral, PublicKeyToken=null" name="IsHL7NullTest" />
    </UnitTest>
    <UnitTest name="ElementConstructorTest2" storage="c:\gitrepository\csharp\glib\testprojectglib\bin\release\testprojectglib.dll" id="b2d02903-6680-8875-02e1-f43f070be79a">
      <Execution id="140447ec-8709-4b2b-a7f2-f5032f50781e" />
      <TestMethod codeBase="C:/GITRepository/CSharp/Glib/TestProjectGlib/bin/Release/TestProjectGlib.DLL" adapterTypeName="Microsoft.VisualStudio.TestTools.TestTypes.Unit.UnitTestAdapter, Microsoft.VisualStudio.QualityTools.Tips.UnitTest.Adapter, Version=10.0.0.0, Culture=neutral, PublicKeyToken=b03f5f7f11d50a3a" className="TestProjectGlib.ElementTest, TestProjectGlib, Version=1.0.0.0, Culture=neutral, PublicKeyToken=null" name="ElementConstructorTest2" />
    </UnitTest>
    <UnitTest name="PathInformationTest" storage="c:\gitrepository\csharp\glib\testprojectglib\bin\release\testprojectglib.dll" id="13544595-507e-d695-622a-6081f0d95c5b">
      <Execution id="ea1f28cc-2bd1-43c5-9533-02cfb6563d82" />
      <TestMethod codeBase="C:/GITRepository/CSharp/Glib/TestProjectGlib/bin/Release/TestProjectGlib.DLL" adapterTypeName="Microsoft.VisualStudio.TestTools.TestTypes.Unit.UnitTestAdapter, Microsoft.VisualStudio.QualityTools.Tips.UnitTest.Adapter, Version=10.0.0.0, Culture=neutral, PublicKeyToken=b03f5f7f11d50a3a" className="TestProjectGlib.ContentTest, TestProjectGlib, Version=1.0.0.0, Culture=neutral, PublicKeyToken=null" name="PathInformationTest" />
    </UnitTest>
    <UnitTest name="RepeatTest" storage="c:\gitrepository\csharp\glib\testprojectglib\bin\release\testprojectglib.dll" id="54d22d6e-b1e8-99d3-007a-f749383ad8ab">
      <Execution id="3c7350d2-bd47-40dc-8da3-2136b54cefdb" />
      <TestMethod codeBase="C:/GITRepository/CSharp/Glib/TestProjectGlib/bin/Release/TestProjectGlib.DLL" adapterTypeName="Microsoft.VisualStudio.TestTools.TestTypes.Unit.UnitTestAdapter, Microsoft.VisualStudio.QualityTools.Tips.UnitTest.Adapter, Version=10.0.0.0, Culture=neutral, PublicKeyToken=b03f5f7f11d50a3a" className="TestProjectGlib.ElementTest, TestProjectGlib, Version=1.0.0.0, Culture=neutral, PublicKeyToken=null" name="RepeatTest" />
    </UnitTest>
    <UnitTest name="HasNoMillisecondsOrTimeZoneTest" storage="c:\gitrepository\csharp\glib\testprojectglib\bin\release\testprojectglib.dll" id="4b69f646-3fd7-1906-dc9c-283732d9870f">
      <DeploymentItems>
        <DeploymentItem filename="Glib.dll" />
      </DeploymentItems>
      <Execution id="80b69de6-c911-480f-920e-fa4c67edbe8b" />
      <TestMethod codeBase="C:/GITRepository/CSharp/Glib/TestProjectGlib/bin/Release/TestProjectGlib.DLL" adapterTypeName="Microsoft.VisualStudio.TestTools.TestTypes.Unit.UnitTestAdapter, Microsoft.VisualStudio.QualityTools.Tips.UnitTest.Adapter, Version=10.0.0.0, Culture=neutral, PublicKeyToken=b03f5f7f11d50a3a" className="TestProjectGlib.DateTimeTools_ConvertStringToDateTimeTest, TestProjectGlib, Version=1.0.0.0, Culture=neutral, PublicKeyToken=null" name="HasNoMillisecondsOrTimeZoneTest" />
    </UnitTest>
    <UnitTest name="PathInformationTest" storage="c:\gitrepository\csharp\glib\testprojectglib\bin\release\testprojectglib.dll" id="648e5a6a-2e35-f5f3-d102-39cad7148c87">
      <Execution id="19c5b062-f45f-4f8c-ab17-7ab4ec87a3d3" />
      <TestMethod codeBase="C:/GITRepository/CSharp/Glib/TestProjectGlib/bin/Release/TestProjectGlib.DLL" adapterTypeName="Microsoft.VisualStudio.TestTools.TestTypes.Unit.UnitTestAdapter, Microsoft.VisualStudio.QualityTools.Tips.UnitTest.Adapter, Version=10.0.0.0, Culture=neutral, PublicKeyToken=b03f5f7f11d50a3a" className="TestProjectGlib.SubComponentTest, TestProjectGlib, Version=1.0.0.0, Culture=neutral, PublicKeyToken=null" name="PathInformationTest" />
    </UnitTest>
    <UnitTest name="AddTest" storage="c:\gitrepository\csharp\glib\testprojectglib\bin\release\testprojectglib.dll" id="321aa608-7a9b-7841-b54e-f15e58034604">
      <Execution id="7be8f768-fe62-4ba0-b551-13a56b712c72" />
      <TestMethod codeBase="C:/GITRepository/CSharp/Glib/TestProjectGlib/bin/Release/TestProjectGlib.DLL" adapterTypeName="Microsoft.VisualStudio.TestTools.TestTypes.Unit.UnitTestAdapter, Microsoft.VisualStudio.QualityTools.Tips.UnitTest.Adapter, Version=10.0.0.0, Culture=neutral, PublicKeyToken=b03f5f7f11d50a3a" className="TestProjectGlib.FieldTest, TestProjectGlib, Version=1.0.0.0, Culture=neutral, PublicKeyToken=null" name="AddTest" />
    </UnitTest>
    <UnitTest name="ElementConstructorTest3" storage="c:\gitrepository\csharp\glib\testprojectglib\bin\release\testprojectglib.dll" id="5554022a-d932-fcb6-1c69-d229745140fe">
      <Execution id="b112b150-5788-40b8-9dd1-8bf5f63592af" />
      <TestMethod codeBase="C:/GITRepository/CSharp/Glib/TestProjectGlib/bin/Release/TestProjectGlib.DLL" adapterTypeName="Microsoft.VisualStudio.TestTools.TestTypes.Unit.UnitTestAdapter, Microsoft.VisualStudio.QualityTools.Tips.UnitTest.Adapter, Version=10.0.0.0, Culture=neutral, PublicKeyToken=b03f5f7f11d50a3a" className="TestProjectGlib.ElementTest, TestProjectGlib, Version=1.0.0.0, Culture=neutral, PublicKeyToken=null" name="ElementConstructorTest3" />
    </UnitTest>
    <UnitTest name="AsStringTest" storage="c:\gitrepository\csharp\glib\testprojectglib\bin\release\testprojectglib.dll" id="cdf5132f-c1f2-db0a-dfd5-cf7b67696beb">
      <Execution id="5d1d6d60-3bc4-49af-9941-7ddd87b64772" />
      <TestMethod codeBase="C:/GITRepository/CSharp/Glib/TestProjectGlib/bin/Release/TestProjectGlib.DLL" adapterTypeName="Microsoft.VisualStudio.TestTools.TestTypes.Unit.UnitTestAdapter, Microsoft.VisualStudio.QualityTools.Tips.UnitTest.Adapter, Version=10.0.0.0, Culture=neutral, PublicKeyToken=b03f5f7f11d50a3a" className="TestProjectGlib.ContentTest, TestProjectGlib, Version=1.0.0.0, Culture=neutral, PublicKeyToken=null" name="AsStringTest" />
    </UnitTest>
    <UnitTest name="TestSubComponentContentCount" storage="c:\gitrepository\csharp\glib\testprojectglib\bin\release\testprojectglib.dll" id="0fd8a5b0-4bab-92d7-9503-d011125db49e">
      <Execution id="325ac483-88bf-49ef-8e16-3f3e31168e19" />
      <TestMethod codeBase="C:/GITRepository/CSharp/Glib/TestProjectGlib/bin/Release/TestProjectGlib.DLL" adapterTypeName="Microsoft.VisualStudio.TestTools.TestTypes.Unit.UnitTestAdapter, Microsoft.VisualStudio.QualityTools.Tips.UnitTest.Adapter, Version=10.0.0.0, Culture=neutral, PublicKeyToken=b03f5f7f11d50a3a" className="TestProjectGlib.UnitTestSubComponentModel, TestProjectGlib, Version=1.0.0.0, Culture=neutral, PublicKeyToken=null" name="TestSubComponentContentCount" />
    </UnitTest>
    <UnitTest name="ElementListTest" storage="c:\gitrepository\csharp\glib\testprojectglib\bin\release\testprojectglib.dll" id="a377d093-f83b-e7bd-a0ac-c17a19edb172">
      <Execution id="689ea702-aa11-4325-af31-f7c7c83ef179" />
      <TestMethod codeBase="C:/GITRepository/CSharp/Glib/TestProjectGlib/bin/Release/TestProjectGlib.DLL" adapterTypeName="Microsoft.VisualStudio.TestTools.TestTypes.Unit.UnitTestAdapter, Microsoft.VisualStudio.QualityTools.Tips.UnitTest.Adapter, Version=10.0.0.0, Culture=neutral, PublicKeyToken=b03f5f7f11d50a3a" className="TestProjectGlib.SegmentTest, TestProjectGlib, Version=1.0.0.0, Culture=neutral, PublicKeyToken=null" name="ElementListTest" />
    </UnitTest>
    <UnitTest name="ComponentListTest" storage="c:\gitrepository\csharp\glib\testprojectglib\bin\release\testprojectglib.dll" id="63e4b650-5ea8-ac21-8786-3238a13ec018">
      <Execution id="69851e82-37a5-45a4-af4f-42f804c696ba" />
      <TestMethod codeBase="C:/GITRepository/CSharp/Glib/TestProjectGlib/bin/Release/TestProjectGlib.DLL" adapterTypeName="Microsoft.VisualStudio.TestTools.TestTypes.Unit.UnitTestAdapter, Microsoft.VisualStudio.QualityTools.Tips.UnitTest.Adapter, Version=10.0.0.0, Culture=neutral, PublicKeyToken=b03f5f7f11d50a3a" className="TestProjectGlib.FieldTest, TestProjectGlib, Version=1.0.0.0, Culture=neutral, PublicKeyToken=null" name="ComponentListTest" />
    </UnitTest>
    <UnitTest name="SubComponentCountTest" storage="c:\gitrepository\csharp\glib\testprojectglib\bin\release\testprojectglib.dll" id="76556cc0-de36-73f1-566c-5319b2859489">
      <Execution id="970d171e-5383-4b12-8a7a-6b29e801df9e" />
      <TestMethod codeBase="C:/GITRepository/CSharp/Glib/TestProjectGlib/bin/Release/TestProjectGlib.DLL" adapterTypeName="Microsoft.VisualStudio.TestTools.TestTypes.Unit.UnitTestAdapter, Microsoft.VisualStudio.QualityTools.Tips.UnitTest.Adapter, Version=10.0.0.0, Culture=neutral, PublicKeyToken=b03f5f7f11d50a3a" className="TestProjectGlib.FieldTest, TestProjectGlib, Version=1.0.0.0, Culture=neutral, PublicKeyToken=null" name="SubComponentCountTest" />
    </UnitTest>
    <UnitTest name="AddTest2" storage="c:\gitrepository\csharp\glib\testprojectglib\bin\release\testprojectglib.dll" id="e5714616-1e44-1e54-e2e4-663133e56676">
      <Execution id="5fac9ca6-77f0-48a0-bbfc-8df1897ce498" />
      <TestMethod codeBase="C:/GITRepository/CSharp/Glib/TestProjectGlib/bin/Release/TestProjectGlib.DLL" adapterTypeName="Microsoft.VisualStudio.TestTools.TestTypes.Unit.UnitTestAdapter, Microsoft.VisualStudio.QualityTools.Tips.UnitTest.Adapter, Version=10.0.0.0, Culture=neutral, PublicKeyToken=b03f5f7f11d50a3a" className="TestProjectGlib.FieldTest, TestProjectGlib, Version=1.0.0.0, Culture=neutral, PublicKeyToken=null" name="AddTest2" />
    </UnitTest>
    <UnitTest name="AddTest2" storage="c:\gitrepository\csharp\glib\testprojectglib\bin\release\testprojectglib.dll" id="0ea72b90-d965-177f-3b59-b23d18e2180f">
      <Execution id="b061cad7-5a5b-4d70-b01a-fd75cdb38833" />
      <TestMethod codeBase="C:/GITRepository/CSharp/Glib/TestProjectGlib/bin/Release/TestProjectGlib.DLL" adapterTypeName="Microsoft.VisualStudio.TestTools.TestTypes.Unit.UnitTestAdapter, Microsoft.VisualStudio.QualityTools.Tips.UnitTest.Adapter, Version=10.0.0.0, Culture=neutral, PublicKeyToken=b03f5f7f11d50a3a" className="TestProjectGlib.SegmentTest, TestProjectGlib, Version=1.0.0.0, Culture=neutral, PublicKeyToken=null" name="AddTest2" />
    </UnitTest>
    <UnitTest name="ContentConstructorTest9" storage="c:\gitrepository\csharp\glib\testprojectglib\bin\release\testprojectglib.dll" id="9cafc2d5-2a5b-c544-f728-205945656c33">
      <Execution id="1c338450-6df9-490d-a466-9867aa1c1e25" />
      <TestMethod codeBase="C:/GITRepository/CSharp/Glib/TestProjectGlib/bin/Release/TestProjectGlib.DLL" adapterTypeName="Microsoft.VisualStudio.TestTools.TestTypes.Unit.UnitTestAdapter, Microsoft.VisualStudio.QualityTools.Tips.UnitTest.Adapter, Version=10.0.0.0, Culture=neutral, PublicKeyToken=b03f5f7f11d50a3a" className="TestProjectGlib.ContentTest, TestProjectGlib, Version=1.0.0.0, Culture=neutral, PublicKeyToken=null" name="ContentConstructorTest9" />
    </UnitTest>
    <UnitTest name="InsertTest" storage="c:\gitrepository\csharp\glib\testprojectglib\bin\release\testprojectglib.dll" id="cdedd3c0-bda1-235c-e0f5-4f5e8fe72a55">
      <Execution id="a20b23f4-e40f-4f7a-8cd3-b5fa40781b17" />
      <TestMethod codeBase="C:/GITRepository/CSharp/Glib/TestProjectGlib/bin/Release/TestProjectGlib.DLL" adapterTypeName="Microsoft.VisualStudio.TestTools.TestTypes.Unit.UnitTestAdapter, Microsoft.VisualStudio.QualityTools.Tips.UnitTest.Adapter, Version=10.0.0.0, Culture=neutral, PublicKeyToken=b03f5f7f11d50a3a" className="TestProjectGlib.ElementTest, TestProjectGlib, Version=1.0.0.0, Culture=neutral, PublicKeyToken=null" name="InsertTest" />
    </UnitTest>
    <UnitTest name="SetDataToEncodingCharactersTest" storage="c:\gitrepository\csharp\glib\testprojectglib\bin\release\testprojectglib.dll" id="18b8880e-d414-f397-2932-f5be2dbae673">
      <DeploymentItems>
        <DeploymentItem filename="Glib.dll" />
      </DeploymentItems>
      <Execution id="c4c4b890-309c-4537-94b5-e888f2842163" />
      <TestMethod codeBase="C:/GITRepository/CSharp/Glib/TestProjectGlib/bin/Release/TestProjectGlib.DLL" adapterTypeName="Microsoft.VisualStudio.TestTools.TestTypes.Unit.UnitTestAdapter, Microsoft.VisualStudio.QualityTools.Tips.UnitTest.Adapter, Version=10.0.0.0, Culture=neutral, PublicKeyToken=b03f5f7f11d50a3a" className="TestProjectGlib.ContentTest, TestProjectGlib, Version=1.0.0.0, Culture=neutral, PublicKeyToken=null" name="SetDataToEncodingCharactersTest" />
    </UnitTest>
    <UnitTest name="RemoveSegmentAtTest" storage="c:\gitrepository\csharp\glib\testprojectglib\bin\release\testprojectglib.dll" id="64d2a0a5-d6a5-16ae-7d91-b88c49d33cb5">
      <Execution id="3a43a915-851e-4cff-8f7f-3e0a60ef8402" />
      <TestMethod codeBase="C:/GITRepository/CSharp/Glib/TestProjectGlib/bin/Release/TestProjectGlib.DLL" adapterTypeName="Microsoft.VisualStudio.TestTools.TestTypes.Unit.UnitTestAdapter, Microsoft.VisualStudio.QualityTools.Tips.UnitTest.Adapter, Version=10.0.0.0, Culture=neutral, PublicKeyToken=b03f5f7f11d50a3a" className="TestProjectGlib.MessageTest, TestProjectGlib, Version=1.0.0.0, Culture=neutral, PublicKeyToken=null" name="RemoveSegmentAtTest" />
    </UnitTest>
    <UnitTest name="InsertTest1" storage="c:\gitrepository\csharp\glib\testprojectglib\bin\release\testprojectglib.dll" id="02d2aff2-ce9d-fe06-68b5-f219adb05152">
      <Execution id="a5b6deba-1283-4a2f-a9b8-5beb3a25304a" />
      <TestMethod codeBase="C:/GITRepository/CSharp/Glib/TestProjectGlib/bin/Release/TestProjectGlib.DLL" adapterTypeName="Microsoft.VisualStudio.TestTools.TestTypes.Unit.UnitTestAdapter, Microsoft.VisualStudio.QualityTools.Tips.UnitTest.Adapter, Version=10.0.0.0, Culture=neutral, PublicKeyToken=b03f5f7f11d50a3a" className="TestProjectGlib.ElementTest, TestProjectGlib, Version=1.0.0.0, Culture=neutral, PublicKeyToken=null" name="InsertTest1" />
    </UnitTest>
    <UnitTest name="SubComponentTest" storage="c:\gitrepository\csharp\glib\testprojectglib\bin\release\testprojectglib.dll" id="8dddbeb0-c173-6d10-e733-8b21ad046454">
      <Execution id="4085f3f9-1644-468c-9fa2-c1f61797151d" />
      <TestMethod codeBase="C:/GITRepository/CSharp/Glib/TestProjectGlib/bin/Release/TestProjectGlib.DLL" adapterTypeName="Microsoft.VisualStudio.TestTools.TestTypes.Unit.UnitTestAdapter, Microsoft.VisualStudio.QualityTools.Tips.UnitTest.Adapter, Version=10.0.0.0, Culture=neutral, PublicKeyToken=b03f5f7f11d50a3a" className="TestProjectGlib.ElementTest, TestProjectGlib, Version=1.0.0.0, Culture=neutral, PublicKeyToken=null" name="SubComponentTest" />
    </UnitTest>
    <UnitTest name="InsertTest1" storage="c:\gitrepository\csharp\glib\testprojectglib\bin\release\testprojectglib.dll" id="6dbc6246-dac8-b085-dab5-ae377dd35ff4">
      <Execution id="21fab31b-9c12-49ec-b054-f7be347ff710" />
      <TestMethod codeBase="C:/GITRepository/CSharp/Glib/TestProjectGlib/bin/Release/TestProjectGlib.DLL" adapterTypeName="Microsoft.VisualStudio.TestTools.TestTypes.Unit.UnitTestAdapter, Microsoft.VisualStudio.QualityTools.Tips.UnitTest.Adapter, Version=10.0.0.0, Culture=neutral, PublicKeyToken=b03f5f7f11d50a3a" className="TestProjectGlib.SegmentTest, TestProjectGlib, Version=1.0.0.0, Culture=neutral, PublicKeyToken=null" name="InsertTest1" />
    </UnitTest>
    <UnitTest name="ClearAllTest" storage="c:\gitrepository\csharp\glib\testprojectglib\bin\release\testprojectglib.dll" id="90fdd12e-0421-b4a1-ef81-0bb83465e065">
      <Execution id="0521f4c8-5e89-4a16-9803-1f6fbf0c8fb4" />
      <TestMethod codeBase="C:/GITRepository/CSharp/Glib/TestProjectGlib/bin/Release/TestProjectGlib.DLL" adapterTypeName="Microsoft.VisualStudio.TestTools.TestTypes.Unit.UnitTestAdapter, Microsoft.VisualStudio.QualityTools.Tips.UnitTest.Adapter, Version=10.0.0.0, Culture=neutral, PublicKeyToken=b03f5f7f11d50a3a" className="TestProjectGlib.MessageTest, TestProjectGlib, Version=1.0.0.0, Culture=neutral, PublicKeyToken=null" name="ClearAllTest" />
    </UnitTest>
    <UnitTest name="SubComponentConstructorTest3" storage="c:\gitrepository\csharp\glib\testprojectglib\bin\release\testprojectglib.dll" id="ab3c72e7-916d-9271-7490-63c98d311b23">
      <Execution id="ee551962-caf6-4893-ba1d-8bc9d7a08ff7" />
      <TestMethod codeBase="C:/GITRepository/CSharp/Glib/TestProjectGlib/bin/Release/TestProjectGlib.DLL" adapterTypeName="Microsoft.VisualStudio.TestTools.TestTypes.Unit.UnitTestAdapter, Microsoft.VisualStudio.QualityTools.Tips.UnitTest.Adapter, Version=10.0.0.0, Culture=neutral, PublicKeyToken=b03f5f7f11d50a3a" className="TestProjectGlib.SubComponentTest, TestProjectGlib, Version=1.0.0.0, Culture=neutral, PublicKeyToken=null" name="SubComponentConstructorTest3" />
    </UnitTest>
    <UnitTest name="ContentConstructorTest2" storage="c:\gitrepository\csharp\glib\testprojectglib\bin\release\testprojectglib.dll" id="23e5c416-83c2-b89c-6451-ae249e7194e2">
      <Execution id="f824d76f-fbc1-42f8-ad78-aa6b60436eaf" />
      <TestMethod codeBase="C:/GITRepository/CSharp/Glib/TestProjectGlib/bin/Release/TestProjectGlib.DLL" adapterTypeName="Microsoft.VisualStudio.TestTools.TestTypes.Unit.UnitTestAdapter, Microsoft.VisualStudio.QualityTools.Tips.UnitTest.Adapter, Version=10.0.0.0, Culture=neutral, PublicKeyToken=b03f5f7f11d50a3a" className="TestProjectGlib.ContentTest, TestProjectGlib, Version=1.0.0.0, Culture=neutral, PublicKeyToken=null" name="ContentConstructorTest2" />
    </UnitTest>
    <UnitTest name="IsHL7NullTest" storage="c:\gitrepository\csharp\glib\testprojectglib\bin\release\testprojectglib.dll" id="3296d32a-d554-a5a0-56b4-4587df1a76bd">
      <Execution id="da9dac78-3d4c-4add-aae5-3dc84b1b126a" />
      <TestMethod codeBase="C:/GITRepository/CSharp/Glib/TestProjectGlib/bin/Release/TestProjectGlib.DLL" adapterTypeName="Microsoft.VisualStudio.TestTools.TestTypes.Unit.UnitTestAdapter, Microsoft.VisualStudio.QualityTools.Tips.UnitTest.Adapter, Version=10.0.0.0, Culture=neutral, PublicKeyToken=b03f5f7f11d50a3a" className="TestProjectGlib.ComponentTest, TestProjectGlib, Version=1.0.0.0, Culture=neutral, PublicKeyToken=null" name="IsHL7NullTest" />
    </UnitTest>
    <UnitTest name="ContentCountTest" storage="c:\gitrepository\csharp\glib\testprojectglib\bin\release\testprojectglib.dll" id="ff6bcfba-0ee9-cdf0-d001-087d61640fd4">
      <Execution id="92574cbc-9c1f-4877-b60a-f91e66fcd72d" />
      <TestMethod codeBase="C:/GITRepository/CSharp/Glib/TestProjectGlib/bin/Release/TestProjectGlib.DLL" adapterTypeName="Microsoft.VisualStudio.TestTools.TestTypes.Unit.UnitTestAdapter, Microsoft.VisualStudio.QualityTools.Tips.UnitTest.Adapter, Version=10.0.0.0, Culture=neutral, PublicKeyToken=b03f5f7f11d50a3a" className="TestProjectGlib.SubComponentTest, TestProjectGlib, Version=1.0.0.0, Culture=neutral, PublicKeyToken=null" name="ContentCountTest" />
    </UnitTest>
    <UnitTest name="InsertTest" storage="c:\gitrepository\csharp\glib\testprojectglib\bin\release\testprojectglib.dll" id="b66803f3-d1c3-75df-448f-f4647b60ee70">
      <Execution id="1bf7a710-77b0-4c02-97ed-a098be128f8d" />
      <TestMethod codeBase="C:/GITRepository/CSharp/Glib/TestProjectGlib/bin/Release/TestProjectGlib.DLL" adapterTypeName="Microsoft.VisualStudio.TestTools.TestTypes.Unit.UnitTestAdapter, Microsoft.VisualStudio.QualityTools.Tips.UnitTest.Adapter, Version=10.0.0.0, Culture=neutral, PublicKeyToken=b03f5f7f11d50a3a" className="TestProjectGlib.SegmentTest, TestProjectGlib, Version=1.0.0.0, Culture=neutral, PublicKeyToken=null" name="InsertTest" />
    </UnitTest>
    <UnitTest name="ContentConstructorTest1" storage="c:\gitrepository\csharp\glib\testprojectglib\bin\release\testprojectglib.dll" id="4de93258-7862-c912-9fdf-2b137104121a">
      <Execution id="d6cc00d8-ca95-4f5a-aa4c-3885a4bdf7fb" />
      <TestMethod codeBase="C:/GITRepository/CSharp/Glib/TestProjectGlib/bin/Release/TestProjectGlib.DLL" adapterTypeName="Microsoft.VisualStudio.TestTools.TestTypes.Unit.UnitTestAdapter, Microsoft.VisualStudio.QualityTools.Tips.UnitTest.Adapter, Version=10.0.0.0, Culture=neutral, PublicKeyToken=b03f5f7f11d50a3a" className="TestProjectGlib.ContentTest, TestProjectGlib, Version=1.0.0.0, Culture=neutral, PublicKeyToken=null" name="ContentConstructorTest1" />
    </UnitTest>
    <UnitTest name="AsStringTest" storage="c:\gitrepository\csharp\glib\testprojectglib\bin\release\testprojectglib.dll" id="5e302a5a-64aa-d67b-fb8f-15049ebc8f93">
      <Execution id="a1b47d30-74ab-4478-987f-b8df6179c0f5" />
      <TestMethod codeBase="C:/GITRepository/CSharp/Glib/TestProjectGlib/bin/Release/TestProjectGlib.DLL" adapterTypeName="Microsoft.VisualStudio.TestTools.TestTypes.Unit.UnitTestAdapter, Microsoft.VisualStudio.QualityTools.Tips.UnitTest.Adapter, Version=10.0.0.0, Culture=neutral, PublicKeyToken=b03f5f7f11d50a3a" className="TestProjectGlib.MessageTest, TestProjectGlib, Version=1.0.0.0, Culture=neutral, PublicKeyToken=null" name="AsStringTest" />
    </UnitTest>
    <UnitTest name="RemoveSubComponentAtTest" storage="c:\gitrepository\csharp\glib\testprojectglib\bin\release\testprojectglib.dll" id="99583d31-1c36-6097-f41d-addc2fc02480">
      <Execution id="16985db9-0d9b-4110-93d3-80473e8d17cc" />
      <TestMethod codeBase="C:/GITRepository/CSharp/Glib/TestProjectGlib/bin/Release/TestProjectGlib.DLL" adapterTypeName="Microsoft.VisualStudio.TestTools.TestTypes.Unit.UnitTestAdapter, Microsoft.VisualStudio.QualityTools.Tips.UnitTest.Adapter, Version=10.0.0.0, Culture=neutral, PublicKeyToken=b03f5f7f11d50a3a" className="TestProjectGlib.FieldTest, TestProjectGlib, Version=1.0.0.0, Culture=neutral, PublicKeyToken=null" name="RemoveSubComponentAtTest" />
    </UnitTest>
    <UnitTest name="RemoveComponentAtTest" storage="c:\gitrepository\csharp\glib\testprojectglib\bin\release\testprojectglib.dll" id="f0c57047-78c8-1e43-ef78-f12b7472219d">
      <Execution id="3f83d8dc-4e1f-4f42-9f4f-0a4aaba25606" />
      <TestMethod codeBase="C:/GITRepository/CSharp/Glib/TestProjectGlib/bin/Release/TestProjectGlib.DLL" adapterTypeName="Microsoft.VisualStudio.TestTools.TestTypes.Unit.UnitTestAdapter, Microsoft.VisualStudio.QualityTools.Tips.UnitTest.Adapter, Version=10.0.0.0, Culture=neutral, PublicKeyToken=b03f5f7f11d50a3a" className="TestProjectGlib.ElementTest, TestProjectGlib, Version=1.0.0.0, Culture=neutral, PublicKeyToken=null" name="RemoveComponentAtTest" />
    </UnitTest>
    <UnitTest name="ElementConstructorTest" storage="c:\gitrepository\csharp\glib\testprojectglib\bin\release\testprojectglib.dll" id="f00783f7-5de7-c5be-765a-7ed93a96a4fd">
      <Execution id="2e98e7ad-8fa4-44b0-b97c-dcb12e0aa124" />
      <TestMethod codeBase="C:/GITRepository/CSharp/Glib/TestProjectGlib/bin/Release/TestProjectGlib.DLL" adapterTypeName="Microsoft.VisualStudio.TestTools.TestTypes.Unit.UnitTestAdapter, Microsoft.VisualStudio.QualityTools.Tips.UnitTest.Adapter, Version=10.0.0.0, Culture=neutral, PublicKeyToken=b03f5f7f11d50a3a" className="TestProjectGlib.ElementTest, TestProjectGlib, Version=1.0.0.0, Culture=neutral, PublicKeyToken=null" name="ElementConstructorTest" />
    </UnitTest>
    <UnitTest name="ComponentConstructorTest1" storage="c:\gitrepository\csharp\glib\testprojectglib\bin\release\testprojectglib.dll" id="a6eb57c4-f127-befd-4cff-cd6450458a49">
      <Execution id="98473fae-186d-41a4-8bf9-07888415b969" />
      <TestMethod codeBase="C:/GITRepository/CSharp/Glib/TestProjectGlib/bin/Release/TestProjectGlib.DLL" adapterTypeName="Microsoft.VisualStudio.TestTools.TestTypes.Unit.UnitTestAdapter, Microsoft.VisualStudio.QualityTools.Tips.UnitTest.Adapter, Version=10.0.0.0, Culture=neutral, PublicKeyToken=b03f5f7f11d50a3a" className="TestProjectGlib.ComponentTest, TestProjectGlib, Version=1.0.0.0, Culture=neutral, PublicKeyToken=null" name="ComponentConstructorTest1" />
    </UnitTest>
    <UnitTest name="AsStringTest" storage="c:\gitrepository\csharp\glib\testprojectglib\bin\release\testprojectglib.dll" id="53408e81-9390-b885-d3ba-48cc087e6fa9">
      <Execution id="532542fd-05d9-484e-9c09-b3011440c9a8" />
      <TestMethod codeBase="C:/GITRepository/CSharp/Glib/TestProjectGlib/bin/Release/TestProjectGlib.DLL" adapterTypeName="Microsoft.VisualStudio.TestTools.TestTypes.Unit.UnitTestAdapter, Microsoft.VisualStudio.QualityTools.Tips.UnitTest.Adapter, Version=10.0.0.0, Culture=neutral, PublicKeyToken=b03f5f7f11d50a3a" className="TestProjectGlib.SubComponentTest, TestProjectGlib, Version=1.0.0.0, Culture=neutral, PublicKeyToken=null" name="AsStringTest" />
    </UnitTest>
    <UnitTest name="SetTest1" storage="c:\gitrepository\csharp\glib\testprojectglib\bin\release\testprojectglib.dll" id="b3d350c4-b091-6fe0-74e1-34517bbb2e68">
      <Execution id="a8f03acc-5a4e-4215-afb6-cec21592d66c" />
      <TestMethod codeBase="C:/GITRepository/CSharp/Glib/TestProjectGlib/bin/Release/TestProjectGlib.DLL" adapterTypeName="Microsoft.VisualStudio.TestTools.TestTypes.Unit.UnitTestAdapter, Microsoft.VisualStudio.QualityTools.Tips.UnitTest.Adapter, Version=10.0.0.0, Culture=neutral, PublicKeyToken=b03f5f7f11d50a3a" className="TestProjectGlib.ComponentTest, TestProjectGlib, Version=1.0.0.0, Culture=neutral, PublicKeyToken=null" name="SetTest1" />
    </UnitTest>
    <UnitTest name="ElementConstructorTest1" storage="c:\gitrepository\csharp\glib\testprojectglib\bin\release\testprojectglib.dll" id="5a1cbec0-3ed5-0725-94d8-13b5e4a631b1">
      <Execution id="46cd5e35-24b0-4710-a83a-c53a3233ac72" />
      <TestMethod codeBase="C:/GITRepository/CSharp/Glib/TestProjectGlib/bin/Release/TestProjectGlib.DLL" adapterTypeName="Microsoft.VisualStudio.TestTools.TestTypes.Unit.UnitTestAdapter, Microsoft.VisualStudio.QualityTools.Tips.UnitTest.Adapter, Version=10.0.0.0, Culture=neutral, PublicKeyToken=b03f5f7f11d50a3a" className="TestProjectGlib.ElementTest, TestProjectGlib, Version=1.0.0.0, Culture=neutral, PublicKeyToken=null" name="ElementConstructorTest1" />
    </UnitTest>
    <UnitTest name="ContentCountTest" storage="c:\gitrepository\csharp\glib\testprojectglib\bin\release\testprojectglib.dll" id="f3b5fa79-f57f-0b76-e80c-298750ed9763">
      <Execution id="cd2bb57f-7550-4a00-9349-05b15bb2c57a" />
      <TestMethod codeBase="C:/GITRepository/CSharp/Glib/TestProjectGlib/bin/Release/TestProjectGlib.DLL" adapterTypeName="Microsoft.VisualStudio.TestTools.TestTypes.Unit.UnitTestAdapter, Microsoft.VisualStudio.QualityTools.Tips.UnitTest.Adapter, Version=10.0.0.0, Culture=neutral, PublicKeyToken=b03f5f7f11d50a3a" className="TestProjectGlib.ElementTest, TestProjectGlib, Version=1.0.0.0, Culture=neutral, PublicKeyToken=null" name="ContentCountTest" />
    </UnitTest>
    <UnitTest name="ElementCountTest" storage="c:\gitrepository\csharp\glib\testprojectglib\bin\release\testprojectglib.dll" id="ec189549-039f-45e1-76a6-e98207878bbb">
      <Execution id="418f99db-f735-43ad-a056-1c2d45e42f3c" />
      <TestMethod codeBase="C:/GITRepository/CSharp/Glib/TestProjectGlib/bin/Release/TestProjectGlib.DLL" adapterTypeName="Microsoft.VisualStudio.TestTools.TestTypes.Unit.UnitTestAdapter, Microsoft.VisualStudio.QualityTools.Tips.UnitTest.Adapter, Version=10.0.0.0, Culture=neutral, PublicKeyToken=b03f5f7f11d50a3a" className="TestProjectGlib.SegmentTest, TestProjectGlib, Version=1.0.0.0, Culture=neutral, PublicKeyToken=null" name="ElementCountTest" />
    </UnitTest>
    <UnitTest name="IsEmptyTest" storage="c:\gitrepository\csharp\glib\testprojectglib\bin\release\testprojectglib.dll" id="cf4312db-1cfd-c36c-6be2-11038648e5ab">
      <Execution id="7bfd23f8-cfb4-4a5e-bcb6-af0e0b8936a3" />
      <TestMethod codeBase="C:/GITRepository/CSharp/Glib/TestProjectGlib/bin/Release/TestProjectGlib.DLL" adapterTypeName="Microsoft.VisualStudio.TestTools.TestTypes.Unit.UnitTestAdapter, Microsoft.VisualStudio.QualityTools.Tips.UnitTest.Adapter, Version=10.0.0.0, Culture=neutral, PublicKeyToken=b03f5f7f11d50a3a" className="TestProjectGlib.SegmentTest, TestProjectGlib, Version=1.0.0.0, Culture=neutral, PublicKeyToken=null" name="IsEmptyTest" />
    </UnitTest>
    <UnitTest name="AsDateHourMinSecMilliTest1" storage="c:\gitrepository\csharp\glib\testprojectglib\bin\release\testprojectglib.dll" id="638b813b-f5f3-3cde-3911-0c6b74e7e82c">
      <Execution id="c5191563-9744-4508-ac3b-36929bc1ec2d" />
      <TestMethod codeBase="C:/GITRepository/CSharp/Glib/TestProjectGlib/bin/Release/TestProjectGlib.DLL" adapterTypeName="Microsoft.VisualStudio.TestTools.TestTypes.Unit.UnitTestAdapter, Microsoft.VisualStudio.QualityTools.Tips.UnitTest.Adapter, Version=10.0.0.0, Culture=neutral, PublicKeyToken=b03f5f7f11d50a3a" className="TestProjectGlib.DateTimeTools_ConvertDateTimeToStringTest, TestProjectGlib, Version=1.0.0.0, Culture=neutral, PublicKeyToken=null" name="AsDateHourMinSecMilliTest1" />
    </UnitTest>
    <UnitTest name="EscapeSequenceTest" storage="c:\gitrepository\csharp\glib\testprojectglib\bin\release\testprojectglib.dll" id="5768ccdc-d49c-7975-171c-f0931bc421e3">
      <Execution id="b76d4c80-0d9d-43e7-8c74-9e798335475a" />
      <TestMethod codeBase="C:/GITRepository/CSharp/Glib/TestProjectGlib/bin/Release/TestProjectGlib.DLL" adapterTypeName="Microsoft.VisualStudio.TestTools.TestTypes.Unit.UnitTestAdapter, Microsoft.VisualStudio.QualityTools.Tips.UnitTest.Adapter, Version=10.0.0.0, Culture=neutral, PublicKeyToken=b03f5f7f11d50a3a" className="TestProjectGlib.MessageTest, TestProjectGlib, Version=1.0.0.0, Culture=neutral, PublicKeyToken=null" name="EscapeSequenceTest" />
    </UnitTest>
    <UnitTest name="InsertTest" storage="c:\gitrepository\csharp\glib\testprojectglib\bin\release\testprojectglib.dll" id="21308188-2899-03f3-f5ad-a4d7b165cda3">
      <Execution id="a5279a1c-df40-4be8-87b2-62cef65b3f55" />
      <TestMethod codeBase="C:/GITRepository/CSharp/Glib/TestProjectGlib/bin/Release/TestProjectGlib.DLL" adapterTypeName="Microsoft.VisualStudio.TestTools.TestTypes.Unit.UnitTestAdapter, Microsoft.VisualStudio.QualityTools.Tips.UnitTest.Adapter, Version=10.0.0.0, Culture=neutral, PublicKeyToken=b03f5f7f11d50a3a" className="TestProjectGlib.FieldTest, TestProjectGlib, Version=1.0.0.0, Culture=neutral, PublicKeyToken=null" name="InsertTest" />
    </UnitTest>
    <UnitTest name="AddTest2" storage="c:\gitrepository\csharp\glib\testprojectglib\bin\release\testprojectglib.dll" id="23c4aeb9-f4c9-04a2-5c17-b8e061238b00">
      <Execution id="0a6120f6-ae58-45f6-9b3c-45afa36dd66d" />
      <TestMethod codeBase="C:/GITRepository/CSharp/Glib/TestProjectGlib/bin/Release/TestProjectGlib.DLL" adapterTypeName="Microsoft.VisualStudio.TestTools.TestTypes.Unit.UnitTestAdapter, Microsoft.VisualStudio.QualityTools.Tips.UnitTest.Adapter, Version=10.0.0.0, Culture=neutral, PublicKeyToken=b03f5f7f11d50a3a" className="TestProjectGlib.ElementTest, TestProjectGlib, Version=1.0.0.0, Culture=neutral, PublicKeyToken=null" name="AddTest2" />
    </UnitTest>
    <UnitTest name="ContentConstructorTest" storage="c:\gitrepository\csharp\glib\testprojectglib\bin\release\testprojectglib.dll" id="f7eb110f-bd56-2839-cb99-ced5d14e4f61">
      <Execution id="e4e67b22-0d17-419d-b7c3-971e03e37701" />
      <TestMethod codeBase="C:/GITRepository/CSharp/Glib/TestProjectGlib/bin/Release/TestProjectGlib.DLL" adapterTypeName="Microsoft.VisualStudio.TestTools.TestTypes.Unit.UnitTestAdapter, Microsoft.VisualStudio.QualityTools.Tips.UnitTest.Adapter, Version=10.0.0.0, Culture=neutral, PublicKeyToken=b03f5f7f11d50a3a" className="TestProjectGlib.ContentTest, TestProjectGlib, Version=1.0.0.0, Culture=neutral, PublicKeyToken=null" name="ContentConstructorTest" />
    </UnitTest>
    <UnitTest name="AsStringRawTest" storage="c:\gitrepository\csharp\glib\testprojectglib\bin\release\testprojectglib.dll" id="a13c16dd-eb35-6dc4-e44a-3c831bb7b60e">
      <Execution id="bee7d9cd-7631-4fa3-ba89-171a5cd3a846" />
      <TestMethod codeBase="C:/GITRepository/CSharp/Glib/TestProjectGlib/bin/Release/TestProjectGlib.DLL" adapterTypeName="Microsoft.VisualStudio.TestTools.TestTypes.Unit.UnitTestAdapter, Microsoft.VisualStudio.QualityTools.Tips.UnitTest.Adapter, Version=10.0.0.0, Culture=neutral, PublicKeyToken=b03f5f7f11d50a3a" className="TestProjectGlib.SubComponentTest, TestProjectGlib, Version=1.0.0.0, Culture=neutral, PublicKeyToken=null" name="AsStringRawTest" />
    </UnitTest>
    <UnitTest name="AsDateHourMinTest1" storage="c:\gitrepository\csharp\glib\testprojectglib\bin\release\testprojectglib.dll" id="97412ae8-eeb8-6cdb-0444-db75e31093fd">
      <Execution id="50b084b0-7d16-4019-8315-44e25c419f13" />
      <TestMethod codeBase="C:/GITRepository/CSharp/Glib/TestProjectGlib/bin/Release/TestProjectGlib.DLL" adapterTypeName="Microsoft.VisualStudio.TestTools.TestTypes.Unit.UnitTestAdapter, Microsoft.VisualStudio.QualityTools.Tips.UnitTest.Adapter, Version=10.0.0.0, Culture=neutral, PublicKeyToken=b03f5f7f11d50a3a" className="TestProjectGlib.DateTimeTools_ConvertDateTimeToStringTest, TestProjectGlib, Version=1.0.0.0, Culture=neutral, PublicKeyToken=null" name="AsDateHourMinTest1" />
    </UnitTest>
    <UnitTest name="ContentTest" storage="c:\gitrepository\csharp\glib\testprojectglib\bin\release\testprojectglib.dll" id="469b4d55-6f41-2a07-a79f-1311a5b57e9f">
      <Execution id="063cec45-9db2-4760-b0ac-73dcb933ba6e" />
      <TestMethod codeBase="C:/GITRepository/CSharp/Glib/TestProjectGlib/bin/Release/TestProjectGlib.DLL" adapterTypeName="Microsoft.VisualStudio.TestTools.TestTypes.Unit.UnitTestAdapter, Microsoft.VisualStudio.QualityTools.Tips.UnitTest.Adapter, Version=10.0.0.0, Culture=neutral, PublicKeyToken=b03f5f7f11d50a3a" className="TestProjectGlib.SubComponentTest, TestProjectGlib, Version=1.0.0.0, Culture=neutral, PublicKeyToken=null" name="ContentTest" />
    </UnitTest>
    <UnitTest name="SetTest" storage="c:\gitrepository\csharp\glib\testprojectglib\bin\release\testprojectglib.dll" id="1e73b624-71f1-d2fd-5336-60d44d8232e1">
      <Execution id="277c20af-068f-4782-b722-342785121903" />
      <TestMethod codeBase="C:/GITRepository/CSharp/Glib/TestProjectGlib/bin/Release/TestProjectGlib.DLL" adapterTypeName="Microsoft.VisualStudio.TestTools.TestTypes.Unit.UnitTestAdapter, Microsoft.VisualStudio.QualityTools.Tips.UnitTest.Adapter, Version=10.0.0.0, Culture=neutral, PublicKeyToken=b03f5f7f11d50a3a" className="TestProjectGlib.FieldTest, TestProjectGlib, Version=1.0.0.0, Culture=neutral, PublicKeyToken=null" name="SetTest" />
    </UnitTest>
    <UnitTest name="TestContentTypeCreate" storage="c:\gitrepository\csharp\glib\testprojectglib\bin\release\testprojectglib.dll" id="36f5ba8b-e83d-21a6-6b46-234c7d076dfc">
      <Execution id="f6fc6e02-2cf4-4b0b-b90b-5d4a2fc3c71d" />
      <TestMethod codeBase="C:/GITRepository/CSharp/Glib/TestProjectGlib/bin/Release/TestProjectGlib.DLL" adapterTypeName="Microsoft.VisualStudio.TestTools.TestTypes.Unit.UnitTestAdapter, Microsoft.VisualStudio.QualityTools.Tips.UnitTest.Adapter, Version=10.0.0.0, Culture=neutral, PublicKeyToken=b03f5f7f11d50a3a" className="TestProjectGlib.UnitTestContentModel, TestProjectGlib, Version=1.0.0.0, Culture=neutral, PublicKeyToken=null" name="TestContentTypeCreate" />
    </UnitTest>
    <UnitTest name="MessageStructureTest" storage="c:\gitrepository\csharp\glib\testprojectglib\bin\release\testprojectglib.dll" id="9eda4ff3-53a4-53d4-9c19-a43129d94713">
      <Execution id="ee9827fe-acbe-404f-9e74-b812af68664b" />
      <TestMethod codeBase="C:/GITRepository/CSharp/Glib/TestProjectGlib/bin/Release/TestProjectGlib.DLL" adapterTypeName="Microsoft.VisualStudio.TestTools.TestTypes.Unit.UnitTestAdapter, Microsoft.VisualStudio.QualityTools.Tips.UnitTest.Adapter, Version=10.0.0.0, Culture=neutral, PublicKeyToken=b03f5f7f11d50a3a" className="TestProjectGlib.MessageTest, TestProjectGlib, Version=1.0.0.0, Culture=neutral, PublicKeyToken=null" name="MessageStructureTest" />
    </UnitTest>
    <UnitTest name="Hl7ReaderConstructorTest1" storage="c:\gitrepository\csharp\glib\testprojectglib\bin\release\testprojectglib.dll" id="1fdf3423-5057-166d-6cc4-43ee4b0483a3">
      <Execution id="490c4ef2-cca0-4e30-835f-98140c483407" />
      <TestMethod codeBase="C:/GITRepository/CSharp/Glib/TestProjectGlib/bin/Release/TestProjectGlib.DLL" adapterTypeName="Microsoft.VisualStudio.TestTools.TestTypes.Unit.UnitTestAdapter, Microsoft.VisualStudio.QualityTools.Tips.UnitTest.Adapter, Version=10.0.0.0, Culture=neutral, PublicKeyToken=b03f5f7f11d50a3a" className="TestProjectGlib.Hl7ReaderTest, TestProjectGlib, Version=1.0.0.0, Culture=neutral, PublicKeyToken=null" name="Hl7ReaderConstructorTest1" />
    </UnitTest>
    <UnitTest name="FieldTest" storage="c:\gitrepository\csharp\glib\testprojectglib\bin\release\testprojectglib.dll" id="37d7cf32-7d6e-fd8d-c748-95a5f9978a3b">
      <Execution id="aea9edfd-765a-4499-8c96-af1a5daa24c4" />
      <TestMethod codeBase="C:/GITRepository/CSharp/Glib/TestProjectGlib/bin/Release/TestProjectGlib.DLL" adapterTypeName="Microsoft.VisualStudio.TestTools.TestTypes.Unit.UnitTestAdapter, Microsoft.VisualStudio.QualityTools.Tips.UnitTest.Adapter, Version=10.0.0.0, Culture=neutral, PublicKeyToken=b03f5f7f11d50a3a" className="TestProjectGlib.SegmentTest, TestProjectGlib, Version=1.0.0.0, Culture=neutral, PublicKeyToken=null" name="FieldTest" />
    </UnitTest>
    <UnitTest name="InsertTest1" storage="c:\gitrepository\csharp\glib\testprojectglib\bin\release\testprojectglib.dll" id="93c7dcb2-08f2-6cf2-908a-95f88cd0e48b">
      <Execution id="303c1c75-d485-4eb1-a2ab-244ee4a97e8a" />
      <TestMethod codeBase="C:/GITRepository/CSharp/Glib/TestProjectGlib/bin/Release/TestProjectGlib.DLL" adapterTypeName="Microsoft.VisualStudio.TestTools.TestTypes.Unit.UnitTestAdapter, Microsoft.VisualStudio.QualityTools.Tips.UnitTest.Adapter, Version=10.0.0.0, Culture=neutral, PublicKeyToken=b03f5f7f11d50a3a" className="TestProjectGlib.FieldTest, TestProjectGlib, Version=1.0.0.0, Culture=neutral, PublicKeyToken=null" name="InsertTest1" />
    </UnitTest>
    <UnitTest name="AddTest1" storage="c:\gitrepository\csharp\glib\testprojectglib\bin\release\testprojectglib.dll" id="41a40ccb-4f8b-eaf2-a926-d8737431f0a1">
      <Execution id="7ac7812c-1a70-473f-8eb9-5eba3ebabec0" />
      <TestMethod codeBase="C:/GITRepository/CSharp/Glib/TestProjectGlib/bin/Release/TestProjectGlib.DLL" adapterTypeName="Microsoft.VisualStudio.TestTools.TestTypes.Unit.UnitTestAdapter, Microsoft.VisualStudio.QualityTools.Tips.UnitTest.Adapter, Version=10.0.0.0, Culture=neutral, PublicKeyToken=b03f5f7f11d50a3a" className="TestProjectGlib.SegmentTest, TestProjectGlib, Version=1.0.0.0, Culture=neutral, PublicKeyToken=null" name="AddTest1" />
    </UnitTest>
    <UnitTest name="IsEmptyTest" storage="c:\gitrepository\csharp\glib\testprojectglib\bin\release\testprojectglib.dll" id="41a93314-d5e8-4dd8-ced8-9e20cd240813">
      <Execution id="cdea7421-8290-41a7-b2d8-ae570de09261" />
      <TestMethod codeBase="C:/GITRepository/CSharp/Glib/TestProjectGlib/bin/Release/TestProjectGlib.DLL" adapterTypeName="Microsoft.VisualStudio.TestTools.TestTypes.Unit.UnitTestAdapter, Microsoft.VisualStudio.QualityTools.Tips.UnitTest.Adapter, Version=10.0.0.0, Culture=neutral, PublicKeyToken=b03f5f7f11d50a3a" className="TestProjectGlib.ElementTest, TestProjectGlib, Version=1.0.0.0, Culture=neutral, PublicKeyToken=null" name="IsEmptyTest" />
    </UnitTest>
    <UnitTest name="AsStringTest" storage="c:\gitrepository\csharp\glib\testprojectglib\bin\release\testprojectglib.dll" id="4ee5a15f-21cf-08a1-ea1f-d52493ca2cfc">
      <Execution id="2c50e633-10b5-4be3-a49c-a3901d5d2bb1" />
      <TestMethod codeBase="C:/GITRepository/CSharp/Glib/TestProjectGlib/bin/Release/TestProjectGlib.DLL" adapterTypeName="Microsoft.VisualStudio.TestTools.TestTypes.Unit.UnitTestAdapter, Microsoft.VisualStudio.QualityTools.Tips.UnitTest.Adapter, Version=10.0.0.0, Culture=neutral, PublicKeyToken=b03f5f7f11d50a3a" className="TestProjectGlib.ElementTest, TestProjectGlib, Version=1.0.0.0, Culture=neutral, PublicKeyToken=null" name="AsStringTest" />
    </UnitTest>
    <UnitTest name="ValidateDataTest" storage="c:\gitrepository\csharp\glib\testprojectglib\bin\release\testprojectglib.dll" id="f1b88517-e382-5d2f-f17a-00c6d0bdd696">
      <DeploymentItems>
        <DeploymentItem filename="Glib.dll" />
      </DeploymentItems>
      <Execution id="4f8c7148-0be3-4157-ac33-24bfd6f57679" />
      <TestMethod codeBase="C:/GITRepository/CSharp/Glib/TestProjectGlib/bin/Release/TestProjectGlib.DLL" adapterTypeName="Microsoft.VisualStudio.TestTools.TestTypes.Unit.UnitTestAdapter, Microsoft.VisualStudio.QualityTools.Tips.UnitTest.Adapter, Version=10.0.0.0, Culture=neutral, PublicKeyToken=b03f5f7f11d50a3a" className="TestProjectGlib.ContentTest, TestProjectGlib, Version=1.0.0.0, Culture=neutral, PublicKeyToken=null" name="ValidateDataTest" />
    </UnitTest>
    <UnitTest name="ReadTest" storage="c:\gitrepository\csharp\glib\testprojectglib\bin\release\testprojectglib.dll" id="d63f8a04-ccde-1680-a6f1-a61a292c418d">
      <Execution id="3d23e049-81f9-4e7f-a7a4-1e01a3d17206" />
      <TestMethod codeBase="C:/GITRepository/CSharp/Glib/TestProjectGlib/bin/Release/TestProjectGlib.DLL" adapterTypeName="Microsoft.VisualStudio.TestTools.TestTypes.Unit.UnitTestAdapter, Microsoft.VisualStudio.QualityTools.Tips.UnitTest.Adapter, Version=10.0.0.0, Culture=neutral, PublicKeyToken=b03f5f7f11d50a3a" className="TestProjectGlib.Hl7ReaderTest, TestProjectGlib, Version=1.0.0.0, Culture=neutral, PublicKeyToken=null" name="ReadTest" />
    </UnitTest>
    <UnitTest name="TestContentTypeExceptions" storage="c:\gitrepository\csharp\glib\testprojectglib\bin\release\testprojectglib.dll" id="3653eb47-0ee9-b8ab-b11b-85c637b1195f">
      <Execution id="8ba71e10-b769-4188-9601-8b3b3682c02d" />
      <TestMethod codeBase="C:/GITRepository/CSharp/Glib/TestProjectGlib/bin/Release/TestProjectGlib.DLL" adapterTypeName="Microsoft.VisualStudio.TestTools.TestTypes.Unit.UnitTestAdapter, Microsoft.VisualStudio.QualityTools.Tips.UnitTest.Adapter, Version=10.0.0.0, Culture=neutral, PublicKeyToken=b03f5f7f11d50a3a" className="TestProjectGlib.UnitTestContentModel, TestProjectGlib, Version=1.0.0.0, Culture=neutral, PublicKeyToken=null" name="TestContentTypeExceptions" />
    </UnitTest>
    <UnitTest name="SegmentConstructorTest1" storage="c:\gitrepository\csharp\glib\testprojectglib\bin\release\testprojectglib.dll" id="cf0331c5-2fa8-bf12-d782-16ed1b688031">
      <Execution id="4d4e1624-edc7-47d1-99f3-c63fa465ed98" />
      <TestMethod codeBase="C:/GITRepository/CSharp/Glib/TestProjectGlib/bin/Release/TestProjectGlib.DLL" adapterTypeName="Microsoft.VisualStudio.TestTools.TestTypes.Unit.UnitTestAdapter, Microsoft.VisualStudio.QualityTools.Tips.UnitTest.Adapter, Version=10.0.0.0, Culture=neutral, PublicKeyToken=b03f5f7f11d50a3a" className="TestProjectGlib.SegmentTest, TestProjectGlib, Version=1.0.0.0, Culture=neutral, PublicKeyToken=null" name="SegmentConstructorTest1" />
    </UnitTest>
    <UnitTest name="SubComponentTest" storage="c:\gitrepository\csharp\glib\testprojectglib\bin\release\testprojectglib.dll" id="c3d2d8ae-14f9-c6cb-f090-b1bbcb1098e1">
      <Execution id="3c040b3e-9faa-47a1-8b80-eac4b6219fea" />
      <TestMethod codeBase="C:/GITRepository/CSharp/Glib/TestProjectGlib/bin/Release/TestProjectGlib.DLL" adapterTypeName="Microsoft.VisualStudio.TestTools.TestTypes.Unit.UnitTestAdapter, Microsoft.VisualStudio.QualityTools.Tips.UnitTest.Adapter, Version=10.0.0.0, Culture=neutral, PublicKeyToken=b03f5f7f11d50a3a" className="TestProjectGlib.ComponentTest, TestProjectGlib, Version=1.0.0.0, Culture=neutral, PublicKeyToken=null" name="SubComponentTest" />
    </UnitTest>
    <UnitTest name="AddTest1" storage="c:\gitrepository\csharp\glib\testprojectglib\bin\release\testprojectglib.dll" id="9d575baf-4a71-ba25-05e3-403d9f9e7372">
      <Execution id="c3c787d0-4c1a-4b91-a6e5-165dd7489b4f" />
      <TestMethod codeBase="C:/GITRepository/CSharp/Glib/TestProjectGlib/bin/Release/TestProjectGlib.DLL" adapterTypeName="Microsoft.VisualStudio.TestTools.TestTypes.Unit.UnitTestAdapter, Microsoft.VisualStudio.QualityTools.Tips.UnitTest.Adapter, Version=10.0.0.0, Culture=neutral, PublicKeyToken=b03f5f7f11d50a3a" className="TestProjectGlib.MessageTest, TestProjectGlib, Version=1.0.0.0, Culture=neutral, PublicKeyToken=null" name="AddTest1" />
    </UnitTest>
    <UnitTest name="SubComponentConstructorTest2" storage="c:\gitrepository\csharp\glib\testprojectglib\bin\release\testprojectglib.dll" id="2c6c7854-ef7a-d4b6-6939-43da5173b8d2">
      <Execution id="b770f226-5451-4217-ac74-d06bee2d7308" />
      <TestMethod codeBase="C:/GITRepository/CSharp/Glib/TestProjectGlib/bin/Release/TestProjectGlib.DLL" adapterTypeName="Microsoft.VisualStudio.TestTools.TestTypes.Unit.UnitTestAdapter, Microsoft.VisualStudio.QualityTools.Tips.UnitTest.Adapter, Version=10.0.0.0, Culture=neutral, PublicKeyToken=b03f5f7f11d50a3a" className="TestProjectGlib.SubComponentTest, TestProjectGlib, Version=1.0.0.0, Culture=neutral, PublicKeyToken=null" name="SubComponentConstructorTest2" />
    </UnitTest>
    <UnitTest name="AddTest" storage="c:\gitrepository\csharp\glib\testprojectglib\bin\release\testprojectglib.dll" id="02778758-cc49-b70f-4d9e-207bdf0cd24c">
      <Execution id="243bad06-cb12-4f95-8716-0161eb553d40" />
      <TestMethod codeBase="C:/GITRepository/CSharp/Glib/TestProjectGlib/bin/Release/TestProjectGlib.DLL" adapterTypeName="Microsoft.VisualStudio.TestTools.TestTypes.Unit.UnitTestAdapter, Microsoft.VisualStudio.QualityTools.Tips.UnitTest.Adapter, Version=10.0.0.0, Culture=neutral, PublicKeyToken=b03f5f7f11d50a3a" className="TestProjectGlib.SubComponentTest, TestProjectGlib, Version=1.0.0.0, Culture=neutral, PublicKeyToken=null" name="AddTest" />
    </UnitTest>
    <UnitTest name="SetTest" storage="c:\gitrepository\csharp\glib\testprojectglib\bin\release\testprojectglib.dll" id="fb7784f1-99b0-c059-267d-2499f2992897">
      <Execution id="437501ae-f6ed-4d83-beda-314e24241744" />
      <TestMethod codeBase="C:/GITRepository/CSharp/Glib/TestProjectGlib/bin/Release/TestProjectGlib.DLL" adapterTypeName="Microsoft.VisualStudio.TestTools.TestTypes.Unit.UnitTestAdapter, Microsoft.VisualStudio.QualityTools.Tips.UnitTest.Adapter, Version=10.0.0.0, Culture=neutral, PublicKeyToken=b03f5f7f11d50a3a" className="TestProjectGlib.SubComponentTest, TestProjectGlib, Version=1.0.0.0, Culture=neutral, PublicKeyToken=null" name="SetTest" />
    </UnitTest>
    <UnitTest name="AsStringRawTest" storage="c:\gitrepository\csharp\glib\testprojectglib\bin\release\testprojectglib.dll" id="58b07de1-f862-1419-af55-ea8965b5801d">
      <Execution id="95bb7846-a6b5-46ce-b185-2a6cc813c00c" />
      <TestMethod codeBase="C:/GITRepository/CSharp/Glib/TestProjectGlib/bin/Release/TestProjectGlib.DLL" adapterTypeName="Microsoft.VisualStudio.TestTools.TestTypes.Unit.UnitTestAdapter, Microsoft.VisualStudio.QualityTools.Tips.UnitTest.Adapter, Version=10.0.0.0, Culture=neutral, PublicKeyToken=b03f5f7f11d50a3a" className="TestProjectGlib.ElementTest, TestProjectGlib, Version=1.0.0.0, Culture=neutral, PublicKeyToken=null" name="AsStringRawTest" />
    </UnitTest>
    <UnitTest name="HasTimeZoneTest" storage="c:\gitrepository\csharp\glib\testprojectglib\bin\release\testprojectglib.dll" id="d10f3995-53c1-d99d-5076-8ce0ff32fead">
      <DeploymentItems>
        <DeploymentItem filename="Glib.dll" />
      </DeploymentItems>
      <Execution id="487b38c3-b7b3-433f-9802-e4a256d03079" />
      <TestMethod codeBase="C:/GITRepository/CSharp/Glib/TestProjectGlib/bin/Release/TestProjectGlib.DLL" adapterTypeName="Microsoft.VisualStudio.TestTools.TestTypes.Unit.UnitTestAdapter, Microsoft.VisualStudio.QualityTools.Tips.UnitTest.Adapter, Version=10.0.0.0, Culture=neutral, PublicKeyToken=b03f5f7f11d50a3a" className="TestProjectGlib.DateTimeTools_ConvertStringToDateTimeTest, TestProjectGlib, Version=1.0.0.0, Culture=neutral, PublicKeyToken=null" name="HasTimeZoneTest" />
    </UnitTest>
    <UnitTest name="PathInformationTest" storage="c:\gitrepository\csharp\glib\testprojectglib\bin\release\testprojectglib.dll" id="2a867a65-2f84-ff26-c105-0f078d77b06c">
      <Execution id="a366d10d-a0e4-4a60-81c3-cc328f0e489a" />
      <TestMethod codeBase="C:/GITRepository/CSharp/Glib/TestProjectGlib/bin/Release/TestProjectGlib.DLL" adapterTypeName="Microsoft.VisualStudio.TestTools.TestTypes.Unit.UnitTestAdapter, Microsoft.VisualStudio.QualityTools.Tips.UnitTest.Adapter, Version=10.0.0.0, Culture=neutral, PublicKeyToken=b03f5f7f11d50a3a" className="TestProjectGlib.ComponentTest, TestProjectGlib, Version=1.0.0.0, Culture=neutral, PublicKeyToken=null" name="PathInformationTest" />
    </UnitTest>
    <UnitTest name="SetTest" storage="c:\gitrepository\csharp\glib\testprojectglib\bin\release\testprojectglib.dll" id="0cdf7280-5e82-07f4-fdb1-c79a943ab6cc">
      <Execution id="a173d3c7-75d0-41de-a5b1-a4dc805c0df4" />
      <TestMethod codeBase="C:/GITRepository/CSharp/Glib/TestProjectGlib/bin/Release/TestProjectGlib.DLL" adapterTypeName="Microsoft.VisualStudio.TestTools.TestTypes.Unit.UnitTestAdapter, Microsoft.VisualStudio.QualityTools.Tips.UnitTest.Adapter, Version=10.0.0.0, Culture=neutral, PublicKeyToken=b03f5f7f11d50a3a" className="TestProjectGlib.ElementTest, TestProjectGlib, Version=1.0.0.0, Culture=neutral, PublicKeyToken=null" name="SetTest" />
    </UnitTest>
    <UnitTest name="IsEmptyTest" storage="c:\gitrepository\csharp\glib\testprojectglib\bin\release\testprojectglib.dll" id="9f643d03-eca7-fde2-febf-2dd1e28d5212">
      <Execution id="4e748012-9780-4857-9f99-febd65b121f7" />
      <TestMethod codeBase="C:/GITRepository/CSharp/Glib/TestProjectGlib/bin/Release/TestProjectGlib.DLL" adapterTypeName="Microsoft.VisualStudio.TestTools.TestTypes.Unit.UnitTestAdapter, Microsoft.VisualStudio.QualityTools.Tips.UnitTest.Adapter, Version=10.0.0.0, Culture=neutral, PublicKeyToken=b03f5f7f11d50a3a" className="TestProjectGlib.ContentTest, TestProjectGlib, Version=1.0.0.0, Culture=neutral, PublicKeyToken=null" name="IsEmptyTest" />
    </UnitTest>
    <UnitTest name="AsStringRawTest" storage="c:\gitrepository\csharp\glib\testprojectglib\bin\release\testprojectglib.dll" id="933ff4bd-cc87-c307-b5a0-478099606f0a">
      <Execution id="60f1922d-172a-44ab-99e4-6b52b03af3a2" />
      <TestMethod codeBase="C:/GITRepository/CSharp/Glib/TestProjectGlib/bin/Release/TestProjectGlib.DLL" adapterTypeName="Microsoft.VisualStudio.TestTools.TestTypes.Unit.UnitTestAdapter, Microsoft.VisualStudio.QualityTools.Tips.UnitTest.Adapter, Version=10.0.0.0, Culture=neutral, PublicKeyToken=b03f5f7f11d50a3a" className="TestProjectGlib.FieldTest, TestProjectGlib, Version=1.0.0.0, Culture=neutral, PublicKeyToken=null" name="AsStringRawTest" />
    </UnitTest>
    <UnitTest name="AsStringRawTest" storage="c:\gitrepository\csharp\glib\testprojectglib\bin\release\testprojectglib.dll" id="d58d6679-95d9-8945-1be6-c76566ab3d36">
      <Execution id="28b77b0d-9998-4281-8a37-2a4c84e6fd28" />
      <TestMethod codeBase="C:/GITRepository/CSharp/Glib/TestProjectGlib/bin/Release/TestProjectGlib.DLL" adapterTypeName="Microsoft.VisualStudio.TestTools.TestTypes.Unit.UnitTestAdapter, Microsoft.VisualStudio.QualityTools.Tips.UnitTest.Adapter, Version=10.0.0.0, Culture=neutral, PublicKeyToken=b03f5f7f11d50a3a" className="TestProjectGlib.MessageTest, TestProjectGlib, Version=1.0.0.0, Culture=neutral, PublicKeyToken=null" name="AsStringRawTest" />
    </UnitTest>
    <UnitTest name="AsStringTest" storage="c:\gitrepository\csharp\glib\testprojectglib\bin\release\testprojectglib.dll" id="61d915a8-86d1-e168-b602-35ae0b47f9fd">
      <Execution id="a35e5b80-c29c-4a6b-a315-773d64c41787" />
      <TestMethod codeBase="C:/GITRepository/CSharp/Glib/TestProjectGlib/bin/Release/TestProjectGlib.DLL" adapterTypeName="Microsoft.VisualStudio.TestTools.TestTypes.Unit.UnitTestAdapter, Microsoft.VisualStudio.QualityTools.Tips.UnitTest.Adapter, Version=10.0.0.0, Culture=neutral, PublicKeyToken=b03f5f7f11d50a3a" className="TestProjectGlib.SegmentTest, TestProjectGlib, Version=1.0.0.0, Culture=neutral, PublicKeyToken=null" name="AsStringTest" />
    </UnitTest>
    <UnitTest name="PathInformationTest" storage="c:\gitrepository\csharp\glib\testprojectglib\bin\release\testprojectglib.dll" id="64ae8d55-89fb-da08-2317-c83fb43485a3">
      <Execution id="efbf9fa8-bdf2-467e-a003-2682fa09c457" />
      <TestMethod codeBase="C:/GITRepository/CSharp/Glib/TestProjectGlib/bin/Release/TestProjectGlib.DLL" adapterTypeName="Microsoft.VisualStudio.TestTools.TestTypes.Unit.UnitTestAdapter, Microsoft.VisualStudio.QualityTools.Tips.UnitTest.Adapter, Version=10.0.0.0, Culture=neutral, PublicKeyToken=b03f5f7f11d50a3a" className="TestProjectGlib.MessageTest, TestProjectGlib, Version=1.0.0.0, Culture=neutral, PublicKeyToken=null" name="PathInformationTest" />
    </UnitTest>
    <UnitTest name="EncoderTest" storage="c:\gitrepository\csharp\glib\testprojectglib\bin\release\testprojectglib.dll" id="862b0f23-3edd-c5ed-5811-6f4626fd9e20">
      <Execution id="6a7edec5-f36c-4ca3-82dc-6c7d8263602f" />
      <TestMethod codeBase="C:/GITRepository/CSharp/Glib/TestProjectGlib/bin/Release/TestProjectGlib.DLL" adapterTypeName="Microsoft.VisualStudio.TestTools.TestTypes.Unit.UnitTestAdapter, Microsoft.VisualStudio.QualityTools.Tips.UnitTest.Adapter, Version=10.0.0.0, Culture=neutral, PublicKeyToken=b03f5f7f11d50a3a" className="TestProjectGlib.Base64Test, TestProjectGlib, Version=1.0.0.0, Culture=neutral, PublicKeyToken=null" name="EncoderTest" />
    </UnitTest>
    <UnitTest name="MessageTypeTest" storage="c:\gitrepository\csharp\glib\testprojectglib\bin\release\testprojectglib.dll" id="53c8ecc0-4679-34d3-58d6-99419f23d04f">
      <Execution id="068d0d3c-fba0-4620-acdf-d7460015a805" />
      <TestMethod codeBase="C:/GITRepository/CSharp/Glib/TestProjectGlib/bin/Release/TestProjectGlib.DLL" adapterTypeName="Microsoft.VisualStudio.TestTools.TestTypes.Unit.UnitTestAdapter, Microsoft.VisualStudio.QualityTools.Tips.UnitTest.Adapter, Version=10.0.0.0, Culture=neutral, PublicKeyToken=b03f5f7f11d50a3a" className="TestProjectGlib.MessageTest, TestProjectGlib, Version=1.0.0.0, Culture=neutral, PublicKeyToken=null" name="MessageTypeTest" />
    </UnitTest>
    <UnitTest name="CloneTest" storage="c:\gitrepository\csharp\glib\testprojectglib\bin\release\testprojectglib.dll" id="e8a9c1dd-fe2a-d66f-0ece-afcfcd0ad31d">
      <Execution id="34c52bd0-19e5-4dee-9191-4a72c03c47d2" />
      <TestMethod codeBase="C:/GITRepository/CSharp/Glib/TestProjectGlib/bin/Release/TestProjectGlib.DLL" adapterTypeName="Microsoft.VisualStudio.TestTools.TestTypes.Unit.UnitTestAdapter, Microsoft.VisualStudio.QualityTools.Tips.UnitTest.Adapter, Version=10.0.0.0, Culture=neutral, PublicKeyToken=b03f5f7f11d50a3a" className="TestProjectGlib.ElementTest, TestProjectGlib, Version=1.0.0.0, Culture=neutral, PublicKeyToken=null" name="CloneTest" />
    </UnitTest>
    <UnitTest name="ToStringTest" storage="c:\gitrepository\csharp\glib\testprojectglib\bin\release\testprojectglib.dll" id="17497b23-4960-3393-33db-4d37a55c9a6f">
      <Execution id="92921256-8b2a-4f39-8481-2562b1a13836" />
      <TestMethod codeBase="C:/GITRepository/CSharp/Glib/TestProjectGlib/bin/Release/TestProjectGlib.DLL" adapterTypeName="Microsoft.VisualStudio.TestTools.TestTypes.Unit.UnitTestAdapter, Microsoft.VisualStudio.QualityTools.Tips.UnitTest.Adapter, Version=10.0.0.0, Culture=neutral, PublicKeyToken=b03f5f7f11d50a3a" className="TestProjectGlib.FieldTest, TestProjectGlib, Version=1.0.0.0, Culture=neutral, PublicKeyToken=null" name="ToStringTest" />
    </UnitTest>
    <UnitTest name="MessageConstructorTest3" storage="c:\gitrepository\csharp\glib\testprojectglib\bin\release\testprojectglib.dll" id="6604cd26-de27-ebd9-cd59-d7c8c3f48c0d">
      <Execution id="d373b774-0937-461a-b90a-148460647853" />
      <TestMethod codeBase="C:/GITRepository/CSharp/Glib/TestProjectGlib/bin/Release/TestProjectGlib.DLL" adapterTypeName="Microsoft.VisualStudio.TestTools.TestTypes.Unit.UnitTestAdapter, Microsoft.VisualStudio.QualityTools.Tips.UnitTest.Adapter, Version=10.0.0.0, Culture=neutral, PublicKeyToken=b03f5f7f11d50a3a" className="TestProjectGlib.MessageTest, TestProjectGlib, Version=1.0.0.0, Culture=neutral, PublicKeyToken=null" name="MessageConstructorTest3" />
    </UnitTest>
    <UnitTest name="AddTest2" storage="c:\gitrepository\csharp\glib\testprojectglib\bin\release\testprojectglib.dll" id="ad159295-304a-454e-5aef-3d16df864bbe">
      <Execution id="a46ea7bf-a353-4a84-9d27-f30d95a23c2b" />
      <TestMethod codeBase="C:/GITRepository/CSharp/Glib/TestProjectGlib/bin/Release/TestProjectGlib.DLL" adapterTypeName="Microsoft.VisualStudio.TestTools.TestTypes.Unit.UnitTestAdapter, Microsoft.VisualStudio.QualityTools.Tips.UnitTest.Adapter, Version=10.0.0.0, Culture=neutral, PublicKeyToken=b03f5f7f11d50a3a" className="TestProjectGlib.ComponentTest, TestProjectGlib, Version=1.0.0.0, Culture=neutral, PublicKeyToken=null" name="AddTest2" />
    </UnitTest>
    <UnitTest name="IsEmptyTest" storage="c:\gitrepository\csharp\glib\testprojectglib\bin\release\testprojectglib.dll" id="192175a3-4aa5-7081-0062-e07d677a3e35">
      <Execution id="4a98efbf-a4b3-420d-8c40-cd8c0a0c5279" />
      <TestMethod codeBase="C:/GITRepository/CSharp/Glib/TestProjectGlib/bin/Release/TestProjectGlib.DLL" adapterTypeName="Microsoft.VisualStudio.TestTools.TestTypes.Unit.UnitTestAdapter, Microsoft.VisualStudio.QualityTools.Tips.UnitTest.Adapter, Version=10.0.0.0, Culture=neutral, PublicKeyToken=b03f5f7f11d50a3a" className="TestProjectGlib.SubComponentTest, TestProjectGlib, Version=1.0.0.0, Culture=neutral, PublicKeyToken=null" name="IsEmptyTest" />
    </UnitTest>
    <UnitTest name="SubComponentTest" storage="c:\gitrepository\csharp\glib\testprojectglib\bin\release\testprojectglib.dll" id="8e90f375-4078-3f24-729c-7536506a0810">
      <Execution id="3ebcaa86-8751-4782-a1d6-1fd193874360" />
      <TestMethod codeBase="C:/GITRepository/CSharp/Glib/TestProjectGlib/bin/Release/TestProjectGlib.DLL" adapterTypeName="Microsoft.VisualStudio.TestTools.TestTypes.Unit.UnitTestAdapter, Microsoft.VisualStudio.QualityTools.Tips.UnitTest.Adapter, Version=10.0.0.0, Culture=neutral, PublicKeyToken=b03f5f7f11d50a3a" className="TestProjectGlib.FieldTest, TestProjectGlib, Version=1.0.0.0, Culture=neutral, PublicKeyToken=null" name="SubComponentTest" />
    </UnitTest>
    <UnitTest name="RemoveComponentAtTest" storage="c:\gitrepository\csharp\glib\testprojectglib\bin\release\testprojectglib.dll" id="7df49366-ebf4-87f7-52fd-8b8a65032bba">
      <Execution id="dee20e6a-d9bc-4a81-ae77-9d1246f03d72" />
      <TestMethod codeBase="C:/GITRepository/CSharp/Glib/TestProjectGlib/bin/Release/TestProjectGlib.DLL" adapterTypeName="Microsoft.VisualStudio.TestTools.TestTypes.Unit.UnitTestAdapter, Microsoft.VisualStudio.QualityTools.Tips.UnitTest.Adapter, Version=10.0.0.0, Culture=neutral, PublicKeyToken=b03f5f7f11d50a3a" className="TestProjectGlib.FieldTest, TestProjectGlib, Version=1.0.0.0, Culture=neutral, PublicKeyToken=null" name="RemoveComponentAtTest" />
    </UnitTest>
    <UnitTest name="SetParentTest" storage="c:\gitrepository\csharp\glib\testprojectglib\bin\release\testprojectglib.dll" id="da87d3bf-15d7-dbd7-05de-b003ebc7eb7f">
      <DeploymentItems>
        <DeploymentItem filename="Glib.dll" />
      </DeploymentItems>
      <Execution id="faaa959b-5687-4d62-afb2-686d2bb292dd" />
      <TestMethod codeBase="C:/GITRepository/CSharp/Glib/TestProjectGlib/bin/Release/TestProjectGlib.DLL" adapterTypeName="Microsoft.VisualStudio.TestTools.TestTypes.Unit.UnitTestAdapter, Microsoft.VisualStudio.QualityTools.Tips.UnitTest.Adapter, Version=10.0.0.0, Culture=neutral, PublicKeyToken=b03f5f7f11d50a3a" className="TestProjectGlib.ContentTest, TestProjectGlib, Version=1.0.0.0, Culture=neutral, PublicKeyToken=null" name="SetParentTest" />
    </UnitTest>
    <UnitTest name="SegmentCountTest" storage="c:\gitrepository\csharp\glib\testprojectglib\bin\release\testprojectglib.dll" id="90fc6482-05af-7f6e-6cb8-840ab35eea4f">
      <Execution id="fe890268-3a3f-4f50-a35a-f3bfc72c8a4e" />
      <TestMethod codeBase="C:/GITRepository/CSharp/Glib/TestProjectGlib/bin/Release/TestProjectGlib.DLL" adapterTypeName="Microsoft.VisualStudio.TestTools.TestTypes.Unit.UnitTestAdapter, Microsoft.VisualStudio.QualityTools.Tips.UnitTest.Adapter, Version=10.0.0.0, Culture=neutral, PublicKeyToken=b03f5f7f11d50a3a" className="TestProjectGlib.MessageTest, TestProjectGlib, Version=1.0.0.0, Culture=neutral, PublicKeyToken=null" name="SegmentCountTest" />
    </UnitTest>
    <UnitTest name="HasMillisecondsTest" storage="c:\gitrepository\csharp\glib\testprojectglib\bin\release\testprojectglib.dll" id="212330fe-5b56-bbfa-0098-97f0e426596f">
      <DeploymentItems>
        <DeploymentItem filename="Glib.dll" />
      </DeploymentItems>
      <Execution id="78a010e3-781a-49e5-84c1-c58d21d09c28" />
      <TestMethod codeBase="C:/GITRepository/CSharp/Glib/TestProjectGlib/bin/Release/TestProjectGlib.DLL" adapterTypeName="Microsoft.VisualStudio.TestTools.TestTypes.Unit.UnitTestAdapter, Microsoft.VisualStudio.QualityTools.Tips.UnitTest.Adapter, Version=10.0.0.0, Culture=neutral, PublicKeyToken=b03f5f7f11d50a3a" className="TestProjectGlib.DateTimeTools_ConvertStringToDateTimeTest, TestProjectGlib, Version=1.0.0.0, Culture=neutral, PublicKeyToken=null" name="HasMillisecondsTest" />
    </UnitTest>
    <UnitTest name="Hl7ReaderConstructorTest" storage="c:\gitrepository\csharp\glib\testprojectglib\bin\release\testprojectglib.dll" id="269cef3c-947d-dfb3-193c-843405e60363">
      <Execution id="0120a31c-a222-4730-9124-6703cdf2f29b" />
      <TestMethod codeBase="C:/GITRepository/CSharp/Glib/TestProjectGlib/bin/Release/TestProjectGlib.DLL" adapterTypeName="Microsoft.VisualStudio.TestTools.TestTypes.Unit.UnitTestAdapter, Microsoft.VisualStudio.QualityTools.Tips.UnitTest.Adapter, Version=10.0.0.0, Culture=neutral, PublicKeyToken=b03f5f7f11d50a3a" className="TestProjectGlib.Hl7ReaderTest, TestProjectGlib, Version=1.0.0.0, Culture=neutral, PublicKeyToken=null" name="Hl7ReaderConstructorTest" />
    </UnitTest>
    <UnitTest name="RepeatListTest" storage="c:\gitrepository\csharp\glib\testprojectglib\bin\release\testprojectglib.dll" id="001bb5fd-bd12-8ff4-8ade-25ba531a9070">
      <Execution id="31590b59-8a04-4cdd-a1a0-d2b8ca4ea954" />
      <TestMethod codeBase="C:/GITRepository/CSharp/Glib/TestProjectGlib/bin/Release/TestProjectGlib.DLL" adapterTypeName="Microsoft.VisualStudio.TestTools.TestTypes.Unit.UnitTestAdapter, Microsoft.VisualStudio.QualityTools.Tips.UnitTest.Adapter, Version=10.0.0.0, Culture=neutral, PublicKeyToken=b03f5f7f11d50a3a" className="TestProjectGlib.ElementTest, TestProjectGlib, Version=1.0.0.0, Culture=neutral, PublicKeyToken=null" name="RepeatListTest" />
    </UnitTest>
    <UnitTest name="AsDateTimeTest" storage="c:\gitrepository\csharp\glib\testprojectglib\bin\release\testprojectglib.dll" id="468af397-02e2-4a09-a426-2797ac48bb2f">
      <Execution id="987e6dc4-36cf-4010-bcd1-662eaf606c04" />
      <TestMethod codeBase="C:/GITRepository/CSharp/Glib/TestProjectGlib/bin/Release/TestProjectGlib.DLL" adapterTypeName="Microsoft.VisualStudio.TestTools.TestTypes.Unit.UnitTestAdapter, Microsoft.VisualStudio.QualityTools.Tips.UnitTest.Adapter, Version=10.0.0.0, Culture=neutral, PublicKeyToken=b03f5f7f11d50a3a" className="TestProjectGlib.DateTimeTools_ConvertStringToDateTimeTest, TestProjectGlib, Version=1.0.0.0, Culture=neutral, PublicKeyToken=null" name="AsDateTimeTest" />
    </UnitTest>
    <UnitTest name="PathInformationTest" storage="c:\gitrepository\csharp\glib\testprojectglib\bin\release\testprojectglib.dll" id="843d7c55-8e65-7aae-3224-87c8a2ae1608">
      <Execution id="946c8b5c-6086-4fd1-aeca-4bfd23ea05fa" />
      <TestMethod codeBase="C:/GITRepository/CSharp/Glib/TestProjectGlib/bin/Release/TestProjectGlib.DLL" adapterTypeName="Microsoft.VisualStudio.TestTools.TestTypes.Unit.UnitTestAdapter, Microsoft.VisualStudio.QualityTools.Tips.UnitTest.Adapter, Version=10.0.0.0, Culture=neutral, PublicKeyToken=b03f5f7f11d50a3a" className="TestProjectGlib.SegmentTest, TestProjectGlib, Version=1.0.0.0, Culture=neutral, PublicKeyToken=null" name="PathInformationTest" />
    </UnitTest>
    <UnitTest name="AsDateHourMinSecMilliTest" storage="c:\gitrepository\csharp\glib\testprojectglib\bin\release\testprojectglib.dll" id="1e4a7732-fdaf-ca78-bc58-8b24e73cf4bb">
      <Execution id="a4d4d293-1ccb-4d6d-b13e-6789ca2cfa05" />
      <TestMethod codeBase="C:/GITRepository/CSharp/Glib/TestProjectGlib/bin/Release/TestProjectGlib.DLL" adapterTypeName="Microsoft.VisualStudio.TestTools.TestTypes.Unit.UnitTestAdapter, Microsoft.VisualStudio.QualityTools.Tips.UnitTest.Adapter, Version=10.0.0.0, Culture=neutral, PublicKeyToken=b03f5f7f11d50a3a" className="TestProjectGlib.DateTimeTools_ConvertDateTimeToStringTest, TestProjectGlib, Version=1.0.0.0, Culture=neutral, PublicKeyToken=null" name="AsDateHourMinSecMilliTest" />
    </UnitTest>
    <UnitTest name="AsStringRawTest" storage="c:\gitrepository\csharp\glib\testprojectglib\bin\release\testprojectglib.dll" id="1b5d0f4f-cf59-9f88-bb60-e11a0efb23df">
      <Execution id="d09cec17-ff3f-4e26-875e-4d5dd88661d6" />
      <TestMethod codeBase="C:/GITRepository/CSharp/Glib/TestProjectGlib/bin/Release/TestProjectGlib.DLL" adapterTypeName="Microsoft.VisualStudio.TestTools.TestTypes.Unit.UnitTestAdapter, Microsoft.VisualStudio.QualityTools.Tips.UnitTest.Adapter, Version=10.0.0.0, Culture=neutral, PublicKeyToken=b03f5f7f11d50a3a" className="TestProjectGlib.ContentTest, TestProjectGlib, Version=1.0.0.0, Culture=neutral, PublicKeyToken=null" name="AsStringRawTest" />
    </UnitTest>
    <UnitTest name="InsertTest4" storage="c:\gitrepository\csharp\glib\testprojectglib\bin\release\testprojectglib.dll" id="c51767c5-c52e-49a9-7d72-313747797ae2">
      <Execution id="16b9d4d5-8a7f-4880-aab4-a6fca3b293e1" />
      <TestMethod codeBase="C:/GITRepository/CSharp/Glib/TestProjectGlib/bin/Release/TestProjectGlib.DLL" adapterTypeName="Microsoft.VisualStudio.TestTools.TestTypes.Unit.UnitTestAdapter, Microsoft.VisualStudio.QualityTools.Tips.UnitTest.Adapter, Version=10.0.0.0, Culture=neutral, PublicKeyToken=b03f5f7f11d50a3a" className="TestProjectGlib.ElementTest, TestProjectGlib, Version=1.0.0.0, Culture=neutral, PublicKeyToken=null" name="InsertTest4" />
    </UnitTest>
    <UnitTest name="ComponentTest" storage="c:\gitrepository\csharp\glib\testprojectglib\bin\release\testprojectglib.dll" id="9b44630a-8912-c463-35f3-83d7bbb1196d">
      <Execution id="88bc0ef4-88b3-4d3e-88bf-508d94123e2e" />
      <TestMethod codeBase="C:/GITRepository/CSharp/Glib/TestProjectGlib/bin/Release/TestProjectGlib.DLL" adapterTypeName="Microsoft.VisualStudio.TestTools.TestTypes.Unit.UnitTestAdapter, Microsoft.VisualStudio.QualityTools.Tips.UnitTest.Adapter, Version=10.0.0.0, Culture=neutral, PublicKeyToken=b03f5f7f11d50a3a" className="TestProjectGlib.FieldTest, TestProjectGlib, Version=1.0.0.0, Culture=neutral, PublicKeyToken=null" name="ComponentTest" />
    </UnitTest>
    <UnitTest name="InsertTest" storage="c:\gitrepository\csharp\glib\testprojectglib\bin\release\testprojectglib.dll" id="9e897f89-e5b1-083a-7aab-f2a7899996d0">
      <Execution id="beb45c5e-24b4-417f-a446-32bfbc2c4d03" />
      <TestMethod codeBase="C:/GITRepository/CSharp/Glib/TestProjectGlib/bin/Release/TestProjectGlib.DLL" adapterTypeName="Microsoft.VisualStudio.TestTools.TestTypes.Unit.UnitTestAdapter, Microsoft.VisualStudio.QualityTools.Tips.UnitTest.Adapter, Version=10.0.0.0, Culture=neutral, PublicKeyToken=b03f5f7f11d50a3a" className="TestProjectGlib.ComponentTest, TestProjectGlib, Version=1.0.0.0, Culture=neutral, PublicKeyToken=null" name="InsertTest" />
    </UnitTest>
    <UnitTest name="InsertTest2" storage="c:\gitrepository\csharp\glib\testprojectglib\bin\release\testprojectglib.dll" id="bbd49287-fb49-4a64-9bf7-d30f9165605f">
      <Execution id="8b304770-b6f4-4ee0-800d-c3080336ca09" />
      <TestMethod codeBase="C:/GITRepository/CSharp/Glib/TestProjectGlib/bin/Release/TestProjectGlib.DLL" adapterTypeName="Microsoft.VisualStudio.TestTools.TestTypes.Unit.UnitTestAdapter, Microsoft.VisualStudio.QualityTools.Tips.UnitTest.Adapter, Version=10.0.0.0, Culture=neutral, PublicKeyToken=b03f5f7f11d50a3a" className="TestProjectGlib.ElementTest, TestProjectGlib, Version=1.0.0.0, Culture=neutral, PublicKeyToken=null" name="InsertTest2" />
    </UnitTest>
    <UnitTest name="AsDateTest1" storage="c:\gitrepository\csharp\glib\testprojectglib\bin\release\testprojectglib.dll" id="f9673aa5-17be-58f4-0a16-6981b295f410">
      <Execution id="af67afde-6e83-4132-992d-0f28c873cddd" />
      <TestMethod codeBase="C:/GITRepository/CSharp/Glib/TestProjectGlib/bin/Release/TestProjectGlib.DLL" adapterTypeName="Microsoft.VisualStudio.TestTools.TestTypes.Unit.UnitTestAdapter, Microsoft.VisualStudio.QualityTools.Tips.UnitTest.Adapter, Version=10.0.0.0, Culture=neutral, PublicKeyToken=b03f5f7f11d50a3a" className="TestProjectGlib.DateTimeTools_ConvertDateTimeToStringTest, TestProjectGlib, Version=1.0.0.0, Culture=neutral, PublicKeyToken=null" name="AsDateTest1" />
    </UnitTest>
    <UnitTest name="RemoveSubComponentAtTest" storage="c:\gitrepository\csharp\glib\testprojectglib\bin\release\testprojectglib.dll" id="2570004f-0248-04a8-7a2a-26c01f6dac11">
      <Execution id="b0184d9f-d651-416d-a713-4199abe032fa" />
      <TestMethod codeBase="C:/GITRepository/CSharp/Glib/TestProjectGlib/bin/Release/TestProjectGlib.DLL" adapterTypeName="Microsoft.VisualStudio.TestTools.TestTypes.Unit.UnitTestAdapter, Microsoft.VisualStudio.QualityTools.Tips.UnitTest.Adapter, Version=10.0.0.0, Culture=neutral, PublicKeyToken=b03f5f7f11d50a3a" className="TestProjectGlib.ElementTest, TestProjectGlib, Version=1.0.0.0, Culture=neutral, PublicKeyToken=null" name="RemoveSubComponentAtTest" />
    </UnitTest>
    <UnitTest name="ContentConstructorTest8" storage="c:\gitrepository\csharp\glib\testprojectglib\bin\release\testprojectglib.dll" id="6fd1d2c8-d190-f209-580f-f129e9e69025">
      <Execution id="c2dca03e-e2f6-425e-9f38-bdd8db695511" />
      <TestMethod codeBase="C:/GITRepository/CSharp/Glib/TestProjectGlib/bin/Release/TestProjectGlib.DLL" adapterTypeName="Microsoft.VisualStudio.TestTools.TestTypes.Unit.UnitTestAdapter, Microsoft.VisualStudio.QualityTools.Tips.UnitTest.Adapter, Version=10.0.0.0, Culture=neutral, PublicKeyToken=b03f5f7f11d50a3a" className="TestProjectGlib.ContentTest, TestProjectGlib, Version=1.0.0.0, Culture=neutral, PublicKeyToken=null" name="ContentConstructorTest8" />
    </UnitTest>
    <UnitTest name="ContentTest" storage="c:\gitrepository\csharp\glib\testprojectglib\bin\release\testprojectglib.dll" id="0170dd5b-04c0-9d08-ac20-91df6a41bef8">
      <Execution id="e0ef548b-495f-4a0b-a9bc-7f28f0f8b3fe" />
      <TestMethod codeBase="C:/GITRepository/CSharp/Glib/TestProjectGlib/bin/Release/TestProjectGlib.DLL" adapterTypeName="Microsoft.VisualStudio.TestTools.TestTypes.Unit.UnitTestAdapter, Microsoft.VisualStudio.QualityTools.Tips.UnitTest.Adapter, Version=10.0.0.0, Culture=neutral, PublicKeyToken=b03f5f7f11d50a3a" className="TestProjectGlib.ComponentTest, TestProjectGlib, Version=1.0.0.0, Culture=neutral, PublicKeyToken=null" name="ContentTest" />
    </UnitTest>
    <UnitTest name="InsertTest" storage="c:\gitrepository\csharp\glib\testprojectglib\bin\release\testprojectglib.dll" id="94e97998-8db0-2910-eb4b-454814672011">
      <Execution id="53581c1a-5b77-4499-9665-468ac9f56b67" />
      <TestMethod codeBase="C:/GITRepository/CSharp/Glib/TestProjectGlib/bin/Release/TestProjectGlib.DLL" adapterTypeName="Microsoft.VisualStudio.TestTools.TestTypes.Unit.UnitTestAdapter, Microsoft.VisualStudio.QualityTools.Tips.UnitTest.Adapter, Version=10.0.0.0, Culture=neutral, PublicKeyToken=b03f5f7f11d50a3a" className="TestProjectGlib.MessageTest, TestProjectGlib, Version=1.0.0.0, Culture=neutral, PublicKeyToken=null" name="InsertTest" />
    </UnitTest>
    <UnitTest name="RemoveContentAtTest" storage="c:\gitrepository\csharp\glib\testprojectglib\bin\release\testprojectglib.dll" id="24861341-2695-75fe-4d89-7cdc0d472cf5">
      <Execution id="95c3484a-1e70-49f1-b9f8-1362d624b434" />
      <TestMethod codeBase="C:/GITRepository/CSharp/Glib/TestProjectGlib/bin/Release/TestProjectGlib.DLL" adapterTypeName="Microsoft.VisualStudio.TestTools.TestTypes.Unit.UnitTestAdapter, Microsoft.VisualStudio.QualityTools.Tips.UnitTest.Adapter, Version=10.0.0.0, Culture=neutral, PublicKeyToken=b03f5f7f11d50a3a" className="TestProjectGlib.FieldTest, TestProjectGlib, Version=1.0.0.0, Culture=neutral, PublicKeyToken=null" name="RemoveContentAtTest" />
    </UnitTest>
    <UnitTest name="CloneTest" storage="c:\gitrepository\csharp\glib\testprojectglib\bin\release\testprojectglib.dll" id="dc85e865-8853-fe27-7c73-49c537e0422c">
      <Execution id="78fed9e1-9198-4bd9-b469-92e538f4269f" />
      <TestMethod codeBase="C:/GITRepository/CSharp/Glib/TestProjectGlib/bin/Release/TestProjectGlib.DLL" adapterTypeName="Microsoft.VisualStudio.TestTools.TestTypes.Unit.UnitTestAdapter, Microsoft.VisualStudio.QualityTools.Tips.UnitTest.Adapter, Version=10.0.0.0, Culture=neutral, PublicKeyToken=b03f5f7f11d50a3a" className="TestProjectGlib.ComponentTest, TestProjectGlib, Version=1.0.0.0, Culture=neutral, PublicKeyToken=null" name="CloneTest" />
    </UnitTest>
    <UnitTest name="TestFieldCreate" storage="c:\gitrepository\csharp\glib\testprojectglib\bin\release\testprojectglib.dll" id="261a082e-e443-898e-1e84-d8529ce1f285">
      <Execution id="6c272889-6241-4df3-bd48-e3f07cd8ffcf" />
      <TestMethod codeBase="C:/GITRepository/CSharp/Glib/TestProjectGlib/bin/Release/TestProjectGlib.DLL" adapterTypeName="Microsoft.VisualStudio.TestTools.TestTypes.Unit.UnitTestAdapter, Microsoft.VisualStudio.QualityTools.Tips.UnitTest.Adapter, Version=10.0.0.0, Culture=neutral, PublicKeyToken=b03f5f7f11d50a3a" className="TestProjectGlib.UnitTestSegmentModel, TestProjectGlib, Version=1.0.0.0, Culture=neutral, PublicKeyToken=null" name="TestFieldCreate" />
    </UnitTest>
    <UnitTest name="ContentTest" storage="c:\gitrepository\csharp\glib\testprojectglib\bin\release\testprojectglib.dll" id="99a94e07-da92-29b1-0cfc-cd41ab1bc322">
      <Execution id="4d3f8fe1-719b-4c98-9e9e-4a6856092653" />
      <TestMethod codeBase="C:/GITRepository/CSharp/Glib/TestProjectGlib/bin/Release/TestProjectGlib.DLL" adapterTypeName="Microsoft.VisualStudio.TestTools.TestTypes.Unit.UnitTestAdapter, Microsoft.VisualStudio.QualityTools.Tips.UnitTest.Adapter, Version=10.0.0.0, Culture=neutral, PublicKeyToken=b03f5f7f11d50a3a" className="TestProjectGlib.ElementTest, TestProjectGlib, Version=1.0.0.0, Culture=neutral, PublicKeyToken=null" name="ContentTest" />
    </UnitTest>
    <UnitTest name="ElementTest" storage="c:\gitrepository\csharp\glib\testprojectglib\bin\release\testprojectglib.dll" id="309eaed0-406a-b977-2776-25e33edaa131">
      <Execution id="1c7cf4b1-800f-4d6a-aa81-0021471469be" />
      <TestMethod codeBase="C:/GITRepository/CSharp/Glib/TestProjectGlib/bin/Release/TestProjectGlib.DLL" adapterTypeName="Microsoft.VisualStudio.TestTools.TestTypes.Unit.UnitTestAdapter, Microsoft.VisualStudio.QualityTools.Tips.UnitTest.Adapter, Version=10.0.0.0, Culture=neutral, PublicKeyToken=b03f5f7f11d50a3a" className="TestProjectGlib.SegmentTest, TestProjectGlib, Version=1.0.0.0, Culture=neutral, PublicKeyToken=null" name="ElementTest" />
    </UnitTest>
    <UnitTest name="IsEmptyTest" storage="c:\gitrepository\csharp\glib\testprojectglib\bin\release\testprojectglib.dll" id="b31dc6ae-791a-832a-e831-3b3f1ebad399">
      <Execution id="774f3b6d-1ac3-408d-8c83-e0456ce6b931" />
      <TestMethod codeBase="C:/GITRepository/CSharp/Glib/TestProjectGlib/bin/Release/TestProjectGlib.DLL" adapterTypeName="Microsoft.VisualStudio.TestTools.TestTypes.Unit.UnitTestAdapter, Microsoft.VisualStudio.QualityTools.Tips.UnitTest.Adapter, Version=10.0.0.0, Culture=neutral, PublicKeyToken=b03f5f7f11d50a3a" className="TestProjectGlib.FieldTest, TestProjectGlib, Version=1.0.0.0, Culture=neutral, PublicKeyToken=null" name="IsEmptyTest" />
    </UnitTest>
    <UnitTest name="ComponentCountTest" storage="c:\gitrepository\csharp\glib\testprojectglib\bin\release\testprojectglib.dll" id="512ed856-057d-7dd2-875d-975b1041f26a">
      <Execution id="41588908-b7be-4e33-b9eb-cf19332bca71" />
      <TestMethod codeBase="C:/GITRepository/CSharp/Glib/TestProjectGlib/bin/Release/TestProjectGlib.DLL" adapterTypeName="Microsoft.VisualStudio.TestTools.TestTypes.Unit.UnitTestAdapter, Microsoft.VisualStudio.QualityTools.Tips.UnitTest.Adapter, Version=10.0.0.0, Culture=neutral, PublicKeyToken=b03f5f7f11d50a3a" className="TestProjectGlib.ElementTest, TestProjectGlib, Version=1.0.0.0, Culture=neutral, PublicKeyToken=null" name="ComponentCountTest" />
    </UnitTest>
    <UnitTest name="ComponentConstructorTest2" storage="c:\gitrepository\csharp\glib\testprojectglib\bin\release\testprojectglib.dll" id="51a85036-5f64-e861-a6da-8054c6aea340">
      <Execution id="fd063905-b2ed-4c77-9d2e-481b8034e119" />
      <TestMethod codeBase="C:/GITRepository/CSharp/Glib/TestProjectGlib/bin/Release/TestProjectGlib.DLL" adapterTypeName="Microsoft.VisualStudio.TestTools.TestTypes.Unit.UnitTestAdapter, Microsoft.VisualStudio.QualityTools.Tips.UnitTest.Adapter, Version=10.0.0.0, Culture=neutral, PublicKeyToken=b03f5f7f11d50a3a" className="TestProjectGlib.ComponentTest, TestProjectGlib, Version=1.0.0.0, Culture=neutral, PublicKeyToken=null" name="ComponentConstructorTest2" />
    </UnitTest>
    <UnitTest name="RemoveElementAtTest" storage="c:\gitrepository\csharp\glib\testprojectglib\bin\release\testprojectglib.dll" id="23250478-3e21-0f3a-b9d4-b6567e952dab">
      <Execution id="13467dc3-bb6a-4fe1-81f5-d5f2d9df0557" />
      <TestMethod codeBase="C:/GITRepository/CSharp/Glib/TestProjectGlib/bin/Release/TestProjectGlib.DLL" adapterTypeName="Microsoft.VisualStudio.TestTools.TestTypes.Unit.UnitTestAdapter, Microsoft.VisualStudio.QualityTools.Tips.UnitTest.Adapter, Version=10.0.0.0, Culture=neutral, PublicKeyToken=b03f5f7f11d50a3a" className="TestProjectGlib.SegmentTest, TestProjectGlib, Version=1.0.0.0, Culture=neutral, PublicKeyToken=null" name="RemoveElementAtTest" />
    </UnitTest>
    <UnitTest name="RemoveContentAtTest" storage="c:\gitrepository\csharp\glib\testprojectglib\bin\release\testprojectglib.dll" id="90c445ca-3a67-c106-b015-7a4dd4a33253">
      <Execution id="f7effe35-d272-4720-bcff-b2080fa91384" />
      <TestMethod codeBase="C:/GITRepository/CSharp/Glib/TestProjectGlib/bin/Release/TestProjectGlib.DLL" adapterTypeName="Microsoft.VisualStudio.TestTools.TestTypes.Unit.UnitTestAdapter, Microsoft.VisualStudio.QualityTools.Tips.UnitTest.Adapter, Version=10.0.0.0, Culture=neutral, PublicKeyToken=b03f5f7f11d50a3a" className="TestProjectGlib.ComponentTest, TestProjectGlib, Version=1.0.0.0, Culture=neutral, PublicKeyToken=null" name="RemoveContentAtTest" />
    </UnitTest>
    <UnitTest name="FieldConstructorTest3" storage="c:\gitrepository\csharp\glib\testprojectglib\bin\release\testprojectglib.dll" id="34eb1eee-f1b8-52d0-a9a3-aea281cf026e">
      <Execution id="3e6e5137-b4a0-416d-a386-cf7823744516" />
      <TestMethod codeBase="C:/GITRepository/CSharp/Glib/TestProjectGlib/bin/Release/TestProjectGlib.DLL" adapterTypeName="Microsoft.VisualStudio.TestTools.TestTypes.Unit.UnitTestAdapter, Microsoft.VisualStudio.QualityTools.Tips.UnitTest.Adapter, Version=10.0.0.0, Culture=neutral, PublicKeyToken=b03f5f7f11d50a3a" className="TestProjectGlib.FieldTest, TestProjectGlib, Version=1.0.0.0, Culture=neutral, PublicKeyToken=null" name="FieldConstructorTest3" />
    </UnitTest>
    <UnitTest name="CloneTest" storage="c:\gitrepository\csharp\glib\testprojectglib\bin\release\testprojectglib.dll" id="4eb15927-cc96-12f1-ee8f-75aacc988893">
      <Execution id="fca2cf72-7e3a-4b15-96e1-8f12bc6d4228" />
      <TestMethod codeBase="C:/GITRepository/CSharp/Glib/TestProjectGlib/bin/Release/TestProjectGlib.DLL" adapterTypeName="Microsoft.VisualStudio.TestTools.TestTypes.Unit.UnitTestAdapter, Microsoft.VisualStudio.QualityTools.Tips.UnitTest.Adapter, Version=10.0.0.0, Culture=neutral, PublicKeyToken=b03f5f7f11d50a3a" className="TestProjectGlib.ContentTest, TestProjectGlib, Version=1.0.0.0, Culture=neutral, PublicKeyToken=null" name="CloneTest" />
    </UnitTest>
    <UnitTest name="ContentConstructorTest7" storage="c:\gitrepository\csharp\glib\testprojectglib\bin\release\testprojectglib.dll" id="ac1170d9-ee22-c6d2-5fe7-5518d2eb9eb0">
      <Execution id="3016e443-ac40-4146-83ea-4965f610a1d0" />
      <TestMethod codeBase="C:/GITRepository/CSharp/Glib/TestProjectGlib/bin/Release/TestProjectGlib.DLL" adapterTypeName="Microsoft.VisualStudio.TestTools.TestTypes.Unit.UnitTestAdapter, Microsoft.VisualStudio.QualityTools.Tips.UnitTest.Adapter, Version=10.0.0.0, Culture=neutral, PublicKeyToken=b03f5f7f11d50a3a" className="TestProjectGlib.ContentTest, TestProjectGlib, Version=1.0.0.0, Culture=neutral, PublicKeyToken=null" name="ContentConstructorTest7" />
    </UnitTest>
    <UnitTest name="RemoveContentAtTest" storage="c:\gitrepository\csharp\glib\testprojectglib\bin\release\testprojectglib.dll" id="105c225f-bca0-0777-9c73-052576e49b9a">
      <Execution id="0b6cc63f-a766-4d43-b2ad-f02fb5c59e1b" />
      <TestMethod codeBase="C:/GITRepository/CSharp/Glib/TestProjectGlib/bin/Release/TestProjectGlib.DLL" adapterTypeName="Microsoft.VisualStudio.TestTools.TestTypes.Unit.UnitTestAdapter, Microsoft.VisualStudio.QualityTools.Tips.UnitTest.Adapter, Version=10.0.0.0, Culture=neutral, PublicKeyToken=b03f5f7f11d50a3a" className="TestProjectGlib.ElementTest, TestProjectGlib, Version=1.0.0.0, Culture=neutral, PublicKeyToken=null" name="RemoveContentAtTest" />
    </UnitTest>
    <UnitTest name="SegmentConstructorTest" storage="c:\gitrepository\csharp\glib\testprojectglib\bin\release\testprojectglib.dll" id="99fb2eb8-119a-1b3b-515d-cfb72e2170e7">
      <Execution id="065cc560-5c20-455b-9426-6fd5d7e6d63b" />
      <TestMethod codeBase="C:/GITRepository/CSharp/Glib/TestProjectGlib/bin/Release/TestProjectGlib.DLL" adapterTypeName="Microsoft.VisualStudio.TestTools.TestTypes.Unit.UnitTestAdapter, Microsoft.VisualStudio.QualityTools.Tips.UnitTest.Adapter, Version=10.0.0.0, Culture=neutral, PublicKeyToken=b03f5f7f11d50a3a" className="TestProjectGlib.SegmentTest, TestProjectGlib, Version=1.0.0.0, Culture=neutral, PublicKeyToken=null" name="SegmentConstructorTest" />
    </UnitTest>
    <UnitTest name="ClearAllTest" storage="c:\gitrepository\csharp\glib\testprojectglib\bin\release\testprojectglib.dll" id="0a9b0755-317a-f636-73cd-b90081365870">
      <Execution id="4661984a-881c-45ef-9772-a97daf7c2944" />
      <TestMethod codeBase="C:/GITRepository/CSharp/Glib/TestProjectGlib/bin/Release/TestProjectGlib.DLL" adapterTypeName="Microsoft.VisualStudio.TestTools.TestTypes.Unit.UnitTestAdapter, Microsoft.VisualStudio.QualityTools.Tips.UnitTest.Adapter, Version=10.0.0.0, Culture=neutral, PublicKeyToken=b03f5f7f11d50a3a" className="TestProjectGlib.FieldTest, TestProjectGlib, Version=1.0.0.0, Culture=neutral, PublicKeyToken=null" name="ClearAllTest" />
    </UnitTest>
    <UnitTest name="ContentListTest" storage="c:\gitrepository\csharp\glib\testprojectglib\bin\release\testprojectglib.dll" id="095f8059-d018-ce3b-36fe-2dc31b1660f3">
      <Execution id="2eb00098-ec43-4880-ae73-93614a76daa8" />
      <TestMethod codeBase="C:/GITRepository/CSharp/Glib/TestProjectGlib/bin/Release/TestProjectGlib.DLL" adapterTypeName="Microsoft.VisualStudio.TestTools.TestTypes.Unit.UnitTestAdapter, Microsoft.VisualStudio.QualityTools.Tips.UnitTest.Adapter, Version=10.0.0.0, Culture=neutral, PublicKeyToken=b03f5f7f11d50a3a" className="TestProjectGlib.SubComponentTest, TestProjectGlib, Version=1.0.0.0, Culture=neutral, PublicKeyToken=null" name="ContentListTest" />
    </UnitTest>
    <UnitTest name="ContentConstructorTest5" storage="c:\gitrepository\csharp\glib\testprojectglib\bin\release\testprojectglib.dll" id="1803beca-ee85-d51c-dbf1-adb3a5dec6db">
      <Execution id="c1147835-ccff-41aa-8166-06546b23467a" />
      <TestMethod codeBase="C:/GITRepository/CSharp/Glib/TestProjectGlib/bin/Release/TestProjectGlib.DLL" adapterTypeName="Microsoft.VisualStudio.TestTools.TestTypes.Unit.UnitTestAdapter, Microsoft.VisualStudio.QualityTools.Tips.UnitTest.Adapter, Version=10.0.0.0, Culture=neutral, PublicKeyToken=b03f5f7f11d50a3a" className="TestProjectGlib.ContentTest, TestProjectGlib, Version=1.0.0.0, Culture=neutral, PublicKeyToken=null" name="ContentConstructorTest5" />
    </UnitTest>
    <UnitTest name="IsHL7NullTest" storage="c:\gitrepository\csharp\glib\testprojectglib\bin\release\testprojectglib.dll" id="3416ae86-369a-e987-beb4-e4c5f5e8275f">
      <Execution id="c33c0590-018c-4bf3-ad0f-28a8025b524b" />
      <TestMethod codeBase="C:/GITRepository/CSharp/Glib/TestProjectGlib/bin/Release/TestProjectGlib.DLL" adapterTypeName="Microsoft.VisualStudio.TestTools.TestTypes.Unit.UnitTestAdapter, Microsoft.VisualStudio.QualityTools.Tips.UnitTest.Adapter, Version=10.0.0.0, Culture=neutral, PublicKeyToken=b03f5f7f11d50a3a" className="TestProjectGlib.ElementTest, TestProjectGlib, Version=1.0.0.0, Culture=neutral, PublicKeyToken=null" name="IsHL7NullTest" />
    </UnitTest>
    <UnitTest name="FieldCountTest" storage="c:\gitrepository\csharp\glib\testprojectglib\bin\release\testprojectglib.dll" id="022ebc19-0254-f9d2-e8a4-73c912b322ed">
      <Execution id="038f6fca-565c-4c9d-a273-4f8e2afcfb47" />
      <TestMethod codeBase="C:/GITRepository/CSharp/Glib/TestProjectGlib/bin/Release/TestProjectGlib.DLL" adapterTypeName="Microsoft.VisualStudio.TestTools.TestTypes.Unit.UnitTestAdapter, Microsoft.VisualStudio.QualityTools.Tips.UnitTest.Adapter, Version=10.0.0.0, Culture=neutral, PublicKeyToken=b03f5f7f11d50a3a" className="TestProjectGlib.SegmentTest, TestProjectGlib, Version=1.0.0.0, Culture=neutral, PublicKeyToken=null" name="FieldCountTest" />
    </UnitTest>
    <UnitTest name="SetDataToMainSeparatorTest" storage="c:\gitrepository\csharp\glib\testprojectglib\bin\release\testprojectglib.dll" id="bd9786b6-f822-f559-5bc7-082e785537a3">
      <DeploymentItems>
        <DeploymentItem filename="Glib.dll" />
      </DeploymentItems>
      <Execution id="fd47b403-3307-44d9-be0d-d37038e77c58" />
      <TestMethod codeBase="C:/GITRepository/CSharp/Glib/TestProjectGlib/bin/Release/TestProjectGlib.DLL" adapterTypeName="Microsoft.VisualStudio.TestTools.TestTypes.Unit.UnitTestAdapter, Microsoft.VisualStudio.QualityTools.Tips.UnitTest.Adapter, Version=10.0.0.0, Culture=neutral, PublicKeyToken=b03f5f7f11d50a3a" className="TestProjectGlib.ContentTest, TestProjectGlib, Version=1.0.0.0, Culture=neutral, PublicKeyToken=null" name="SetDataToMainSeparatorTest" />
    </UnitTest>
    <UnitTest name="ContentTypeTest" storage="c:\gitrepository\csharp\glib\testprojectglib\bin\release\testprojectglib.dll" id="02b5da4e-d67b-a975-6ad6-f481bea30ade">
      <Execution id="1ce3fc7a-76d8-4e36-bde4-a1200f1bf048" />
      <TestMethod codeBase="C:/GITRepository/CSharp/Glib/TestProjectGlib/bin/Release/TestProjectGlib.DLL" adapterTypeName="Microsoft.VisualStudio.TestTools.TestTypes.Unit.UnitTestAdapter, Microsoft.VisualStudio.QualityTools.Tips.UnitTest.Adapter, Version=10.0.0.0, Culture=neutral, PublicKeyToken=b03f5f7f11d50a3a" className="TestProjectGlib.ContentTest, TestProjectGlib, Version=1.0.0.0, Culture=neutral, PublicKeyToken=null" name="ContentTypeTest" />
    </UnitTest>
    <UnitTest name="TestSubComponentCreate" storage="c:\gitrepository\csharp\glib\testprojectglib\bin\release\testprojectglib.dll" id="012d2315-4e42-4667-a443-62fef4ef445f">
      <Execution id="fe8649c5-15d2-4ef8-b27b-c4b9f76942f8" />
      <TestMethod codeBase="C:/GITRepository/CSharp/Glib/TestProjectGlib/bin/Release/TestProjectGlib.DLL" adapterTypeName="Microsoft.VisualStudio.TestTools.TestTypes.Unit.UnitTestAdapter, Microsoft.VisualStudio.QualityTools.Tips.UnitTest.Adapter, Version=10.0.0.0, Culture=neutral, PublicKeyToken=b03f5f7f11d50a3a" className="TestProjectGlib.UnitTestSubComponentModel, TestProjectGlib, Version=1.0.0.0, Culture=neutral, PublicKeyToken=null" name="TestSubComponentCreate" />
    </UnitTest>
    <UnitTest name="AsStringRawTest" storage="c:\gitrepository\csharp\glib\testprojectglib\bin\release\testprojectglib.dll" id="0844c158-a09b-d477-298d-b8878e5ac24c">
      <Execution id="990e4f92-8a8f-4e5b-aa27-6e4fa3f753d8" />
      <TestMethod codeBase="C:/GITRepository/CSharp/Glib/TestProjectGlib/bin/Release/TestProjectGlib.DLL" adapterTypeName="Microsoft.VisualStudio.TestTools.TestTypes.Unit.UnitTestAdapter, Microsoft.VisualStudio.QualityTools.Tips.UnitTest.Adapter, Version=10.0.0.0, Culture=neutral, PublicKeyToken=b03f5f7f11d50a3a" className="TestProjectGlib.SegmentTest, TestProjectGlib, Version=1.0.0.0, Culture=neutral, PublicKeyToken=null" name="AsStringRawTest" />
    </UnitTest>
    <UnitTest name="ComponentConstructorTest" storage="c:\gitrepository\csharp\glib\testprojectglib\bin\release\testprojectglib.dll" id="369bfc87-6600-6ec7-a8e2-f11d970fc6f9">
      <Execution id="75c84833-c9d9-4d47-8a29-7c56812af520" />
      <TestMethod codeBase="C:/GITRepository/CSharp/Glib/TestProjectGlib/bin/Release/TestProjectGlib.DLL" adapterTypeName="Microsoft.VisualStudio.TestTools.TestTypes.Unit.UnitTestAdapter, Microsoft.VisualStudio.QualityTools.Tips.UnitTest.Adapter, Version=10.0.0.0, Culture=neutral, PublicKeyToken=b03f5f7f11d50a3a" className="TestProjectGlib.ComponentTest, TestProjectGlib, Version=1.0.0.0, Culture=neutral, PublicKeyToken=null" name="ComponentConstructorTest" />
    </UnitTest>
    <UnitTest name="AsStringTest" storage="c:\gitrepository\csharp\glib\testprojectglib\bin\release\testprojectglib.dll" id="33cb0d51-1036-f8e4-de2e-0a4394912383">
      <Execution id="1f493d35-9db6-429f-9eb9-f136aa4b8643" />
      <TestMethod codeBase="C:/GITRepository/CSharp/Glib/TestProjectGlib/bin/Release/TestProjectGlib.DLL" adapterTypeName="Microsoft.VisualStudio.TestTools.TestTypes.Unit.UnitTestAdapter, Microsoft.VisualStudio.QualityTools.Tips.UnitTest.Adapter, Version=10.0.0.0, Culture=neutral, PublicKeyToken=b03f5f7f11d50a3a" className="TestProjectGlib.ComponentTest, TestProjectGlib, Version=1.0.0.0, Culture=neutral, PublicKeyToken=null" name="AsStringTest" />
    </UnitTest>
    <UnitTest name="GenerateAcknowledgementMessageTest" storage="c:\gitrepository\csharp\glib\testprojectglib\bin\release\testprojectglib.dll" id="a2c198f3-307a-8289-8d73-7794fd4a6088">
      <Execution id="dd98427c-d6c3-4c42-b9f9-d4c3626355ad" />
      <TestMethod codeBase="C:/GITRepository/CSharp/Glib/TestProjectGlib/bin/Release/TestProjectGlib.DLL" adapterTypeName="Microsoft.VisualStudio.TestTools.TestTypes.Unit.UnitTestAdapter, Microsoft.VisualStudio.QualityTools.Tips.UnitTest.Adapter, Version=10.0.0.0, Culture=neutral, PublicKeyToken=b03f5f7f11d50a3a" className="TestProjectGlib.AcknowledgementTest, TestProjectGlib, Version=1.0.0.0, Culture=neutral, PublicKeyToken=null" name="GenerateAcknowledgementMessageTest" />
    </UnitTest>
    <UnitTest name="AddTest1" storage="c:\gitrepository\csharp\glib\testprojectglib\bin\release\testprojectglib.dll" id="98803a2e-254a-4fbf-7c68-310af6a69d36">
      <Execution id="a01316a1-e3f1-4e47-882c-4153f9212d89" />
      <TestMethod codeBase="C:/GITRepository/CSharp/Glib/TestProjectGlib/bin/Release/TestProjectGlib.DLL" adapterTypeName="Microsoft.VisualStudio.TestTools.TestTypes.Unit.UnitTestAdapter, Microsoft.VisualStudio.QualityTools.Tips.UnitTest.Adapter, Version=10.0.0.0, Culture=neutral, PublicKeyToken=b03f5f7f11d50a3a" className="TestProjectGlib.ElementTest, TestProjectGlib, Version=1.0.0.0, Culture=neutral, PublicKeyToken=null" name="AddTest1" />
    </UnitTest>
    <UnitTest name="SegmentTest" storage="c:\gitrepository\csharp\glib\testprojectglib\bin\release\testprojectglib.dll" id="1713cf26-171e-b64b-87bb-b96ad4328d79">
      <Execution id="9dfba136-3b75-4750-920b-cc9e8f464ba4" />
      <TestMethod codeBase="C:/GITRepository/CSharp/Glib/TestProjectGlib/bin/Release/TestProjectGlib.DLL" adapterTypeName="Microsoft.VisualStudio.TestTools.TestTypes.Unit.UnitTestAdapter, Microsoft.VisualStudio.QualityTools.Tips.UnitTest.Adapter, Version=10.0.0.0, Culture=neutral, PublicKeyToken=b03f5f7f11d50a3a" className="TestProjectGlib.MessageTest, TestProjectGlib, Version=1.0.0.0, Culture=neutral, PublicKeyToken=null" name="SegmentTest" />
    </UnitTest>
    <UnitTest name="MessageTriggerTest" storage="c:\gitrepository\csharp\glib\testprojectglib\bin\release\testprojectglib.dll" id="f1df2fe0-5c6a-90b0-37fe-55420582e959">
      <Execution id="a94a4fb6-10f9-4861-8b82-09d2022ee57d" />
      <TestMethod codeBase="C:/GITRepository/CSharp/Glib/TestProjectGlib/bin/Release/TestProjectGlib.DLL" adapterTypeName="Microsoft.VisualStudio.TestTools.TestTypes.Unit.UnitTestAdapter, Microsoft.VisualStudio.QualityTools.Tips.UnitTest.Adapter, Version=10.0.0.0, Culture=neutral, PublicKeyToken=b03f5f7f11d50a3a" className="TestProjectGlib.MessageTest, TestProjectGlib, Version=1.0.0.0, Culture=neutral, PublicKeyToken=null" name="MessageTriggerTest" />
    </UnitTest>
    <UnitTest name="ComponentTest" storage="c:\gitrepository\csharp\glib\testprojectglib\bin\release\testprojectglib.dll" id="b82abed2-8497-66f2-9689-0f76ed9fe9ad">
      <Execution id="e71444f3-dcba-49b4-842b-8687f1689bbc" />
      <TestMethod codeBase="C:/GITRepository/CSharp/Glib/TestProjectGlib/bin/Release/TestProjectGlib.DLL" adapterTypeName="Microsoft.VisualStudio.TestTools.TestTypes.Unit.UnitTestAdapter, Microsoft.VisualStudio.QualityTools.Tips.UnitTest.Adapter, Version=10.0.0.0, Culture=neutral, PublicKeyToken=b03f5f7f11d50a3a" className="TestProjectGlib.ElementTest, TestProjectGlib, Version=1.0.0.0, Culture=neutral, PublicKeyToken=null" name="ComponentTest" />
    </UnitTest>
    <UnitTest name="CloneTest" storage="c:\gitrepository\csharp\glib\testprojectglib\bin\release\testprojectglib.dll" id="cac55db5-0541-9758-c4e8-160b2f4dc3df">
      <Execution id="1bd8bbf0-a964-41e6-81e8-6699a016d5a2" />
      <TestMethod codeBase="C:/GITRepository/CSharp/Glib/TestProjectGlib/bin/Release/TestProjectGlib.DLL" adapterTypeName="Microsoft.VisualStudio.TestTools.TestTypes.Unit.UnitTestAdapter, Microsoft.VisualStudio.QualityTools.Tips.UnitTest.Adapter, Version=10.0.0.0, Culture=neutral, PublicKeyToken=b03f5f7f11d50a3a" className="TestProjectGlib.FieldTest, TestProjectGlib, Version=1.0.0.0, Culture=neutral, PublicKeyToken=null" name="CloneTest" />
    </UnitTest>
    <UnitTest name="AsDateHourMinSecTest" storage="c:\gitrepository\csharp\glib\testprojectglib\bin\release\testprojectglib.dll" id="b81e40bb-9e67-676f-d4eb-65f20abf3117">
      <Execution id="099bed15-b1d0-4a3b-b946-f7cbc6710f11" />
      <TestMethod codeBase="C:/GITRepository/CSharp/Glib/TestProjectGlib/bin/Release/TestProjectGlib.DLL" adapterTypeName="Microsoft.VisualStudio.TestTools.TestTypes.Unit.UnitTestAdapter, Microsoft.VisualStudio.QualityTools.Tips.UnitTest.Adapter, Version=10.0.0.0, Culture=neutral, PublicKeyToken=b03f5f7f11d50a3a" className="TestProjectGlib.DateTimeTools_ConvertDateTimeToStringTest, TestProjectGlib, Version=1.0.0.0, Culture=neutral, PublicKeyToken=null" name="AsDateHourMinSecTest" />
    </UnitTest>
    <UnitTest name="EscapeMetaDataTest" storage="c:\gitrepository\csharp\glib\testprojectglib\bin\release\testprojectglib.dll" id="dfaed784-63c9-cf05-792e-44fe6e04bf66">
      <Execution id="78b20484-3f97-4713-81d3-fb02f0dfcc04" />
      <TestMethod codeBase="C:/GITRepository/CSharp/Glib/TestProjectGlib/bin/Release/TestProjectGlib.DLL" adapterTypeName="Microsoft.VisualStudio.TestTools.TestTypes.Unit.UnitTestAdapter, Microsoft.VisualStudio.QualityTools.Tips.UnitTest.Adapter, Version=10.0.0.0, Culture=neutral, PublicKeyToken=b03f5f7f11d50a3a" className="TestProjectGlib.ContentTest, TestProjectGlib, Version=1.0.0.0, Culture=neutral, PublicKeyToken=null" name="EscapeMetaDataTest" />
    </UnitTest>
    <UnitTest name="ContentCountTest" storage="c:\gitrepository\csharp\glib\testprojectglib\bin\release\testprojectglib.dll" id="99583b5b-0b22-162b-1710-cae4f7ff2a39">
      <Execution id="87dd264d-2cbc-4ed0-b79a-76b1a21edb9e" />
      <TestMethod codeBase="C:/GITRepository/CSharp/Glib/TestProjectGlib/bin/Release/TestProjectGlib.DLL" adapterTypeName="Microsoft.VisualStudio.TestTools.TestTypes.Unit.UnitTestAdapter, Microsoft.VisualStudio.QualityTools.Tips.UnitTest.Adapter, Version=10.0.0.0, Culture=neutral, PublicKeyToken=b03f5f7f11d50a3a" className="TestProjectGlib.ComponentTest, TestProjectGlib, Version=1.0.0.0, Culture=neutral, PublicKeyToken=null" name="ContentCountTest" />
    </UnitTest>
    <UnitTest name="AddTest3" storage="c:\gitrepository\csharp\glib\testprojectglib\bin\release\testprojectglib.dll" id="d92a17ba-b5eb-0abe-fd70-fe9e6a1fccfe">
      <Execution id="55fdee89-cbca-4465-9513-4c327249972e" />
      <TestMethod codeBase="C:/GITRepository/CSharp/Glib/TestProjectGlib/bin/Release/TestProjectGlib.DLL" adapterTypeName="Microsoft.VisualStudio.TestTools.TestTypes.Unit.UnitTestAdapter, Microsoft.VisualStudio.QualityTools.Tips.UnitTest.Adapter, Version=10.0.0.0, Culture=neutral, PublicKeyToken=b03f5f7f11d50a3a" className="TestProjectGlib.ElementTest, TestProjectGlib, Version=1.0.0.0, Culture=neutral, PublicKeyToken=null" name="AddTest3" />
    </UnitTest>
    <UnitTest name="SetTest2" storage="c:\gitrepository\csharp\glib\testprojectglib\bin\release\testprojectglib.dll" id="ed192237-e8eb-35fa-5bbe-3b1dc82bb582">
      <Execution id="ea9d2ae1-d334-4af9-8510-585c171d1535" />
      <TestMethod codeBase="C:/GITRepository/CSharp/Glib/TestProjectGlib/bin/Release/TestProjectGlib.DLL" adapterTypeName="Microsoft.VisualStudio.TestTools.TestTypes.Unit.UnitTestAdapter, Microsoft.VisualStudio.QualityTools.Tips.UnitTest.Adapter, Version=10.0.0.0, Culture=neutral, PublicKeyToken=b03f5f7f11d50a3a" className="TestProjectGlib.FieldTest, TestProjectGlib, Version=1.0.0.0, Culture=neutral, PublicKeyToken=null" name="SetTest2" />
    </UnitTest>
    <UnitTest name="AsStringTest" storage="c:\gitrepository\csharp\glib\testprojectglib\bin\release\testprojectglib.dll" id="e3d21004-a1ae-5973-68ec-dbe4f5c7e6a1">
      <Execution id="e3457f95-4186-4cdf-94de-37ab3aeab970" />
      <TestMethod codeBase="C:/GITRepository/CSharp/Glib/TestProjectGlib/bin/Release/TestProjectGlib.DLL" adapterTypeName="Microsoft.VisualStudio.TestTools.TestTypes.Unit.UnitTestAdapter, Microsoft.VisualStudio.QualityTools.Tips.UnitTest.Adapter, Version=10.0.0.0, Culture=neutral, PublicKeyToken=b03f5f7f11d50a3a" className="TestProjectGlib.FieldTest, TestProjectGlib, Version=1.0.0.0, Culture=neutral, PublicKeyToken=null" name="AsStringTest" />
    </UnitTest>
    <UnitTest name="FieldConstructorTest" storage="c:\gitrepository\csharp\glib\testprojectglib\bin\release\testprojectglib.dll" id="b0e55dbe-9627-29d0-e870-40fd186609c0">
      <Execution id="f5160ad9-58b1-4fee-965b-b8a21fc1c9a4" />
      <TestMethod codeBase="C:/GITRepository/CSharp/Glib/TestProjectGlib/bin/Release/TestProjectGlib.DLL" adapterTypeName="Microsoft.VisualStudio.TestTools.TestTypes.Unit.UnitTestAdapter, Microsoft.VisualStudio.QualityTools.Tips.UnitTest.Adapter, Version=10.0.0.0, Culture=neutral, PublicKeyToken=b03f5f7f11d50a3a" className="TestProjectGlib.FieldTest, TestProjectGlib, Version=1.0.0.0, Culture=neutral, PublicKeyToken=null" name="FieldConstructorTest" />
    </UnitTest>
    <UnitTest name="AcknowledgementConstructorTest" storage="c:\gitrepository\csharp\glib\testprojectglib\bin\release\testprojectglib.dll" id="b477f252-4b79-f949-3b9c-3d4c20a0c9c3">
      <Execution id="4ad1f873-cc87-47ff-946d-5d45a2992635" />
      <TestMethod codeBase="C:/GITRepository/CSharp/Glib/TestProjectGlib/bin/Release/TestProjectGlib.DLL" adapterTypeName="Microsoft.VisualStudio.TestTools.TestTypes.Unit.UnitTestAdapter, Microsoft.VisualStudio.QualityTools.Tips.UnitTest.Adapter, Version=10.0.0.0, Culture=neutral, PublicKeyToken=b03f5f7f11d50a3a" className="TestProjectGlib.AcknowledgementTest, TestProjectGlib, Version=1.0.0.0, Culture=neutral, PublicKeyToken=null" name="AcknowledgementConstructorTest" />
    </UnitTest>
    <UnitTest name="SubComponentConstructorTest" storage="c:\gitrepository\csharp\glib\testprojectglib\bin\release\testprojectglib.dll" id="11268daa-86b0-d173-199b-25bae719712c">
      <Execution id="9dbb0bb2-5e20-48fe-b26b-250146a7aca2" />
      <TestMethod codeBase="C:/GITRepository/CSharp/Glib/TestProjectGlib/bin/Release/TestProjectGlib.DLL" adapterTypeName="Microsoft.VisualStudio.TestTools.TestTypes.Unit.UnitTestAdapter, Microsoft.VisualStudio.QualityTools.Tips.UnitTest.Adapter, Version=10.0.0.0, Culture=neutral, PublicKeyToken=b03f5f7f11d50a3a" className="TestProjectGlib.SubComponentTest, TestProjectGlib, Version=1.0.0.0, Culture=neutral, PublicKeyToken=null" name="SubComponentConstructorTest" />
    </UnitTest>
    <UnitTest name="TestFieldCreate" storage="c:\gitrepository\csharp\glib\testprojectglib\bin\release\testprojectglib.dll" id="32b9b9f5-4397-465f-7bd1-b23ce1b18f86">
      <Execution id="6c2855d0-302b-455c-9fed-713e19884b32" />
      <TestMethod codeBase="C:/GITRepository/CSharp/Glib/TestProjectGlib/bin/Release/TestProjectGlib.DLL" adapterTypeName="Microsoft.VisualStudio.TestTools.TestTypes.Unit.UnitTestAdapter, Microsoft.VisualStudio.QualityTools.Tips.UnitTest.Adapter, Version=10.0.0.0, Culture=neutral, PublicKeyToken=b03f5f7f11d50a3a" className="TestProjectGlib.UnitTestFieldModel, TestProjectGlib, Version=1.0.0.0, Culture=neutral, PublicKeyToken=null" name="TestFieldCreate" />
    </UnitTest>
    <UnitTest name="ContentConstructorTest3" storage="c:\gitrepository\csharp\glib\testprojectglib\bin\release\testprojectglib.dll" id="baa8f4d2-af73-81d3-a336-66e853b630ff">
      <Execution id="7f1064c7-aa01-4d20-9f31-904109cc1297" />
      <TestMethod codeBase="C:/GITRepository/CSharp/Glib/TestProjectGlib/bin/Release/TestProjectGlib.DLL" adapterTypeName="Microsoft.VisualStudio.TestTools.TestTypes.Unit.UnitTestAdapter, Microsoft.VisualStudio.QualityTools.Tips.UnitTest.Adapter, Version=10.0.0.0, Culture=neutral, PublicKeyToken=b03f5f7f11d50a3a" className="TestProjectGlib.ContentTest, TestProjectGlib, Version=1.0.0.0, Culture=neutral, PublicKeyToken=null" name="ContentConstructorTest3" />
    </UnitTest>
    <UnitTest name="CloneTest" storage="c:\gitrepository\csharp\glib\testprojectglib\bin\release\testprojectglib.dll" id="39e3a354-d606-9be4-bb97-f5bfd0567f79">
      <Execution id="80e1d2c5-fda5-4b69-b59f-74b0fbaff039" />
      <TestMethod codeBase="C:/GITRepository/CSharp/Glib/TestProjectGlib/bin/Release/TestProjectGlib.DLL" adapterTypeName="Microsoft.VisualStudio.TestTools.TestTypes.Unit.UnitTestAdapter, Microsoft.VisualStudio.QualityTools.Tips.UnitTest.Adapter, Version=10.0.0.0, Culture=neutral, PublicKeyToken=b03f5f7f11d50a3a" className="TestProjectGlib.SubComponentTest, TestProjectGlib, Version=1.0.0.0, Culture=neutral, PublicKeyToken=null" name="CloneTest" />
    </UnitTest>
    <UnitTest name="ToStringTest" storage="c:\gitrepository\csharp\glib\testprojectglib\bin\release\testprojectglib.dll" id="fa92b225-1c80-948f-b651-d33a64ce3cac">
      <Execution id="d9e50836-d017-4a3c-bba6-fb50ad456d08" />
      <TestMethod codeBase="C:/GITRepository/CSharp/Glib/TestProjectGlib/bin/Release/TestProjectGlib.DLL" adapterTypeName="Microsoft.VisualStudio.TestTools.TestTypes.Unit.UnitTestAdapter, Microsoft.VisualStudio.QualityTools.Tips.UnitTest.Adapter, Version=10.0.0.0, Culture=neutral, PublicKeyToken=b03f5f7f11d50a3a" className="TestProjectGlib.ContentTest, TestProjectGlib, Version=1.0.0.0, Culture=neutral, PublicKeyToken=null" name="ToStringTest" />
    </UnitTest>
    <UnitTest name="ClearAllTest" storage="c:\gitrepository\csharp\glib\testprojectglib\bin\release\testprojectglib.dll" id="677ed4aa-24e1-a4f3-e8f4-927a4c81ee11">
      <Execution id="bf871d40-d33b-4265-b76f-a91ef2a2a044" />
      <TestMethod codeBase="C:/GITRepository/CSharp/Glib/TestProjectGlib/bin/Release/TestProjectGlib.DLL" adapterTypeName="Microsoft.VisualStudio.TestTools.TestTypes.Unit.UnitTestAdapter, Microsoft.VisualStudio.QualityTools.Tips.UnitTest.Adapter, Version=10.0.0.0, Culture=neutral, PublicKeyToken=b03f5f7f11d50a3a" className="TestProjectGlib.ContentTest, TestProjectGlib, Version=1.0.0.0, Culture=neutral, PublicKeyToken=null" name="ClearAllTest" />
    </UnitTest>
    <UnitTest name="ContentTest" storage="c:\gitrepository\csharp\glib\testprojectglib\bin\release\testprojectglib.dll" id="04e08b98-bb12-a629-14b1-feb8137e2934">
      <Execution id="a6c8f991-2251-4326-a559-ec6dd026d802" />
      <TestMethod codeBase="C:/GITRepository/CSharp/Glib/TestProjectGlib/bin/Release/TestProjectGlib.DLL" adapterTypeName="Microsoft.VisualStudio.TestTools.TestTypes.Unit.UnitTestAdapter, Microsoft.VisualStudio.QualityTools.Tips.UnitTest.Adapter, Version=10.0.0.0, Culture=neutral, PublicKeyToken=b03f5f7f11d50a3a" className="TestProjectGlib.FieldTest, TestProjectGlib, Version=1.0.0.0, Culture=neutral, PublicKeyToken=null" name="ContentTest" />
    </UnitTest>
    <UnitTest name="ClearAllTest" storage="c:\gitrepository\csharp\glib\testprojectglib\bin\release\testprojectglib.dll" id="f905724f-1c6d-f503-1ea1-99061dc1e8c0">
      <Execution id="c01995a8-27cd-4fc7-b531-d9462e5a26e0" />
      <TestMethod codeBase="C:/GITRepository/CSharp/Glib/TestProjectGlib/bin/Release/TestProjectGlib.DLL" adapterTypeName="Microsoft.VisualStudio.TestTools.TestTypes.Unit.UnitTestAdapter, Microsoft.VisualStudio.QualityTools.Tips.UnitTest.Adapter, Version=10.0.0.0, Culture=neutral, PublicKeyToken=b03f5f7f11d50a3a" className="TestProjectGlib.ComponentTest, TestProjectGlib, Version=1.0.0.0, Culture=neutral, PublicKeyToken=null" name="ClearAllTest" />
    </UnitTest>
    <UnitTest name="SubComponetCountTest" storage="c:\gitrepository\csharp\glib\testprojectglib\bin\release\testprojectglib.dll" id="1e25bf9c-923f-2e54-f059-c3a6192cbb51">
      <Execution id="4e1e2e44-0f81-4f4c-840b-008f68a0ca36" />
      <TestMethod codeBase="C:/GITRepository/CSharp/Glib/TestProjectGlib/bin/Release/TestProjectGlib.DLL" adapterTypeName="Microsoft.VisualStudio.TestTools.TestTypes.Unit.UnitTestAdapter, Microsoft.VisualStudio.QualityTools.Tips.UnitTest.Adapter, Version=10.0.0.0, Culture=neutral, PublicKeyToken=b03f5f7f11d50a3a" className="TestProjectGlib.ElementTest, TestProjectGlib, Version=1.0.0.0, Culture=neutral, PublicKeyToken=null" name="SubComponetCountTest" />
    </UnitTest>
    <UnitTest name="TestSubComponentSettingContent" storage="c:\gitrepository\csharp\glib\testprojectglib\bin\release\testprojectglib.dll" id="bddb2672-714c-c0cc-af8d-4f49c9398348">
      <Execution id="8e7d2775-bfe2-4d40-a65c-bd152981450b" />
      <TestMethod codeBase="C:/GITRepository/CSharp/Glib/TestProjectGlib/bin/Release/TestProjectGlib.DLL" adapterTypeName="Microsoft.VisualStudio.TestTools.TestTypes.Unit.UnitTestAdapter, Microsoft.VisualStudio.QualityTools.Tips.UnitTest.Adapter, Version=10.0.0.0, Culture=neutral, PublicKeyToken=b03f5f7f11d50a3a" className="TestProjectGlib.UnitTestSubComponentModel, TestProjectGlib, Version=1.0.0.0, Culture=neutral, PublicKeyToken=null" name="TestSubComponentSettingContent" />
    </UnitTest>
    <UnitTest name="MessageDelimitersTest" storage="c:\gitrepository\csharp\glib\testprojectglib\bin\release\testprojectglib.dll" id="c9b407e9-f52b-5545-23a8-ac0caf216314">
      <Execution id="ce4852a1-19a3-4dcf-bc40-014372f50254" />
      <TestMethod codeBase="C:/GITRepository/CSharp/Glib/TestProjectGlib/bin/Release/TestProjectGlib.DLL" adapterTypeName="Microsoft.VisualStudio.TestTools.TestTypes.Unit.UnitTestAdapter, Microsoft.VisualStudio.QualityTools.Tips.UnitTest.Adapter, Version=10.0.0.0, Culture=neutral, PublicKeyToken=b03f5f7f11d50a3a" className="TestProjectGlib.MessageTest, TestProjectGlib, Version=1.0.0.0, Culture=neutral, PublicKeyToken=null" name="MessageDelimitersTest" />
    </UnitTest>
    <UnitTest name="SubComponentCountTest" storage="c:\gitrepository\csharp\glib\testprojectglib\bin\release\testprojectglib.dll" id="ab9e9665-3f72-e3ec-cde1-28e4338cc8ba">
      <Execution id="c796237a-b889-4483-a1b6-445024b3aedf" />
      <TestMethod codeBase="C:/GITRepository/CSharp/Glib/TestProjectGlib/bin/Release/TestProjectGlib.DLL" adapterTypeName="Microsoft.VisualStudio.TestTools.TestTypes.Unit.UnitTestAdapter, Microsoft.VisualStudio.QualityTools.Tips.UnitTest.Adapter, Version=10.0.0.0, Culture=neutral, PublicKeyToken=b03f5f7f11d50a3a" className="TestProjectGlib.ComponentTest, TestProjectGlib, Version=1.0.0.0, Culture=neutral, PublicKeyToken=null" name="SubComponentCountTest" />
    </UnitTest>
    <UnitTest name="ToStringTest" storage="c:\gitrepository\csharp\glib\testprojectglib\bin\release\testprojectglib.dll" id="eb7c9f06-98e8-445c-f673-5e23c0368493">
      <Execution id="1390d8b1-a9d1-43c1-84a5-a73cf81183af" />
      <TestMethod codeBase="C:/GITRepository/CSharp/Glib/TestProjectGlib/bin/Release/TestProjectGlib.DLL" adapterTypeName="Microsoft.VisualStudio.TestTools.TestTypes.Unit.UnitTestAdapter, Microsoft.VisualStudio.QualityTools.Tips.UnitTest.Adapter, Version=10.0.0.0, Culture=neutral, PublicKeyToken=b03f5f7f11d50a3a" className="TestProjectGlib.ComponentTest, TestProjectGlib, Version=1.0.0.0, Culture=neutral, PublicKeyToken=null" name="ToStringTest" />
    </UnitTest>
    <UnitTest name="IsHL7NullTest" storage="c:\gitrepository\csharp\glib\testprojectglib\bin\release\testprojectglib.dll" id="420633fa-66a7-beb3-30dc-0c033798d775">
      <Execution id="c0bdb0e9-450b-4ba0-805b-1bcc4584acf5" />
      <TestMethod codeBase="C:/GITRepository/CSharp/Glib/TestProjectGlib/bin/Release/TestProjectGlib.DLL" adapterTypeName="Microsoft.VisualStudio.TestTools.TestTypes.Unit.UnitTestAdapter, Microsoft.VisualStudio.QualityTools.Tips.UnitTest.Adapter, Version=10.0.0.0, Culture=neutral, PublicKeyToken=b03f5f7f11d50a3a" className="TestProjectGlib.ContentTest, TestProjectGlib, Version=1.0.0.0, Culture=neutral, PublicKeyToken=null" name="IsHL7NullTest" />
    </UnitTest>
    <UnitTest name="SubComponentConstructorTest1" storage="c:\gitrepository\csharp\glib\testprojectglib\bin\release\testprojectglib.dll" id="d3943c0f-ce5d-ed19-da04-4c5b640e1ebe">
      <Execution id="b10f772d-b42d-4d59-aaa7-24daed4d39a7" />
      <TestMethod codeBase="C:/GITRepository/CSharp/Glib/TestProjectGlib/bin/Release/TestProjectGlib.DLL" adapterTypeName="Microsoft.VisualStudio.TestTools.TestTypes.Unit.UnitTestAdapter, Microsoft.VisualStudio.QualityTools.Tips.UnitTest.Adapter, Version=10.0.0.0, Culture=neutral, PublicKeyToken=b03f5f7f11d50a3a" className="TestProjectGlib.SubComponentTest, TestProjectGlib, Version=1.0.0.0, Culture=neutral, PublicKeyToken=null" name="SubComponentConstructorTest1" />
    </UnitTest>
    <UnitTest name="RepeatCountTest" storage="c:\gitrepository\csharp\glib\testprojectglib\bin\release\testprojectglib.dll" id="aa7da896-049c-1372-5ace-65c40d863a0b">
      <Execution id="eb296403-ddf3-43bd-8693-1abc779ca659" />
      <TestMethod codeBase="C:/GITRepository/CSharp/Glib/TestProjectGlib/bin/Release/TestProjectGlib.DLL" adapterTypeName="Microsoft.VisualStudio.TestTools.TestTypes.Unit.UnitTestAdapter, Microsoft.VisualStudio.QualityTools.Tips.UnitTest.Adapter, Version=10.0.0.0, Culture=neutral, PublicKeyToken=b03f5f7f11d50a3a" className="TestProjectGlib.ElementTest, TestProjectGlib, Version=1.0.0.0, Culture=neutral, PublicKeyToken=null" name="RepeatCountTest" />
    </UnitTest>
    <UnitTest name="InsertTest3" storage="c:\gitrepository\csharp\glib\testprojectglib\bin\release\testprojectglib.dll" id="a34c32cb-cea3-31c6-43ca-196cb4fdd295">
      <Execution id="adac8d6e-5139-4461-9bb2-4681af5aeef2" />
      <TestMethod codeBase="C:/GITRepository/CSharp/Glib/TestProjectGlib/bin/Release/TestProjectGlib.DLL" adapterTypeName="Microsoft.VisualStudio.TestTools.TestTypes.Unit.UnitTestAdapter, Microsoft.VisualStudio.QualityTools.Tips.UnitTest.Adapter, Version=10.0.0.0, Culture=neutral, PublicKeyToken=b03f5f7f11d50a3a" className="TestProjectGlib.FieldTest, TestProjectGlib, Version=1.0.0.0, Culture=neutral, PublicKeyToken=null" name="InsertTest3" />
    </UnitTest>
    <UnitTest name="ClearAllTest" storage="c:\gitrepository\csharp\glib\testprojectglib\bin\release\testprojectglib.dll" id="c25354f1-91ca-77ad-073d-519f37cb713d">
      <Execution id="02eadf00-d387-4b0a-a3ae-8a49107503f9" />
      <TestMethod codeBase="C:/GITRepository/CSharp/Glib/TestProjectGlib/bin/Release/TestProjectGlib.DLL" adapterTypeName="Microsoft.VisualStudio.TestTools.TestTypes.Unit.UnitTestAdapter, Microsoft.VisualStudio.QualityTools.Tips.UnitTest.Adapter, Version=10.0.0.0, Culture=neutral, PublicKeyToken=b03f5f7f11d50a3a" className="TestProjectGlib.SegmentTest, TestProjectGlib, Version=1.0.0.0, Culture=neutral, PublicKeyToken=null" name="ClearAllTest" />
    </UnitTest>
    <UnitTest name="MessageConstructorTest2" storage="c:\gitrepository\csharp\glib\testprojectglib\bin\release\testprojectglib.dll" id="2b092f7d-5a0b-451d-0f1f-2d05899b85b2">
      <Execution id="277d8bbc-6e4a-4f20-93ed-9aa2fccb619c" />
      <TestMethod codeBase="C:/GITRepository/CSharp/Glib/TestProjectGlib/bin/Release/TestProjectGlib.DLL" adapterTypeName="Microsoft.VisualStudio.TestTools.TestTypes.Unit.UnitTestAdapter, Microsoft.VisualStudio.QualityTools.Tips.UnitTest.Adapter, Version=10.0.0.0, Culture=neutral, PublicKeyToken=b03f5f7f11d50a3a" className="TestProjectGlib.MessageTest, TestProjectGlib, Version=1.0.0.0, Culture=neutral, PublicKeyToken=null" name="MessageConstructorTest2" />
    </UnitTest>
    <UnitTest name="TestMessageCreate" storage="c:\gitrepository\csharp\glib\testprojectglib\bin\release\testprojectglib.dll" id="f772f6d6-23ef-6c93-47fe-814b8ff01373">
      <Execution id="31817639-c0fa-448a-bca3-b141ca3c98af" />
      <TestMethod codeBase="C:/GITRepository/CSharp/Glib/TestProjectGlib/bin/Release/TestProjectGlib.DLL" adapterTypeName="Microsoft.VisualStudio.TestTools.TestTypes.Unit.UnitTestAdapter, Microsoft.VisualStudio.QualityTools.Tips.UnitTest.Adapter, Version=10.0.0.0, Culture=neutral, PublicKeyToken=b03f5f7f11d50a3a" className="TestProjectGlib.UnitTestMessageModel, TestProjectGlib, Version=1.0.0.0, Culture=neutral, PublicKeyToken=null" name="TestMessageCreate" />
    </UnitTest>
    <UnitTest name="RemoveFromParentTest" storage="c:\gitrepository\csharp\glib\testprojectglib\bin\release\testprojectglib.dll" id="9e048108-ae91-740c-482e-fa78e0b8fe8f">
      <DeploymentItems>
        <DeploymentItem filename="Glib.dll" />
      </DeploymentItems>
      <Execution id="94232167-2207-4ce0-8c18-1daab7e980f1" />
      <TestMethod codeBase="C:/GITRepository/CSharp/Glib/TestProjectGlib/bin/Release/TestProjectGlib.DLL" adapterTypeName="Microsoft.VisualStudio.TestTools.TestTypes.Unit.UnitTestAdapter, Microsoft.VisualStudio.QualityTools.Tips.UnitTest.Adapter, Version=10.0.0.0, Culture=neutral, PublicKeyToken=b03f5f7f11d50a3a" className="TestProjectGlib.ContentTest, TestProjectGlib, Version=1.0.0.0, Culture=neutral, PublicKeyToken=null" name="RemoveFromParentTest" />
    </UnitTest>
    <UnitTest name="AddTest1" storage="c:\gitrepository\csharp\glib\testprojectglib\bin\release\testprojectglib.dll" id="676d25eb-96ba-b58d-4ca9-a91acd9cc17d">
      <Execution id="0385906a-ddd5-4723-99b5-8be915343b55" />
      <TestMethod codeBase="C:/GITRepository/CSharp/Glib/TestProjectGlib/bin/Release/TestProjectGlib.DLL" adapterTypeName="Microsoft.VisualStudio.TestTools.TestTypes.Unit.UnitTestAdapter, Microsoft.VisualStudio.QualityTools.Tips.UnitTest.Adapter, Version=10.0.0.0, Culture=neutral, PublicKeyToken=b03f5f7f11d50a3a" className="TestProjectGlib.ComponentTest, TestProjectGlib, Version=1.0.0.0, Culture=neutral, PublicKeyToken=null" name="AddTest1" />
    </UnitTest>
    <UnitTest name="TestComponentCreate" storage="c:\gitrepository\csharp\glib\testprojectglib\bin\release\testprojectglib.dll" id="ca96ed79-94d8-04a6-bf7b-d63d87b091a4">
      <Execution id="49ae30ec-53de-4419-97ae-c916dbc8755b" />
      <TestMethod codeBase="C:/GITRepository/CSharp/Glib/TestProjectGlib/bin/Release/TestProjectGlib.DLL" adapterTypeName="Microsoft.VisualStudio.TestTools.TestTypes.Unit.UnitTestAdapter, Microsoft.VisualStudio.QualityTools.Tips.UnitTest.Adapter, Version=10.0.0.0, Culture=neutral, PublicKeyToken=b03f5f7f11d50a3a" className="TestProjectGlib.UnitTestComponentModel, TestProjectGlib, Version=1.0.0.0, Culture=neutral, PublicKeyToken=null" name="TestComponentCreate" />
    </UnitTest>
    <UnitTest name="ToStringTest" storage="c:\gitrepository\csharp\glib\testprojectglib\bin\release\testprojectglib.dll" id="593a920e-748d-d2c8-1eef-c1a6246e1faf">
      <Execution id="f9d2513c-2b8d-458a-aa30-4d3937bd4578" />
      <TestMethod codeBase="C:/GITRepository/CSharp/Glib/TestProjectGlib/bin/Release/TestProjectGlib.DLL" adapterTypeName="Microsoft.VisualStudio.TestTools.TestTypes.Unit.UnitTestAdapter, Microsoft.VisualStudio.QualityTools.Tips.UnitTest.Adapter, Version=10.0.0.0, Culture=neutral, PublicKeyToken=b03f5f7f11d50a3a" className="TestProjectGlib.SegmentTest, TestProjectGlib, Version=1.0.0.0, Culture=neutral, PublicKeyToken=null" name="ToStringTest" />
    </UnitTest>
    <UnitTest name="ClearAllTest" storage="c:\gitrepository\csharp\glib\testprojectglib\bin\release\testprojectglib.dll" id="401f6d47-bdb0-9eb0-c723-cfb3a63815bf">
      <Execution id="748e275a-eb34-47f4-9c14-95eefa1dbc14" />
      <TestMethod codeBase="C:/GITRepository/CSharp/Glib/TestProjectGlib/bin/Release/TestProjectGlib.DLL" adapterTypeName="Microsoft.VisualStudio.TestTools.TestTypes.Unit.UnitTestAdapter, Microsoft.VisualStudio.QualityTools.Tips.UnitTest.Adapter, Version=10.0.0.0, Culture=neutral, PublicKeyToken=b03f5f7f11d50a3a" className="TestProjectGlib.ElementTest, TestProjectGlib, Version=1.0.0.0, Culture=neutral, PublicKeyToken=null" name="ClearAllTest" />
    </UnitTest>
    <UnitTest name="AddTest3" storage="c:\gitrepository\csharp\glib\testprojectglib\bin\release\testprojectglib.dll" id="df048f7c-7c6b-ca42-8bc4-dbb8d2015065">
      <Execution id="d2d44c7e-73ef-462d-9634-96fe72c25fc6" />
      <TestMethod codeBase="C:/GITRepository/CSharp/Glib/TestProjectGlib/bin/Release/TestProjectGlib.DLL" adapterTypeName="Microsoft.VisualStudio.TestTools.TestTypes.Unit.UnitTestAdapter, Microsoft.VisualStudio.QualityTools.Tips.UnitTest.Adapter, Version=10.0.0.0, Culture=neutral, PublicKeyToken=b03f5f7f11d50a3a" className="TestProjectGlib.FieldTest, TestProjectGlib, Version=1.0.0.0, Culture=neutral, PublicKeyToken=null" name="AddTest3" />
    </UnitTest>
  </TestDefinitions>
  <TestLists>
    <TestList name="Results Not in a List" id="8c84fa94-04c1-424b-9868-57a2d4851a1d" />
    <TestList name="All Loaded Results" id="19431567-8539-422a-85d7-44ee4e166bda" />
  </TestLists>
  <TestEntries>
    <TestEntry testId="99fb2eb8-119a-1b3b-515d-cfb72e2170e7" executionId="065cc560-5c20-455b-9426-6fd5d7e6d63b" testListId="8c84fa94-04c1-424b-9868-57a2d4851a1d" />
    <TestEntry testId="cf0331c5-2fa8-bf12-d782-16ed1b688031" executionId="4d4e1624-edc7-47d1-99f3-c63fa465ed98" testListId="8c84fa94-04c1-424b-9868-57a2d4851a1d" />
    <TestEntry testId="41a40ccb-4f8b-eaf2-a926-d8737431f0a1" executionId="7ac7812c-1a70-473f-8eb9-5eba3ebabec0" testListId="8c84fa94-04c1-424b-9868-57a2d4851a1d" />
    <TestEntry testId="0ea72b90-d965-177f-3b59-b23d18e2180f" executionId="b061cad7-5a5b-4d70-b01a-fd75cdb38833" testListId="8c84fa94-04c1-424b-9868-57a2d4851a1d" />
    <TestEntry testId="c25354f1-91ca-77ad-073d-519f37cb713d" executionId="02eadf00-d387-4b0a-a3ae-8a49107503f9" testListId="8c84fa94-04c1-424b-9868-57a2d4851a1d" />
    <TestEntry testId="c3f602b3-e22c-03e3-9482-4e48793ee541" executionId="1a22f390-bc1e-4d0a-b797-febcb3397262" testListId="8c84fa94-04c1-424b-9868-57a2d4851a1d" />
    <TestEntry testId="309eaed0-406a-b977-2776-25e33edaa131" executionId="1c7cf4b1-800f-4d6a-aa81-0021471469be" testListId="8c84fa94-04c1-424b-9868-57a2d4851a1d" />
    <TestEntry testId="37d7cf32-7d6e-fd8d-c748-95a5f9978a3b" executionId="aea9edfd-765a-4499-8c96-af1a5daa24c4" testListId="8c84fa94-04c1-424b-9868-57a2d4851a1d" />
    <TestEntry testId="b66803f3-d1c3-75df-448f-f4647b60ee70" executionId="1bf7a710-77b0-4c02-97ed-a098be128f8d" testListId="8c84fa94-04c1-424b-9868-57a2d4851a1d" />
    <TestEntry testId="6dbc6246-dac8-b085-dab5-ae377dd35ff4" executionId="21fab31b-9c12-49ec-b054-f7be347ff710" testListId="8c84fa94-04c1-424b-9868-57a2d4851a1d" />
    <TestEntry testId="23250478-3e21-0f3a-b9d4-b6567e952dab" executionId="13467dc3-bb6a-4fe1-81f5-d5f2d9df0557" testListId="8c84fa94-04c1-424b-9868-57a2d4851a1d" />
    <TestEntry testId="62c24a39-3e15-9930-3a10-9e29e5408430" executionId="2cfe1393-b14b-47ac-8c0f-4559b93c3c89" testListId="8c84fa94-04c1-424b-9868-57a2d4851a1d" />
    <TestEntry testId="593a920e-748d-d2c8-1eef-c1a6246e1faf" executionId="f9d2513c-2b8d-458a-aa30-4d3937bd4578" testListId="8c84fa94-04c1-424b-9868-57a2d4851a1d" />
    <TestEntry testId="61d915a8-86d1-e168-b602-35ae0b47f9fd" executionId="a35e5b80-c29c-4a6b-a315-773d64c41787" testListId="8c84fa94-04c1-424b-9868-57a2d4851a1d" />
    <TestEntry testId="0844c158-a09b-d477-298d-b8878e5ac24c" executionId="990e4f92-8a8f-4e5b-aa27-6e4fa3f753d8" testListId="8c84fa94-04c1-424b-9868-57a2d4851a1d" />
    <TestEntry testId="2c490933-23ca-68f4-cbd9-a962f93322ae" executionId="ad882b35-2372-4721-bc10-ff99769bbbf7" testListId="8c84fa94-04c1-424b-9868-57a2d4851a1d" />
    <TestEntry testId="ec189549-039f-45e1-76a6-e98207878bbb" executionId="418f99db-f735-43ad-a056-1c2d45e42f3c" testListId="8c84fa94-04c1-424b-9868-57a2d4851a1d" />
    <TestEntry testId="a377d093-f83b-e7bd-a0ac-c17a19edb172" executionId="689ea702-aa11-4325-af31-f7c7c83ef179" testListId="8c84fa94-04c1-424b-9868-57a2d4851a1d" />
    <TestEntry testId="022ebc19-0254-f9d2-e8a4-73c912b322ed" executionId="038f6fca-565c-4c9d-a273-4f8e2afcfb47" testListId="8c84fa94-04c1-424b-9868-57a2d4851a1d" />
    <TestEntry testId="cf4312db-1cfd-c36c-6be2-11038648e5ab" executionId="7bfd23f8-cfb4-4a5e-bcb6-af0e0b8936a3" testListId="8c84fa94-04c1-424b-9868-57a2d4851a1d" />
    <TestEntry testId="843d7c55-8e65-7aae-3224-87c8a2ae1608" executionId="946c8b5c-6086-4fd1-aeca-4bfd23ea05fa" testListId="8c84fa94-04c1-424b-9868-57a2d4851a1d" />
    <TestEntry testId="369bfc87-6600-6ec7-a8e2-f11d970fc6f9" executionId="75c84833-c9d9-4d47-8a29-7c56812af520" testListId="8c84fa94-04c1-424b-9868-57a2d4851a1d" />
    <TestEntry testId="a6eb57c4-f127-befd-4cff-cd6450458a49" executionId="98473fae-186d-41a4-8bf9-07888415b969" testListId="8c84fa94-04c1-424b-9868-57a2d4851a1d" />
    <TestEntry testId="51a85036-5f64-e861-a6da-8054c6aea340" executionId="fd063905-b2ed-4c77-9d2e-481b8034e119" testListId="8c84fa94-04c1-424b-9868-57a2d4851a1d" />
    <TestEntry testId="185dc60c-75d6-b20a-81be-f0dc0aef7d75" executionId="c86f79d2-b607-426a-b2e1-1e85e2ea2351" testListId="8c84fa94-04c1-424b-9868-57a2d4851a1d" />
    <TestEntry testId="676d25eb-96ba-b58d-4ca9-a91acd9cc17d" executionId="0385906a-ddd5-4723-99b5-8be915343b55" testListId="8c84fa94-04c1-424b-9868-57a2d4851a1d" />
    <TestEntry testId="ad159295-304a-454e-5aef-3d16df864bbe" executionId="a46ea7bf-a353-4a84-9d27-f30d95a23c2b" testListId="8c84fa94-04c1-424b-9868-57a2d4851a1d" />
    <TestEntry testId="f905724f-1c6d-f503-1ea1-99061dc1e8c0" executionId="c01995a8-27cd-4fc7-b531-d9462e5a26e0" testListId="8c84fa94-04c1-424b-9868-57a2d4851a1d" />
    <TestEntry testId="dc85e865-8853-fe27-7c73-49c537e0422c" executionId="78fed9e1-9198-4bd9-b469-92e538f4269f" testListId="8c84fa94-04c1-424b-9868-57a2d4851a1d" />
    <TestEntry testId="0170dd5b-04c0-9d08-ac20-91df6a41bef8" executionId="e0ef548b-495f-4a0b-a9bc-7f28f0f8b3fe" testListId="8c84fa94-04c1-424b-9868-57a2d4851a1d" />
    <TestEntry testId="9e897f89-e5b1-083a-7aab-f2a7899996d0" executionId="beb45c5e-24b4-417f-a446-32bfbc2c4d03" testListId="8c84fa94-04c1-424b-9868-57a2d4851a1d" />
    <TestEntry testId="bc0f9aee-af0e-309f-c331-5b7305dffd88" executionId="16fe3e38-97c8-4eb1-8edc-f8a1e16e8262" testListId="8c84fa94-04c1-424b-9868-57a2d4851a1d" />
    <TestEntry testId="90c445ca-3a67-c106-b015-7a4dd4a33253" executionId="f7effe35-d272-4720-bcff-b2080fa91384" testListId="8c84fa94-04c1-424b-9868-57a2d4851a1d" />
    <TestEntry testId="f68c8a02-1470-d08d-1c7b-4369d1481c87" executionId="65a96141-0e4b-4137-aa40-0432aa3c3cb0" testListId="8c84fa94-04c1-424b-9868-57a2d4851a1d" />
    <TestEntry testId="3bbb9637-de42-44c8-d031-1764421810d0" executionId="3ffdc912-cc7a-445e-8c32-50c6e442f6a0" testListId="8c84fa94-04c1-424b-9868-57a2d4851a1d" />
    <TestEntry testId="b3d350c4-b091-6fe0-74e1-34517bbb2e68" executionId="a8f03acc-5a4e-4215-afb6-cec21592d66c" testListId="8c84fa94-04c1-424b-9868-57a2d4851a1d" />
    <TestEntry testId="c3d2d8ae-14f9-c6cb-f090-b1bbcb1098e1" executionId="3c040b3e-9faa-47a1-8b80-eac4b6219fea" testListId="8c84fa94-04c1-424b-9868-57a2d4851a1d" />
    <TestEntry testId="eb7c9f06-98e8-445c-f673-5e23c0368493" executionId="1390d8b1-a9d1-43c1-84a5-a73cf81183af" testListId="8c84fa94-04c1-424b-9868-57a2d4851a1d" />
    <TestEntry testId="33cb0d51-1036-f8e4-de2e-0a4394912383" executionId="1f493d35-9db6-429f-9eb9-f136aa4b8643" testListId="8c84fa94-04c1-424b-9868-57a2d4851a1d" />
    <TestEntry testId="103ae38f-7bdb-fa7e-61ed-44691586c811" executionId="8c8e90bd-8079-4fbb-9c08-f487044d3c13" testListId="8c84fa94-04c1-424b-9868-57a2d4851a1d" />
    <TestEntry testId="99583b5b-0b22-162b-1710-cae4f7ff2a39" executionId="87dd264d-2cbc-4ed0-b79a-76b1a21edb9e" testListId="8c84fa94-04c1-424b-9868-57a2d4851a1d" />
    <TestEntry testId="07a45700-0b26-e484-c6c1-cc15104bb68b" executionId="8080073d-f7da-426c-9417-7eab7ab3ba17" testListId="8c84fa94-04c1-424b-9868-57a2d4851a1d" />
    <TestEntry testId="3296d32a-d554-a5a0-56b4-4587df1a76bd" executionId="da9dac78-3d4c-4add-aae5-3dc84b1b126a" testListId="8c84fa94-04c1-424b-9868-57a2d4851a1d" />
    <TestEntry testId="ab9e9665-3f72-e3ec-cde1-28e4338cc8ba" executionId="c796237a-b889-4483-a1b6-445024b3aedf" testListId="8c84fa94-04c1-424b-9868-57a2d4851a1d" />
    <TestEntry testId="485fbc4e-b87e-c449-d941-c4ad880a6114" executionId="8baf508b-b8ee-4704-a7a4-e3788a47d9a4" testListId="8c84fa94-04c1-424b-9868-57a2d4851a1d" />
    <TestEntry testId="2a867a65-2f84-ff26-c105-0f078d77b06c" executionId="a366d10d-a0e4-4a60-81c3-cc328f0e489a" testListId="8c84fa94-04c1-424b-9868-57a2d4851a1d" />
    <TestEntry testId="dc5c1174-a19a-b858-78d3-868e90f52906" executionId="93dd1249-ca1e-4fe7-ad80-69120dea5d25" testListId="8c84fa94-04c1-424b-9868-57a2d4851a1d" />
    <TestEntry testId="862b0f23-3edd-c5ed-5811-6f4626fd9e20" executionId="6a7edec5-f36c-4ca3-82dc-6c7d8263602f" testListId="8c84fa94-04c1-424b-9868-57a2d4851a1d" />
    <TestEntry testId="0f69c36b-493c-8fb0-e292-61a29a24b837" executionId="75047644-4f30-4fdc-91c8-9108e17da8f1" testListId="8c84fa94-04c1-424b-9868-57a2d4851a1d" />
    <TestEntry testId="2f654289-9617-b10b-e542-e8186ac6ae6d" executionId="964f227b-2e58-4807-ba02-e79b7bafe9a1" testListId="8c84fa94-04c1-424b-9868-57a2d4851a1d" />
    <TestEntry testId="2b092f7d-5a0b-451d-0f1f-2d05899b85b2" executionId="277d8bbc-6e4a-4f20-93ed-9aa2fccb619c" testListId="8c84fa94-04c1-424b-9868-57a2d4851a1d" />
    <TestEntry testId="6604cd26-de27-ebd9-cd59-d7c8c3f48c0d" executionId="d373b774-0937-461a-b90a-148460647853" testListId="8c84fa94-04c1-424b-9868-57a2d4851a1d" />
    <TestEntry testId="9d575baf-4a71-ba25-05e3-403d9f9e7372" executionId="c3c787d0-4c1a-4b91-a6e5-165dd7489b4f" testListId="8c84fa94-04c1-424b-9868-57a2d4851a1d" />
    <TestEntry testId="90fdd12e-0421-b4a1-ef81-0bb83465e065" executionId="0521f4c8-5e89-4a16-9803-1f6fbf0c8fb4" testListId="8c84fa94-04c1-424b-9868-57a2d4851a1d" />
    <TestEntry testId="faec3610-6546-8bf2-fdbe-dee7799c6609" executionId="3836a746-b909-4f91-bbae-584bc7b8be47" testListId="8c84fa94-04c1-424b-9868-57a2d4851a1d" />
    <TestEntry testId="94e97998-8db0-2910-eb4b-454814672011" executionId="53581c1a-5b77-4499-9665-468ac9f56b67" testListId="8c84fa94-04c1-424b-9868-57a2d4851a1d" />
    <TestEntry testId="64d2a0a5-d6a5-16ae-7d91-b88c49d33cb5" executionId="3a43a915-851e-4cff-8f7f-3e0a60ef8402" testListId="8c84fa94-04c1-424b-9868-57a2d4851a1d" />
    <TestEntry testId="1713cf26-171e-b64b-87bb-b96ad4328d79" executionId="9dfba136-3b75-4750-920b-cc9e8f464ba4" testListId="8c84fa94-04c1-424b-9868-57a2d4851a1d" />
    <TestEntry testId="657b03ae-c6ed-cf3b-d3fd-383cfaaed277" executionId="2a34c54b-f876-4976-abd0-32621111c1eb" testListId="8c84fa94-04c1-424b-9868-57a2d4851a1d" />
    <TestEntry testId="b2eb1e14-bea9-e296-a2b0-1e95dd6e0f89" executionId="0eaad4b6-6e1b-44a2-99b1-9d6150535b17" testListId="8c84fa94-04c1-424b-9868-57a2d4851a1d" />
    <TestEntry testId="beb508f7-d47b-8ea2-828f-479b5652e52a" executionId="7cc48a52-d35e-43ab-a9ba-07253860a53a" testListId="8c84fa94-04c1-424b-9868-57a2d4851a1d" />
    <TestEntry testId="068ee4da-4219-485f-f9a9-dc524fcc05e8" executionId="5059be58-736c-471f-b695-cd9056216736" testListId="8c84fa94-04c1-424b-9868-57a2d4851a1d" />
    <TestEntry testId="5e302a5a-64aa-d67b-fb8f-15049ebc8f93" executionId="a1b47d30-74ab-4478-987f-b8df6179c0f5" testListId="8c84fa94-04c1-424b-9868-57a2d4851a1d" />
    <TestEntry testId="d58d6679-95d9-8945-1be6-c76566ab3d36" executionId="28b77b0d-9998-4281-8a37-2a4c84e6fd28" testListId="8c84fa94-04c1-424b-9868-57a2d4851a1d" />
    <TestEntry testId="5768ccdc-d49c-7975-171c-f0931bc421e3" executionId="b76d4c80-0d9d-43e7-8c74-9e798335475a" testListId="8c84fa94-04c1-424b-9868-57a2d4851a1d" />
    <TestEntry testId="282e4e5e-978c-9145-a967-60e02e5af049" executionId="df5d89d9-01df-4c7f-a57a-cd1d1f541139" testListId="8c84fa94-04c1-424b-9868-57a2d4851a1d" />
    <TestEntry testId="cc555133-a437-76ab-0a74-82c55de705e8" executionId="472e2d0f-a01d-41f6-ad09-0c8980ee07f8" testListId="8c84fa94-04c1-424b-9868-57a2d4851a1d" />
    <TestEntry testId="c9b407e9-f52b-5545-23a8-ac0caf216314" executionId="ce4852a1-19a3-4dcf-bc40-014372f50254" testListId="8c84fa94-04c1-424b-9868-57a2d4851a1d" />
    <TestEntry testId="9eda4ff3-53a4-53d4-9c19-a43129d94713" executionId="ee9827fe-acbe-404f-9e74-b812af68664b" testListId="8c84fa94-04c1-424b-9868-57a2d4851a1d" />
    <TestEntry testId="f1df2fe0-5c6a-90b0-37fe-55420582e959" executionId="a94a4fb6-10f9-4861-8b82-09d2022ee57d" testListId="8c84fa94-04c1-424b-9868-57a2d4851a1d" />
    <TestEntry testId="53c8ecc0-4679-34d3-58d6-99419f23d04f" executionId="068d0d3c-fba0-4620-acdf-d7460015a805" testListId="8c84fa94-04c1-424b-9868-57a2d4851a1d" />
    <TestEntry testId="ca074321-703a-c011-3524-71ae90f517d5" executionId="ccbbd6d9-6130-4ff8-9be8-ab718d1ee7ab" testListId="8c84fa94-04c1-424b-9868-57a2d4851a1d" />
    <TestEntry testId="90fc6482-05af-7f6e-6cb8-840ab35eea4f" executionId="fe890268-3a3f-4f50-a35a-f3bfc72c8a4e" testListId="8c84fa94-04c1-424b-9868-57a2d4851a1d" />
    <TestEntry testId="64ae8d55-89fb-da08-2317-c83fb43485a3" executionId="efbf9fa8-bdf2-467e-a003-2682fa09c457" testListId="8c84fa94-04c1-424b-9868-57a2d4851a1d" />
    <TestEntry testId="468af397-02e2-4a09-a426-2797ac48bb2f" executionId="987e6dc4-36cf-4010-bcd1-662eaf606c04" testListId="8c84fa94-04c1-424b-9868-57a2d4851a1d" />
    <TestEntry testId="212330fe-5b56-bbfa-0098-97f0e426596f" executionId="78a010e3-781a-49e5-84c1-c58d21d09c28" testListId="8c84fa94-04c1-424b-9868-57a2d4851a1d" />
    <TestEntry testId="4b69f646-3fd7-1906-dc9c-283732d9870f" executionId="80b69de6-c911-480f-920e-fa4c67edbe8b" testListId="8c84fa94-04c1-424b-9868-57a2d4851a1d" />
    <TestEntry testId="69006a4b-2bb8-cd05-18cd-ebc04e54b06a" executionId="465a87cf-53a7-4c8c-9136-45fcad2fa307" testListId="8c84fa94-04c1-424b-9868-57a2d4851a1d" />
    <TestEntry testId="d10f3995-53c1-d99d-5076-8ce0ff32fead" executionId="487b38c3-b7b3-433f-9802-e4a256d03079" testListId="8c84fa94-04c1-424b-9868-57a2d4851a1d" />
    <TestEntry testId="f00783f7-5de7-c5be-765a-7ed93a96a4fd" executionId="2e98e7ad-8fa4-44b0-b97c-dcb12e0aa124" testListId="8c84fa94-04c1-424b-9868-57a2d4851a1d" />
    <TestEntry testId="5a1cbec0-3ed5-0725-94d8-13b5e4a631b1" executionId="46cd5e35-24b0-4710-a83a-c53a3233ac72" testListId="8c84fa94-04c1-424b-9868-57a2d4851a1d" />
    <TestEntry testId="b2d02903-6680-8875-02e1-f43f070be79a" executionId="140447ec-8709-4b2b-a7f2-f5032f50781e" testListId="8c84fa94-04c1-424b-9868-57a2d4851a1d" />
    <TestEntry testId="5554022a-d932-fcb6-1c69-d229745140fe" executionId="b112b150-5788-40b8-9dd1-8bf5f63592af" testListId="8c84fa94-04c1-424b-9868-57a2d4851a1d" />
    <TestEntry testId="851ef1d3-a812-cf2f-2423-ef5e5794b37d" executionId="dd48d8a3-7950-4c6f-96c8-d0b598e4b400" testListId="8c84fa94-04c1-424b-9868-57a2d4851a1d" />
    <TestEntry testId="98803a2e-254a-4fbf-7c68-310af6a69d36" executionId="a01316a1-e3f1-4e47-882c-4153f9212d89" testListId="8c84fa94-04c1-424b-9868-57a2d4851a1d" />
    <TestEntry testId="23c4aeb9-f4c9-04a2-5c17-b8e061238b00" executionId="0a6120f6-ae58-45f6-9b3c-45afa36dd66d" testListId="8c84fa94-04c1-424b-9868-57a2d4851a1d" />
    <TestEntry testId="d92a17ba-b5eb-0abe-fd70-fe9e6a1fccfe" executionId="55fdee89-cbca-4465-9513-4c327249972e" testListId="8c84fa94-04c1-424b-9868-57a2d4851a1d" />
    <TestEntry testId="401f6d47-bdb0-9eb0-c723-cfb3a63815bf" executionId="748e275a-eb34-47f4-9c14-95eefa1dbc14" testListId="8c84fa94-04c1-424b-9868-57a2d4851a1d" />
    <TestEntry testId="e8a9c1dd-fe2a-d66f-0ece-afcfcd0ad31d" executionId="34c52bd0-19e5-4dee-9191-4a72c03c47d2" testListId="8c84fa94-04c1-424b-9868-57a2d4851a1d" />
    <TestEntry testId="b82abed2-8497-66f2-9689-0f76ed9fe9ad" executionId="e71444f3-dcba-49b4-842b-8687f1689bbc" testListId="8c84fa94-04c1-424b-9868-57a2d4851a1d" />
    <TestEntry testId="99a94e07-da92-29b1-0cfc-cd41ab1bc322" executionId="4d3f8fe1-719b-4c98-9e9e-4a6856092653" testListId="8c84fa94-04c1-424b-9868-57a2d4851a1d" />
    <TestEntry testId="cdedd3c0-bda1-235c-e0f5-4f5e8fe72a55" executionId="a20b23f4-e40f-4f7a-8cd3-b5fa40781b17" testListId="8c84fa94-04c1-424b-9868-57a2d4851a1d" />
    <TestEntry testId="02d2aff2-ce9d-fe06-68b5-f219adb05152" executionId="a5b6deba-1283-4a2f-a9b8-5beb3a25304a" testListId="8c84fa94-04c1-424b-9868-57a2d4851a1d" />
    <TestEntry testId="bbd49287-fb49-4a64-9bf7-d30f9165605f" executionId="8b304770-b6f4-4ee0-800d-c3080336ca09" testListId="8c84fa94-04c1-424b-9868-57a2d4851a1d" />
    <TestEntry testId="c51767c5-c52e-49a9-7d72-313747797ae2" executionId="16b9d4d5-8a7f-4880-aab4-a6fca3b293e1" testListId="8c84fa94-04c1-424b-9868-57a2d4851a1d" />
    <TestEntry testId="f0c57047-78c8-1e43-ef78-f12b7472219d" executionId="3f83d8dc-4e1f-4f42-9f4f-0a4aaba25606" testListId="8c84fa94-04c1-424b-9868-57a2d4851a1d" />
    <TestEntry testId="105c225f-bca0-0777-9c73-052576e49b9a" executionId="0b6cc63f-a766-4d43-b2ad-f02fb5c59e1b" testListId="8c84fa94-04c1-424b-9868-57a2d4851a1d" />
    <TestEntry testId="2bc46832-ff39-471c-cab0-e60265a8cf1a" executionId="fdec38e2-cf56-4aa6-b883-c7d010ac54af" testListId="8c84fa94-04c1-424b-9868-57a2d4851a1d" />
    <TestEntry testId="2570004f-0248-04a8-7a2a-26c01f6dac11" executionId="b0184d9f-d651-416d-a713-4199abe032fa" testListId="8c84fa94-04c1-424b-9868-57a2d4851a1d" />
    <TestEntry testId="54d22d6e-b1e8-99d3-007a-f749383ad8ab" executionId="3c7350d2-bd47-40dc-8da3-2136b54cefdb" testListId="8c84fa94-04c1-424b-9868-57a2d4851a1d" />
    <TestEntry testId="0cdf7280-5e82-07f4-fdb1-c79a943ab6cc" executionId="a173d3c7-75d0-41de-a5b1-a4dc805c0df4" testListId="8c84fa94-04c1-424b-9868-57a2d4851a1d" />
    <TestEntry testId="8dddbeb0-c173-6d10-e733-8b21ad046454" executionId="4085f3f9-1644-468c-9fa2-c1f61797151d" testListId="8c84fa94-04c1-424b-9868-57a2d4851a1d" />
    <TestEntry testId="50a4b4d5-a824-5b66-26bf-9124f5072895" executionId="d569dd43-ba27-4f50-8744-595789a421ea" testListId="8c84fa94-04c1-424b-9868-57a2d4851a1d" />
    <TestEntry testId="4ee5a15f-21cf-08a1-ea1f-d52493ca2cfc" executionId="2c50e633-10b5-4be3-a49c-a3901d5d2bb1" testListId="8c84fa94-04c1-424b-9868-57a2d4851a1d" />
    <TestEntry testId="58b07de1-f862-1419-af55-ea8965b5801d" executionId="95bb7846-a6b5-46ce-b185-2a6cc813c00c" testListId="8c84fa94-04c1-424b-9868-57a2d4851a1d" />
    <TestEntry testId="512ed856-057d-7dd2-875d-975b1041f26a" executionId="41588908-b7be-4e33-b9eb-cf19332bca71" testListId="8c84fa94-04c1-424b-9868-57a2d4851a1d" />
    <TestEntry testId="f3b5fa79-f57f-0b76-e80c-298750ed9763" executionId="cd2bb57f-7550-4a00-9349-05b15bb2c57a" testListId="8c84fa94-04c1-424b-9868-57a2d4851a1d" />
    <TestEntry testId="41a93314-d5e8-4dd8-ced8-9e20cd240813" executionId="cdea7421-8290-41a7-b2d8-ae570de09261" testListId="8c84fa94-04c1-424b-9868-57a2d4851a1d" />
    <TestEntry testId="3416ae86-369a-e987-beb4-e4c5f5e8275f" executionId="c33c0590-018c-4bf3-ad0f-28a8025b524b" testListId="8c84fa94-04c1-424b-9868-57a2d4851a1d" />
    <TestEntry testId="aa7da896-049c-1372-5ace-65c40d863a0b" executionId="eb296403-ddf3-43bd-8693-1abc779ca659" testListId="8c84fa94-04c1-424b-9868-57a2d4851a1d" />
    <TestEntry testId="001bb5fd-bd12-8ff4-8ade-25ba531a9070" executionId="31590b59-8a04-4cdd-a1a0-d2b8ca4ea954" testListId="8c84fa94-04c1-424b-9868-57a2d4851a1d" />
    <TestEntry testId="1e25bf9c-923f-2e54-f059-c3a6192cbb51" executionId="4e1e2e44-0f81-4f4c-840b-008f68a0ca36" testListId="8c84fa94-04c1-424b-9868-57a2d4851a1d" />
    <TestEntry testId="269cef3c-947d-dfb3-193c-843405e60363" executionId="0120a31c-a222-4730-9124-6703cdf2f29b" testListId="8c84fa94-04c1-424b-9868-57a2d4851a1d" />
    <TestEntry testId="1fdf3423-5057-166d-6cc4-43ee4b0483a3" executionId="490c4ef2-cca0-4e30-835f-98140c483407" testListId="8c84fa94-04c1-424b-9868-57a2d4851a1d" />
    <TestEntry testId="53a4311b-e47e-284e-52cb-41e1adabe3b7" executionId="9c7323ed-8563-472a-895b-f3d3d6e8dd62" testListId="8c84fa94-04c1-424b-9868-57a2d4851a1d" />
    <TestEntry testId="d63f8a04-ccde-1680-a6f1-a61a292c418d" executionId="3d23e049-81f9-4e7f-a7a4-1e01a3d17206" testListId="8c84fa94-04c1-424b-9868-57a2d4851a1d" />
    <TestEntry testId="b0e55dbe-9627-29d0-e870-40fd186609c0" executionId="f5160ad9-58b1-4fee-965b-b8a21fc1c9a4" testListId="8c84fa94-04c1-424b-9868-57a2d4851a1d" />
    <TestEntry testId="f9fb7caa-10d0-d537-0bee-7128754a588f" executionId="15897dee-7a2c-4f35-82b1-968bcc7e6d33" testListId="8c84fa94-04c1-424b-9868-57a2d4851a1d" />
    <TestEntry testId="5425a998-6ae1-bd4a-2828-b41e0f99ea29" executionId="1b82709b-79b0-4a7d-a5fb-65d707a89fff" testListId="8c84fa94-04c1-424b-9868-57a2d4851a1d" />
    <TestEntry testId="34eb1eee-f1b8-52d0-a9a3-aea281cf026e" executionId="3e6e5137-b4a0-416d-a386-cf7823744516" testListId="8c84fa94-04c1-424b-9868-57a2d4851a1d" />
    <TestEntry testId="321aa608-7a9b-7841-b54e-f15e58034604" executionId="7be8f768-fe62-4ba0-b551-13a56b712c72" testListId="8c84fa94-04c1-424b-9868-57a2d4851a1d" />
    <TestEntry testId="e5714616-1e44-1e54-e2e4-663133e56676" executionId="5fac9ca6-77f0-48a0-bbfc-8df1897ce498" testListId="8c84fa94-04c1-424b-9868-57a2d4851a1d" />
    <TestEntry testId="df048f7c-7c6b-ca42-8bc4-dbb8d2015065" executionId="d2d44c7e-73ef-462d-9634-96fe72c25fc6" testListId="8c84fa94-04c1-424b-9868-57a2d4851a1d" />
    <TestEntry testId="0a9b0755-317a-f636-73cd-b90081365870" executionId="4661984a-881c-45ef-9772-a97daf7c2944" testListId="8c84fa94-04c1-424b-9868-57a2d4851a1d" />
    <TestEntry testId="cac55db5-0541-9758-c4e8-160b2f4dc3df" executionId="1bd8bbf0-a964-41e6-81e8-6699a016d5a2" testListId="8c84fa94-04c1-424b-9868-57a2d4851a1d" />
    <TestEntry testId="9b44630a-8912-c463-35f3-83d7bbb1196d" executionId="88bc0ef4-88b3-4d3e-88bf-508d94123e2e" testListId="8c84fa94-04c1-424b-9868-57a2d4851a1d" />
    <TestEntry testId="04e08b98-bb12-a629-14b1-feb8137e2934" executionId="a6c8f991-2251-4326-a559-ec6dd026d802" testListId="8c84fa94-04c1-424b-9868-57a2d4851a1d" />
    <TestEntry testId="21308188-2899-03f3-f5ad-a4d7b165cda3" executionId="a5279a1c-df40-4be8-87b2-62cef65b3f55" testListId="8c84fa94-04c1-424b-9868-57a2d4851a1d" />
    <TestEntry testId="93c7dcb2-08f2-6cf2-908a-95f88cd0e48b" executionId="303c1c75-d485-4eb1-a2ab-244ee4a97e8a" testListId="8c84fa94-04c1-424b-9868-57a2d4851a1d" />
    <TestEntry testId="a34c32cb-cea3-31c6-43ca-196cb4fdd295" executionId="adac8d6e-5139-4461-9bb2-4681af5aeef2" testListId="8c84fa94-04c1-424b-9868-57a2d4851a1d" />
    <TestEntry testId="7df49366-ebf4-87f7-52fd-8b8a65032bba" executionId="dee20e6a-d9bc-4a81-ae77-9d1246f03d72" testListId="8c84fa94-04c1-424b-9868-57a2d4851a1d" />
    <TestEntry testId="24861341-2695-75fe-4d89-7cdc0d472cf5" executionId="95c3484a-1e70-49f1-b9f8-1362d624b434" testListId="8c84fa94-04c1-424b-9868-57a2d4851a1d" />
    <TestEntry testId="99583d31-1c36-6097-f41d-addc2fc02480" executionId="16985db9-0d9b-4110-93d3-80473e8d17cc" testListId="8c84fa94-04c1-424b-9868-57a2d4851a1d" />
    <TestEntry testId="1e73b624-71f1-d2fd-5336-60d44d8232e1" executionId="277c20af-068f-4782-b722-342785121903" testListId="8c84fa94-04c1-424b-9868-57a2d4851a1d" />
    <TestEntry testId="e8981139-2ae8-16f1-196c-8bb762fef77c" executionId="13f35ed4-72c4-4dbb-aac5-bdc3e74b87cd" testListId="8c84fa94-04c1-424b-9868-57a2d4851a1d" />
    <TestEntry testId="ed192237-e8eb-35fa-5bbe-3b1dc82bb582" executionId="ea9d2ae1-d334-4af9-8510-585c171d1535" testListId="8c84fa94-04c1-424b-9868-57a2d4851a1d" />
    <TestEntry testId="8e90f375-4078-3f24-729c-7536506a0810" executionId="3ebcaa86-8751-4782-a1d6-1fd193874360" testListId="8c84fa94-04c1-424b-9868-57a2d4851a1d" />
    <TestEntry testId="17497b23-4960-3393-33db-4d37a55c9a6f" executionId="92921256-8b2a-4f39-8481-2562b1a13836" testListId="8c84fa94-04c1-424b-9868-57a2d4851a1d" />
    <TestEntry testId="e3d21004-a1ae-5973-68ec-dbe4f5c7e6a1" executionId="e3457f95-4186-4cdf-94de-37ab3aeab970" testListId="8c84fa94-04c1-424b-9868-57a2d4851a1d" />
    <TestEntry testId="933ff4bd-cc87-c307-b5a0-478099606f0a" executionId="60f1922d-172a-44ab-99e4-6b52b03af3a2" testListId="8c84fa94-04c1-424b-9868-57a2d4851a1d" />
    <TestEntry testId="7f2316ab-329b-9b41-b4ce-ccb71981bb17" executionId="ef4e175b-5866-4603-8e51-9cc34d860484" testListId="8c84fa94-04c1-424b-9868-57a2d4851a1d" />
    <TestEntry testId="63e4b650-5ea8-ac21-8786-3238a13ec018" executionId="69851e82-37a5-45a4-af4f-42f804c696ba" testListId="8c84fa94-04c1-424b-9868-57a2d4851a1d" />
    <TestEntry testId="50d2563d-2a72-e20a-d402-ebae14660478" executionId="bf6652c9-85cf-4d78-956e-cc10e44466f3" testListId="8c84fa94-04c1-424b-9868-57a2d4851a1d" />
    <TestEntry testId="b31dc6ae-791a-832a-e831-3b3f1ebad399" executionId="774f3b6d-1ac3-408d-8c83-e0456ce6b931" testListId="8c84fa94-04c1-424b-9868-57a2d4851a1d" />
    <TestEntry testId="50d49a3d-17d9-5e0e-5cbe-1c50f8116688" executionId="d9df132e-2d7f-4591-a8cd-f5d68e9e8498" testListId="8c84fa94-04c1-424b-9868-57a2d4851a1d" />
    <TestEntry testId="76556cc0-de36-73f1-566c-5319b2859489" executionId="970d171e-5383-4b12-8a7a-6b29e801df9e" testListId="8c84fa94-04c1-424b-9868-57a2d4851a1d" />
    <TestEntry testId="f7eb110f-bd56-2839-cb99-ced5d14e4f61" executionId="e4e67b22-0d17-419d-b7c3-971e03e37701" testListId="8c84fa94-04c1-424b-9868-57a2d4851a1d" />
    <TestEntry testId="4de93258-7862-c912-9fdf-2b137104121a" executionId="d6cc00d8-ca95-4f5a-aa4c-3885a4bdf7fb" testListId="8c84fa94-04c1-424b-9868-57a2d4851a1d" />
    <TestEntry testId="23e5c416-83c2-b89c-6451-ae249e7194e2" executionId="f824d76f-fbc1-42f8-ad78-aa6b60436eaf" testListId="8c84fa94-04c1-424b-9868-57a2d4851a1d" />
    <TestEntry testId="baa8f4d2-af73-81d3-a336-66e853b630ff" executionId="7f1064c7-aa01-4d20-9f31-904109cc1297" testListId="8c84fa94-04c1-424b-9868-57a2d4851a1d" />
    <TestEntry testId="e74d6791-3965-d5cc-acd4-9d778742eb75" executionId="4599128e-69d3-4c0f-afcf-834f89441d87" testListId="8c84fa94-04c1-424b-9868-57a2d4851a1d" />
    <TestEntry testId="1803beca-ee85-d51c-dbf1-adb3a5dec6db" executionId="c1147835-ccff-41aa-8166-06546b23467a" testListId="8c84fa94-04c1-424b-9868-57a2d4851a1d" />
    <TestEntry testId="0f1104b0-2d82-7414-004c-52659e3b91e6" executionId="76d00eb6-7f1a-4833-90c5-4af06370d312" testListId="8c84fa94-04c1-424b-9868-57a2d4851a1d" />
    <TestEntry testId="ac1170d9-ee22-c6d2-5fe7-5518d2eb9eb0" executionId="3016e443-ac40-4146-83ea-4965f610a1d0" testListId="8c84fa94-04c1-424b-9868-57a2d4851a1d" />
    <TestEntry testId="6fd1d2c8-d190-f209-580f-f129e9e69025" executionId="c2dca03e-e2f6-425e-9f38-bdd8db695511" testListId="8c84fa94-04c1-424b-9868-57a2d4851a1d" />
    <TestEntry testId="9cafc2d5-2a5b-c544-f728-205945656c33" executionId="1c338450-6df9-490d-a466-9867aa1c1e25" testListId="8c84fa94-04c1-424b-9868-57a2d4851a1d" />
    <TestEntry testId="677ed4aa-24e1-a4f3-e8f4-927a4c81ee11" executionId="bf871d40-d33b-4265-b76f-a91ef2a2a044" testListId="8c84fa94-04c1-424b-9868-57a2d4851a1d" />
    <TestEntry testId="4eb15927-cc96-12f1-ee8f-75aacc988893" executionId="fca2cf72-7e3a-4b15-96e1-8f12bc6d4228" testListId="8c84fa94-04c1-424b-9868-57a2d4851a1d" />
    <TestEntry testId="9e048108-ae91-740c-482e-fa78e0b8fe8f" executionId="94232167-2207-4ce0-8c18-1daab7e980f1" testListId="8c84fa94-04c1-424b-9868-57a2d4851a1d" />
    <TestEntry testId="18b8880e-d414-f397-2932-f5be2dbae673" executionId="c4c4b890-309c-4537-94b5-e888f2842163" testListId="8c84fa94-04c1-424b-9868-57a2d4851a1d" />
    <TestEntry testId="bd9786b6-f822-f559-5bc7-082e785537a3" executionId="fd47b403-3307-44d9-be0d-d37038e77c58" testListId="8c84fa94-04c1-424b-9868-57a2d4851a1d" />
    <TestEntry testId="da87d3bf-15d7-dbd7-05de-b003ebc7eb7f" executionId="faaa959b-5687-4d62-afb2-686d2bb292dd" testListId="8c84fa94-04c1-424b-9868-57a2d4851a1d" />
    <TestEntry testId="fa92b225-1c80-948f-b651-d33a64ce3cac" executionId="d9e50836-d017-4a3c-bba6-fb50ad456d08" testListId="8c84fa94-04c1-424b-9868-57a2d4851a1d" />
    <TestEntry testId="f1b88517-e382-5d2f-f17a-00c6d0bdd696" executionId="4f8c7148-0be3-4157-ac33-24bfd6f57679" testListId="8c84fa94-04c1-424b-9868-57a2d4851a1d" />
    <TestEntry testId="cdf5132f-c1f2-db0a-dfd5-cf7b67696beb" executionId="5d1d6d60-3bc4-49af-9941-7ddd87b64772" testListId="8c84fa94-04c1-424b-9868-57a2d4851a1d" />
    <TestEntry testId="1b5d0f4f-cf59-9f88-bb60-e11a0efb23df" executionId="d09cec17-ff3f-4e26-875e-4d5dd88661d6" testListId="8c84fa94-04c1-424b-9868-57a2d4851a1d" />
    <TestEntry testId="02b5da4e-d67b-a975-6ad6-f481bea30ade" executionId="1ce3fc7a-76d8-4e36-bde4-a1200f1bf048" testListId="8c84fa94-04c1-424b-9868-57a2d4851a1d" />
    <TestEntry testId="dfaed784-63c9-cf05-792e-44fe6e04bf66" executionId="78b20484-3f97-4713-81d3-fb02f0dfcc04" testListId="8c84fa94-04c1-424b-9868-57a2d4851a1d" />
    <TestEntry testId="9f643d03-eca7-fde2-febf-2dd1e28d5212" executionId="4e748012-9780-4857-9f99-febd65b121f7" testListId="8c84fa94-04c1-424b-9868-57a2d4851a1d" />
    <TestEntry testId="420633fa-66a7-beb3-30dc-0c033798d775" executionId="c0bdb0e9-450b-4ba0-805b-1bcc4584acf5" testListId="8c84fa94-04c1-424b-9868-57a2d4851a1d" />
    <TestEntry testId="13544595-507e-d695-622a-6081f0d95c5b" executionId="ea1f28cc-2bd1-43c5-9533-02cfb6563d82" testListId="8c84fa94-04c1-424b-9868-57a2d4851a1d" />
    <TestEntry testId="1ea9597c-d096-2afc-66c5-dd9341a18801" executionId="fc79c36d-ef4c-4d82-85db-266603810948" testListId="8c84fa94-04c1-424b-9868-57a2d4851a1d" />
    <TestEntry testId="f9673aa5-17be-58f4-0a16-6981b295f410" executionId="af67afde-6e83-4132-992d-0f28c873cddd" testListId="8c84fa94-04c1-424b-9868-57a2d4851a1d" />
    <TestEntry testId="c37cc704-6571-4c7f-5e90-86db92e43e93" executionId="8c5861ef-badf-479e-ab07-532f4d1802d6" testListId="8c84fa94-04c1-424b-9868-57a2d4851a1d" />
    <TestEntry testId="97412ae8-eeb8-6cdb-0444-db75e31093fd" executionId="50b084b0-7d16-4019-8315-44e25c419f13" testListId="8c84fa94-04c1-424b-9868-57a2d4851a1d" />
    <TestEntry testId="b81e40bb-9e67-676f-d4eb-65f20abf3117" executionId="099bed15-b1d0-4a3b-b946-f7cbc6710f11" testListId="8c84fa94-04c1-424b-9868-57a2d4851a1d" />
    <TestEntry testId="93964659-b15c-c098-848e-862a0968f755" executionId="6fbe2a9c-a380-46e7-9c54-6c88a572f67e" testListId="8c84fa94-04c1-424b-9868-57a2d4851a1d" />
    <TestEntry testId="1e4a7732-fdaf-ca78-bc58-8b24e73cf4bb" executionId="a4d4d293-1ccb-4d6d-b13e-6789ca2cfa05" testListId="8c84fa94-04c1-424b-9868-57a2d4851a1d" />
    <TestEntry testId="638b813b-f5f3-3cde-3911-0c6b74e7e82c" executionId="c5191563-9744-4508-ac3b-36929bc1ec2d" testListId="8c84fa94-04c1-424b-9868-57a2d4851a1d" />
    <TestEntry testId="11268daa-86b0-d173-199b-25bae719712c" executionId="9dbb0bb2-5e20-48fe-b26b-250146a7aca2" testListId="8c84fa94-04c1-424b-9868-57a2d4851a1d" />
    <TestEntry testId="d3943c0f-ce5d-ed19-da04-4c5b640e1ebe" executionId="b10f772d-b42d-4d59-aaa7-24daed4d39a7" testListId="8c84fa94-04c1-424b-9868-57a2d4851a1d" />
    <TestEntry testId="2c6c7854-ef7a-d4b6-6939-43da5173b8d2" executionId="b770f226-5451-4217-ac74-d06bee2d7308" testListId="8c84fa94-04c1-424b-9868-57a2d4851a1d" />
    <TestEntry testId="ab3c72e7-916d-9271-7490-63c98d311b23" executionId="ee551962-caf6-4893-ba1d-8bc9d7a08ff7" testListId="8c84fa94-04c1-424b-9868-57a2d4851a1d" />
    <TestEntry testId="02778758-cc49-b70f-4d9e-207bdf0cd24c" executionId="243bad06-cb12-4f95-8716-0161eb553d40" testListId="8c84fa94-04c1-424b-9868-57a2d4851a1d" />
    <TestEntry testId="e3bd59e2-736a-a74c-a5b4-2b8060fad9ac" executionId="e5fa14c9-8fb8-430c-aa51-199374b92ca7" testListId="8c84fa94-04c1-424b-9868-57a2d4851a1d" />
    <TestEntry testId="39e3a354-d606-9be4-bb97-f5bfd0567f79" executionId="80e1d2c5-fda5-4b69-b59f-74b0fbaff039" testListId="8c84fa94-04c1-424b-9868-57a2d4851a1d" />
    <TestEntry testId="469b4d55-6f41-2a07-a79f-1311a5b57e9f" executionId="063cec45-9db2-4760-b0ac-73dcb933ba6e" testListId="8c84fa94-04c1-424b-9868-57a2d4851a1d" />
    <TestEntry testId="e9992c95-3268-77fc-18a7-b02c1de4585f" executionId="5f442330-a8f0-4e42-b017-3962bf298ac2" testListId="8c84fa94-04c1-424b-9868-57a2d4851a1d" />
    <TestEntry testId="4bff0ad5-e896-1b4d-1081-a1490afafa42" executionId="5fc8d554-5bd4-44da-addd-4226d49849d5" testListId="8c84fa94-04c1-424b-9868-57a2d4851a1d" />
    <TestEntry testId="fb7784f1-99b0-c059-267d-2499f2992897" executionId="437501ae-f6ed-4d83-beda-314e24241744" testListId="8c84fa94-04c1-424b-9868-57a2d4851a1d" />
    <TestEntry testId="c812c44a-5c44-51b8-b655-5885aea417c4" executionId="1890472a-7824-4c0b-9696-d59c92d092af" testListId="8c84fa94-04c1-424b-9868-57a2d4851a1d" />
    <TestEntry testId="53408e81-9390-b885-d3ba-48cc087e6fa9" executionId="532542fd-05d9-484e-9c09-b3011440c9a8" testListId="8c84fa94-04c1-424b-9868-57a2d4851a1d" />
    <TestEntry testId="a13c16dd-eb35-6dc4-e44a-3c831bb7b60e" executionId="bee7d9cd-7631-4fa3-ba89-171a5cd3a846" testListId="8c84fa94-04c1-424b-9868-57a2d4851a1d" />
    <TestEntry testId="ff6bcfba-0ee9-cdf0-d001-087d61640fd4" executionId="92574cbc-9c1f-4877-b60a-f91e66fcd72d" testListId="8c84fa94-04c1-424b-9868-57a2d4851a1d" />
    <TestEntry testId="095f8059-d018-ce3b-36fe-2dc31b1660f3" executionId="2eb00098-ec43-4880-ae73-93614a76daa8" testListId="8c84fa94-04c1-424b-9868-57a2d4851a1d" />
    <TestEntry testId="192175a3-4aa5-7081-0062-e07d677a3e35" executionId="4a98efbf-a4b3-420d-8c40-cd8c0a0c5279" testListId="8c84fa94-04c1-424b-9868-57a2d4851a1d" />
    <TestEntry testId="42fa85c9-4d31-c930-f249-93b92ee77398" executionId="ad021f43-1051-45c2-9a9e-af52179fe92e" testListId="8c84fa94-04c1-424b-9868-57a2d4851a1d" />
    <TestEntry testId="648e5a6a-2e35-f5f3-d102-39cad7148c87" executionId="19c5b062-f45f-4f8c-ab17-7ab4ec87a3d3" testListId="8c84fa94-04c1-424b-9868-57a2d4851a1d" />
    <TestEntry testId="b477f252-4b79-f949-3b9c-3d4c20a0c9c3" executionId="4ad1f873-cc87-47ff-946d-5d45a2992635" testListId="8c84fa94-04c1-424b-9868-57a2d4851a1d" />
    <TestEntry testId="a2c198f3-307a-8289-8d73-7794fd4a6088" executionId="dd98427c-d6c3-4c42-b9f9-d4c3626355ad" testListId="8c84fa94-04c1-424b-9868-57a2d4851a1d" />
    <TestEntry testId="36f5ba8b-e83d-21a6-6b46-234c7d076dfc" executionId="f6fc6e02-2cf4-4b0b-b90b-5d4a2fc3c71d" testListId="8c84fa94-04c1-424b-9868-57a2d4851a1d" />
    <TestEntry testId="3653eb47-0ee9-b8ab-b11b-85c637b1195f" executionId="8ba71e10-b769-4188-9601-8b3b3682c02d" testListId="8c84fa94-04c1-424b-9868-57a2d4851a1d" />
    <TestEntry testId="012d2315-4e42-4667-a443-62fef4ef445f" executionId="fe8649c5-15d2-4ef8-b27b-c4b9f76942f8" testListId="8c84fa94-04c1-424b-9868-57a2d4851a1d" />
    <TestEntry testId="81c8be9e-d70b-1223-942f-8fd68c01deff" executionId="ed5e4b14-28bd-43c0-ae79-658152a6dc30" testListId="8c84fa94-04c1-424b-9868-57a2d4851a1d" />
    <TestEntry testId="bddb2672-714c-c0cc-af8d-4f49c9398348" executionId="8e7d2775-bfe2-4d40-a65c-bd152981450b" testListId="8c84fa94-04c1-424b-9868-57a2d4851a1d" />
    <TestEntry testId="0fd8a5b0-4bab-92d7-9503-d011125db49e" executionId="325ac483-88bf-49ef-8e16-3f3e31168e19" testListId="8c84fa94-04c1-424b-9868-57a2d4851a1d" />
    <TestEntry testId="ca96ed79-94d8-04a6-bf7b-d63d87b091a4" executionId="49ae30ec-53de-4419-97ae-c916dbc8755b" testListId="8c84fa94-04c1-424b-9868-57a2d4851a1d" />
    <TestEntry testId="32b9b9f5-4397-465f-7bd1-b23ce1b18f86" executionId="6c2855d0-302b-455c-9fed-713e19884b32" testListId="8c84fa94-04c1-424b-9868-57a2d4851a1d" />
    <TestEntry testId="73fcddfd-0abf-4092-fa36-e303fa699e43" executionId="d399473e-6a78-4f75-a937-a53335327b07" testListId="8c84fa94-04c1-424b-9868-57a2d4851a1d" />
    <TestEntry testId="261a082e-e443-898e-1e84-d8529ce1f285" executionId="6c272889-6241-4df3-bd48-e3f07cd8ffcf" testListId="8c84fa94-04c1-424b-9868-57a2d4851a1d" />
    <TestEntry testId="f772f6d6-23ef-6c93-47fe-814b8ff01373" executionId="31817639-c0fa-448a-bca3-b141ca3c98af" testListId="8c84fa94-04c1-424b-9868-57a2d4851a1d" />
  </TestEntries>
  <Results>
    <UnitTestResult executionId="065cc560-5c20-455b-9426-6fd5d7e6d63b" testId="99fb2eb8-119a-1b3b-515d-cfb72e2170e7" testName="SegmentConstructorTest" computerName="ANGUS-LAPTOP" duration="00:00:00.0534546" startTime="2015-03-15T23:55:48.2093541+10:00" endTime="2015-03-15T23:55:48.7897824+10:00" testType="13cdc9d9-ddb5-4fa4-a97d-d965ccfc6d4b" outcome="Passed" testListId="8c84fa94-04c1-424b-9868-57a2d4851a1d" relativeResultsDirectory="065cc560-5c20-455b-9426-6fd5d7e6d63b">
    </UnitTestResult>
    <UnitTestResult executionId="4d4e1624-edc7-47d1-99f3-c63fa465ed98" testId="cf0331c5-2fa8-bf12-d782-16ed1b688031" testName="SegmentConstructorTest1" computerName="ANGUS-LAPTOP" duration="00:00:00.0017277" startTime="2015-03-15T23:55:48.7987738+10:00" endTime="2015-03-15T23:55:48.8057792+10:00" testType="13cdc9d9-ddb5-4fa4-a97d-d965ccfc6d4b" outcome="Passed" testListId="8c84fa94-04c1-424b-9868-57a2d4851a1d" relativeResultsDirectory="4d4e1624-edc7-47d1-99f3-c63fa465ed98">
    </UnitTestResult>
    <UnitTestResult executionId="7ac7812c-1a70-473f-8eb9-5eba3ebabec0" testId="41a40ccb-4f8b-eaf2-a926-d8737431f0a1" testName="AddTest1" computerName="ANGUS-LAPTOP" duration="00:00:00.0032899" startTime="2015-03-15T23:55:48.8137828+10:00" endTime="2015-03-15T23:55:48.8218060+10:00" testType="13cdc9d9-ddb5-4fa4-a97d-d965ccfc6d4b" outcome="Passed" testListId="8c84fa94-04c1-424b-9868-57a2d4851a1d" relativeResultsDirectory="7ac7812c-1a70-473f-8eb9-5eba3ebabec0">
    </UnitTestResult>
    <UnitTestResult executionId="b061cad7-5a5b-4d70-b01a-fd75cdb38833" testId="0ea72b90-d965-177f-3b59-b23d18e2180f" testName="AddTest2" computerName="ANGUS-LAPTOP" duration="00:00:00.0013081" startTime="2015-03-15T23:55:48.8297937+10:00" endTime="2015-03-15T23:55:48.8438203+10:00" testType="13cdc9d9-ddb5-4fa4-a97d-d965ccfc6d4b" outcome="Passed" testListId="8c84fa94-04c1-424b-9868-57a2d4851a1d" relativeResultsDirectory="b061cad7-5a5b-4d70-b01a-fd75cdb38833">
    </UnitTestResult>
    <UnitTestResult executionId="02eadf00-d387-4b0a-a3ae-8a49107503f9" testId="c25354f1-91ca-77ad-073d-519f37cb713d" testName="ClearAllTest" computerName="ANGUS-LAPTOP" duration="00:00:00.0014176" startTime="2015-03-15T23:55:48.8518093+10:00" endTime="2015-03-15T23:55:48.8578166+10:00" testType="13cdc9d9-ddb5-4fa4-a97d-d965ccfc6d4b" outcome="Passed" testListId="8c84fa94-04c1-424b-9868-57a2d4851a1d" relativeResultsDirectory="02eadf00-d387-4b0a-a3ae-8a49107503f9">
    </UnitTestResult>
    <UnitTestResult executionId="1a22f390-bc1e-4d0a-b797-febcb3397262" testId="c3f602b3-e22c-03e3-9482-4e48793ee541" testName="CloneTest" computerName="ANGUS-LAPTOP" duration="00:00:00.0008707" startTime="2015-03-15T23:55:48.8658193+10:00" endTime="2015-03-15T23:55:48.8708228+10:00" testType="13cdc9d9-ddb5-4fa4-a97d-d965ccfc6d4b" outcome="Passed" testListId="8c84fa94-04c1-424b-9868-57a2d4851a1d" relativeResultsDirectory="1a22f390-bc1e-4d0a-b797-febcb3397262">
    </UnitTestResult>
    <UnitTestResult executionId="1c7cf4b1-800f-4d6a-aa81-0021471469be" testId="309eaed0-406a-b977-2776-25e33edaa131" testName="ElementTest" computerName="ANGUS-LAPTOP" duration="00:00:00.0011307" startTime="2015-03-15T23:55:48.8788285+10:00" endTime="2015-03-15T23:55:48.8848358+10:00" testType="13cdc9d9-ddb5-4fa4-a97d-d965ccfc6d4b" outcome="Passed" testListId="8c84fa94-04c1-424b-9868-57a2d4851a1d" relativeResultsDirectory="1c7cf4b1-800f-4d6a-aa81-0021471469be">
    </UnitTestResult>
    <UnitTestResult executionId="aea9edfd-765a-4499-8c96-af1a5daa24c4" testId="37d7cf32-7d6e-fd8d-c748-95a5f9978a3b" testName="FieldTest" computerName="ANGUS-LAPTOP" duration="00:00:00.0012538" startTime="2015-03-15T23:55:48.8918373+10:00" endTime="2015-03-15T23:55:48.8978416+10:00" testType="13cdc9d9-ddb5-4fa4-a97d-d965ccfc6d4b" outcome="Passed" testListId="8c84fa94-04c1-424b-9868-57a2d4851a1d" relativeResultsDirectory="aea9edfd-765a-4499-8c96-af1a5daa24c4">
    </UnitTestResult>
    <UnitTestResult executionId="1bf7a710-77b0-4c02-97ed-a098be128f8d" testId="b66803f3-d1c3-75df-448f-f4647b60ee70" testName="InsertTest" computerName="ANGUS-LAPTOP" duration="00:00:00.0501740" startTime="2015-03-15T23:55:48.9314594+10:00" endTime="2015-03-15T23:55:48.9854974+10:00" testType="13cdc9d9-ddb5-4fa4-a97d-d965ccfc6d4b" outcome="Passed" testListId="8c84fa94-04c1-424b-9868-57a2d4851a1d" relativeResultsDirectory="1bf7a710-77b0-4c02-97ed-a098be128f8d">
    </UnitTestResult>
    <UnitTestResult executionId="21fab31b-9c12-49ec-b054-f7be347ff710" testId="6dbc6246-dac8-b085-dab5-ae377dd35ff4" testName="InsertTest1" computerName="ANGUS-LAPTOP" duration="00:00:00.0296804" startTime="2015-03-15T23:55:48.9955045+10:00" endTime="2015-03-15T23:55:49.0305499+10:00" testType="13cdc9d9-ddb5-4fa4-a97d-d965ccfc6d4b" outcome="Passed" testListId="8c84fa94-04c1-424b-9868-57a2d4851a1d" relativeResultsDirectory="21fab31b-9c12-49ec-b054-f7be347ff710">
    </UnitTestResult>
    <UnitTestResult executionId="13467dc3-bb6a-4fe1-81f5-d5f2d9df0557" testId="23250478-3e21-0f3a-b9d4-b6567e952dab" testName="RemoveElementAtTest" computerName="ANGUS-LAPTOP" duration="00:00:00.0440560" startTime="2015-03-15T23:55:49.0395670+10:00" endTime="2015-03-15T23:55:49.0906053+10:00" testType="13cdc9d9-ddb5-4fa4-a97d-d965ccfc6d4b" outcome="Passed" testListId="8c84fa94-04c1-424b-9868-57a2d4851a1d" relativeResultsDirectory="13467dc3-bb6a-4fe1-81f5-d5f2d9df0557">
    </UnitTestResult>
    <UnitTestResult executionId="2cfe1393-b14b-47ac-8c0f-4559b93c3c89" testId="62c24a39-3e15-9930-3a10-9e29e5408430" testName="RemoveFieldAtTest" computerName="ANGUS-LAPTOP" duration="00:00:00.0415299" startTime="2015-03-15T23:55:49.1016153+10:00" endTime="2015-03-15T23:55:49.1486743+10:00" testType="13cdc9d9-ddb5-4fa4-a97d-d965ccfc6d4b" outcome="Passed" testListId="8c84fa94-04c1-424b-9868-57a2d4851a1d" relativeResultsDirectory="2cfe1393-b14b-47ac-8c0f-4559b93c3c89">
    </UnitTestResult>
    <UnitTestResult executionId="f9d2513c-2b8d-458a-aa30-4d3937bd4578" testId="593a920e-748d-d2c8-1eef-c1a6246e1faf" testName="ToStringTest" computerName="ANGUS-LAPTOP" duration="00:00:00.0041153" startTime="2015-03-15T23:55:49.1576777+10:00" endTime="2015-03-15T23:55:49.1677019+10:00" testType="13cdc9d9-ddb5-4fa4-a97d-d965ccfc6d4b" outcome="Passed" testListId="8c84fa94-04c1-424b-9868-57a2d4851a1d" relativeResultsDirectory="f9d2513c-2b8d-458a-aa30-4d3937bd4578">
    </UnitTestResult>
    <UnitTestResult executionId="a35e5b80-c29c-4a6b-a315-773d64c41787" testId="61d915a8-86d1-e168-b602-35ae0b47f9fd" testName="AsStringTest" computerName="ANGUS-LAPTOP" duration="00:00:00.0186859" startTime="2015-03-15T23:55:49.1746898+10:00" endTime="2015-03-15T23:55:49.1977237+10:00" testType="13cdc9d9-ddb5-4fa4-a97d-d965ccfc6d4b" outcome="Passed" testListId="8c84fa94-04c1-424b-9868-57a2d4851a1d" relativeResultsDirectory="a35e5b80-c29c-4a6b-a315-773d64c41787">
    </UnitTestResult>
    <UnitTestResult executionId="990e4f92-8a8f-4e5b-aa27-6e4fa3f753d8" testId="0844c158-a09b-d477-298d-b8878e5ac24c" testName="AsStringRawTest" computerName="ANGUS-LAPTOP" duration="00:00:00.0136507" startTime="2015-03-15T23:55:49.2057118+10:00" endTime="2015-03-15T23:55:49.2247253+10:00" testType="13cdc9d9-ddb5-4fa4-a97d-d965ccfc6d4b" outcome="Passed" testListId="8c84fa94-04c1-424b-9868-57a2d4851a1d" relativeResultsDirectory="990e4f92-8a8f-4e5b-aa27-6e4fa3f753d8">
    </UnitTestResult>
    <UnitTestResult executionId="ad882b35-2372-4721-bc10-ff99769bbbf7" testId="2c490933-23ca-68f4-cbd9-a962f93322ae" testName="CodeTest" computerName="ANGUS-LAPTOP" duration="00:00:00.0004490" startTime="2015-03-15T23:55:49.2317337+10:00" endTime="2015-03-15T23:55:49.2367368+10:00" testType="13cdc9d9-ddb5-4fa4-a97d-d965ccfc6d4b" outcome="Passed" testListId="8c84fa94-04c1-424b-9868-57a2d4851a1d" relativeResultsDirectory="ad882b35-2372-4721-bc10-ff99769bbbf7">
    </UnitTestResult>
    <UnitTestResult executionId="418f99db-f735-43ad-a056-1c2d45e42f3c" testId="ec189549-039f-45e1-76a6-e98207878bbb" testName="ElementCountTest" computerName="ANGUS-LAPTOP" duration="00:00:00.0003391" startTime="2015-03-15T23:55:49.2457398+10:00" endTime="2015-03-15T23:55:49.2497602+10:00" testType="13cdc9d9-ddb5-4fa4-a97d-d965ccfc6d4b" outcome="Passed" testListId="8c84fa94-04c1-424b-9868-57a2d4851a1d" relativeResultsDirectory="418f99db-f735-43ad-a056-1c2d45e42f3c">
    </UnitTestResult>
    <UnitTestResult executionId="689ea702-aa11-4325-af31-f7c7c83ef179" testId="a377d093-f83b-e7bd-a0ac-c17a19edb172" testName="ElementListTest" computerName="ANGUS-LAPTOP" duration="00:00:00.0071016" startTime="2015-03-15T23:55:49.2587495+10:00" endTime="2015-03-15T23:55:49.2707610+10:00" testType="13cdc9d9-ddb5-4fa4-a97d-d965ccfc6d4b" outcome="Passed" testListId="8c84fa94-04c1-424b-9868-57a2d4851a1d" relativeResultsDirectory="689ea702-aa11-4325-af31-f7c7c83ef179">
    </UnitTestResult>
    <UnitTestResult executionId="038f6fca-565c-4c9d-a273-4f8e2afcfb47" testId="022ebc19-0254-f9d2-e8a4-73c912b322ed" testName="FieldCountTest" computerName="ANGUS-LAPTOP" duration="00:00:00.0005379" startTime="2015-03-15T23:55:49.2797712+10:00" endTime="2015-03-15T23:55:49.2847718+10:00" testType="13cdc9d9-ddb5-4fa4-a97d-d965ccfc6d4b" outcome="Passed" testListId="8c84fa94-04c1-424b-9868-57a2d4851a1d" relativeResultsDirectory="038f6fca-565c-4c9d-a273-4f8e2afcfb47">
    </UnitTestResult>
    <UnitTestResult executionId="7bfd23f8-cfb4-4a5e-bcb6-af0e0b8936a3" testId="cf4312db-1cfd-c36c-6be2-11038648e5ab" testName="IsEmptyTest" computerName="ANGUS-LAPTOP" duration="00:00:00.0014095" startTime="2015-03-15T23:55:49.2927732+10:00" endTime="2015-03-15T23:55:49.2997816+10:00" testType="13cdc9d9-ddb5-4fa4-a97d-d965ccfc6d4b" outcome="Passed" testListId="8c84fa94-04c1-424b-9868-57a2d4851a1d" relativeResultsDirectory="7bfd23f8-cfb4-4a5e-bcb6-af0e0b8936a3">
    </UnitTestResult>
    <UnitTestResult executionId="946c8b5c-6086-4fd1-aeca-4bfd23ea05fa" testId="843d7c55-8e65-7aae-3224-87c8a2ae1608" testName="PathInformationTest" computerName="ANGUS-LAPTOP" duration="00:00:00.0083469" startTime="2015-03-15T23:55:49.3077885+10:00" endTime="2015-03-15T23:55:49.3207931+10:00" testType="13cdc9d9-ddb5-4fa4-a97d-d965ccfc6d4b" outcome="Passed" testListId="8c84fa94-04c1-424b-9868-57a2d4851a1d" relativeResultsDirectory="946c8b5c-6086-4fd1-aeca-4bfd23ea05fa">
    </UnitTestResult>
    <UnitTestResult executionId="75c84833-c9d9-4d47-8a29-7c56812af520" testId="369bfc87-6600-6ec7-a8e2-f11d970fc6f9" testName="ComponentConstructorTest" computerName="ANGUS-LAPTOP" duration="00:00:00.0008677" startTime="2015-03-15T23:55:49.3288026+10:00" endTime="2015-03-15T23:55:49.3348034+10:00" testType="13cdc9d9-ddb5-4fa4-a97d-d965ccfc6d4b" outcome="Passed" testListId="8c84fa94-04c1-424b-9868-57a2d4851a1d" relativeResultsDirectory="75c84833-c9d9-4d47-8a29-7c56812af520">
    </UnitTestResult>
    <UnitTestResult executionId="98473fae-186d-41a4-8bf9-07888415b969" testId="a6eb57c4-f127-befd-4cff-cd6450458a49" testName="ComponentConstructorTest1" computerName="ANGUS-LAPTOP" duration="00:00:00.0005290" startTime="2015-03-15T23:55:49.3418101+10:00" endTime="2015-03-15T23:55:49.3468295+10:00" testType="13cdc9d9-ddb5-4fa4-a97d-d965ccfc6d4b" outcome="Passed" testListId="8c84fa94-04c1-424b-9868-57a2d4851a1d" relativeResultsDirectory="98473fae-186d-41a4-8bf9-07888415b969">
    </UnitTestResult>
    <UnitTestResult executionId="fd063905-b2ed-4c77-9d2e-481b8034e119" testId="51a85036-5f64-e861-a6da-8054c6aea340" testName="ComponentConstructorTest2" computerName="ANGUS-LAPTOP" duration="00:00:00.0007753" startTime="2015-03-15T23:55:49.3558184+10:00" endTime="2015-03-15T23:55:49.3618402+10:00" testType="13cdc9d9-ddb5-4fa4-a97d-d965ccfc6d4b" outcome="Passed" testListId="8c84fa94-04c1-424b-9868-57a2d4851a1d" relativeResultsDirectory="fd063905-b2ed-4c77-9d2e-481b8034e119">
    </UnitTestResult>
    <UnitTestResult executionId="c86f79d2-b607-426a-b2e1-1e85e2ea2351" testId="185dc60c-75d6-b20a-81be-f0dc0aef7d75" testName="ComponentConstructorTest3" computerName="ANGUS-LAPTOP" duration="00:00:00.0005050" startTime="2015-03-15T23:55:49.3688327+10:00" endTime="2015-03-15T23:55:49.3738311+10:00" testType="13cdc9d9-ddb5-4fa4-a97d-d965ccfc6d4b" outcome="Passed" testListId="8c84fa94-04c1-424b-9868-57a2d4851a1d" relativeResultsDirectory="c86f79d2-b607-426a-b2e1-1e85e2ea2351">
    </UnitTestResult>
    <UnitTestResult executionId="0385906a-ddd5-4723-99b5-8be915343b55" testId="676d25eb-96ba-b58d-4ca9-a91acd9cc17d" testName="AddTest1" computerName="ANGUS-LAPTOP" duration="00:00:00.0028892" startTime="2015-03-15T23:55:49.3818368+10:00" endTime="2015-03-15T23:55:49.3918439+10:00" testType="13cdc9d9-ddb5-4fa4-a97d-d965ccfc6d4b" outcome="Passed" testListId="8c84fa94-04c1-424b-9868-57a2d4851a1d" relativeResultsDirectory="0385906a-ddd5-4723-99b5-8be915343b55">
    </UnitTestResult>
    <UnitTestResult executionId="a46ea7bf-a353-4a84-9d27-f30d95a23c2b" testId="ad159295-304a-454e-5aef-3d16df864bbe" testName="AddTest2" computerName="ANGUS-LAPTOP" duration="00:00:00.0030799" startTime="2015-03-15T23:55:49.3998522+10:00" endTime="2015-03-15T23:55:49.4068717+10:00" testType="13cdc9d9-ddb5-4fa4-a97d-d965ccfc6d4b" outcome="Passed" testListId="8c84fa94-04c1-424b-9868-57a2d4851a1d" relativeResultsDirectory="a46ea7bf-a353-4a84-9d27-f30d95a23c2b">
    </UnitTestResult>
    <UnitTestResult executionId="c01995a8-27cd-4fc7-b531-d9462e5a26e0" testId="f905724f-1c6d-f503-1ea1-99061dc1e8c0" testName="ClearAllTest" computerName="ANGUS-LAPTOP" duration="00:00:00.0007116" startTime="2015-03-15T23:55:49.4158610+10:00" endTime="2015-03-15T23:55:49.4208675+10:00" testType="13cdc9d9-ddb5-4fa4-a97d-d965ccfc6d4b" outcome="Passed" testListId="8c84fa94-04c1-424b-9868-57a2d4851a1d" relativeResultsDirectory="c01995a8-27cd-4fc7-b531-d9462e5a26e0">
    </UnitTestResult>
    <UnitTestResult executionId="78fed9e1-9198-4bd9-b469-92e538f4269f" testId="dc85e865-8853-fe27-7c73-49c537e0422c" testName="CloneTest" computerName="ANGUS-LAPTOP" duration="00:00:00.0005076" startTime="2015-03-15T23:55:49.4298743+10:00" endTime="2015-03-15T23:55:49.4348916+10:00" testType="13cdc9d9-ddb5-4fa4-a97d-d965ccfc6d4b" outcome="Passed" testListId="8c84fa94-04c1-424b-9868-57a2d4851a1d" relativeResultsDirectory="78fed9e1-9198-4bd9-b469-92e538f4269f">
    </UnitTestResult>
    <UnitTestResult executionId="e0ef548b-495f-4a0b-a9bc-7f28f0f8b3fe" testId="0170dd5b-04c0-9d08-ac20-91df6a41bef8" testName="ContentTest" computerName="ANGUS-LAPTOP" duration="00:00:00.0004400" startTime="2015-03-15T23:55:49.4428832+10:00" endTime="2015-03-15T23:55:49.4489020+10:00" testType="13cdc9d9-ddb5-4fa4-a97d-d965ccfc6d4b" outcome="Passed" testListId="8c84fa94-04c1-424b-9868-57a2d4851a1d" relativeResultsDirectory="e0ef548b-495f-4a0b-a9bc-7f28f0f8b3fe">
    </UnitTestResult>
    <UnitTestResult executionId="beb45c5e-24b4-417f-a446-32bfbc2c4d03" testId="9e897f89-e5b1-083a-7aab-f2a7899996d0" testName="InsertTest" computerName="ANGUS-LAPTOP" duration="00:00:00.0005995" startTime="2015-03-15T23:55:49.4568901+10:00" endTime="2015-03-15T23:55:49.4618937+10:00" testType="13cdc9d9-ddb5-4fa4-a97d-d965ccfc6d4b" outcome="Passed" testListId="8c84fa94-04c1-424b-9868-57a2d4851a1d" relativeResultsDirectory="beb45c5e-24b4-417f-a446-32bfbc2c4d03">
    </UnitTestResult>
    <UnitTestResult executionId="16fe3e38-97c8-4eb1-8edc-f8a1e16e8262" testId="bc0f9aee-af0e-309f-c331-5b7305dffd88" testName="InsertTest1" computerName="ANGUS-LAPTOP" duration="00:00:00.0013364" startTime="2015-03-15T23:55:49.4698998+10:00" endTime="2015-03-15T23:55:49.4769069+10:00" testType="13cdc9d9-ddb5-4fa4-a97d-d965ccfc6d4b" outcome="Passed" testListId="8c84fa94-04c1-424b-9868-57a2d4851a1d" relativeResultsDirectory="16fe3e38-97c8-4eb1-8edc-f8a1e16e8262">
    </UnitTestResult>
    <UnitTestResult executionId="f7effe35-d272-4720-bcff-b2080fa91384" testId="90c445ca-3a67-c106-b015-7a4dd4a33253" testName="RemoveContentAtTest" computerName="ANGUS-LAPTOP" duration="00:00:00.0012679" startTime="2015-03-15T23:55:49.4859103+10:00" endTime="2015-03-15T23:55:49.4929153+10:00" testType="13cdc9d9-ddb5-4fa4-a97d-d965ccfc6d4b" outcome="Passed" testListId="8c84fa94-04c1-424b-9868-57a2d4851a1d" relativeResultsDirectory="f7effe35-d272-4720-bcff-b2080fa91384">
    </UnitTestResult>
    <UnitTestResult executionId="65a96141-0e4b-4137-aa40-0432aa3c3cb0" testId="f68c8a02-1470-d08d-1c7b-4369d1481c87" testName="RemoveSubComponentAtTest" computerName="ANGUS-LAPTOP" duration="00:00:00.0010823" startTime="2015-03-15T23:55:49.5009214+10:00" endTime="2015-03-15T23:55:49.5059245+10:00" testType="13cdc9d9-ddb5-4fa4-a97d-d965ccfc6d4b" outcome="Passed" testListId="8c84fa94-04c1-424b-9868-57a2d4851a1d" relativeResultsDirectory="65a96141-0e4b-4137-aa40-0432aa3c3cb0">
    </UnitTestResult>
    <UnitTestResult executionId="3ffdc912-cc7a-445e-8c32-50c6e442f6a0" testId="3bbb9637-de42-44c8-d031-1764421810d0" testName="SetTest" computerName="ANGUS-LAPTOP" duration="00:00:00.0011388" startTime="2015-03-15T23:55:49.5159320+10:00" endTime="2015-03-15T23:55:49.5219371+10:00" testType="13cdc9d9-ddb5-4fa4-a97d-d965ccfc6d4b" outcome="Passed" testListId="8c84fa94-04c1-424b-9868-57a2d4851a1d" relativeResultsDirectory="3ffdc912-cc7a-445e-8c32-50c6e442f6a0">
    </UnitTestResult>
    <UnitTestResult executionId="a8f03acc-5a4e-4215-afb6-cec21592d66c" testId="b3d350c4-b091-6fe0-74e1-34517bbb2e68" testName="SetTest1" computerName="ANGUS-LAPTOP" duration="00:00:00.0008642" startTime="2015-03-15T23:55:49.5540120+10:00" endTime="2015-03-15T23:55:49.5600172+10:00" testType="13cdc9d9-ddb5-4fa4-a97d-d965ccfc6d4b" outcome="Passed" testListId="8c84fa94-04c1-424b-9868-57a2d4851a1d" relativeResultsDirectory="a8f03acc-5a4e-4215-afb6-cec21592d66c">
    </UnitTestResult>
    <UnitTestResult executionId="3c040b3e-9faa-47a1-8b80-eac4b6219fea" testId="c3d2d8ae-14f9-c6cb-f090-b1bbcb1098e1" testName="SubComponentTest" computerName="ANGUS-LAPTOP" duration="00:00:00.0004464" startTime="2015-03-15T23:55:49.5670191+10:00" endTime="2015-03-15T23:55:49.5730247+10:00" testType="13cdc9d9-ddb5-4fa4-a97d-d965ccfc6d4b" outcome="Passed" testListId="8c84fa94-04c1-424b-9868-57a2d4851a1d" relativeResultsDirectory="3c040b3e-9faa-47a1-8b80-eac4b6219fea">
    </UnitTestResult>
    <UnitTestResult executionId="1390d8b1-a9d1-43c1-84a5-a73cf81183af" testId="eb7c9f06-98e8-445c-f673-5e23c0368493" testName="ToStringTest" computerName="ANGUS-LAPTOP" duration="00:00:00.0005127" startTime="2015-03-15T23:55:49.5820298+10:00" endTime="2015-03-15T23:55:49.5880366+10:00" testType="13cdc9d9-ddb5-4fa4-a97d-d965ccfc6d4b" outcome="Passed" testListId="8c84fa94-04c1-424b-9868-57a2d4851a1d" relativeResultsDirectory="1390d8b1-a9d1-43c1-84a5-a73cf81183af">
    </UnitTestResult>
    <UnitTestResult executionId="1f493d35-9db6-429f-9eb9-f136aa4b8643" testId="33cb0d51-1036-f8e4-de2e-0a4394912383" testName="AsStringTest" computerName="ANGUS-LAPTOP" duration="00:00:00.0006354" startTime="2015-03-15T23:55:49.5950407+10:00" endTime="2015-03-15T23:55:49.6010600+10:00" testType="13cdc9d9-ddb5-4fa4-a97d-d965ccfc6d4b" outcome="Passed" testListId="8c84fa94-04c1-424b-9868-57a2d4851a1d" relativeResultsDirectory="1f493d35-9db6-429f-9eb9-f136aa4b8643">
    </UnitTestResult>
    <UnitTestResult executionId="8c8e90bd-8079-4fbb-9c08-f487044d3c13" testId="103ae38f-7bdb-fa7e-61ed-44691586c811" testName="AsStringRawTest" computerName="ANGUS-LAPTOP" duration="00:00:00.0003382" startTime="2015-03-15T23:55:49.6080530+10:00" endTime="2015-03-15T23:55:49.6140525+10:00" testType="13cdc9d9-ddb5-4fa4-a97d-d965ccfc6d4b" outcome="Passed" testListId="8c84fa94-04c1-424b-9868-57a2d4851a1d" relativeResultsDirectory="8c8e90bd-8079-4fbb-9c08-f487044d3c13">
    </UnitTestResult>
    <UnitTestResult executionId="87dd264d-2cbc-4ed0-b79a-76b1a21edb9e" testId="99583b5b-0b22-162b-1710-cae4f7ff2a39" testName="ContentCountTest" computerName="ANGUS-LAPTOP" duration="00:00:00.0022537" startTime="2015-03-15T23:55:49.6910255+10:00" endTime="2015-03-15T23:55:49.7070369+10:00" testType="13cdc9d9-ddb5-4fa4-a97d-d965ccfc6d4b" outcome="Passed" testListId="8c84fa94-04c1-424b-9868-57a2d4851a1d" relativeResultsDirectory="87dd264d-2cbc-4ed0-b79a-76b1a21edb9e">
    </UnitTestResult>
    <UnitTestResult executionId="8080073d-f7da-426c-9417-7eab7ab3ba17" testId="07a45700-0b26-e484-c6c1-cc15104bb68b" testName="IsEmptyTest" computerName="ANGUS-LAPTOP" duration="00:00:00.0005593" startTime="2015-03-15T23:55:49.7260504+10:00" endTime="2015-03-15T23:55:49.7380576+10:00" testType="13cdc9d9-ddb5-4fa4-a97d-d965ccfc6d4b" outcome="Passed" testListId="8c84fa94-04c1-424b-9868-57a2d4851a1d" relativeResultsDirectory="8080073d-f7da-426c-9417-7eab7ab3ba17">
    </UnitTestResult>
    <UnitTestResult executionId="da9dac78-3d4c-4add-aae5-3dc84b1b126a" testId="3296d32a-d554-a5a0-56b4-4587df1a76bd" testName="IsHL7NullTest" computerName="ANGUS-LAPTOP" duration="00:00:00.0013984" startTime="2015-03-15T23:55:49.7500670+10:00" endTime="2015-03-15T23:55:49.7600780+10:00" testType="13cdc9d9-ddb5-4fa4-a97d-d965ccfc6d4b" outcome="Passed" testListId="8c84fa94-04c1-424b-9868-57a2d4851a1d" relativeResultsDirectory="da9dac78-3d4c-4add-aae5-3dc84b1b126a">
    </UnitTestResult>
    <UnitTestResult executionId="c796237a-b889-4483-a1b6-445024b3aedf" testId="ab9e9665-3f72-e3ec-cde1-28e4338cc8ba" testName="SubComponentCountTest" computerName="ANGUS-LAPTOP" duration="00:00:00.0003998" startTime="2015-03-15T23:55:49.7700808+10:00" endTime="2015-03-15T23:55:49.7770853+10:00" testType="13cdc9d9-ddb5-4fa4-a97d-d965ccfc6d4b" outcome="Passed" testListId="8c84fa94-04c1-424b-9868-57a2d4851a1d" relativeResultsDirectory="c796237a-b889-4483-a1b6-445024b3aedf">
    </UnitTestResult>
    <UnitTestResult executionId="8baf508b-b8ee-4704-a7a4-e3788a47d9a4" testId="485fbc4e-b87e-c449-d941-c4ad880a6114" testName="SubComponentListTest" computerName="ANGUS-LAPTOP" duration="00:00:00.0024282" startTime="2015-03-15T23:55:49.7870924+10:00" endTime="2015-03-15T23:55:49.7961014+10:00" testType="13cdc9d9-ddb5-4fa4-a97d-d965ccfc6d4b" outcome="Passed" testListId="8c84fa94-04c1-424b-9868-57a2d4851a1d" relativeResultsDirectory="8baf508b-b8ee-4704-a7a4-e3788a47d9a4">
    </UnitTestResult>
    <UnitTestResult executionId="a366d10d-a0e4-4a60-81c3-cc328f0e489a" testId="2a867a65-2f84-ff26-c105-0f078d77b06c" testName="PathInformationTest" computerName="ANGUS-LAPTOP" duration="00:00:00.0006778" startTime="2015-03-15T23:55:49.8081074+10:00" endTime="2015-03-15T23:55:49.8161130+10:00" testType="13cdc9d9-ddb5-4fa4-a97d-d965ccfc6d4b" outcome="Passed" testListId="8c84fa94-04c1-424b-9868-57a2d4851a1d" relativeResultsDirectory="a366d10d-a0e4-4a60-81c3-cc328f0e489a">
    </UnitTestResult>
    <UnitTestResult executionId="93dd1249-ca1e-4fe7-ad80-69120dea5d25" testId="dc5c1174-a19a-b858-78d3-868e90f52906" testName="DecoderTest" computerName="ANGUS-LAPTOP" duration="00:00:00.0030513" startTime="2015-03-15T23:55:49.8261223+10:00" endTime="2015-03-15T23:55:49.8361272+10:00" testType="13cdc9d9-ddb5-4fa4-a97d-d965ccfc6d4b" outcome="Passed" testListId="8c84fa94-04c1-424b-9868-57a2d4851a1d" relativeResultsDirectory="93dd1249-ca1e-4fe7-ad80-69120dea5d25">
    </UnitTestResult>
    <UnitTestResult executionId="6a7edec5-f36c-4ca3-82dc-6c7d8263602f" testId="862b0f23-3edd-c5ed-5811-6f4626fd9e20" testName="EncoderTest" computerName="ANGUS-LAPTOP" duration="00:00:00.0002061" startTime="2015-03-15T23:55:49.8481375+10:00" endTime="2015-03-15T23:55:49.8551407+10:00" testType="13cdc9d9-ddb5-4fa4-a97d-d965ccfc6d4b" outcome="Passed" testListId="8c84fa94-04c1-424b-9868-57a2d4851a1d" relativeResultsDirectory="6a7edec5-f36c-4ca3-82dc-6c7d8263602f">
    </UnitTestResult>
    <UnitTestResult executionId="75047644-4f30-4fdc-91c8-9108e17da8f1" testId="0f69c36b-493c-8fb0-e292-61a29a24b837" testName="MessageConstructorTest" computerName="ANGUS-LAPTOP" duration="00:00:00.0157761" startTime="2015-03-15T23:55:49.8651483+10:00" endTime="2015-03-15T23:55:49.8881697+10:00" testType="13cdc9d9-ddb5-4fa4-a97d-d965ccfc6d4b" outcome="Passed" testListId="8c84fa94-04c1-424b-9868-57a2d4851a1d" relativeResultsDirectory="75047644-4f30-4fdc-91c8-9108e17da8f1">
    </UnitTestResult>
    <UnitTestResult executionId="964f227b-2e58-4807-ba02-e79b7bafe9a1" testId="2f654289-9617-b10b-e542-e8186ac6ae6d" testName="MessageConstructorTest1" computerName="ANGUS-LAPTOP" duration="00:00:00.0056676" startTime="2015-03-15T23:55:49.8981717+10:00" endTime="2015-03-15T23:55:49.9101832+10:00" testType="13cdc9d9-ddb5-4fa4-a97d-d965ccfc6d4b" outcome="Passed" testListId="8c84fa94-04c1-424b-9868-57a2d4851a1d" relativeResultsDirectory="964f227b-2e58-4807-ba02-e79b7bafe9a1">
    </UnitTestResult>
    <UnitTestResult executionId="277d8bbc-6e4a-4f20-93ed-9aa2fccb619c" testId="2b092f7d-5a0b-451d-0f1f-2d05899b85b2" testName="MessageConstructorTest2" computerName="ANGUS-LAPTOP" duration="00:00:00.0054213" startTime="2015-03-15T23:55:49.9231890+10:00" endTime="2015-03-15T23:55:49.9341990+10:00" testType="13cdc9d9-ddb5-4fa4-a97d-d965ccfc6d4b" outcome="Passed" testListId="8c84fa94-04c1-424b-9868-57a2d4851a1d" relativeResultsDirectory="277d8bbc-6e4a-4f20-93ed-9aa2fccb619c">
    </UnitTestResult>
    <UnitTestResult executionId="d373b774-0937-461a-b90a-148460647853" testId="6604cd26-de27-ebd9-cd59-d7c8c3f48c0d" testName="MessageConstructorTest3" computerName="ANGUS-LAPTOP" duration="00:00:00.0016490" startTime="2015-03-15T23:55:49.9442040+10:00" endTime="2015-03-15T23:55:49.9522144+10:00" testType="13cdc9d9-ddb5-4fa4-a97d-d965ccfc6d4b" outcome="Passed" testListId="8c84fa94-04c1-424b-9868-57a2d4851a1d" relativeResultsDirectory="d373b774-0937-461a-b90a-148460647853">
    </UnitTestResult>
    <UnitTestResult executionId="c3c787d0-4c1a-4b91-a6e5-165dd7489b4f" testId="9d575baf-4a71-ba25-05e3-403d9f9e7372" testName="AddTest1" computerName="ANGUS-LAPTOP" duration="00:00:00.0172109" startTime="2015-03-15T23:55:49.9642186+10:00" endTime="2015-03-15T23:55:49.9882348+10:00" testType="13cdc9d9-ddb5-4fa4-a97d-d965ccfc6d4b" outcome="Passed" testListId="8c84fa94-04c1-424b-9868-57a2d4851a1d" relativeResultsDirectory="c3c787d0-4c1a-4b91-a6e5-165dd7489b4f">
    </UnitTestResult>
    <UnitTestResult executionId="0521f4c8-5e89-4a16-9803-1f6fbf0c8fb4" testId="90fdd12e-0421-b4a1-ef81-0bb83465e065" testName="ClearAllTest" computerName="ANGUS-LAPTOP" duration="00:00:00.0140026" startTime="2015-03-15T23:55:49.9972416+10:00" endTime="2015-03-15T23:55:50.0162581+10:00" testType="13cdc9d9-ddb5-4fa4-a97d-d965ccfc6d4b" outcome="Passed" testListId="8c84fa94-04c1-424b-9868-57a2d4851a1d" relativeResultsDirectory="0521f4c8-5e89-4a16-9803-1f6fbf0c8fb4">
    </UnitTestResult>
    <UnitTestResult executionId="3836a746-b909-4f91-bbae-584bc7b8be47" testId="faec3610-6546-8bf2-fdbe-dee7799c6609" testName="CloneTest" computerName="ANGUS-LAPTOP" duration="00:00:00.0116997" startTime="2015-03-15T23:55:50.0242604+10:00" endTime="2015-03-15T23:55:50.0412754+10:00" testType="13cdc9d9-ddb5-4fa4-a97d-d965ccfc6d4b" outcome="Passed" testListId="8c84fa94-04c1-424b-9868-57a2d4851a1d" relativeResultsDirectory="3836a746-b909-4f91-bbae-584bc7b8be47">
    </UnitTestResult>
    <UnitTestResult executionId="53581c1a-5b77-4499-9665-468ac9f56b67" testId="94e97998-8db0-2910-eb4b-454814672011" testName="InsertTest" computerName="ANGUS-LAPTOP" duration="00:00:00.0188732" startTime="2015-03-15T23:55:50.0492785+10:00" endTime="2015-03-15T23:55:50.0742967+10:00" testType="13cdc9d9-ddb5-4fa4-a97d-d965ccfc6d4b" outcome="Passed" testListId="8c84fa94-04c1-424b-9868-57a2d4851a1d" relativeResultsDirectory="53581c1a-5b77-4499-9665-468ac9f56b67">
    </UnitTestResult>
    <UnitTestResult executionId="3a43a915-851e-4cff-8f7f-3e0a60ef8402" testId="64d2a0a5-d6a5-16ae-7d91-b88c49d33cb5" testName="RemoveSegmentAtTest" computerName="ANGUS-LAPTOP" duration="00:00:00.0032745" startTime="2015-03-15T23:55:50.0843034+10:00" endTime="2015-03-15T23:55:50.0933094+10:00" testType="13cdc9d9-ddb5-4fa4-a97d-d965ccfc6d4b" outcome="Passed" testListId="8c84fa94-04c1-424b-9868-57a2d4851a1d" relativeResultsDirectory="3a43a915-851e-4cff-8f7f-3e0a60ef8402">
    </UnitTestResult>
    <UnitTestResult executionId="9dfba136-3b75-4750-920b-cc9e8f464ba4" testId="1713cf26-171e-b64b-87bb-b96ad4328d79" testName="SegmentTest" computerName="ANGUS-LAPTOP" duration="00:00:00.0047555" startTime="2015-03-15T23:55:50.1003156+10:00" endTime="2015-03-15T23:55:50.1103215+10:00" testType="13cdc9d9-ddb5-4fa4-a97d-d965ccfc6d4b" outcome="Passed" testListId="8c84fa94-04c1-424b-9868-57a2d4851a1d" relativeResultsDirectory="9dfba136-3b75-4750-920b-cc9e8f464ba4">
    </UnitTestResult>
    <UnitTestResult executionId="2a34c54b-f876-4976-abd0-32621111c1eb" testId="657b03ae-c6ed-cf3b-d3fd-383cfaaed277" testName="SegmentTest1" computerName="ANGUS-LAPTOP" duration="00:00:00.0024868" startTime="2015-03-15T23:55:50.1183276+10:00" endTime="2015-03-15T23:55:50.1253321+10:00" testType="13cdc9d9-ddb5-4fa4-a97d-d965ccfc6d4b" outcome="Passed" testListId="8c84fa94-04c1-424b-9868-57a2d4851a1d" relativeResultsDirectory="2a34c54b-f876-4976-abd0-32621111c1eb">
    </UnitTestResult>
    <UnitTestResult executionId="0eaad4b6-6e1b-44a2-99b1-9d6150535b17" testId="b2eb1e14-bea9-e296-a2b0-1e95dd6e0f89" testName="SegmentListTest" computerName="ANGUS-LAPTOP" duration="00:00:00.0109120" startTime="2015-03-15T23:55:50.1323375+10:00" endTime="2015-03-15T23:55:50.1483502+10:00" testType="13cdc9d9-ddb5-4fa4-a97d-d965ccfc6d4b" outcome="Passed" testListId="8c84fa94-04c1-424b-9868-57a2d4851a1d" relativeResultsDirectory="0eaad4b6-6e1b-44a2-99b1-9d6150535b17">
    </UnitTestResult>
    <UnitTestResult executionId="7cc48a52-d35e-43ab-a9ba-07253860a53a" testId="beb508f7-d47b-8ea2-828f-479b5652e52a" testName="SegmentListTest1" computerName="ANGUS-LAPTOP" duration="00:00:00.0085710" startTime="2015-03-15T23:55:50.2175112+10:00" endTime="2015-03-15T23:55:50.2435562+10:00" testType="13cdc9d9-ddb5-4fa4-a97d-d965ccfc6d4b" outcome="Passed" testListId="8c84fa94-04c1-424b-9868-57a2d4851a1d" relativeResultsDirectory="7cc48a52-d35e-43ab-a9ba-07253860a53a">
    </UnitTestResult>
    <UnitTestResult executionId="5059be58-736c-471f-b695-cd9056216736" testId="068ee4da-4219-485f-f9a9-dc524fcc05e8" testName="ToStringTest" computerName="ANGUS-LAPTOP" duration="00:00:00.0124904" startTime="2015-03-15T23:55:50.2675463+10:00" endTime="2015-03-15T23:55:50.3005697+10:00" testType="13cdc9d9-ddb5-4fa4-a97d-d965ccfc6d4b" outcome="Passed" testListId="8c84fa94-04c1-424b-9868-57a2d4851a1d" relativeResultsDirectory="5059be58-736c-471f-b695-cd9056216736">
    </UnitTestResult>
    <UnitTestResult executionId="a1b47d30-74ab-4478-987f-b8df6179c0f5" testId="5e302a5a-64aa-d67b-fb8f-15049ebc8f93" testName="AsStringTest" computerName="ANGUS-LAPTOP" duration="00:00:00.0002715" startTime="2015-03-15T23:55:50.3355938+10:00" endTime="2015-03-15T23:55:50.3445997+10:00" testType="13cdc9d9-ddb5-4fa4-a97d-d965ccfc6d4b" outcome="Passed" testListId="8c84fa94-04c1-424b-9868-57a2d4851a1d" relativeResultsDirectory="a1b47d30-74ab-4478-987f-b8df6179c0f5">
    </UnitTestResult>
    <UnitTestResult executionId="28b77b0d-9998-4281-8a37-2a4c84e6fd28" testId="d58d6679-95d9-8945-1be6-c76566ab3d36" testName="AsStringRawTest" computerName="ANGUS-LAPTOP" duration="00:00:00.0061697" startTime="2015-03-15T23:55:50.3576094+10:00" endTime="2015-03-15T23:55:50.3706182+10:00" testType="13cdc9d9-ddb5-4fa4-a97d-d965ccfc6d4b" outcome="Passed" testListId="8c84fa94-04c1-424b-9868-57a2d4851a1d" relativeResultsDirectory="28b77b0d-9998-4281-8a37-2a4c84e6fd28">
    </UnitTestResult>
    <UnitTestResult executionId="b76d4c80-0d9d-43e7-8c74-9e798335475a" testId="5768ccdc-d49c-7975-171c-f0931bc421e3" testName="EscapeSequenceTest" computerName="ANGUS-LAPTOP" duration="00:00:00.0025586" startTime="2015-03-15T23:55:50.3796246+10:00" endTime="2015-03-15T23:55:50.3866291+10:00" testType="13cdc9d9-ddb5-4fa4-a97d-d965ccfc6d4b" outcome="Passed" testListId="8c84fa94-04c1-424b-9868-57a2d4851a1d" relativeResultsDirectory="b76d4c80-0d9d-43e7-8c74-9e798335475a">
    </UnitTestResult>
    <UnitTestResult executionId="df5d89d9-01df-4c7f-a57a-cd1d1f541139" testId="282e4e5e-978c-9145-a967-60e02e5af049" testName="MainSeparatorTest" computerName="ANGUS-LAPTOP" duration="00:00:00.0026262" startTime="2015-03-15T23:55:50.3936354+10:00" endTime="2015-03-15T23:55:50.4006391+10:00" testType="13cdc9d9-ddb5-4fa4-a97d-d965ccfc6d4b" outcome="Passed" testListId="8c84fa94-04c1-424b-9868-57a2d4851a1d" relativeResultsDirectory="df5d89d9-01df-4c7f-a57a-cd1d1f541139">
    </UnitTestResult>
    <UnitTestResult executionId="472e2d0f-a01d-41f6-ad09-0c8980ee07f8" testId="cc555133-a437-76ab-0a74-82c55de705e8" testName="MessageControlIDTest" computerName="ANGUS-LAPTOP" duration="00:00:00.0022870" startTime="2015-03-15T23:55:50.4086469+10:00" endTime="2015-03-15T23:55:50.4166513+10:00" testType="13cdc9d9-ddb5-4fa4-a97d-d965ccfc6d4b" outcome="Passed" testListId="8c84fa94-04c1-424b-9868-57a2d4851a1d" relativeResultsDirectory="472e2d0f-a01d-41f6-ad09-0c8980ee07f8">
    </UnitTestResult>
    <UnitTestResult executionId="ce4852a1-19a3-4dcf-bc40-014372f50254" testId="c9b407e9-f52b-5545-23a8-ac0caf216314" testName="MessageDelimitersTest" computerName="ANGUS-LAPTOP" duration="00:00:00.0040383" startTime="2015-03-15T23:55:50.4236554+10:00" endTime="2015-03-15T23:55:50.4326635+10:00" testType="13cdc9d9-ddb5-4fa4-a97d-d965ccfc6d4b" outcome="Passed" testListId="8c84fa94-04c1-424b-9868-57a2d4851a1d" relativeResultsDirectory="ce4852a1-19a3-4dcf-bc40-014372f50254">
    </UnitTestResult>
    <UnitTestResult executionId="ee9827fe-acbe-404f-9e74-b812af68664b" testId="9eda4ff3-53a4-53d4-9c19-a43129d94713" testName="MessageStructureTest" computerName="ANGUS-LAPTOP" duration="00:00:00.0026133" startTime="2015-03-15T23:55:50.4406679+10:00" endTime="2015-03-15T23:55:50.4496743+10:00" testType="13cdc9d9-ddb5-4fa4-a97d-d965ccfc6d4b" outcome="Passed" testListId="8c84fa94-04c1-424b-9868-57a2d4851a1d" relativeResultsDirectory="ee9827fe-acbe-404f-9e74-b812af68664b">
    </UnitTestResult>
    <UnitTestResult executionId="a94a4fb6-10f9-4861-8b82-09d2022ee57d" testId="f1df2fe0-5c6a-90b0-37fe-55420582e959" testName="MessageTriggerTest" computerName="ANGUS-LAPTOP" duration="00:00:00.0022943" startTime="2015-03-15T23:55:50.4566788+10:00" endTime="2015-03-15T23:55:50.4626831+10:00" testType="13cdc9d9-ddb5-4fa4-a97d-d965ccfc6d4b" outcome="Passed" testListId="8c84fa94-04c1-424b-9868-57a2d4851a1d" relativeResultsDirectory="a94a4fb6-10f9-4861-8b82-09d2022ee57d">
    </UnitTestResult>
    <UnitTestResult executionId="068d0d3c-fba0-4620-acdf-d7460015a805" testId="53c8ecc0-4679-34d3-58d6-99419f23d04f" testName="MessageTypeTest" computerName="ANGUS-LAPTOP" duration="00:00:00.0022815" startTime="2015-03-15T23:55:50.4706935+10:00" endTime="2015-03-15T23:55:50.4776933+10:00" testType="13cdc9d9-ddb5-4fa4-a97d-d965ccfc6d4b" outcome="Passed" testListId="8c84fa94-04c1-424b-9868-57a2d4851a1d" relativeResultsDirectory="068d0d3c-fba0-4620-acdf-d7460015a805">
    </UnitTestResult>
    <UnitTestResult executionId="ccbbd6d9-6130-4ff8-9be8-ab718d1ee7ab" testId="ca074321-703a-c011-3524-71ae90f517d5" testName="MessageVersionTest" computerName="ANGUS-LAPTOP" duration="00:00:00.0024230" startTime="2015-03-15T23:55:50.4856994+10:00" endTime="2015-03-15T23:55:50.4927061+10:00" testType="13cdc9d9-ddb5-4fa4-a97d-d965ccfc6d4b" outcome="Passed" testListId="8c84fa94-04c1-424b-9868-57a2d4851a1d" relativeResultsDirectory="ccbbd6d9-6130-4ff8-9be8-ab718d1ee7ab">
    </UnitTestResult>
    <UnitTestResult executionId="fe890268-3a3f-4f50-a35a-f3bfc72c8a4e" testId="90fc6482-05af-7f6e-6cb8-840ab35eea4f" testName="SegmentCountTest" computerName="ANGUS-LAPTOP" duration="00:00:00.0022947" startTime="2015-03-15T23:55:50.4987091+10:00" endTime="2015-03-15T23:55:50.5057137+10:00" testType="13cdc9d9-ddb5-4fa4-a97d-d965ccfc6d4b" outcome="Passed" testListId="8c84fa94-04c1-424b-9868-57a2d4851a1d" relativeResultsDirectory="fe890268-3a3f-4f50-a35a-f3bfc72c8a4e">
    </UnitTestResult>
    <UnitTestResult executionId="efbf9fa8-bdf2-467e-a003-2682fa09c457" testId="64ae8d55-89fb-da08-2317-c83fb43485a3" testName="PathInformationTest" computerName="ANGUS-LAPTOP" duration="00:00:00.0027596" startTime="2015-03-15T23:55:50.5187229+10:00" endTime="2015-03-15T23:55:50.5257291+10:00" testType="13cdc9d9-ddb5-4fa4-a97d-d965ccfc6d4b" outcome="Passed" testListId="8c84fa94-04c1-424b-9868-57a2d4851a1d" relativeResultsDirectory="efbf9fa8-bdf2-467e-a003-2682fa09c457">
    </UnitTestResult>
    <UnitTestResult executionId="987e6dc4-36cf-4010-bcd1-662eaf606c04" testId="468af397-02e2-4a09-a426-2797ac48bb2f" testName="AsDateTimeTest" computerName="ANGUS-LAPTOP" duration="00:00:00.0023525" startTime="2015-03-15T23:55:50.5347360+10:00" endTime="2015-03-15T23:55:50.5417397+10:00" testType="13cdc9d9-ddb5-4fa4-a97d-d965ccfc6d4b" outcome="Passed" testListId="8c84fa94-04c1-424b-9868-57a2d4851a1d" relativeResultsDirectory="987e6dc4-36cf-4010-bcd1-662eaf606c04">
    </UnitTestResult>
    <UnitTestResult executionId="78a010e3-781a-49e5-84c1-c58d21d09c28" testId="212330fe-5b56-bbfa-0098-97f0e426596f" testName="HasMillisecondsTest" computerName="ANGUS-LAPTOP" duration="00:00:00.0216546" startTime="2015-03-15T23:55:50.5487442+10:00" endTime="2015-03-15T23:55:50.5767645+10:00" testType="13cdc9d9-ddb5-4fa4-a97d-d965ccfc6d4b" outcome="Passed" testListId="8c84fa94-04c1-424b-9868-57a2d4851a1d" relativeResultsDirectory="78a010e3-781a-49e5-84c1-c58d21d09c28">
    </UnitTestResult>
    <UnitTestResult executionId="80b69de6-c911-480f-920e-fa4c67edbe8b" testId="4b69f646-3fd7-1906-dc9c-283732d9870f" testName="HasNoMillisecondsOrTimeZoneTest" computerName="ANGUS-LAPTOP" duration="00:00:00.0005773" startTime="2015-03-15T23:55:50.5837691+10:00" endTime="2015-03-15T23:55:50.5887730+10:00" testType="13cdc9d9-ddb5-4fa4-a97d-d965ccfc6d4b" outcome="Passed" testListId="8c84fa94-04c1-424b-9868-57a2d4851a1d" relativeResultsDirectory="80b69de6-c911-480f-920e-fa4c67edbe8b">
    </UnitTestResult>
    <UnitTestResult executionId="465a87cf-53a7-4c8c-9136-45fcad2fa307" testId="69006a4b-2bb8-cd05-18cd-ebc04e54b06a" testName="HasTimeMillisecondsAndTimeZoneTest" computerName="ANGUS-LAPTOP" duration="00:00:00.0005294" startTime="2015-03-15T23:55:50.5977790+10:00" endTime="2015-03-15T23:55:50.6027826+10:00" testType="13cdc9d9-ddb5-4fa4-a97d-d965ccfc6d4b" outcome="Passed" testListId="8c84fa94-04c1-424b-9868-57a2d4851a1d" relativeResultsDirectory="465a87cf-53a7-4c8c-9136-45fcad2fa307">
    </UnitTestResult>
    <UnitTestResult executionId="487b38c3-b7b3-433f-9802-e4a256d03079" testId="d10f3995-53c1-d99d-5076-8ce0ff32fead" testName="HasTimeZoneTest" computerName="ANGUS-LAPTOP" duration="00:00:00.0007406" startTime="2015-03-15T23:55:50.6117894+10:00" endTime="2015-03-15T23:55:50.6178107+10:00" testType="13cdc9d9-ddb5-4fa4-a97d-d965ccfc6d4b" outcome="Passed" testListId="8c84fa94-04c1-424b-9868-57a2d4851a1d" relativeResultsDirectory="487b38c3-b7b3-433f-9802-e4a256d03079">
    </UnitTestResult>
    <UnitTestResult executionId="2e98e7ad-8fa4-44b0-b97c-dcb12e0aa124" testId="f00783f7-5de7-c5be-765a-7ed93a96a4fd" testName="ElementConstructorTest" computerName="ANGUS-LAPTOP" duration="00:00:00.0008347" startTime="2015-03-15T23:55:50.6257989+10:00" endTime="2015-03-15T23:55:50.6318061+10:00" testType="13cdc9d9-ddb5-4fa4-a97d-d965ccfc6d4b" outcome="Passed" testListId="8c84fa94-04c1-424b-9868-57a2d4851a1d" relativeResultsDirectory="2e98e7ad-8fa4-44b0-b97c-dcb12e0aa124">
    </UnitTestResult>
    <UnitTestResult executionId="46cd5e35-24b0-4710-a83a-c53a3233ac72" testId="5a1cbec0-3ed5-0725-94d8-13b5e4a631b1" testName="ElementConstructorTest1" computerName="ANGUS-LAPTOP" duration="00:00:00.0006115" startTime="2015-03-15T23:55:50.6398088+10:00" endTime="2015-03-15T23:55:50.6448124+10:00" testType="13cdc9d9-ddb5-4fa4-a97d-d965ccfc6d4b" outcome="Passed" testListId="8c84fa94-04c1-424b-9868-57a2d4851a1d" relativeResultsDirectory="46cd5e35-24b0-4710-a83a-c53a3233ac72">
    </UnitTestResult>
    <UnitTestResult executionId="140447ec-8709-4b2b-a7f2-f5032f50781e" testId="b2d02903-6680-8875-02e1-f43f070be79a" testName="ElementConstructorTest2" computerName="ANGUS-LAPTOP" duration="00:00:00.0004674" startTime="2015-03-15T23:55:50.6528181+10:00" endTime="2015-03-15T23:55:50.6578396+10:00" testType="13cdc9d9-ddb5-4fa4-a97d-d965ccfc6d4b" outcome="Passed" testListId="8c84fa94-04c1-424b-9868-57a2d4851a1d" relativeResultsDirectory="140447ec-8709-4b2b-a7f2-f5032f50781e">
    </UnitTestResult>
    <UnitTestResult executionId="b112b150-5788-40b8-9dd1-8bf5f63592af" testId="5554022a-d932-fcb6-1c69-d229745140fe" testName="ElementConstructorTest3" computerName="ANGUS-LAPTOP" duration="00:00:00.0004699" startTime="2015-03-15T23:55:50.6658299+10:00" endTime="2015-03-15T23:55:50.6718495+10:00" testType="13cdc9d9-ddb5-4fa4-a97d-d965ccfc6d4b" outcome="Passed" testListId="8c84fa94-04c1-424b-9868-57a2d4851a1d" relativeResultsDirectory="b112b150-5788-40b8-9dd1-8bf5f63592af">
    </UnitTestResult>
    <UnitTestResult executionId="dd48d8a3-7950-4c6f-96c8-d0b598e4b400" testId="851ef1d3-a812-cf2f-2423-ef5e5794b37d" testName="AddTest" computerName="ANGUS-LAPTOP" duration="00:00:00.0016802" startTime="2015-03-15T23:55:50.6788447+10:00" endTime="2015-03-15T23:55:50.6858689+10:00" testType="13cdc9d9-ddb5-4fa4-a97d-d965ccfc6d4b" outcome="Passed" testListId="8c84fa94-04c1-424b-9868-57a2d4851a1d" relativeResultsDirectory="dd48d8a3-7950-4c6f-96c8-d0b598e4b400">
    </UnitTestResult>
    <UnitTestResult executionId="a01316a1-e3f1-4e47-882c-4153f9212d89" testId="98803a2e-254a-4fbf-7c68-310af6a69d36" testName="AddTest1" computerName="ANGUS-LAPTOP" duration="00:00:00.0025077" startTime="2015-03-15T23:55:50.6938605+10:00" endTime="2015-03-15T23:55:50.7008654+10:00" testType="13cdc9d9-ddb5-4fa4-a97d-d965ccfc6d4b" outcome="Passed" testListId="8c84fa94-04c1-424b-9868-57a2d4851a1d" relativeResultsDirectory="a01316a1-e3f1-4e47-882c-4153f9212d89">
    </UnitTestResult>
    <UnitTestResult executionId="0a6120f6-ae58-45f6-9b3c-45afa36dd66d" testId="23c4aeb9-f4c9-04a2-5c17-b8e061238b00" testName="AddTest2" computerName="ANGUS-LAPTOP" duration="00:00:00.0014625" startTime="2015-03-15T23:55:50.7088677+10:00" endTime="2015-03-15T23:55:50.7158727+10:00" testType="13cdc9d9-ddb5-4fa4-a97d-d965ccfc6d4b" outcome="Passed" testListId="8c84fa94-04c1-424b-9868-57a2d4851a1d" relativeResultsDirectory="0a6120f6-ae58-45f6-9b3c-45afa36dd66d">
    </UnitTestResult>
    <UnitTestResult executionId="55fdee89-cbca-4465-9513-4c327249972e" testId="d92a17ba-b5eb-0abe-fd70-fe9e6a1fccfe" testName="AddTest3" computerName="ANGUS-LAPTOP" duration="00:00:00.0017037" startTime="2015-03-15T23:55:50.7228785+10:00" endTime="2015-03-15T23:55:50.7298860+10:00" testType="13cdc9d9-ddb5-4fa4-a97d-d965ccfc6d4b" outcome="Passed" testListId="8c84fa94-04c1-424b-9868-57a2d4851a1d" relativeResultsDirectory="55fdee89-cbca-4465-9513-4c327249972e">
    </UnitTestResult>
    <UnitTestResult executionId="748e275a-eb34-47f4-9c14-95eefa1dbc14" testId="401f6d47-bdb0-9eb0-c723-cfb3a63815bf" testName="ClearAllTest" computerName="ANGUS-LAPTOP" duration="00:00:00.0006889" startTime="2015-03-15T23:55:50.7378921+10:00" endTime="2015-03-15T23:55:50.7428923+10:00" testType="13cdc9d9-ddb5-4fa4-a97d-d965ccfc6d4b" outcome="Passed" testListId="8c84fa94-04c1-424b-9868-57a2d4851a1d" relativeResultsDirectory="748e275a-eb34-47f4-9c14-95eefa1dbc14">
    </UnitTestResult>
    <UnitTestResult executionId="34c52bd0-19e5-4dee-9191-4a72c03c47d2" testId="e8a9c1dd-fe2a-d66f-0ece-afcfcd0ad31d" testName="CloneTest" computerName="ANGUS-LAPTOP" duration="00:00:00.0019988" startTime="2015-03-15T23:55:50.7509009+10:00" endTime="2015-03-15T23:55:50.7579029+10:00" testType="13cdc9d9-ddb5-4fa4-a97d-d965ccfc6d4b" outcome="Passed" testListId="8c84fa94-04c1-424b-9868-57a2d4851a1d" relativeResultsDirectory="34c52bd0-19e5-4dee-9191-4a72c03c47d2">
    </UnitTestResult>
    <UnitTestResult executionId="e71444f3-dcba-49b4-842b-8687f1689bbc" testId="b82abed2-8497-66f2-9689-0f76ed9fe9ad" testName="ComponentTest" computerName="ANGUS-LAPTOP" duration="00:00:00.0004909" startTime="2015-03-15T23:55:50.7669093+10:00" endTime="2015-03-15T23:55:50.7739147+10:00" testType="13cdc9d9-ddb5-4fa4-a97d-d965ccfc6d4b" outcome="Passed" testListId="8c84fa94-04c1-424b-9868-57a2d4851a1d" relativeResultsDirectory="e71444f3-dcba-49b4-842b-8687f1689bbc">
    </UnitTestResult>
    <UnitTestResult executionId="4d3f8fe1-719b-4c98-9e9e-4a6856092653" testId="99a94e07-da92-29b1-0cfc-cd41ab1bc322" testName="ContentTest" computerName="ANGUS-LAPTOP" duration="00:00:00.0030277" startTime="2015-03-15T23:55:50.7829228+10:00" endTime="2015-03-15T23:55:50.7919437+10:00" testType="13cdc9d9-ddb5-4fa4-a97d-d965ccfc6d4b" outcome="Passed" testListId="8c84fa94-04c1-424b-9868-57a2d4851a1d" relativeResultsDirectory="4d3f8fe1-719b-4c98-9e9e-4a6856092653">
    </UnitTestResult>
    <UnitTestResult executionId="a20b23f4-e40f-4f7a-8cd3-b5fa40781b17" testId="cdedd3c0-bda1-235c-e0f5-4f5e8fe72a55" testName="InsertTest" computerName="ANGUS-LAPTOP" duration="00:00:00.0010909" startTime="2015-03-15T23:55:50.8009347+10:00" endTime="2015-03-15T23:55:50.8069377+10:00" testType="13cdc9d9-ddb5-4fa4-a97d-d965ccfc6d4b" outcome="Passed" testListId="8c84fa94-04c1-424b-9868-57a2d4851a1d" relativeResultsDirectory="a20b23f4-e40f-4f7a-8cd3-b5fa40781b17">
    </UnitTestResult>
    <UnitTestResult executionId="a5b6deba-1283-4a2f-a9b8-5beb3a25304a" testId="02d2aff2-ce9d-fe06-68b5-f219adb05152" testName="InsertTest1" computerName="ANGUS-LAPTOP" duration="00:00:00.0011640" startTime="2015-03-15T23:55:50.8149434+10:00" endTime="2015-03-15T23:55:50.8279518+10:00" testType="13cdc9d9-ddb5-4fa4-a97d-d965ccfc6d4b" outcome="Passed" testListId="8c84fa94-04c1-424b-9868-57a2d4851a1d" relativeResultsDirectory="a5b6deba-1283-4a2f-a9b8-5beb3a25304a">
    </UnitTestResult>
    <UnitTestResult executionId="8b304770-b6f4-4ee0-800d-c3080336ca09" testId="bbd49287-fb49-4a64-9bf7-d30f9165605f" testName="InsertTest2" computerName="ANGUS-LAPTOP" duration="00:00:00.0009904" startTime="2015-03-15T23:55:50.8369590+10:00" endTime="2015-03-15T23:55:50.8429663+10:00" testType="13cdc9d9-ddb5-4fa4-a97d-d965ccfc6d4b" outcome="Passed" testListId="8c84fa94-04c1-424b-9868-57a2d4851a1d" relativeResultsDirectory="8b304770-b6f4-4ee0-800d-c3080336ca09">
    </UnitTestResult>
    <UnitTestResult executionId="16b9d4d5-8a7f-4880-aab4-a6fca3b293e1" testId="c51767c5-c52e-49a9-7d72-313747797ae2" testName="InsertTest4" computerName="ANGUS-LAPTOP" duration="00:00:00.0007201" startTime="2015-03-15T23:55:50.8509698+10:00" endTime="2015-03-15T23:55:50.8559755+10:00" testType="13cdc9d9-ddb5-4fa4-a97d-d965ccfc6d4b" outcome="Passed" testListId="8c84fa94-04c1-424b-9868-57a2d4851a1d" relativeResultsDirectory="16b9d4d5-8a7f-4880-aab4-a6fca3b293e1">
    </UnitTestResult>
    <UnitTestResult executionId="3f83d8dc-4e1f-4f42-9f4f-0a4aaba25606" testId="f0c57047-78c8-1e43-ef78-f12b7472219d" testName="RemoveComponentAtTest" computerName="ANGUS-LAPTOP" duration="00:00:00.0019843" startTime="2015-03-15T23:55:50.8639782+10:00" endTime="2015-03-15T23:55:50.8719839+10:00" testType="13cdc9d9-ddb5-4fa4-a97d-d965ccfc6d4b" outcome="Passed" testListId="8c84fa94-04c1-424b-9868-57a2d4851a1d" relativeResultsDirectory="3f83d8dc-4e1f-4f42-9f4f-0a4aaba25606">
    </UnitTestResult>
    <UnitTestResult executionId="0b6cc63f-a766-4d43-b2ad-f02fb5c59e1b" testId="105c225f-bca0-0777-9c73-052576e49b9a" testName="RemoveContentAtTest" computerName="ANGUS-LAPTOP" duration="00:00:00.0008009" startTime="2015-03-15T23:55:50.8789919+10:00" endTime="2015-03-15T23:55:50.8840091+10:00" testType="13cdc9d9-ddb5-4fa4-a97d-d965ccfc6d4b" outcome="Passed" testListId="8c84fa94-04c1-424b-9868-57a2d4851a1d" relativeResultsDirectory="0b6cc63f-a766-4d43-b2ad-f02fb5c59e1b">
    </UnitTestResult>
    <UnitTestResult executionId="fdec38e2-cf56-4aa6-b883-c7d010ac54af" testId="2bc46832-ff39-471c-cab0-e60265a8cf1a" testName="RemoveRepeatAtTest" computerName="ANGUS-LAPTOP" duration="00:00:00.0011756" startTime="2015-03-15T23:55:50.8910004+10:00" endTime="2015-03-15T23:55:50.8970188+10:00" testType="13cdc9d9-ddb5-4fa4-a97d-d965ccfc6d4b" outcome="Passed" testListId="8c84fa94-04c1-424b-9868-57a2d4851a1d" relativeResultsDirectory="fdec38e2-cf56-4aa6-b883-c7d010ac54af">
    </UnitTestResult>
    <UnitTestResult executionId="b0184d9f-d651-416d-a713-4199abe032fa" testId="2570004f-0248-04a8-7a2a-26c01f6dac11" testName="RemoveSubComponentAtTest" computerName="ANGUS-LAPTOP" duration="00:00:00.0007997" startTime="2015-03-15T23:55:50.9040066+10:00" endTime="2015-03-15T23:55:50.9090136+10:00" testType="13cdc9d9-ddb5-4fa4-a97d-d965ccfc6d4b" outcome="Passed" testListId="8c84fa94-04c1-424b-9868-57a2d4851a1d" relativeResultsDirectory="b0184d9f-d651-416d-a713-4199abe032fa">
    </UnitTestResult>
    <UnitTestResult executionId="3c7350d2-bd47-40dc-8da3-2136b54cefdb" testId="54d22d6e-b1e8-99d3-007a-f749383ad8ab" testName="RepeatTest" computerName="ANGUS-LAPTOP" duration="00:00:00.0004370" startTime="2015-03-15T23:55:50.9180170+10:00" endTime="2015-03-15T23:55:50.9220190+10:00" testType="13cdc9d9-ddb5-4fa4-a97d-d965ccfc6d4b" outcome="Passed" testListId="8c84fa94-04c1-424b-9868-57a2d4851a1d" relativeResultsDirectory="3c7350d2-bd47-40dc-8da3-2136b54cefdb">
    </UnitTestResult>
    <UnitTestResult executionId="a173d3c7-75d0-41de-a5b1-a4dc805c0df4" testId="0cdf7280-5e82-07f4-fdb1-c79a943ab6cc" testName="SetTest" computerName="ANGUS-LAPTOP" duration="00:00:00.0010738" startTime="2015-03-15T23:55:50.9300251+10:00" endTime="2015-03-15T23:55:50.9350458+10:00" testType="13cdc9d9-ddb5-4fa4-a97d-d965ccfc6d4b" outcome="Passed" testListId="8c84fa94-04c1-424b-9868-57a2d4851a1d" relativeResultsDirectory="a173d3c7-75d0-41de-a5b1-a4dc805c0df4">
    </UnitTestResult>
    <UnitTestResult executionId="4085f3f9-1644-468c-9fa2-c1f61797151d" testId="8dddbeb0-c173-6d10-e733-8b21ad046454" testName="SubComponentTest" computerName="ANGUS-LAPTOP" duration="00:00:00.0023020" startTime="2015-03-15T23:55:51.0370502+10:00" endTime="2015-03-15T23:55:51.0530607+10:00" testType="13cdc9d9-ddb5-4fa4-a97d-d965ccfc6d4b" outcome="Passed" testListId="8c84fa94-04c1-424b-9868-57a2d4851a1d" relativeResultsDirectory="4085f3f9-1644-468c-9fa2-c1f61797151d">
    </UnitTestResult>
    <UnitTestResult executionId="d569dd43-ba27-4f50-8744-595789a421ea" testId="50a4b4d5-a824-5b66-26bf-9124f5072895" testName="ToStringTest" computerName="ANGUS-LAPTOP" duration="00:00:00.0009549" startTime="2015-03-15T23:55:51.0840836+10:00" endTime="2015-03-15T23:55:51.0950901+10:00" testType="13cdc9d9-ddb5-4fa4-a97d-d965ccfc6d4b" outcome="Passed" testListId="8c84fa94-04c1-424b-9868-57a2d4851a1d" relativeResultsDirectory="d569dd43-ba27-4f50-8744-595789a421ea">
    </UnitTestResult>
    <UnitTestResult executionId="2c50e633-10b5-4be3-a49c-a3901d5d2bb1" testId="4ee5a15f-21cf-08a1-ea1f-d52493ca2cfc" testName="AsStringTest" computerName="ANGUS-LAPTOP" duration="00:00:00.0004588" startTime="2015-03-15T23:55:51.1070991+10:00" endTime="2015-03-15T23:55:51.1171075+10:00" testType="13cdc9d9-ddb5-4fa4-a97d-d965ccfc6d4b" outcome="Passed" testListId="8c84fa94-04c1-424b-9868-57a2d4851a1d" relativeResultsDirectory="2c50e633-10b5-4be3-a49c-a3901d5d2bb1">
    </UnitTestResult>
    <UnitTestResult executionId="95bb7846-a6b5-46ce-b185-2a6cc813c00c" testId="58b07de1-f862-1419-af55-ea8965b5801d" testName="AsStringRawTest" computerName="ANGUS-LAPTOP" duration="00:00:00.0004383" startTime="2015-03-15T23:55:51.1261139+10:00" endTime="2015-03-15T23:55:51.1321177+10:00" testType="13cdc9d9-ddb5-4fa4-a97d-d965ccfc6d4b" outcome="Passed" testListId="8c84fa94-04c1-424b-9868-57a2d4851a1d" relativeResultsDirectory="95bb7846-a6b5-46ce-b185-2a6cc813c00c">
    </UnitTestResult>
    <UnitTestResult executionId="41588908-b7be-4e33-b9eb-cf19332bca71" testId="512ed856-057d-7dd2-875d-975b1041f26a" testName="ComponentCountTest" computerName="ANGUS-LAPTOP" duration="00:00:00.0003267" startTime="2015-03-15T23:55:51.1421235+10:00" endTime="2015-03-15T23:55:51.1481269+10:00" testType="13cdc9d9-ddb5-4fa4-a97d-d965ccfc6d4b" outcome="Passed" testListId="8c84fa94-04c1-424b-9868-57a2d4851a1d" relativeResultsDirectory="41588908-b7be-4e33-b9eb-cf19332bca71">
    </UnitTestResult>
    <UnitTestResult executionId="cd2bb57f-7550-4a00-9349-05b15bb2c57a" testId="f3b5fa79-f57f-0b76-e80c-298750ed9763" testName="ContentCountTest" computerName="ANGUS-LAPTOP" duration="00:00:00.0004832" startTime="2015-03-15T23:55:51.1551323+10:00" endTime="2015-03-15T23:55:51.1611374+10:00" testType="13cdc9d9-ddb5-4fa4-a97d-d965ccfc6d4b" outcome="Passed" testListId="8c84fa94-04c1-424b-9868-57a2d4851a1d" relativeResultsDirectory="cd2bb57f-7550-4a00-9349-05b15bb2c57a">
    </UnitTestResult>
    <UnitTestResult executionId="cdea7421-8290-41a7-b2d8-ae570de09261" testId="41a93314-d5e8-4dd8-ced8-9e20cd240813" testName="IsEmptyTest" computerName="ANGUS-LAPTOP" duration="00:00:00.0003476" startTime="2015-03-15T23:55:51.1711450+10:00" endTime="2015-03-15T23:55:51.1771484+10:00" testType="13cdc9d9-ddb5-4fa4-a97d-d965ccfc6d4b" outcome="Passed" testListId="8c84fa94-04c1-424b-9868-57a2d4851a1d" relativeResultsDirectory="cdea7421-8290-41a7-b2d8-ae570de09261">
    </UnitTestResult>
    <UnitTestResult executionId="c33c0590-018c-4bf3-ad0f-28a8025b524b" testId="3416ae86-369a-e987-beb4-e4c5f5e8275f" testName="IsHL7NullTest" computerName="ANGUS-LAPTOP" duration="00:00:00.0005713" startTime="2015-03-15T23:55:51.1871563+10:00" endTime="2015-03-15T23:55:51.1921586+10:00" testType="13cdc9d9-ddb5-4fa4-a97d-d965ccfc6d4b" outcome="Passed" testListId="8c84fa94-04c1-424b-9868-57a2d4851a1d" relativeResultsDirectory="c33c0590-018c-4bf3-ad0f-28a8025b524b">
    </UnitTestResult>
    <UnitTestResult executionId="eb296403-ddf3-43bd-8693-1abc779ca659" testId="aa7da896-049c-1372-5ace-65c40d863a0b" testName="RepeatCountTest" computerName="ANGUS-LAPTOP" duration="00:00:00.0003399" startTime="2015-03-15T23:55:51.2001651+10:00" endTime="2015-03-15T23:55:51.2051695+10:00" testType="13cdc9d9-ddb5-4fa4-a97d-d965ccfc6d4b" outcome="Passed" testListId="8c84fa94-04c1-424b-9868-57a2d4851a1d" relativeResultsDirectory="eb296403-ddf3-43bd-8693-1abc779ca659">
    </UnitTestResult>
    <UnitTestResult executionId="31590b59-8a04-4cdd-a1a0-d2b8ca4ea954" testId="001bb5fd-bd12-8ff4-8ade-25ba531a9070" testName="RepeatListTest" computerName="ANGUS-LAPTOP" duration="00:00:00.0019890" startTime="2015-03-15T23:55:51.2131735+10:00" endTime="2015-03-15T23:55:51.2211805+10:00" testType="13cdc9d9-ddb5-4fa4-a97d-d965ccfc6d4b" outcome="Passed" testListId="8c84fa94-04c1-424b-9868-57a2d4851a1d" relativeResultsDirectory="31590b59-8a04-4cdd-a1a0-d2b8ca4ea954">
    </UnitTestResult>
    <UnitTestResult executionId="4e1e2e44-0f81-4f4c-840b-008f68a0ca36" testId="1e25bf9c-923f-2e54-f059-c3a6192cbb51" testName="SubComponetCountTest" computerName="ANGUS-LAPTOP" duration="00:00:00.0003339" startTime="2015-03-15T23:55:51.2291862+10:00" endTime="2015-03-15T23:55:51.2341884+10:00" testType="13cdc9d9-ddb5-4fa4-a97d-d965ccfc6d4b" outcome="Passed" testListId="8c84fa94-04c1-424b-9868-57a2d4851a1d" relativeResultsDirectory="4e1e2e44-0f81-4f4c-840b-008f68a0ca36">
    </UnitTestResult>
    <UnitTestResult executionId="0120a31c-a222-4730-9124-6703cdf2f29b" testId="269cef3c-947d-dfb3-193c-843405e60363" testName="Hl7ReaderConstructorTest" computerName="ANGUS-LAPTOP" duration="00:00:00.0009622" startTime="2015-03-15T23:55:51.2411947+10:00" endTime="2015-03-15T23:55:51.2471977+10:00" testType="13cdc9d9-ddb5-4fa4-a97d-d965ccfc6d4b" outcome="Passed" testListId="8c84fa94-04c1-424b-9868-57a2d4851a1d" relativeResultsDirectory="0120a31c-a222-4730-9124-6703cdf2f29b">
    </UnitTestResult>
    <UnitTestResult executionId="490c4ef2-cca0-4e30-835f-98140c483407" testId="1fdf3423-5057-166d-6cc4-43ee4b0483a3" testName="Hl7ReaderConstructorTest1" computerName="ANGUS-LAPTOP" duration="00:00:00.0001543" startTime="2015-03-15T23:55:51.3043977+10:00" endTime="2015-03-15T23:55:51.3084163+10:00" testType="13cdc9d9-ddb5-4fa4-a97d-d965ccfc6d4b" outcome="Passed" testListId="8c84fa94-04c1-424b-9868-57a2d4851a1d" relativeResultsDirectory="490c4ef2-cca0-4e30-835f-98140c483407">
    </UnitTestResult>
    <UnitTestResult executionId="9c7323ed-8563-472a-895b-f3d3d6e8dd62" testId="53a4311b-e47e-284e-52cb-41e1adabe3b7" testName="CloseTest" computerName="ANGUS-LAPTOP" duration="00:00:00.0001522" startTime="2015-03-15T23:55:51.3164028+10:00" endTime="2015-03-15T23:55:51.3214102+10:00" testType="13cdc9d9-ddb5-4fa4-a97d-d965ccfc6d4b" outcome="Passed" testListId="8c84fa94-04c1-424b-9868-57a2d4851a1d" relativeResultsDirectory="9c7323ed-8563-472a-895b-f3d3d6e8dd62">
    </UnitTestResult>
    <UnitTestResult executionId="3d23e049-81f9-4e7f-a7a4-1e01a3d17206" testId="d63f8a04-ccde-1680-a6f1-a61a292c418d" testName="ReadTest" computerName="ANGUS-LAPTOP" duration="00:00:01.0634091" startTime="2015-03-15T23:55:51.3294150+10:00" endTime="2015-03-15T23:55:52.3981711+10:00" testType="13cdc9d9-ddb5-4fa4-a97d-d965ccfc6d4b" outcome="Passed" testListId="8c84fa94-04c1-424b-9868-57a2d4851a1d" relativeResultsDirectory="3d23e049-81f9-4e7f-a7a4-1e01a3d17206">
    </UnitTestResult>
    <UnitTestResult executionId="f5160ad9-58b1-4fee-965b-b8a21fc1c9a4" testId="b0e55dbe-9627-29d0-e870-40fd186609c0" testName="FieldConstructorTest" computerName="ANGUS-LAPTOP" duration="00:00:00.0006564" startTime="2015-03-15T23:55:52.4071775+10:00" endTime="2015-03-15T23:55:52.4132010+10:00" testType="13cdc9d9-ddb5-4fa4-a97d-d965ccfc6d4b" outcome="Passed" testListId="8c84fa94-04c1-424b-9868-57a2d4851a1d" relativeResultsDirectory="f5160ad9-58b1-4fee-965b-b8a21fc1c9a4">
    </UnitTestResult>
    <UnitTestResult executionId="15897dee-7a2c-4f35-82b1-968bcc7e6d33" testId="f9fb7caa-10d0-d537-0bee-7128754a588f" testName="FieldConstructorTest1" computerName="ANGUS-LAPTOP" duration="00:00:00.0007244" startTime="2015-03-15T23:55:52.4221881+10:00" endTime="2015-03-15T23:55:52.4271917+10:00" testType="13cdc9d9-ddb5-4fa4-a97d-d965ccfc6d4b" outcome="Passed" testListId="8c84fa94-04c1-424b-9868-57a2d4851a1d" relativeResultsDirectory="15897dee-7a2c-4f35-82b1-968bcc7e6d33">
    </UnitTestResult>
    <UnitTestResult executionId="1b82709b-79b0-4a7d-a5fb-65d707a89fff" testId="5425a998-6ae1-bd4a-2828-b41e0f99ea29" testName="FieldConstructorTest2" computerName="ANGUS-LAPTOP" duration="00:00:00.0006042" startTime="2015-03-15T23:55:52.4351969+10:00" endTime="2015-03-15T23:55:52.4422053+10:00" testType="13cdc9d9-ddb5-4fa4-a97d-d965ccfc6d4b" outcome="Passed" testListId="8c84fa94-04c1-424b-9868-57a2d4851a1d" relativeResultsDirectory="1b82709b-79b0-4a7d-a5fb-65d707a89fff">
    </UnitTestResult>
    <UnitTestResult executionId="3e6e5137-b4a0-416d-a386-cf7823744516" testId="34eb1eee-f1b8-52d0-a9a3-aea281cf026e" testName="FieldConstructorTest3" computerName="ANGUS-LAPTOP" duration="00:00:00.0006290" startTime="2015-03-15T23:55:52.4502114+10:00" endTime="2015-03-15T23:55:52.4552282+10:00" testType="13cdc9d9-ddb5-4fa4-a97d-d965ccfc6d4b" outcome="Passed" testListId="8c84fa94-04c1-424b-9868-57a2d4851a1d" relativeResultsDirectory="3e6e5137-b4a0-416d-a386-cf7823744516">
    </UnitTestResult>
    <UnitTestResult executionId="7be8f768-fe62-4ba0-b551-13a56b712c72" testId="321aa608-7a9b-7841-b54e-f15e58034604" testName="AddTest" computerName="ANGUS-LAPTOP" duration="00:00:00.0004563" startTime="2015-03-15T23:55:52.4632292+10:00" endTime="2015-03-15T23:55:52.4682242+10:00" testType="13cdc9d9-ddb5-4fa4-a97d-d965ccfc6d4b" outcome="Passed" testListId="8c84fa94-04c1-424b-9868-57a2d4851a1d" relativeResultsDirectory="7be8f768-fe62-4ba0-b551-13a56b712c72">
    </UnitTestResult>
    <UnitTestResult executionId="5fac9ca6-77f0-48a0-bbfc-8df1897ce498" testId="e5714616-1e44-1e54-e2e4-663133e56676" testName="AddTest2" computerName="ANGUS-LAPTOP" duration="00:00:00.0005059" startTime="2015-03-15T23:55:52.4762269+10:00" endTime="2015-03-15T23:55:52.4822478+10:00" testType="13cdc9d9-ddb5-4fa4-a97d-d965ccfc6d4b" outcome="Passed" testListId="8c84fa94-04c1-424b-9868-57a2d4851a1d" relativeResultsDirectory="5fac9ca6-77f0-48a0-bbfc-8df1897ce498">
    </UnitTestResult>
    <UnitTestResult executionId="d2d44c7e-73ef-462d-9634-96fe72c25fc6" testId="df048f7c-7c6b-ca42-8bc4-dbb8d2015065" testName="AddTest3" computerName="ANGUS-LAPTOP" duration="00:00:00.0006414" startTime="2015-03-15T23:55:52.4892353+10:00" endTime="2015-03-15T23:55:52.4952425+10:00" testType="13cdc9d9-ddb5-4fa4-a97d-d965ccfc6d4b" outcome="Passed" testListId="8c84fa94-04c1-424b-9868-57a2d4851a1d" relativeResultsDirectory="d2d44c7e-73ef-462d-9634-96fe72c25fc6">
    </UnitTestResult>
    <UnitTestResult executionId="4661984a-881c-45ef-9772-a97daf7c2944" testId="0a9b0755-317a-f636-73cd-b90081365870" testName="ClearAllTest" computerName="ANGUS-LAPTOP" duration="00:00:00.0003592" startTime="2015-03-15T23:55:52.5022462+10:00" endTime="2015-03-15T23:55:52.5082496+10:00" testType="13cdc9d9-ddb5-4fa4-a97d-d965ccfc6d4b" outcome="Passed" testListId="8c84fa94-04c1-424b-9868-57a2d4851a1d" relativeResultsDirectory="4661984a-881c-45ef-9772-a97daf7c2944">
    </UnitTestResult>
    <UnitTestResult executionId="1bd8bbf0-a964-41e6-81e8-6699a016d5a2" testId="cac55db5-0541-9758-c4e8-160b2f4dc3df" testName="CloneTest" computerName="ANGUS-LAPTOP" duration="00:00:00.0007808" startTime="2015-03-15T23:55:52.5152717+10:00" endTime="2015-03-15T23:55:52.5212614+10:00" testType="13cdc9d9-ddb5-4fa4-a97d-d965ccfc6d4b" outcome="Passed" testListId="8c84fa94-04c1-424b-9868-57a2d4851a1d" relativeResultsDirectory="1bd8bbf0-a964-41e6-81e8-6699a016d5a2">
    </UnitTestResult>
    <UnitTestResult executionId="88bc0ef4-88b3-4d3e-88bf-508d94123e2e" testId="9b44630a-8912-c463-35f3-83d7bbb1196d" testName="ComponentTest" computerName="ANGUS-LAPTOP" duration="00:00:00.0003429" startTime="2015-03-15T23:55:52.5292671+10:00" endTime="2015-03-15T23:55:52.5342673+10:00" testType="13cdc9d9-ddb5-4fa4-a97d-d965ccfc6d4b" outcome="Passed" testListId="8c84fa94-04c1-424b-9868-57a2d4851a1d" relativeResultsDirectory="88bc0ef4-88b3-4d3e-88bf-508d94123e2e">
    </UnitTestResult>
    <UnitTestResult executionId="a6c8f991-2251-4326-a559-ec6dd026d802" testId="04e08b98-bb12-a629-14b1-feb8137e2934" testName="ContentTest" computerName="ANGUS-LAPTOP" duration="00:00:00.0004447" startTime="2015-03-15T23:55:52.5412727+10:00" endTime="2015-03-15T23:55:52.5462796+10:00" testType="13cdc9d9-ddb5-4fa4-a97d-d965ccfc6d4b" outcome="Passed" testListId="8c84fa94-04c1-424b-9868-57a2d4851a1d" relativeResultsDirectory="a6c8f991-2251-4326-a559-ec6dd026d802">
    </UnitTestResult>
    <UnitTestResult executionId="a5279a1c-df40-4be8-87b2-62cef65b3f55" testId="21308188-2899-03f3-f5ad-a4d7b165cda3" testName="InsertTest" computerName="ANGUS-LAPTOP" duration="00:00:00.0005640" startTime="2015-03-15T23:55:52.5542815+10:00" endTime="2015-03-15T23:55:52.5602883+10:00" testType="13cdc9d9-ddb5-4fa4-a97d-d965ccfc6d4b" outcome="Passed" testListId="8c84fa94-04c1-424b-9868-57a2d4851a1d" relativeResultsDirectory="a5279a1c-df40-4be8-87b2-62cef65b3f55">
    </UnitTestResult>
    <UnitTestResult executionId="303c1c75-d485-4eb1-a2ab-244ee4a97e8a" testId="93c7dcb2-08f2-6cf2-908a-95f88cd0e48b" testName="InsertTest1" computerName="ANGUS-LAPTOP" duration="00:00:00.0005200" startTime="2015-03-15T23:55:52.5672941+10:00" endTime="2015-03-15T23:55:52.5723126+10:00" testType="13cdc9d9-ddb5-4fa4-a97d-d965ccfc6d4b" outcome="Passed" testListId="8c84fa94-04c1-424b-9868-57a2d4851a1d" relativeResultsDirectory="303c1c75-d485-4eb1-a2ab-244ee4a97e8a">
    </UnitTestResult>
    <UnitTestResult executionId="adac8d6e-5139-4461-9bb2-4681af5aeef2" testId="a34c32cb-cea3-31c6-43ca-196cb4fdd295" testName="InsertTest3" computerName="ANGUS-LAPTOP" duration="00:00:00.0005914" startTime="2015-03-15T23:55:52.6044307+10:00" endTime="2015-03-15T23:55:52.6104470+10:00" testType="13cdc9d9-ddb5-4fa4-a97d-d965ccfc6d4b" outcome="Passed" testListId="8c84fa94-04c1-424b-9868-57a2d4851a1d" relativeResultsDirectory="adac8d6e-5139-4461-9bb2-4681af5aeef2">
    </UnitTestResult>
    <UnitTestResult executionId="dee20e6a-d9bc-4a81-ae77-9d1246f03d72" testId="7df49366-ebf4-87f7-52fd-8b8a65032bba" testName="RemoveComponentAtTest" computerName="ANGUS-LAPTOP" duration="00:00:00.0004498" startTime="2015-03-15T23:55:52.6174365+10:00" endTime="2015-03-15T23:55:52.6224384+10:00" testType="13cdc9d9-ddb5-4fa4-a97d-d965ccfc6d4b" outcome="Passed" testListId="8c84fa94-04c1-424b-9868-57a2d4851a1d" relativeResultsDirectory="dee20e6a-d9bc-4a81-ae77-9d1246f03d72">
    </UnitTestResult>
    <UnitTestResult executionId="95c3484a-1e70-49f1-b9f8-1362d624b434" testId="24861341-2695-75fe-4d89-7cdc0d472cf5" testName="RemoveContentAtTest" computerName="ANGUS-LAPTOP" duration="00:00:00.0006286" startTime="2015-03-15T23:55:52.6304441+10:00" endTime="2015-03-15T23:55:52.6354510+10:00" testType="13cdc9d9-ddb5-4fa4-a97d-d965ccfc6d4b" outcome="Passed" testListId="8c84fa94-04c1-424b-9868-57a2d4851a1d" relativeResultsDirectory="95c3484a-1e70-49f1-b9f8-1362d624b434">
    </UnitTestResult>
    <UnitTestResult executionId="16985db9-0d9b-4110-93d3-80473e8d17cc" testId="99583d31-1c36-6097-f41d-addc2fc02480" testName="RemoveSubComponentAtTest" computerName="ANGUS-LAPTOP" duration="00:00:00.0004725" startTime="2015-03-15T23:55:52.6434559+10:00" endTime="2015-03-15T23:55:52.6484598+10:00" testType="13cdc9d9-ddb5-4fa4-a97d-d965ccfc6d4b" outcome="Passed" testListId="8c84fa94-04c1-424b-9868-57a2d4851a1d" relativeResultsDirectory="16985db9-0d9b-4110-93d3-80473e8d17cc">
    </UnitTestResult>
    <UnitTestResult executionId="277c20af-068f-4782-b722-342785121903" testId="1e73b624-71f1-d2fd-5336-60d44d8232e1" testName="SetTest" computerName="ANGUS-LAPTOP" duration="00:00:00.0005674" startTime="2015-03-15T23:55:52.6574632+10:00" endTime="2015-03-15T23:55:52.6624668+10:00" testType="13cdc9d9-ddb5-4fa4-a97d-d965ccfc6d4b" outcome="Passed" testListId="8c84fa94-04c1-424b-9868-57a2d4851a1d" relativeResultsDirectory="277c20af-068f-4782-b722-342785121903">
    </UnitTestResult>
    <UnitTestResult executionId="13f35ed4-72c4-4dbb-aac5-bdc3e74b87cd" testId="e8981139-2ae8-16f1-196c-8bb762fef77c" testName="SetTest1" computerName="ANGUS-LAPTOP" duration="00:00:00.0007817" startTime="2015-03-15T23:55:52.6704725+10:00" endTime="2015-03-15T23:55:52.6764939+10:00" testType="13cdc9d9-ddb5-4fa4-a97d-d965ccfc6d4b" outcome="Passed" testListId="8c84fa94-04c1-424b-9868-57a2d4851a1d" relativeResultsDirectory="13f35ed4-72c4-4dbb-aac5-bdc3e74b87cd">
    </UnitTestResult>
    <UnitTestResult executionId="ea9d2ae1-d334-4af9-8510-585c171d1535" testId="ed192237-e8eb-35fa-5bbe-3b1dc82bb582" testName="SetTest2" computerName="ANGUS-LAPTOP" duration="00:00:00.0010729" startTime="2015-03-15T23:55:52.6844824+10:00" endTime="2015-03-15T23:55:52.6904867+10:00" testType="13cdc9d9-ddb5-4fa4-a97d-d965ccfc6d4b" outcome="Passed" testListId="8c84fa94-04c1-424b-9868-57a2d4851a1d" relativeResultsDirectory="ea9d2ae1-d334-4af9-8510-585c171d1535">
    </UnitTestResult>
    <UnitTestResult executionId="3ebcaa86-8751-4782-a1d6-1fd193874360" testId="8e90f375-4078-3f24-729c-7536506a0810" testName="SubComponentTest" computerName="ANGUS-LAPTOP" duration="00:00:00.0004631" startTime="2015-03-15T23:55:52.6984924+10:00" endTime="2015-03-15T23:55:52.7034993+10:00" testType="13cdc9d9-ddb5-4fa4-a97d-d965ccfc6d4b" outcome="Passed" testListId="8c84fa94-04c1-424b-9868-57a2d4851a1d" relativeResultsDirectory="3ebcaa86-8751-4782-a1d6-1fd193874360">
    </UnitTestResult>
    <UnitTestResult executionId="92921256-8b2a-4f39-8481-2562b1a13836" testId="17497b23-4960-3393-33db-4d37a55c9a6f" testName="ToStringTest" computerName="ANGUS-LAPTOP" duration="00:00:00.0004126" startTime="2015-03-15T23:55:52.7115136+10:00" endTime="2015-03-15T23:55:52.7175217+10:00" testType="13cdc9d9-ddb5-4fa4-a97d-d965ccfc6d4b" outcome="Passed" testListId="8c84fa94-04c1-424b-9868-57a2d4851a1d" relativeResultsDirectory="92921256-8b2a-4f39-8481-2562b1a13836">
    </UnitTestResult>
    <UnitTestResult executionId="e3457f95-4186-4cdf-94de-37ab3aeab970" testId="e3d21004-a1ae-5973-68ec-dbe4f5c7e6a1" testName="AsStringTest" computerName="ANGUS-LAPTOP" duration="00:00:00.0007227" startTime="2015-03-15T23:55:52.7245108+10:00" endTime="2015-03-15T23:55:52.7295182+10:00" testType="13cdc9d9-ddb5-4fa4-a97d-d965ccfc6d4b" outcome="Passed" testListId="8c84fa94-04c1-424b-9868-57a2d4851a1d" relativeResultsDirectory="e3457f95-4186-4cdf-94de-37ab3aeab970">
    </UnitTestResult>
    <UnitTestResult executionId="60f1922d-172a-44ab-99e4-6b52b03af3a2" testId="933ff4bd-cc87-c307-b5a0-478099606f0a" testName="AsStringRawTest" computerName="ANGUS-LAPTOP" duration="00:00:00.0003446" startTime="2015-03-15T23:55:52.7375201+10:00" endTime="2015-03-15T23:55:52.7425236+10:00" testType="13cdc9d9-ddb5-4fa4-a97d-d965ccfc6d4b" outcome="Passed" testListId="8c84fa94-04c1-424b-9868-57a2d4851a1d" relativeResultsDirectory="60f1922d-172a-44ab-99e4-6b52b03af3a2">
    </UnitTestResult>
    <UnitTestResult executionId="ef4e175b-5866-4603-8e51-9cc34d860484" testId="7f2316ab-329b-9b41-b4ce-ccb71981bb17" testName="ComponentCountTest" computerName="ANGUS-LAPTOP" duration="00:00:00.0002856" startTime="2015-03-15T23:55:52.7495290+10:00" endTime="2015-03-15T23:55:52.7555333+10:00" testType="13cdc9d9-ddb5-4fa4-a97d-d965ccfc6d4b" outcome="Passed" testListId="8c84fa94-04c1-424b-9868-57a2d4851a1d" relativeResultsDirectory="ef4e175b-5866-4603-8e51-9cc34d860484">
    </UnitTestResult>
    <UnitTestResult executionId="69851e82-37a5-45a4-af4f-42f804c696ba" testId="63e4b650-5ea8-ac21-8786-3238a13ec018" testName="ComponentListTest" computerName="ANGUS-LAPTOP" duration="00:00:00.0016990" startTime="2015-03-15T23:55:52.7625408+10:00" endTime="2015-03-15T23:55:52.7685596+10:00" testType="13cdc9d9-ddb5-4fa4-a97d-d965ccfc6d4b" outcome="Passed" testListId="8c84fa94-04c1-424b-9868-57a2d4851a1d" relativeResultsDirectory="69851e82-37a5-45a4-af4f-42f804c696ba">
    </UnitTestResult>
    <UnitTestResult executionId="bf6652c9-85cf-4d78-956e-cc10e44466f3" testId="50d2563d-2a72-e20a-d402-ebae14660478" testName="ContentCountTest" computerName="ANGUS-LAPTOP" duration="00:00:00.0002878" startTime="2015-03-15T23:55:52.7765508+10:00" endTime="2015-03-15T23:55:52.7815689+10:00" testType="13cdc9d9-ddb5-4fa4-a97d-d965ccfc6d4b" outcome="Passed" testListId="8c84fa94-04c1-424b-9868-57a2d4851a1d" relativeResultsDirectory="bf6652c9-85cf-4d78-956e-cc10e44466f3">
    </UnitTestResult>
    <UnitTestResult executionId="774f3b6d-1ac3-408d-8c83-e0456ce6b931" testId="b31dc6ae-791a-832a-e831-3b3f1ebad399" testName="IsEmptyTest" computerName="ANGUS-LAPTOP" duration="00:00:00.0003070" startTime="2015-03-15T23:55:52.7885563+10:00" endTime="2015-03-15T23:55:52.7935628+10:00" testType="13cdc9d9-ddb5-4fa4-a97d-d965ccfc6d4b" outcome="Passed" testListId="8c84fa94-04c1-424b-9868-57a2d4851a1d" relativeResultsDirectory="774f3b6d-1ac3-408d-8c83-e0456ce6b931">
    </UnitTestResult>
    <UnitTestResult executionId="d9df132e-2d7f-4591-a8cd-f5d68e9e8498" testId="50d49a3d-17d9-5e0e-5cbe-1c50f8116688" testName="IsHL7NullTest" computerName="ANGUS-LAPTOP" duration="00:00:00.0003404" startTime="2015-03-15T23:55:52.8015655+10:00" endTime="2015-03-15T23:55:52.8065725+10:00" testType="13cdc9d9-ddb5-4fa4-a97d-d965ccfc6d4b" outcome="Passed" testListId="8c84fa94-04c1-424b-9868-57a2d4851a1d" relativeResultsDirectory="d9df132e-2d7f-4591-a8cd-f5d68e9e8498">
    </UnitTestResult>
    <UnitTestResult executionId="970d171e-5383-4b12-8a7a-6b29e801df9e" testId="76556cc0-de36-73f1-566c-5319b2859489" testName="SubComponentCountTest" computerName="ANGUS-LAPTOP" duration="00:00:00.0002890" startTime="2015-03-15T23:55:52.8145748+10:00" endTime="2015-03-15T23:55:52.8195954+10:00" testType="13cdc9d9-ddb5-4fa4-a97d-d965ccfc6d4b" outcome="Passed" testListId="8c84fa94-04c1-424b-9868-57a2d4851a1d" relativeResultsDirectory="970d171e-5383-4b12-8a7a-6b29e801df9e">
    </UnitTestResult>
    <UnitTestResult executionId="e4e67b22-0d17-419d-b7c3-971e03e37701" testId="f7eb110f-bd56-2839-cb99-ced5d14e4f61" testName="ContentConstructorTest" computerName="ANGUS-LAPTOP" duration="00:00:00.0008775" startTime="2015-03-15T23:55:52.8265876+10:00" endTime="2015-03-15T23:55:52.8345890+10:00" testType="13cdc9d9-ddb5-4fa4-a97d-d965ccfc6d4b" outcome="Passed" testListId="8c84fa94-04c1-424b-9868-57a2d4851a1d" relativeResultsDirectory="e4e67b22-0d17-419d-b7c3-971e03e37701">
    </UnitTestResult>
    <UnitTestResult executionId="d6cc00d8-ca95-4f5a-aa4c-3885a4bdf7fb" testId="4de93258-7862-c912-9fdf-2b137104121a" testName="ContentConstructorTest1" computerName="ANGUS-LAPTOP" duration="00:00:00.0006453" startTime="2015-03-15T23:55:52.8425951+10:00" endTime="2015-03-15T23:55:52.8476153+10:00" testType="13cdc9d9-ddb5-4fa4-a97d-d965ccfc6d4b" outcome="Passed" testListId="8c84fa94-04c1-424b-9868-57a2d4851a1d" relativeResultsDirectory="d6cc00d8-ca95-4f5a-aa4c-3885a4bdf7fb">
    </UnitTestResult>
    <UnitTestResult executionId="f824d76f-fbc1-42f8-ad78-aa6b60436eaf" testId="23e5c416-83c2-b89c-6451-ae249e7194e2" testName="ContentConstructorTest2" computerName="ANGUS-LAPTOP" duration="00:00:00.0004349" startTime="2015-03-15T23:55:52.8556231+10:00" endTime="2015-03-15T23:55:52.8606275+10:00" testType="13cdc9d9-ddb5-4fa4-a97d-d965ccfc6d4b" outcome="Passed" testListId="8c84fa94-04c1-424b-9868-57a2d4851a1d" relativeResultsDirectory="f824d76f-fbc1-42f8-ad78-aa6b60436eaf">
    </UnitTestResult>
    <UnitTestResult executionId="7f1064c7-aa01-4d20-9f31-904109cc1297" testId="baa8f4d2-af73-81d3-a336-66e853b630ff" testName="ContentConstructorTest3" computerName="ANGUS-LAPTOP" duration="00:00:00.0005401" startTime="2015-03-15T23:55:52.8696335+10:00" endTime="2015-03-15T23:55:52.8746512+10:00" testType="13cdc9d9-ddb5-4fa4-a97d-d965ccfc6d4b" outcome="Passed" testListId="8c84fa94-04c1-424b-9868-57a2d4851a1d" relativeResultsDirectory="7f1064c7-aa01-4d20-9f31-904109cc1297">
    </UnitTestResult>
    <UnitTestResult executionId="4599128e-69d3-4c0f-afcf-834f89441d87" testId="e74d6791-3965-d5cc-acd4-9d778742eb75" testName="ContentConstructorTest4" computerName="ANGUS-LAPTOP" duration="00:00:00.0005649" startTime="2015-03-15T23:55:52.8826406+10:00" endTime="2015-03-15T23:55:52.8876613+10:00" testType="13cdc9d9-ddb5-4fa4-a97d-d965ccfc6d4b" outcome="Passed" testListId="8c84fa94-04c1-424b-9868-57a2d4851a1d" relativeResultsDirectory="4599128e-69d3-4c0f-afcf-834f89441d87">
    </UnitTestResult>
    <UnitTestResult executionId="c1147835-ccff-41aa-8166-06546b23467a" testId="1803beca-ee85-d51c-dbf1-adb3a5dec6db" testName="ContentConstructorTest5" computerName="ANGUS-LAPTOP" duration="00:00:00.0009703" startTime="2015-03-15T23:55:52.8956486+10:00" endTime="2015-03-15T23:55:52.9016532+10:00" testType="13cdc9d9-ddb5-4fa4-a97d-d965ccfc6d4b" outcome="Passed" testListId="8c84fa94-04c1-424b-9868-57a2d4851a1d" relativeResultsDirectory="c1147835-ccff-41aa-8166-06546b23467a">
    </UnitTestResult>
    <UnitTestResult executionId="76d00eb6-7f1a-4833-90c5-4af06370d312" testId="0f1104b0-2d82-7414-004c-52659e3b91e6" testName="ContentConstructorTest6" computerName="ANGUS-LAPTOP" duration="00:00:00.0010310" startTime="2015-03-15T23:55:52.9086586+10:00" endTime="2015-03-15T23:55:52.9176817+10:00" testType="13cdc9d9-ddb5-4fa4-a97d-d965ccfc6d4b" outcome="Passed" testListId="8c84fa94-04c1-424b-9868-57a2d4851a1d" relativeResultsDirectory="76d00eb6-7f1a-4833-90c5-4af06370d312">
    </UnitTestResult>
    <UnitTestResult executionId="3016e443-ac40-4146-83ea-4965f610a1d0" testId="ac1170d9-ee22-c6d2-5fe7-5518d2eb9eb0" testName="ContentConstructorTest7" computerName="ANGUS-LAPTOP" duration="00:00:00.0003570" startTime="2015-03-15T23:55:52.9266740+10:00" endTime="2015-03-15T23:55:52.9306768+10:00" testType="13cdc9d9-ddb5-4fa4-a97d-d965ccfc6d4b" outcome="Passed" testListId="8c84fa94-04c1-424b-9868-57a2d4851a1d" relativeResultsDirectory="3016e443-ac40-4146-83ea-4965f610a1d0">
    </UnitTestResult>
    <UnitTestResult executionId="c2dca03e-e2f6-425e-9f38-bdd8db695511" testId="6fd1d2c8-d190-f209-580f-f129e9e69025" testName="ContentConstructorTest8" computerName="ANGUS-LAPTOP" duration="00:00:00.0004738" startTime="2015-03-15T23:55:52.9387065+10:00" endTime="2015-03-15T23:55:52.9446838+10:00" testType="13cdc9d9-ddb5-4fa4-a97d-d965ccfc6d4b" outcome="Passed" testListId="8c84fa94-04c1-424b-9868-57a2d4851a1d" relativeResultsDirectory="c2dca03e-e2f6-425e-9f38-bdd8db695511">
    </UnitTestResult>
    <UnitTestResult executionId="1c338450-6df9-490d-a466-9867aa1c1e25" testId="9cafc2d5-2a5b-c544-f728-205945656c33" testName="ContentConstructorTest9" computerName="ANGUS-LAPTOP" duration="00:00:00.0005666" startTime="2015-03-15T23:55:52.9526920+10:00" endTime="2015-03-15T23:55:52.9576930+10:00" testType="13cdc9d9-ddb5-4fa4-a97d-d965ccfc6d4b" outcome="Passed" testListId="8c84fa94-04c1-424b-9868-57a2d4851a1d" relativeResultsDirectory="1c338450-6df9-490d-a466-9867aa1c1e25">
    </UnitTestResult>
    <UnitTestResult executionId="bf871d40-d33b-4265-b76f-a91ef2a2a044" testId="677ed4aa-24e1-a4f3-e8f4-927a4c81ee11" testName="ClearAllTest" computerName="ANGUS-LAPTOP" duration="00:00:00.0006222" startTime="2015-03-15T23:55:52.9657030+10:00" endTime="2015-03-15T23:55:52.9707018+10:00" testType="13cdc9d9-ddb5-4fa4-a97d-d965ccfc6d4b" outcome="Passed" testListId="8c84fa94-04c1-424b-9868-57a2d4851a1d" relativeResultsDirectory="bf871d40-d33b-4265-b76f-a91ef2a2a044">
    </UnitTestResult>
    <UnitTestResult executionId="fca2cf72-7e3a-4b15-96e1-8f12bc6d4228" testId="4eb15927-cc96-12f1-ee8f-75aacc988893" testName="CloneTest" computerName="ANGUS-LAPTOP" duration="00:00:00.0017649" startTime="2015-03-15T23:55:52.9787079+10:00" endTime="2015-03-15T23:55:52.9847293+10:00" testType="13cdc9d9-ddb5-4fa4-a97d-d965ccfc6d4b" outcome="Passed" testListId="8c84fa94-04c1-424b-9868-57a2d4851a1d" relativeResultsDirectory="fca2cf72-7e3a-4b15-96e1-8f12bc6d4228">
    </UnitTestResult>
    <UnitTestResult executionId="94232167-2207-4ce0-8c18-1daab7e980f1" testId="9e048108-ae91-740c-482e-fa78e0b8fe8f" testName="RemoveFromParentTest" computerName="ANGUS-LAPTOP" duration="00:00:00.0001633" startTime="2015-03-15T23:55:52.9947197+10:00" endTime="2015-03-15T23:55:53.0017273+10:00" testType="13cdc9d9-ddb5-4fa4-a97d-d965ccfc6d4b" outcome="Passed" testListId="8c84fa94-04c1-424b-9868-57a2d4851a1d" relativeResultsDirectory="94232167-2207-4ce0-8c18-1daab7e980f1">
    </UnitTestResult>
    <UnitTestResult executionId="c4c4b890-309c-4537-94b5-e888f2842163" testId="18b8880e-d414-f397-2932-f5be2dbae673" testName="SetDataToEncodingCharactersTest" computerName="ANGUS-LAPTOP" duration="00:00:00.0001531" startTime="2015-03-15T23:55:53.0107371+10:00" endTime="2015-03-15T23:55:53.0167520+10:00" testType="13cdc9d9-ddb5-4fa4-a97d-d965ccfc6d4b" outcome="Passed" testListId="8c84fa94-04c1-424b-9868-57a2d4851a1d" relativeResultsDirectory="c4c4b890-309c-4537-94b5-e888f2842163">
    </UnitTestResult>
    <UnitTestResult executionId="fd47b403-3307-44d9-be0d-d37038e77c58" testId="bd9786b6-f822-f559-5bc7-082e785537a3" testName="SetDataToMainSeparatorTest" computerName="ANGUS-LAPTOP" duration="00:00:00.0001526" startTime="2015-03-15T23:55:53.0257439+10:00" endTime="2015-03-15T23:55:53.0307479+10:00" testType="13cdc9d9-ddb5-4fa4-a97d-d965ccfc6d4b" outcome="Passed" testListId="8c84fa94-04c1-424b-9868-57a2d4851a1d" relativeResultsDirectory="fd47b403-3307-44d9-be0d-d37038e77c58">
    </UnitTestResult>
    <UnitTestResult executionId="faaa959b-5687-4d62-afb2-686d2bb292dd" testId="da87d3bf-15d7-dbd7-05de-b003ebc7eb7f" testName="SetParentTest" computerName="ANGUS-LAPTOP" duration="00:00:00.0002091" startTime="2015-03-15T23:55:53.0582379+10:00" endTime="2015-03-15T23:55:53.0642405+10:00" testType="13cdc9d9-ddb5-4fa4-a97d-d965ccfc6d4b" outcome="Passed" testListId="8c84fa94-04c1-424b-9868-57a2d4851a1d" relativeResultsDirectory="faaa959b-5687-4d62-afb2-686d2bb292dd">
    </UnitTestResult>
    <UnitTestResult executionId="d9e50836-d017-4a3c-bba6-fb50ad456d08" testId="fa92b225-1c80-948f-b651-d33a64ce3cac" testName="ToStringTest" computerName="ANGUS-LAPTOP" duration="00:00:00.0003844" startTime="2015-03-15T23:55:53.0752478+10:00" endTime="2015-03-15T23:55:53.0832535+10:00" testType="13cdc9d9-ddb5-4fa4-a97d-d965ccfc6d4b" outcome="Passed" testListId="8c84fa94-04c1-424b-9868-57a2d4851a1d" relativeResultsDirectory="d9e50836-d017-4a3c-bba6-fb50ad456d08">
    </UnitTestResult>
    <UnitTestResult executionId="4f8c7148-0be3-4157-ac33-24bfd6f57679" testId="f1b88517-e382-5d2f-f17a-00c6d0bdd696" testName="ValidateDataTest" computerName="ANGUS-LAPTOP" duration="00:00:00.0001710" startTime="2015-03-15T23:55:53.0942613+10:00" endTime="2015-03-15T23:55:53.1012663+10:00" testType="13cdc9d9-ddb5-4fa4-a97d-d965ccfc6d4b" outcome="Passed" testListId="8c84fa94-04c1-424b-9868-57a2d4851a1d" relativeResultsDirectory="4f8c7148-0be3-4157-ac33-24bfd6f57679">
    </UnitTestResult>
    <UnitTestResult executionId="5d1d6d60-3bc4-49af-9941-7ddd87b64772" testId="cdf5132f-c1f2-db0a-dfd5-cf7b67696beb" testName="AsStringTest" computerName="ANGUS-LAPTOP" duration="00:00:00.0007278" startTime="2015-03-15T23:55:53.1142760+10:00" endTime="2015-03-15T23:55:53.1222812+10:00" testType="13cdc9d9-ddb5-4fa4-a97d-d965ccfc6d4b" outcome="Passed" testListId="8c84fa94-04c1-424b-9868-57a2d4851a1d" relativeResultsDirectory="5d1d6d60-3bc4-49af-9941-7ddd87b64772">
    </UnitTestResult>
    <UnitTestResult executionId="d09cec17-ff3f-4e26-875e-4d5dd88661d6" testId="1b5d0f4f-cf59-9f88-bb60-e11a0efb23df" testName="AsStringRawTest" computerName="ANGUS-LAPTOP" duration="00:00:00.0003797" startTime="2015-03-15T23:55:53.1332890+10:00" endTime="2015-03-15T23:55:53.1412943+10:00" testType="13cdc9d9-ddb5-4fa4-a97d-d965ccfc6d4b" outcome="Passed" testListId="8c84fa94-04c1-424b-9868-57a2d4851a1d" relativeResultsDirectory="d09cec17-ff3f-4e26-875e-4d5dd88661d6">
    </UnitTestResult>
    <UnitTestResult executionId="1ce3fc7a-76d8-4e36-bde4-a1200f1bf048" testId="02b5da4e-d67b-a975-6ad6-f481bea30ade" testName="ContentTypeTest" computerName="ANGUS-LAPTOP" duration="00:00:00.0003113" startTime="2015-03-15T23:55:53.1503011+10:00" endTime="2015-03-15T23:55:53.1573069+10:00" testType="13cdc9d9-ddb5-4fa4-a97d-d965ccfc6d4b" outcome="Passed" testListId="8c84fa94-04c1-424b-9868-57a2d4851a1d" relativeResultsDirectory="1ce3fc7a-76d8-4e36-bde4-a1200f1bf048">
    </UnitTestResult>
    <UnitTestResult executionId="78b20484-3f97-4713-81d3-fb02f0dfcc04" testId="dfaed784-63c9-cf05-792e-44fe6e04bf66" testName="EscapeMetaDataTest" computerName="ANGUS-LAPTOP" duration="00:00:00.0002655" startTime="2015-03-15T23:55:53.1703162+10:00" endTime="2015-03-15T23:55:53.1803224+10:00" testType="13cdc9d9-ddb5-4fa4-a97d-d965ccfc6d4b" outcome="Passed" testListId="8c84fa94-04c1-424b-9868-57a2d4851a1d" relativeResultsDirectory="78b20484-3f97-4713-81d3-fb02f0dfcc04">
    </UnitTestResult>
    <UnitTestResult executionId="4e748012-9780-4857-9f99-febd65b121f7" testId="9f643d03-eca7-fde2-febf-2dd1e28d5212" testName="IsEmptyTest" computerName="ANGUS-LAPTOP" duration="00:00:00.0005349" startTime="2015-03-15T23:55:53.1903295+10:00" endTime="2015-03-15T23:55:53.1963346+10:00" testType="13cdc9d9-ddb5-4fa4-a97d-d965ccfc6d4b" outcome="Passed" testListId="8c84fa94-04c1-424b-9868-57a2d4851a1d" relativeResultsDirectory="4e748012-9780-4857-9f99-febd65b121f7">
    </UnitTestResult>
    <UnitTestResult executionId="c0bdb0e9-450b-4ba0-805b-1bcc4584acf5" testId="420633fa-66a7-beb3-30dc-0c033798d775" testName="IsHL7NullTest" computerName="ANGUS-LAPTOP" duration="00:00:00.0003156" startTime="2015-03-15T23:55:53.2083427+10:00" endTime="2015-03-15T23:55:53.2133454+10:00" testType="13cdc9d9-ddb5-4fa4-a97d-d965ccfc6d4b" outcome="Passed" testListId="8c84fa94-04c1-424b-9868-57a2d4851a1d" relativeResultsDirectory="c0bdb0e9-450b-4ba0-805b-1bcc4584acf5">
    </UnitTestResult>
    <UnitTestResult executionId="ea1f28cc-2bd1-43c5-9533-02cfb6563d82" testId="13544595-507e-d695-622a-6081f0d95c5b" testName="PathInformationTest" computerName="ANGUS-LAPTOP" duration="00:00:00.0002578" startTime="2015-03-15T23:55:53.2213515+10:00" endTime="2015-03-15T23:55:53.2253557+10:00" testType="13cdc9d9-ddb5-4fa4-a97d-d965ccfc6d4b" outcome="Passed" testListId="8c84fa94-04c1-424b-9868-57a2d4851a1d" relativeResultsDirectory="ea1f28cc-2bd1-43c5-9533-02cfb6563d82">
    </UnitTestResult>
    <UnitTestResult executionId="fc79c36d-ef4c-4d82-85db-266603810948" testId="1ea9597c-d096-2afc-66c5-dd9341a18801" testName="AsDateTest" computerName="ANGUS-LAPTOP" duration="00:00:00.0006756" startTime="2015-03-15T23:55:53.2343612+10:00" endTime="2015-03-15T23:55:53.2393643+10:00" testType="13cdc9d9-ddb5-4fa4-a97d-d965ccfc6d4b" outcome="Passed" testListId="8c84fa94-04c1-424b-9868-57a2d4851a1d" relativeResultsDirectory="fc79c36d-ef4c-4d82-85db-266603810948">
    </UnitTestResult>
    <UnitTestResult executionId="af67afde-6e83-4132-992d-0f28c873cddd" testId="f9673aa5-17be-58f4-0a16-6981b295f410" testName="AsDateTest1" computerName="ANGUS-LAPTOP" duration="00:00:00.0005354" startTime="2015-03-15T23:55:53.2473700+10:00" endTime="2015-03-15T23:55:53.2523731+10:00" testType="13cdc9d9-ddb5-4fa4-a97d-d965ccfc6d4b" outcome="Passed" testListId="8c84fa94-04c1-424b-9868-57a2d4851a1d" relativeResultsDirectory="af67afde-6e83-4132-992d-0f28c873cddd">
    </UnitTestResult>
    <UnitTestResult executionId="8c5861ef-badf-479e-ab07-532f4d1802d6" testId="c37cc704-6571-4c7f-5e90-86db92e43e93" testName="AsDateHourMinTest" computerName="ANGUS-LAPTOP" duration="00:00:00.0003874" startTime="2015-03-15T23:55:53.2613800+10:00" endTime="2015-03-15T23:55:53.2663831+10:00" testType="13cdc9d9-ddb5-4fa4-a97d-d965ccfc6d4b" outcome="Passed" testListId="8c84fa94-04c1-424b-9868-57a2d4851a1d" relativeResultsDirectory="8c5861ef-badf-479e-ab07-532f4d1802d6">
    </UnitTestResult>
    <UnitTestResult executionId="50b084b0-7d16-4019-8315-44e25c419f13" testId="97412ae8-eeb8-6cdb-0444-db75e31093fd" testName="AsDateHourMinTest1" computerName="ANGUS-LAPTOP" duration="00:00:00.0004990" startTime="2015-03-15T23:55:53.2733885+10:00" endTime="2015-03-15T23:55:53.2783920+10:00" testType="13cdc9d9-ddb5-4fa4-a97d-d965ccfc6d4b" outcome="Passed" testListId="8c84fa94-04c1-424b-9868-57a2d4851a1d" relativeResultsDirectory="50b084b0-7d16-4019-8315-44e25c419f13">
    </UnitTestResult>
    <UnitTestResult executionId="099bed15-b1d0-4a3b-b946-f7cbc6710f11" testId="b81e40bb-9e67-676f-d4eb-65f20abf3117" testName="AsDateHourMinSecTest" computerName="ANGUS-LAPTOP" duration="00:00:00.0003895" startTime="2015-03-15T23:55:53.2863981+10:00" endTime="2015-03-15T23:55:53.2914008+10:00" testType="13cdc9d9-ddb5-4fa4-a97d-d965ccfc6d4b" outcome="Passed" testListId="8c84fa94-04c1-424b-9868-57a2d4851a1d" relativeResultsDirectory="099bed15-b1d0-4a3b-b946-f7cbc6710f11">
    </UnitTestResult>
    <UnitTestResult executionId="6fbe2a9c-a380-46e7-9c54-6c88a572f67e" testId="93964659-b15c-c098-848e-862a0968f755" testName="AsDateHourMinSecTest1" computerName="ANGUS-LAPTOP" duration="00:00:00.0005110" startTime="2015-03-15T23:55:53.2984067+10:00" endTime="2015-03-15T23:55:53.3034094+10:00" testType="13cdc9d9-ddb5-4fa4-a97d-d965ccfc6d4b" outcome="Passed" testListId="8c84fa94-04c1-424b-9868-57a2d4851a1d" relativeResultsDirectory="6fbe2a9c-a380-46e7-9c54-6c88a572f67e">
    </UnitTestResult>
    <UnitTestResult executionId="a4d4d293-1ccb-4d6d-b13e-6789ca2cfa05" testId="1e4a7732-fdaf-ca78-bc58-8b24e73cf4bb" testName="AsDateHourMinSecMilliTest" computerName="ANGUS-LAPTOP" duration="00:00:00.0002587" startTime="2015-03-15T23:55:53.3104152+10:00" endTime="2015-03-15T23:55:53.3154187+10:00" testType="13cdc9d9-ddb5-4fa4-a97d-d965ccfc6d4b" outcome="Passed" testListId="8c84fa94-04c1-424b-9868-57a2d4851a1d" relativeResultsDirectory="a4d4d293-1ccb-4d6d-b13e-6789ca2cfa05">
    </UnitTestResult>
    <UnitTestResult executionId="c5191563-9744-4508-ac3b-36929bc1ec2d" testId="638b813b-f5f3-3cde-3911-0c6b74e7e82c" testName="AsDateHourMinSecMilliTest1" computerName="ANGUS-LAPTOP" duration="00:00:00.0005683" startTime="2015-03-15T23:55:53.3224229+10:00" endTime="2015-03-15T23:55:53.3274264+10:00" testType="13cdc9d9-ddb5-4fa4-a97d-d965ccfc6d4b" outcome="Passed" testListId="8c84fa94-04c1-424b-9868-57a2d4851a1d" relativeResultsDirectory="c5191563-9744-4508-ac3b-36929bc1ec2d">
    </UnitTestResult>
    <UnitTestResult executionId="9dbb0bb2-5e20-48fe-b26b-250146a7aca2" testId="11268daa-86b0-d173-199b-25bae719712c" testName="SubComponentConstructorTest" computerName="ANGUS-LAPTOP" duration="00:00:00.0008159" startTime="2015-03-15T23:55:53.3364332+10:00" endTime="2015-03-15T23:55:53.3444385+10:00" testType="13cdc9d9-ddb5-4fa4-a97d-d965ccfc6d4b" outcome="Passed" testListId="8c84fa94-04c1-424b-9868-57a2d4851a1d" relativeResultsDirectory="9dbb0bb2-5e20-48fe-b26b-250146a7aca2">
    </UnitTestResult>
    <UnitTestResult executionId="b10f772d-b42d-4d59-aaa7-24daed4d39a7" testId="d3943c0f-ce5d-ed19-da04-4c5b640e1ebe" testName="SubComponentConstructorTest1" computerName="ANGUS-LAPTOP" duration="00:00:00.0004819" startTime="2015-03-15T23:55:53.3524446+10:00" endTime="2015-03-15T23:55:53.3574477+10:00" testType="13cdc9d9-ddb5-4fa4-a97d-d965ccfc6d4b" outcome="Passed" testListId="8c84fa94-04c1-424b-9868-57a2d4851a1d" relativeResultsDirectory="b10f772d-b42d-4d59-aaa7-24daed4d39a7">
    </UnitTestResult>
    <UnitTestResult executionId="b770f226-5451-4217-ac74-d06bee2d7308" testId="2c6c7854-ef7a-d4b6-6939-43da5173b8d2" testName="SubComponentConstructorTest2" computerName="ANGUS-LAPTOP" duration="00:00:00.0004601" startTime="2015-03-15T23:55:53.3654534+10:00" endTime="2015-03-15T23:55:53.3714581+10:00" testType="13cdc9d9-ddb5-4fa4-a97d-d965ccfc6d4b" outcome="Passed" testListId="8c84fa94-04c1-424b-9868-57a2d4851a1d" relativeResultsDirectory="b770f226-5451-4217-ac74-d06bee2d7308">
    </UnitTestResult>
    <UnitTestResult executionId="ee551962-caf6-4893-ba1d-8bc9d7a08ff7" testId="ab3c72e7-916d-9271-7490-63c98d311b23" testName="SubComponentConstructorTest3" computerName="ANGUS-LAPTOP" duration="00:00:00.0004879" startTime="2015-03-15T23:55:53.3784639+10:00" endTime="2015-03-15T23:55:53.3844669+10:00" testType="13cdc9d9-ddb5-4fa4-a97d-d965ccfc6d4b" outcome="Passed" testListId="8c84fa94-04c1-424b-9868-57a2d4851a1d" relativeResultsDirectory="ee551962-caf6-4893-ba1d-8bc9d7a08ff7">
    </UnitTestResult>
    <UnitTestResult executionId="243bad06-cb12-4f95-8716-0161eb553d40" testId="02778758-cc49-b70f-4d9e-207bdf0cd24c" testName="AddTest" computerName="ANGUS-LAPTOP" duration="00:00:00.0004823" startTime="2015-03-15T23:55:53.3914719+10:00" endTime="2015-03-15T23:55:53.3964754+10:00" testType="13cdc9d9-ddb5-4fa4-a97d-d965ccfc6d4b" outcome="Passed" testListId="8c84fa94-04c1-424b-9868-57a2d4851a1d" relativeResultsDirectory="243bad06-cb12-4f95-8716-0161eb553d40">
    </UnitTestResult>
    <UnitTestResult executionId="e5fa14c9-8fb8-430c-aa51-199374b92ca7" testId="e3bd59e2-736a-a74c-a5b4-2b8060fad9ac" testName="ClearAllTest" computerName="ANGUS-LAPTOP" duration="00:00:00.0008313" startTime="2015-03-15T23:55:53.4044815+10:00" endTime="2015-03-15T23:55:53.4104858+10:00" testType="13cdc9d9-ddb5-4fa4-a97d-d965ccfc6d4b" outcome="Passed" testListId="8c84fa94-04c1-424b-9868-57a2d4851a1d" relativeResultsDirectory="e5fa14c9-8fb8-430c-aa51-199374b92ca7">
    </UnitTestResult>
    <UnitTestResult executionId="80e1d2c5-fda5-4b69-b59f-74b0fbaff039" testId="39e3a354-d606-9be4-bb97-f5bfd0567f79" testName="CloneTest" computerName="ANGUS-LAPTOP" duration="00:00:00.0005243" startTime="2015-03-15T23:55:53.4194918+10:00" endTime="2015-03-15T23:55:53.4244953+10:00" testType="13cdc9d9-ddb5-4fa4-a97d-d965ccfc6d4b" outcome="Passed" testListId="8c84fa94-04c1-424b-9868-57a2d4851a1d" relativeResultsDirectory="80e1d2c5-fda5-4b69-b59f-74b0fbaff039">
    </UnitTestResult>
    <UnitTestResult executionId="063cec45-9db2-4760-b0ac-73dcb933ba6e" testId="469b4d55-6f41-2a07-a79f-1311a5b57e9f" testName="ContentTest" computerName="ANGUS-LAPTOP" duration="00:00:00.0003130" startTime="2015-03-15T23:55:53.4325027+10:00" endTime="2015-03-15T23:55:53.4375041+10:00" testType="13cdc9d9-ddb5-4fa4-a97d-d965ccfc6d4b" outcome="Passed" testListId="8c84fa94-04c1-424b-9868-57a2d4851a1d" relativeResultsDirectory="063cec45-9db2-4760-b0ac-73dcb933ba6e">
    </UnitTestResult>
    <UnitTestResult executionId="5f442330-a8f0-4e42-b017-3962bf298ac2" testId="e9992c95-3268-77fc-18a7-b02c1de4585f" testName="InsertTest1" computerName="ANGUS-LAPTOP" duration="00:00:00.0004421" startTime="2015-03-15T23:55:53.4465122+10:00" endTime="2015-03-15T23:55:53.4515145+10:00" testType="13cdc9d9-ddb5-4fa4-a97d-d965ccfc6d4b" outcome="Passed" testListId="8c84fa94-04c1-424b-9868-57a2d4851a1d" relativeResultsDirectory="5f442330-a8f0-4e42-b017-3962bf298ac2">
    </UnitTestResult>
    <UnitTestResult executionId="5fc8d554-5bd4-44da-addd-4226d49849d5" testId="4bff0ad5-e896-1b4d-1081-a1490afafa42" testName="RemoveContentAtTest" computerName="ANGUS-LAPTOP" duration="00:00:00.0003955" startTime="2015-03-15T23:55:53.4585203+10:00" endTime="2015-03-15T23:55:53.4635230+10:00" testType="13cdc9d9-ddb5-4fa4-a97d-d965ccfc6d4b" outcome="Passed" testListId="8c84fa94-04c1-424b-9868-57a2d4851a1d" relativeResultsDirectory="5fc8d554-5bd4-44da-addd-4226d49849d5">
    </UnitTestResult>
    <UnitTestResult executionId="437501ae-f6ed-4d83-beda-314e24241744" testId="fb7784f1-99b0-c059-267d-2499f2992897" testName="SetTest" computerName="ANGUS-LAPTOP" duration="00:00:00.0004353" startTime="2015-03-15T23:55:53.4715287+10:00" endTime="2015-03-15T23:55:53.4765344+10:00" testType="13cdc9d9-ddb5-4fa4-a97d-d965ccfc6d4b" outcome="Passed" testListId="8c84fa94-04c1-424b-9868-57a2d4851a1d" relativeResultsDirectory="437501ae-f6ed-4d83-beda-314e24241744">
    </UnitTestResult>
    <UnitTestResult executionId="1890472a-7824-4c0b-9696-d59c92d092af" testId="c812c44a-5c44-51b8-b655-5885aea417c4" testName="ToStringTest" computerName="ANGUS-LAPTOP" duration="00:00:00.0003806" startTime="2015-03-15T23:55:53.4835377+10:00" endTime="2015-03-15T23:55:53.4885412+10:00" testType="13cdc9d9-ddb5-4fa4-a97d-d965ccfc6d4b" outcome="Passed" testListId="8c84fa94-04c1-424b-9868-57a2d4851a1d" relativeResultsDirectory="1890472a-7824-4c0b-9696-d59c92d092af">
    </UnitTestResult>
    <UnitTestResult executionId="532542fd-05d9-484e-9c09-b3011440c9a8" testId="53408e81-9390-b885-d3ba-48cc087e6fa9" testName="AsStringTest" computerName="ANGUS-LAPTOP" duration="00:00:00.0002848" startTime="2015-03-15T23:55:53.4965473+10:00" endTime="2015-03-15T23:55:53.5015500+10:00" testType="13cdc9d9-ddb5-4fa4-a97d-d965ccfc6d4b" outcome="Passed" testListId="8c84fa94-04c1-424b-9868-57a2d4851a1d" relativeResultsDirectory="532542fd-05d9-484e-9c09-b3011440c9a8">
    </UnitTestResult>
    <UnitTestResult executionId="bee7d9cd-7631-4fa3-ba89-171a5cd3a846" testId="a13c16dd-eb35-6dc4-e44a-3c831bb7b60e" testName="AsStringRawTest" computerName="ANGUS-LAPTOP" duration="00:00:00.0004841" startTime="2015-03-15T23:55:53.5095561+10:00" endTime="2015-03-15T23:55:53.5145592+10:00" testType="13cdc9d9-ddb5-4fa4-a97d-d965ccfc6d4b" outcome="Passed" testListId="8c84fa94-04c1-424b-9868-57a2d4851a1d" relativeResultsDirectory="bee7d9cd-7631-4fa3-ba89-171a5cd3a846">
    </UnitTestResult>
    <UnitTestResult executionId="92574cbc-9c1f-4877-b60a-f91e66fcd72d" testId="ff6bcfba-0ee9-cdf0-d001-087d61640fd4" testName="ContentCountTest" computerName="ANGUS-LAPTOP" duration="00:00:00.0003891" startTime="2015-03-15T23:55:53.5225654+10:00" endTime="2015-03-15T23:55:53.5275685+10:00" testType="13cdc9d9-ddb5-4fa4-a97d-d965ccfc6d4b" outcome="Passed" testListId="8c84fa94-04c1-424b-9868-57a2d4851a1d" relativeResultsDirectory="92574cbc-9c1f-4877-b60a-f91e66fcd72d">
    </UnitTestResult>
    <UnitTestResult executionId="2eb00098-ec43-4880-ae73-93614a76daa8" testId="095f8059-d018-ce3b-36fe-2dc31b1660f3" testName="ContentListTest" computerName="ANGUS-LAPTOP" duration="00:00:00.0029696" startTime="2015-03-15T23:55:53.5345739+10:00" endTime="2015-03-15T23:55:53.5575902+10:00" testType="13cdc9d9-ddb5-4fa4-a97d-d965ccfc6d4b" outcome="Passed" testListId="8c84fa94-04c1-424b-9868-57a2d4851a1d" relativeResultsDirectory="2eb00098-ec43-4880-ae73-93614a76daa8">
    </UnitTestResult>
    <UnitTestResult executionId="4a98efbf-a4b3-420d-8c40-cd8c0a0c5279" testId="192175a3-4aa5-7081-0062-e07d677a3e35" testName="IsEmptyTest" computerName="ANGUS-LAPTOP" duration="00:00:00.0002878" startTime="2015-03-15T23:55:53.5645948+10:00" endTime="2015-03-15T23:55:53.5695983+10:00" testType="13cdc9d9-ddb5-4fa4-a97d-d965ccfc6d4b" outcome="Passed" testListId="8c84fa94-04c1-424b-9868-57a2d4851a1d" relativeResultsDirectory="4a98efbf-a4b3-420d-8c40-cd8c0a0c5279">
    </UnitTestResult>
    <UnitTestResult executionId="ad021f43-1051-45c2-9a9e-af52179fe92e" testId="42fa85c9-4d31-c930-f249-93b92ee77398" testName="IsHL7NullTest" computerName="ANGUS-LAPTOP" duration="00:00:00.0003053" startTime="2015-03-15T23:55:53.5776057+10:00" endTime="2015-03-15T23:55:53.5826080+10:00" testType="13cdc9d9-ddb5-4fa4-a97d-d965ccfc6d4b" outcome="Passed" testListId="8c84fa94-04c1-424b-9868-57a2d4851a1d" relativeResultsDirectory="ad021f43-1051-45c2-9a9e-af52179fe92e">
    </UnitTestResult>
    <UnitTestResult executionId="19c5b062-f45f-4f8c-ab17-7ab4ec87a3d3" testId="648e5a6a-2e35-f5f3-d102-39cad7148c87" testName="PathInformationTest" computerName="ANGUS-LAPTOP" duration="00:00:00.0004764" startTime="2015-03-15T23:55:53.5896125+10:00" endTime="2015-03-15T23:55:53.5946156+10:00" testType="13cdc9d9-ddb5-4fa4-a97d-d965ccfc6d4b" outcome="Passed" testListId="8c84fa94-04c1-424b-9868-57a2d4851a1d" relativeResultsDirectory="19c5b062-f45f-4f8c-ab17-7ab4ec87a3d3">
    </UnitTestResult>
    <UnitTestResult executionId="4ad1f873-cc87-47ff-946d-5d45a2992635" testId="b477f252-4b79-f949-3b9c-3d4c20a0c9c3" testName="AcknowledgementConstructorTest" computerName="ANGUS-LAPTOP" duration="00:00:00.0005999" startTime="2015-03-15T23:55:53.6016210+10:00" endTime="2015-03-15T23:55:53.6066267+10:00" testType="13cdc9d9-ddb5-4fa4-a97d-d965ccfc6d4b" outcome="Passed" testListId="8c84fa94-04c1-424b-9868-57a2d4851a1d" relativeResultsDirectory="4ad1f873-cc87-47ff-946d-5d45a2992635">
    </UnitTestResult>
    <UnitTestResult executionId="dd98427c-d6c3-4c42-b9f9-d4c3626355ad" testId="a2c198f3-307a-8289-8d73-7794fd4a6088" testName="GenerateAcknowledgementMessageTest" computerName="ANGUS-LAPTOP" duration="00:00:00.0053439" startTime="2015-03-15T23:55:53.6156318+10:00" endTime="2015-03-15T23:55:53.6256389+10:00" testType="13cdc9d9-ddb5-4fa4-a97d-d965ccfc6d4b" outcome="Passed" testListId="8c84fa94-04c1-424b-9868-57a2d4851a1d" relativeResultsDirectory="dd98427c-d6c3-4c42-b9f9-d4c3626355ad">
    </UnitTestResult>
    <UnitTestResult executionId="f6fc6e02-2cf4-4b0b-b90b-5d4a2fc3c71d" testId="36f5ba8b-e83d-21a6-6b46-234c7d076dfc" testName="TestContentTypeCreate" computerName="ANGUS-LAPTOP" duration="00:00:00.0010062" startTime="2015-03-15T23:55:53.7134333+10:00" endTime="2015-03-15T23:55:53.7264537+10:00" testType="13cdc9d9-ddb5-4fa4-a97d-d965ccfc6d4b" outcome="Passed" testListId="8c84fa94-04c1-424b-9868-57a2d4851a1d" relativeResultsDirectory="f6fc6e02-2cf4-4b0b-b90b-5d4a2fc3c71d">
    </UnitTestResult>
    <UnitTestResult executionId="8ba71e10-b769-4188-9601-8b3b3682c02d" testId="3653eb47-0ee9-b8ab-b11b-85c637b1195f" testName="TestContentTypeExceptions" computerName="ANGUS-LAPTOP" duration="00:00:00.1873979" startTime="2015-03-15T23:55:53.7444545+10:00" endTime="2015-03-15T23:55:53.9426020+10:00" testType="13cdc9d9-ddb5-4fa4-a97d-d965ccfc6d4b" outcome="Passed" testListId="8c84fa94-04c1-424b-9868-57a2d4851a1d" relativeResultsDirectory="8ba71e10-b769-4188-9601-8b3b3682c02d">
    </UnitTestResult>
    <UnitTestResult executionId="fe8649c5-15d2-4ef8-b27b-c4b9f76942f8" testId="012d2315-4e42-4667-a443-62fef4ef445f" testName="TestSubComponentCreate" computerName="ANGUS-LAPTOP" duration="00:00:00.0008407" startTime="2015-03-15T23:55:53.9626149+10:00" endTime="2015-03-15T23:55:53.9736172+10:00" testType="13cdc9d9-ddb5-4fa4-a97d-d965ccfc6d4b" outcome="Passed" testListId="8c84fa94-04c1-424b-9868-57a2d4851a1d" relativeResultsDirectory="fe8649c5-15d2-4ef8-b27b-c4b9f76942f8">
    </UnitTestResult>
    <UnitTestResult executionId="ed5e4b14-28bd-43c0-ae79-658152a6dc30" testId="81c8be9e-d70b-1223-942f-8fd68c01deff" testName="TestSubComponentAddingContent" computerName="ANGUS-LAPTOP" duration="00:00:00.0020920" startTime="2015-03-15T23:55:53.9936326+10:00" endTime="2015-03-15T23:55:54.0026378+10:00" testType="13cdc9d9-ddb5-4fa4-a97d-d965ccfc6d4b" outcome="Passed" testListId="8c84fa94-04c1-424b-9868-57a2d4851a1d" relativeResultsDirectory="ed5e4b14-28bd-43c0-ae79-658152a6dc30">
    </UnitTestResult>
    <UnitTestResult executionId="8e7d2775-bfe2-4d40-a65c-bd152981450b" testId="bddb2672-714c-c0cc-af8d-4f49c9398348" testName="TestSubComponentSettingContent" computerName="ANGUS-LAPTOP" duration="00:00:00.0025282" startTime="2015-03-15T23:55:54.0146458+10:00" endTime="2015-03-15T23:55:54.0236522+10:00" testType="13cdc9d9-ddb5-4fa4-a97d-d965ccfc6d4b" outcome="Passed" testListId="8c84fa94-04c1-424b-9868-57a2d4851a1d" relativeResultsDirectory="8e7d2775-bfe2-4d40-a65c-bd152981450b">
    </UnitTestResult>
    <UnitTestResult executionId="325ac483-88bf-49ef-8e16-3f3e31168e19" testId="0fd8a5b0-4bab-92d7-9503-d011125db49e" testName="TestSubComponentContentCount" computerName="ANGUS-LAPTOP" duration="00:00:00.0012149" startTime="2015-03-15T23:55:54.0346601+10:00" endTime="2015-03-15T23:55:54.0426687+10:00" testType="13cdc9d9-ddb5-4fa4-a97d-d965ccfc6d4b" outcome="Passed" testListId="8c84fa94-04c1-424b-9868-57a2d4851a1d" relativeResultsDirectory="325ac483-88bf-49ef-8e16-3f3e31168e19">
    </UnitTestResult>
    <UnitTestResult executionId="49ae30ec-53de-4419-97ae-c916dbc8755b" testId="ca96ed79-94d8-04a6-bf7b-d63d87b091a4" testName="TestComponentCreate" computerName="ANGUS-LAPTOP" duration="00:00:00.0214814" startTime="2015-03-15T23:55:54.0526741+10:00" endTime="2015-03-15T23:55:54.0816934+10:00" testType="13cdc9d9-ddb5-4fa4-a97d-d965ccfc6d4b" outcome="Passed" testListId="8c84fa94-04c1-424b-9868-57a2d4851a1d" relativeResultsDirectory="49ae30ec-53de-4419-97ae-c916dbc8755b">
    </UnitTestResult>
    <UnitTestResult executionId="6c2855d0-302b-455c-9fed-713e19884b32" testId="32b9b9f5-4397-465f-7bd1-b23ce1b18f86" testName="TestFieldCreate" computerName="ANGUS-LAPTOP" duration="00:00:00.0247226" startTime="2015-03-15T23:55:54.0937037+10:00" endTime="2015-03-15T23:55:54.1257247+10:00" testType="13cdc9d9-ddb5-4fa4-a97d-d965ccfc6d4b" outcome="Passed" testListId="8c84fa94-04c1-424b-9868-57a2d4851a1d" relativeResultsDirectory="6c2855d0-302b-455c-9fed-713e19884b32">
    </UnitTestResult>
    <UnitTestResult executionId="d399473e-6a78-4f75-a937-a53335327b07" testId="73fcddfd-0abf-4092-fa36-e303fa699e43" testName="TestFieldCreate" computerName="ANGUS-LAPTOP" duration="00:00:00.0246362" startTime="2015-03-15T23:55:54.1367637+10:00" endTime="2015-03-15T23:55:54.1678080+10:00" testType="13cdc9d9-ddb5-4fa4-a97d-d965ccfc6d4b" outcome="Passed" testListId="8c84fa94-04c1-424b-9868-57a2d4851a1d" relativeResultsDirectory="d399473e-6a78-4f75-a937-a53335327b07">
    </UnitTestResult>
    <UnitTestResult executionId="6c272889-6241-4df3-bd48-e3f07cd8ffcf" testId="261a082e-e443-898e-1e84-d8529ce1f285" testName="TestFieldCreate" computerName="ANGUS-LAPTOP" duration="00:00:00.0294799" startTime="2015-03-15T23:55:54.1777924+10:00" endTime="2015-03-15T23:55:54.2138394+10:00" testType="13cdc9d9-ddb5-4fa4-a97d-d965ccfc6d4b" outcome="Passed" testListId="8c84fa94-04c1-424b-9868-57a2d4851a1d" relativeResultsDirectory="6c272889-6241-4df3-bd48-e3f07cd8ffcf">
    </UnitTestResult>
    <UnitTestResult executionId="31817639-c0fa-448a-bca3-b141ca3c98af" testId="f772f6d6-23ef-6c93-47fe-814b8ff01373" testName="TestMessageCreate" computerName="ANGUS-LAPTOP" duration="00:00:00.3646909" startTime="2015-03-15T23:55:54.2258269+10:00" endTime="2015-03-15T23:55:54.5981369+10:00" testType="13cdc9d9-ddb5-4fa4-a97d-d965ccfc6d4b" outcome="Passed" testListId="8c84fa94-04c1-424b-9868-57a2d4851a1d" relativeResultsDirectory="31817639-c0fa-448a-bca3-b141ca3c98af">
    </UnitTestResult>
  </Results>
</TestRun>